[ERROR]: 2025-03-11 11:06:31 - In Server: Missing auth token
[ERROR]: 2025-03-11 11:06:37 - In Server: job_id is required
[ERROR]: 2025-03-11 11:06:59 - In Server: Error 1366: Incorrect integer value: '' for column 'status' at row 1
[ERROR]: 2025-03-11 11:07:23 - In Server: status is required
[ERROR]: 2025-03-11 11:07:26 - In Server: status is required
[INFO]: 2025-03-11 11:07:32 - Apply Job success
[INFO]: 2025-03-11 11:23:55 - Fetch Admin Job List success
[INFO]: 2025-03-11 11:26:24 - Apply Job success
[INFO]: 2025-03-11 11:26:26 - Fetch Admin Job List success
[INFO]: 2025-03-11 11:32:54 - Fetch Admin Job List success
[INFO]: 2025-03-11 11:34:21 - Fetch Admin Job List success
[INFO]: 2025-03-11 11:35:03 - Fetch Admin Job List success
[INFO]: 2025-03-11 11:43:35 - Fetch Admin Job List success
[ERROR]: 2025-03-11 11:50:14 - In Server: Error 1064: You have an error in your SQL syntax; check the manual that corresponds to your MySQL server version for the right syntax to use near 'FROM jobs j
	INNER JOIN job_categories jc ON jc.uid = j.cat_id
	INNER JOIN apply' at line 15
[ERROR]: 2025-03-11 11:50:15 - In Server: Error 1064: You have an error in your SQL syntax; check the manual that corresponds to your MySQL server version for the right syntax to use near 'FROM jobs j
	INNER JOIN job_categories jc ON jc.uid = j.cat_id
	INNER JOIN apply' at line 15
[ERROR]: 2025-03-11 11:50:16 - In Server: Error 1064: You have an error in your SQL syntax; check the manual that corresponds to your MySQL server version for the right syntax to use near 'FROM jobs j
	INNER JOIN job_categories jc ON jc.uid = j.cat_id
	INNER JOIN apply' at line 15
[ERROR]: 2025-03-11 11:50:17 - In Server: Error 1064: You have an error in your SQL syntax; check the manual that corresponds to your MySQL server version for the right syntax to use near 'FROM jobs j
	INNER JOIN job_categories jc ON jc.uid = j.cat_id
	INNER JOIN apply' at line 15
[ERROR]: 2025-03-11 11:50:18 - In Server: Error 1064: You have an error in your SQL syntax; check the manual that corresponds to your MySQL server version for the right syntax to use near 'FROM jobs j
	INNER JOIN job_categories jc ON jc.uid = j.cat_id
	INNER JOIN apply' at line 15
[ERROR]: 2025-03-11 11:50:19 - In Server: Error 1064: You have an error in your SQL syntax; check the manual that corresponds to your MySQL server version for the right syntax to use near 'FROM jobs j
	INNER JOIN job_categories jc ON jc.uid = j.cat_id
	INNER JOIN apply' at line 15
[INFO]: 2025-03-11 11:50:31 - Fetch Admin Job List success
[INFO]: 2025-03-11 11:51:04 - Fetch Admin Job List success
[INFO]: 2025-03-11 11:51:25 - Fetch Admin Job List success
[INFO]: 2025-03-11 13:45:39 - Fetch Job List success
[INFO]: 2025-03-11 14:18:26 - Fetch Job List success
[INFO]: 2025-03-11 14:18:27 - Fetch Job List success
[INFO]: 2025-03-11 14:18:31 - Fetch Job List success
[INFO]: 2025-03-11 14:18:43 - Fetch Job List success
[INFO]: 2025-03-11 14:18:44 - Fetch Job List success
[INFO]: 2025-03-11 14:19:09 - Fetch Job List success
[INFO]: 2025-03-11 14:34:02 - Fetch Job List success
[INFO]: 2025-03-11 14:34:10 - Fetch Job List success
[INFO]: 2025-03-11 14:34:15 - Fetch Job List success
[INFO]: 2025-03-11 14:34:20 - Fetch Job List success
[INFO]: 2025-03-11 14:34:26 - Fetch Job List success
[INFO]: 2025-03-11 14:34:34 - Fetch Job List success
[INFO]: 2025-03-11 14:34:38 - Fetch Job List success
[INFO]: 2025-03-11 16:26:33 - Login success
[INFO]: 2025-03-11 16:26:33 - Login success
[INFO]: 2025-03-11 16:26:34 - Login success
[INFO]: 2025-03-11 16:26:34 - Login success
[INFO]: 2025-03-11 16:26:35 - Login success
[INFO]: 2025-03-11 16:26:36 - Login success
[INFO]: 2025-03-11 16:26:36 - Login success
[INFO]: 2025-03-11 16:26:37 - Login success
[INFO]: 2025-03-11 16:26:37 - Login success
[INFO]: 2025-03-11 16:26:38 - Login success
[INFO]: 2025-03-11 16:26:38 - Login success
[INFO]: 2025-03-11 16:26:39 - Login success
[INFO]: 2025-03-11 16:27:00 - Login success
[INFO]: 2025-03-11 16:27:01 - Login success
[INFO]: 2025-03-11 16:27:01 - Login success
[INFO]: 2025-03-11 16:27:02 - Login success
[INFO]: 2025-03-11 16:27:03 - Login success
[INFO]: 2025-03-11 16:27:03 - Login success
[INFO]: 2025-03-11 16:27:04 - Login success
[INFO]: 2025-03-11 16:27:04 - Login success
[INFO]: 2025-03-11 16:27:35 - Login success
[INFO]: 2025-03-11 16:28:00 - Login success
[INFO]: 2025-03-11 16:28:01 - Login success
[INFO]: 2025-03-11 16:28:01 - Login success
[INFO]: 2025-03-11 16:28:18 - Login success
[INFO]: 2025-03-11 16:28:23 - Login success
[INFO]: 2025-03-11 16:37:33 - Login success
[INFO]: 2025-03-11 16:37:34 - Login success
[INFO]: 2025-03-11 16:37:34 - Login success
[INFO]: 2025-03-11 16:37:35 - Login success
[INFO]: 2025-03-11 16:37:36 - Login success
[INFO]: 2025-03-11 16:37:36 - Login success
[INFO]: 2025-03-11 16:37:37 - Login success
[INFO]: 2025-03-11 16:37:38 - Login success
[INFO]: 2025-03-11 16:37:38 - Login success
[INFO]: 2025-03-11 16:37:39 - Login success
[INFO]: 2025-03-11 16:37:50 - Login success
[INFO]: 2025-03-11 16:37:51 - Login success
[INFO]: 2025-03-11 16:37:51 - Login success
[INFO]: 2025-03-11 16:37:52 - Login success
[INFO]: 2025-03-11 16:40:40 - Login success
[INFO]: 2025-03-11 16:40:40 - Login success
[INFO]: 2025-03-11 16:40:41 - Login success
[INFO]: 2025-03-11 16:40:42 - Login success
[INFO]: 2025-03-11 16:40:42 - Login success
[INFO]: 2025-03-11 16:40:43 - Login success
[INFO]: 2025-03-11 16:41:00 - Login success
[INFO]: 2025-03-11 16:41:29 - Login success
[INFO]: 2025-03-11 16:41:35 - Login success
[INFO]: 2025-03-11 16:44:39 - Login success
[INFO]: 2025-03-11 16:44:40 - Login success
[INFO]: 2025-03-11 16:46:07 - Login success
[INFO]: 2025-03-11 16:47:39 - Login success
[INFO]: 2025-03-11 16:47:40 - Login success
[ERROR]: 2025-03-11 16:47:41 - In Server: Too many requests, slow down!
[INFO]: 2025-03-11 16:48:11 - Login success
[INFO]: 2025-03-11 16:48:14 - Login success
[ERROR]: 2025-03-11 16:48:14 - In Server: Too many requests, slow down!
[ERROR]: 2025-03-11 16:48:15 - In Server: Too many requests, slow down!
[ERROR]: 2025-03-11 16:48:16 - In Server: Too many requests, slow down!
[ERROR]: 2025-03-11 16:48:17 - In Server: Too many requests, slow down!
[ERROR]: 2025-03-11 16:48:24 - In Server: Too many requests, slow down!
