[INFO]: 2025-03-04 10:41:29 - Get Document success
[INFO]: 2025-03-04 10:42:10 - Get Document success
[INFO]: 2025-03-04 10:42:11 - Get Document success
[INFO]: 2025-03-04 10:42:46 - Get Document success
[INFO]: 2025-03-04 10:42:47 - Get Document success
[INFO]: 2025-03-04 10:43:19 - Get Document success
[INFO]: 2025-03-04 10:43:39 - Get Document success
[INFO]: 2025-03-04 10:43:41 - Get Document success
[INFO]: 2025-03-04 10:46:34 - Get Document success
[INFO]: 2025-03-04 10:46:35 - Get Document success
[INFO]: 2025-03-04 10:47:57 - Get Document success
[INFO]: 2025-03-04 10:49:24 - Get Document success
[INFO]: 2025-03-04 14:29:26 - Register success
[INFO]: 2025-03-04 14:30:03 - Verify account success
[ERROR]: 2025-03-04 14:32:01 - In Server: Otp is expired
[ERROR]: 2025-03-04 14:33:41 - In Server: Otp is expired
[ERROR]: 2025-03-04 14:33:49 - In Server: Otp is expired
[ERROR]: 2025-03-04 14:33:57 - In Server: Otp is expired
[ERROR]: 2025-03-04 14:34:07 - In Server: Otp is expired
[ERROR]: 2025-03-04 14:38:55 - In Server: Otp is expired
[ERROR]: 2025-03-04 14:39:03 - In Server: Otp is expired
[ERROR]: 2025-03-04 14:39:16 - In Server: Otp is expired
[ERROR]: 2025-03-04 14:39:19 - In Server: Otp is expired
[ERROR]: 2025-03-04 14:39:26 - In Server: Otp is expired
[ERROR]: 2025-03-04 14:40:11 - In Server: Otp is expired
[ERROR]: 2025-03-04 14:41:03 - In Server: Otp is expired
[ERROR]: 2025-03-04 14:41:20 - In Server: Otp is expired
[ERROR]: 2025-03-04 14:41:21 - In Server: Otp is expired
[ERROR]: 2025-03-04 14:41:51 - In Server: Otp is expired
[ERROR]: 2025-03-04 14:42:13 - In Server: Otp is expired
[ERROR]: 2025-03-04 14:42:59 - In Server: Otp is expired
[ERROR]: 2025-03-04 14:43:26 - In Server: Otp is expired
[ERROR]: 2025-03-04 14:43:57 - In Server: Otp is expired
[ERROR]: 2025-03-04 14:44:13 - In Server: Otp is expired
[ERROR]: 2025-03-04 14:44:46 - In Server: Otp is expired
[ERROR]: 2025-03-04 14:45:11 - In Server: Otp is expired
[INFO]: 2025-03-04 14:46:49 - Verify account success
[INFO]: 2025-03-04 14:59:44 - Register success
[ERROR]: 2025-03-04 15:00:01 - In Server: record not found
[INFO]: 2025-03-04 15:00:05 - Verify account success
[ERROR]: 2025-03-04 15:05:27 - In Server: record not found
[INFO]: 2025-03-04 15:05:36 - Register success
[ERROR]: 2025-03-04 15:07:42 - In Server: Otp is expired
[INFO]: 2025-03-04 15:07:54 - Register success
[INFO]: 2025-03-04 15:08:01 - Verify account success
[ERROR]: 2025-03-04 15:25:29 - In Server: dial tcp 157.245.193.49:3306: connect: network is unreachable
[ERROR]: 2025-03-04 15:35:06 - In Server: Missing auth token
[ERROR]: 2025-03-04 15:35:10 - In Server: Error 1064: You have an error in your SQL syntax; check the manual that corresponds to your MySQL server version for the right syntax to use near 'ON jc.uid = j.cat_id' at line 7
[INFO]: 2025-03-04 15:35:10 - Fetch Job List success
[INFO]: 2025-03-04 15:35:53 - Fetch Job List success
