[INFO]: 2025-06-19 13:15:43 - Connected to database: capbridge
[INFO]: 2025-06-19 13:15:43 - Connected to database: ppob
[INFO]: 2025-06-19 13:15:43 - Connected to database: payment_gateway_langitdigital_dev
[ERROR]: 2025-06-19 13:36:49 - In Server: fullname is required
[ERROR]: 2025-06-19 13:40:23 - In Server: phone is required
[ERROR]: 2025-06-19 13:40:33 - In Server: Error 1136 (21S01): Column count doesn't match value count at row 1
[INFO]: 2025-06-19 13:40:57 - Connected to database: capbridge
[INFO]: 2025-06-19 13:40:57 - Connected to database: ppob
[INFO]: 2025-06-19 13:40:57 - Connected to database: payment_gateway_langitdigital_dev
[INFO]: 2025-06-19 13:41:01 - Connected to database: capbridge
[INFO]: 2025-06-19 13:41:01 - Connected to database: ppob
[INFO]: 2025-06-19 13:41:02 - Connected to database: payment_gateway_langitdigital_dev
[INFO]: 2025-06-19 13:41:48 - Login success
[INFO]: 2025-06-19 13:43:38 - Login success
[INFO]: 2025-06-19 14:04:53 - Connected to database: capbridge
[INFO]: 2025-06-19 14:04:53 - Connected to database: ppob
[INFO]: 2025-06-19 14:04:53 - Connected to database: payment_gateway_langitdigital_dev
[INFO]: 2025-06-19 14:04:56 - Connected to database: capbridge
[INFO]: 2025-06-19 14:04:56 - Connected to database: ppob
[INFO]: 2025-06-19 14:04:56 - Connected to database: payment_gateway_langitdigital_dev
[INFO]: 2025-06-19 14:04:58 - Connected to database: capbridge
[INFO]: 2025-06-19 14:04:58 - Connected to database: ppob
[INFO]: 2025-06-19 14:04:58 - Connected to database: payment_gateway_langitdigital_dev
[INFO]: 2025-06-19 14:05:05 - Connected to database: capbridge
[INFO]: 2025-06-19 14:05:05 - Connected to database: ppob
[INFO]: 2025-06-19 14:05:05 - Connected to database: payment_gateway_langitdigital_dev
[INFO]: 2025-06-19 14:05:09 - Connected to database: capbridge
[INFO]: 2025-06-19 14:05:09 - Connected to database: ppob
[INFO]: 2025-06-19 14:05:09 - Connected to database: payment_gateway_langitdigital_dev
[INFO]: 2025-06-19 14:05:14 - Connected to database: capbridge
[INFO]: 2025-06-19 14:05:14 - Connected to database: ppob
[INFO]: 2025-06-19 14:05:14 - Connected to database: payment_gateway_langitdigital_dev
[INFO]: 2025-06-19 14:05:29 - Connected to database: capbridge
[INFO]: 2025-06-19 14:05:29 - Connected to database: ppob
[INFO]: 2025-06-19 14:05:29 - Connected to database: payment_gateway_langitdigital_dev
[INFO]: 2025-06-19 14:05:32 - Connected to database: capbridge
[INFO]: 2025-06-19 14:05:32 - Connected to database: ppob
[INFO]: 2025-06-19 14:05:32 - Connected to database: payment_gateway_langitdigital_dev
[INFO]: 2025-06-19 14:05:36 - Connected to database: capbridge
[INFO]: 2025-06-19 14:05:36 - Connected to database: ppob
[INFO]: 2025-06-19 14:05:36 - Connected to database: payment_gateway_langitdigital_dev
[INFO]: 2025-06-19 14:05:43 - Connected to database: capbridge
[INFO]: 2025-06-19 14:05:43 - Connected to database: ppob
[INFO]: 2025-06-19 14:05:43 - Connected to database: payment_gateway_langitdigital_dev
[INFO]: 2025-06-19 14:21:09 - Connected to database: capbridge
[INFO]: 2025-06-19 14:21:09 - Connected to database: ppob
[INFO]: 2025-06-19 14:21:09 - Connected to database: payment_gateway_langitdigital_dev
[INFO]: 2025-06-19 14:21:13 - Connected to database: capbridge
[INFO]: 2025-06-19 14:21:13 - Connected to database: ppob
[INFO]: 2025-06-19 14:21:13 - Connected to database: payment_gateway_langitdigital_dev
[INFO]: 2025-06-19 14:21:23 - Connected to database: capbridge
[INFO]: 2025-06-19 14:21:23 - Connected to database: ppob
[INFO]: 2025-06-19 14:21:23 - Connected to database: payment_gateway_langitdigital_dev
[INFO]: 2025-06-19 14:21:32 - Connected to database: capbridge
[INFO]: 2025-06-19 14:21:32 - Connected to database: ppob
[INFO]: 2025-06-19 14:21:32 - Connected to database: payment_gateway_langitdigital_dev
[INFO]: 2025-06-19 14:22:59 - Connected to database: capbridge
[INFO]: 2025-06-19 14:22:59 - Connected to database: ppob
[INFO]: 2025-06-19 14:22:59 - Connected to database: payment_gateway_langitdigital_dev
[INFO]: 2025-06-19 14:23:02 - Connected to database: capbridge
[INFO]: 2025-06-19 14:23:02 - Connected to database: capbridge
[INFO]: 2025-06-19 14:23:02 - Connected to database: ppob
[INFO]: 2025-06-19 14:23:03 - Connected to database: payment_gateway_langitdigital_dev
[INFO]: 2025-06-19 14:23:13 - Connected to database: capbridge
[INFO]: 2025-06-19 14:23:15 - Connected to database: ppob
[INFO]: 2025-06-19 14:23:15 - Connected to database: payment_gateway_langitdigital_dev
[INFO]: 2025-06-19 14:23:18 - Connected to database: capbridge
[INFO]: 2025-06-19 14:23:18 - Connected to database: ppob
[INFO]: 2025-06-19 14:23:18 - Connected to database: payment_gateway_langitdigital_dev
[INFO]: 2025-06-19 14:45:12 - Connected to database: capbridge
[INFO]: 2025-06-19 14:45:12 - Connected to database: ppob
[INFO]: 2025-06-19 14:45:12 - Connected to database: payment_gateway_langitdigital_dev
[INFO]: 2025-06-19 14:45:22 - Connected to database: capbridge
[INFO]: 2025-06-19 14:45:22 - Connected to database: ppob
[INFO]: 2025-06-19 14:45:22 - Connected to database: payment_gateway_langitdigital_dev
[INFO]: 2025-06-19 14:45:37 - Connected to database: capbridge
[INFO]: 2025-06-19 14:45:37 - Connected to database: ppob
[INFO]: 2025-06-19 14:45:37 - Connected to database: payment_gateway_langitdigital_dev
[INFO]: 2025-06-19 14:45:43 - Connected to database: capbridge
[INFO]: 2025-06-19 14:45:43 - Connected to database: ppob
[INFO]: 2025-06-19 14:45:43 - Connected to database: payment_gateway_langitdigital_dev
[INFO]: 2025-06-19 14:46:00 - Connected to database: capbridge
[INFO]: 2025-06-19 14:46:00 - Connected to database: ppob
[INFO]: 2025-06-19 14:46:00 - Connected to database: payment_gateway_langitdigital_dev
[INFO]: 2025-06-19 14:46:03 - Connected to database: capbridge
[INFO]: 2025-06-19 14:46:03 - Connected to database: ppob
[INFO]: 2025-06-19 14:46:03 - Connected to database: payment_gateway_langitdigital_dev
[INFO]: 2025-06-19 14:46:10 - Connected to database: capbridge
[INFO]: 2025-06-19 14:46:10 - Connected to database: ppob
[INFO]: 2025-06-19 14:46:11 - Connected to database: payment_gateway_langitdigital_dev
[INFO]: 2025-06-19 14:46:49 - Connected to database: capbridge
[INFO]: 2025-06-19 14:46:49 - Connected to database: ppob
[INFO]: 2025-06-19 14:46:49 - Connected to database: payment_gateway_langitdigital_dev
[INFO]: 2025-06-19 14:46:55 - Connected to database: capbridge
[INFO]: 2025-06-19 14:46:55 - Connected to database: ppob
[INFO]: 2025-06-19 14:46:55 - Connected to database: payment_gateway_langitdigital_dev
[INFO]: 2025-06-19 14:47:17 - Connected to database: capbridge
[INFO]: 2025-06-19 14:47:17 - Connected to database: ppob
[INFO]: 2025-06-19 14:47:17 - Connected to database: payment_gateway_langitdigital_dev
[INFO]: 2025-06-19 14:47:18 - Connected to database: capbridge
[INFO]: 2025-06-19 14:47:19 - Connected to database: ppob
[INFO]: 2025-06-19 14:47:19 - Connected to database: payment_gateway_langitdigital_dev
[INFO]: 2025-06-19 14:47:43 - Connected to database: capbridge
[INFO]: 2025-06-19 14:47:43 - Connected to database: ppob
[INFO]: 2025-06-19 14:47:43 - Connected to database: payment_gateway_langitdigital_dev
[INFO]: 2025-06-19 14:48:05 - Connected to database: capbridge
[INFO]: 2025-06-19 14:48:06 - Connected to database: ppob
[INFO]: 2025-06-19 14:48:06 - Connected to database: payment_gateway_langitdigital_dev
[INFO]: 2025-06-19 14:48:14 - Connected to database: capbridge
[INFO]: 2025-06-19 14:48:14 - Connected to database: ppob
[INFO]: 2025-06-19 14:48:14 - Connected to database: payment_gateway_langitdigital_dev
[INFO]: 2025-06-19 14:48:22 - Connected to database: capbridge
[INFO]: 2025-06-19 14:48:22 - Connected to database: ppob
[INFO]: 2025-06-19 14:48:23 - Connected to database: payment_gateway_langitdigital_dev
[INFO]: 2025-06-19 14:48:24 - Connected to database: capbridge
[INFO]: 2025-06-19 14:48:24 - Connected to database: ppob
[INFO]: 2025-06-19 14:48:24 - Connected to database: payment_gateway_langitdigital_dev
[INFO]: 2025-06-19 14:48:29 - Connected to database: capbridge
[INFO]: 2025-06-19 14:48:30 - Connected to database: ppob
[INFO]: 2025-06-19 14:48:30 - Connected to database: payment_gateway_langitdigital_dev
[INFO]: 2025-06-19 14:48:34 - Connected to database: capbridge
[INFO]: 2025-06-19 14:48:34 - Connected to database: ppob
[INFO]: 2025-06-19 14:48:34 - Connected to database: payment_gateway_langitdigital_dev
[INFO]: 2025-06-19 14:48:42 - Connected to database: capbridge
[INFO]: 2025-06-19 14:48:42 - Connected to database: ppob
[INFO]: 2025-06-19 14:48:42 - Connected to database: payment_gateway_langitdigital_dev
[INFO]: 2025-06-19 14:48:50 - Connected to database: capbridge
[INFO]: 2025-06-19 14:48:50 - Connected to database: ppob
[INFO]: 2025-06-19 14:48:50 - Connected to database: payment_gateway_langitdigital_dev
[INFO]: 2025-06-19 14:48:54 - Connected to database: capbridge
[INFO]: 2025-06-19 14:48:54 - Connected to database: ppob
[INFO]: 2025-06-19 14:48:54 - Connected to database: payment_gateway_langitdigital_dev
[INFO]: 2025-06-19 14:49:07 - Connected to database: capbridge
[INFO]: 2025-06-19 14:49:07 - Connected to database: ppob
[INFO]: 2025-06-19 14:49:07 - Connected to database: payment_gateway_langitdigital_dev
[INFO]: 2025-06-19 14:49:09 - Connected to database: capbridge
[INFO]: 2025-06-19 14:49:10 - Connected to database: ppob
[INFO]: 2025-06-19 14:49:10 - Connected to database: payment_gateway_langitdigital_dev
[INFO]: 2025-06-19 14:49:11 - Connected to database: capbridge
[INFO]: 2025-06-19 14:49:11 - Connected to database: ppob
[INFO]: 2025-06-19 14:49:11 - Connected to database: payment_gateway_langitdigital_dev
[INFO]: 2025-06-19 14:49:15 - Connected to database: capbridge
[INFO]: 2025-06-19 14:49:15 - Connected to database: ppob
[INFO]: 2025-06-19 14:49:15 - Connected to database: payment_gateway_langitdigital_dev
[INFO]: 2025-06-19 14:49:21 - Connected to database: capbridge
[INFO]: 2025-06-19 14:49:21 - Connected to database: ppob
[INFO]: 2025-06-19 14:49:21 - Connected to database: payment_gateway_langitdigital_dev
[INFO]: 2025-06-19 14:49:23 - Connected to database: capbridge
[INFO]: 2025-06-19 14:49:23 - Connected to database: ppob
[INFO]: 2025-06-19 14:49:23 - Connected to database: payment_gateway_langitdigital_dev
[INFO]: 2025-06-19 14:49:28 - Connected to database: capbridge
[INFO]: 2025-06-19 14:49:28 - Connected to database: ppob
[INFO]: 2025-06-19 14:49:28 - Connected to database: payment_gateway_langitdigital_dev
[INFO]: 2025-06-19 14:49:30 - Connected to database: capbridge
[INFO]: 2025-06-19 14:49:30 - Connected to database: ppob
[INFO]: 2025-06-19 14:49:30 - Connected to database: payment_gateway_langitdigital_dev
[INFO]: 2025-06-19 14:58:55 - Login success
[INFO]: 2025-06-19 16:30:07 - Connected to database: capbridge
[INFO]: 2025-06-19 16:30:08 - Connected to database: ppob
[INFO]: 2025-06-19 16:30:08 - Connected to database: payment_gateway_langitdigital_dev
[ERROR]: 2025-06-19 16:30:09 - In Server: Role not found
[INFO]: 2025-06-19 16:33:35 - Connected to database: capbridge
[INFO]: 2025-06-19 16:33:35 - Connected to database: ppob
[INFO]: 2025-06-19 16:33:35 - Connected to database: payment_gateway_langitdigital_dev
[INFO]: 2025-06-19 16:34:23 - Connected to database: capbridge
[INFO]: 2025-06-19 16:34:23 - Connected to database: ppob
[INFO]: 2025-06-19 16:34:23 - Connected to database: payment_gateway_langitdigital_dev
[INFO]: 2025-06-19 16:34:28 - Connected to database: capbridge
[INFO]: 2025-06-19 16:34:28 - Connected to database: ppob
[INFO]: 2025-06-19 16:34:28 - Connected to database: payment_gateway_langitdigital_dev
[INFO]: 2025-06-19 16:36:30 - Connected to database: capbridge
[INFO]: 2025-06-19 16:36:34 - Connected to database: ppob
[INFO]: 2025-06-19 16:36:34 - Connected to database: payment_gateway_langitdigital_dev
[INFO]: 2025-06-19 16:38:21 - Connected to database: capbridge
[INFO]: 2025-06-19 16:38:21 - Connected to database: ppob
[INFO]: 2025-06-19 16:38:21 - Connected to database: payment_gateway_langitdigital_dev
[INFO]: 2025-06-19 16:50:05 - Connected to database: capbridge
[INFO]: 2025-06-19 16:50:05 - Connected to database: ppob
[INFO]: 2025-06-19 16:50:05 - Connected to database: payment_gateway_langitdigital_dev
[INFO]: 2025-06-19 16:50:07 - Connected to database: capbridge
[INFO]: 2025-06-19 16:50:07 - Connected to database: ppob
[INFO]: 2025-06-19 16:50:07 - Connected to database: payment_gateway_langitdigital_dev
[INFO]: 2025-06-19 16:50:11 - Connected to database: capbridge
[INFO]: 2025-06-19 16:50:11 - Connected to database: ppob
[INFO]: 2025-06-19 16:50:11 - Connected to database: payment_gateway_langitdigital_dev
[INFO]: 2025-06-19 16:50:14 - Connected to database: capbridge
[INFO]: 2025-06-19 16:50:14 - Connected to database: ppob
[INFO]: 2025-06-19 16:50:14 - Connected to database: payment_gateway_langitdigital_dev
[INFO]: 2025-06-19 16:50:17 - Connected to database: capbridge
[INFO]: 2025-06-19 16:50:17 - Connected to database: ppob
[INFO]: 2025-06-19 16:50:18 - Connected to database: payment_gateway_langitdigital_dev
[INFO]: 2025-06-19 16:50:23 - Connected to database: capbridge
[INFO]: 2025-06-19 16:50:23 - Connected to database: ppob
[INFO]: 2025-06-19 16:50:23 - Connected to database: payment_gateway_langitdigital_dev
[INFO]: 2025-06-19 16:50:29 - Connected to database: capbridge
[INFO]: 2025-06-19 16:50:29 - Connected to database: ppob
[INFO]: 2025-06-19 16:50:29 - Connected to database: payment_gateway_langitdigital_dev
[INFO]: 2025-06-19 16:50:43 - Connected to database: capbridge
[INFO]: 2025-06-19 16:50:43 - Connected to database: ppob
[INFO]: 2025-06-19 16:50:43 - Connected to database: payment_gateway_langitdigital_dev
[INFO]: 2025-06-19 16:50:48 - Connected to database: capbridge
[INFO]: 2025-06-19 16:50:48 - Connected to database: ppob
[INFO]: 2025-06-19 16:50:48 - Connected to database: payment_gateway_langitdigital_dev
[INFO]: 2025-06-19 16:50:50 - Connected to database: capbridge
[INFO]: 2025-06-19 16:50:51 - Connected to database: ppob
[INFO]: 2025-06-19 16:50:51 - Connected to database: payment_gateway_langitdigital_dev
[INFO]: 2025-06-19 16:50:52 - Connected to database: capbridge
[INFO]: 2025-06-19 16:50:52 - Connected to database: ppob
[INFO]: 2025-06-19 16:50:52 - Connected to database: payment_gateway_langitdigital_dev
[INFO]: 2025-06-19 16:51:09 - Connected to database: capbridge
[INFO]: 2025-06-19 16:51:09 - Connected to database: ppob
[INFO]: 2025-06-19 16:51:09 - Connected to database: payment_gateway_langitdigital_dev
[INFO]: 2025-06-19 16:51:23 - Connected to database: capbridge
[INFO]: 2025-06-19 16:51:23 - Connected to database: ppob
[INFO]: 2025-06-19 16:51:24 - Connected to database: payment_gateway_langitdigital_dev
[INFO]: 2025-06-19 16:51:31 - Connected to database: capbridge
[INFO]: 2025-06-19 16:51:31 - Connected to database: ppob
[INFO]: 2025-06-19 16:51:31 - Connected to database: payment_gateway_langitdigital_dev
[INFO]: 2025-06-19 16:51:39 - Connected to database: capbridge
[INFO]: 2025-06-19 16:51:40 - Connected to database: ppob
[INFO]: 2025-06-19 16:51:40 - Connected to database: payment_gateway_langitdigital_dev
[INFO]: 2025-06-19 16:51:41 - Connected to database: capbridge
[INFO]: 2025-06-19 16:51:41 - Connected to database: ppob
[INFO]: 2025-06-19 16:51:42 - Connected to database: payment_gateway_langitdigital_dev
[INFO]: 2025-06-19 16:51:45 - Connected to database: capbridge
[INFO]: 2025-06-19 16:51:45 - Connected to database: ppob
[INFO]: 2025-06-19 16:51:45 - Connected to database: payment_gateway_langitdigital_dev
[INFO]: 2025-06-19 16:51:46 - Connected to database: capbridge
[INFO]: 2025-06-19 16:51:47 - Connected to database: ppob
[INFO]: 2025-06-19 16:51:47 - Connected to database: payment_gateway_langitdigital_dev
[INFO]: 2025-06-19 16:51:49 - Connected to database: capbridge
[INFO]: 2025-06-19 16:51:49 - Connected to database: ppob
[INFO]: 2025-06-19 16:51:50 - Connected to database: payment_gateway_langitdigital_dev
[INFO]: 2025-06-19 16:51:51 - Connected to database: capbridge
[INFO]: 2025-06-19 16:51:52 - Connected to database: ppob
[INFO]: 2025-06-19 16:51:52 - Connected to database: payment_gateway_langitdigital_dev
[INFO]: 2025-06-19 16:51:54 - Connected to database: capbridge
[INFO]: 2025-06-19 16:51:54 - Connected to database: ppob
[INFO]: 2025-06-19 16:51:54 - Connected to database: payment_gateway_langitdigital_dev
[INFO]: 2025-06-19 16:52:00 - Connected to database: capbridge
[INFO]: 2025-06-19 16:52:00 - Connected to database: ppob
[INFO]: 2025-06-19 16:52:00 - Connected to database: payment_gateway_langitdigital_dev
[INFO]: 2025-06-19 16:52:09 - Connected to database: capbridge
[INFO]: 2025-06-19 16:52:10 - Connected to database: ppob
[INFO]: 2025-06-19 16:52:10 - Connected to database: payment_gateway_langitdigital_dev
[INFO]: 2025-06-19 16:52:18 - Connected to database: capbridge
[INFO]: 2025-06-19 16:52:18 - Connected to database: ppob
[INFO]: 2025-06-19 16:52:18 - Connected to database: payment_gateway_langitdigital_dev
[INFO]: 2025-06-19 16:52:26 - Connected to database: capbridge
[INFO]: 2025-06-19 16:52:27 - Connected to database: ppob
[INFO]: 2025-06-19 16:52:27 - Connected to database: payment_gateway_langitdigital_dev
[INFO]: 2025-06-19 16:52:56 - Connected to database: capbridge
[INFO]: 2025-06-19 16:52:57 - Connected to database: ppob
[INFO]: 2025-06-19 16:52:57 - Connected to database: payment_gateway_langitdigital_dev
[INFO]: 2025-06-19 16:53:06 - Connected to database: capbridge
[INFO]: 2025-06-19 16:53:06 - Connected to database: ppob
[INFO]: 2025-06-19 16:53:06 - Connected to database: payment_gateway_langitdigital_dev
[INFO]: 2025-06-19 16:53:08 - Connected to database: capbridge
[INFO]: 2025-06-19 16:53:08 - Connected to database: ppob
[INFO]: 2025-06-19 16:53:09 - Connected to database: payment_gateway_langitdigital_dev
[INFO]: 2025-06-19 16:53:11 - Connected to database: capbridge
[INFO]: 2025-06-19 16:53:11 - Connected to database: ppob
[INFO]: 2025-06-19 16:53:12 - Connected to database: payment_gateway_langitdigital_dev
[INFO]: 2025-06-19 16:53:15 - Connected to database: capbridge
[INFO]: 2025-06-19 16:53:15 - Connected to database: ppob
[INFO]: 2025-06-19 16:53:16 - Connected to database: payment_gateway_langitdigital_dev
[INFO]: 2025-06-19 16:53:21 - Connected to database: capbridge
[INFO]: 2025-06-19 16:53:21 - Connected to database: ppob
[INFO]: 2025-06-19 16:53:21 - Connected to database: payment_gateway_langitdigital_dev
[INFO]: 2025-06-19 16:53:37 - Connected to database: capbridge
[INFO]: 2025-06-19 16:53:37 - Connected to database: ppob
[INFO]: 2025-06-19 16:53:37 - Connected to database: payment_gateway_langitdigital_dev
[INFO]: 2025-06-19 16:53:46 - Connected to database: capbridge
[INFO]: 2025-06-19 16:53:47 - Connected to database: ppob
[INFO]: 2025-06-19 16:53:47 - Connected to database: payment_gateway_langitdigital_dev
[INFO]: 2025-06-19 16:53:50 - Connected to database: capbridge
[INFO]: 2025-06-19 16:53:50 - Connected to database: ppob
[INFO]: 2025-06-19 16:53:51 - Connected to database: payment_gateway_langitdigital_dev
[INFO]: 2025-06-19 16:53:52 - Connected to database: capbridge
[INFO]: 2025-06-19 16:53:52 - Connected to database: ppob
[INFO]: 2025-06-19 16:53:52 - Connected to database: payment_gateway_langitdigital_dev
[INFO]: 2025-06-19 16:53:53 - Connected to database: capbridge
[INFO]: 2025-06-19 16:53:53 - Connected to database: ppob
[INFO]: 2025-06-19 16:53:54 - Connected to database: payment_gateway_langitdigital_dev
[INFO]: 2025-06-19 16:53:55 - Connected to database: capbridge
[INFO]: 2025-06-19 16:53:55 - Connected to database: ppob
[INFO]: 2025-06-19 16:53:55 - Connected to database: payment_gateway_langitdigital_dev
[INFO]: 2025-06-19 16:53:57 - Connected to database: capbridge
[INFO]: 2025-06-19 16:53:58 - Connected to database: ppob
[INFO]: 2025-06-19 16:53:58 - Connected to database: payment_gateway_langitdigital_dev
[INFO]: 2025-06-19 16:54:01 - Connected to database: capbridge
[INFO]: 2025-06-19 16:54:01 - Connected to database: ppob
[INFO]: 2025-06-19 16:54:01 - Connected to database: payment_gateway_langitdigital_dev
[INFO]: 2025-06-19 16:54:10 - Connected to database: capbridge
[INFO]: 2025-06-19 16:54:10 - Connected to database: ppob
[INFO]: 2025-06-19 16:54:10 - Connected to database: payment_gateway_langitdigital_dev
[INFO]: 2025-06-19 16:54:13 - Connected to database: capbridge
[INFO]: 2025-06-19 16:54:13 - Connected to database: ppob
[INFO]: 2025-06-19 16:54:13 - Connected to database: payment_gateway_langitdigital_dev
[INFO]: 2025-06-19 16:54:29 - Connected to database: capbridge
[INFO]: 2025-06-19 16:54:30 - Connected to database: ppob
[INFO]: 2025-06-19 16:54:30 - Connected to database: payment_gateway_langitdigital_dev
[INFO]: 2025-06-19 16:54:38 - Connected to database: capbridge
[INFO]: 2025-06-19 16:54:38 - Connected to database: ppob
[INFO]: 2025-06-19 16:54:38 - Connected to database: payment_gateway_langitdigital_dev
[INFO]: 2025-06-19 16:54:40 - Connected to database: capbridge
[INFO]: 2025-06-19 16:54:40 - Connected to database: ppob
[INFO]: 2025-06-19 16:54:40 - Connected to database: payment_gateway_langitdigital_dev
[INFO]: 2025-06-19 16:54:42 - Connected to database: capbridge
[INFO]: 2025-06-19 16:54:42 - Connected to database: ppob
[INFO]: 2025-06-19 16:54:42 - Connected to database: payment_gateway_langitdigital_dev
[INFO]: 2025-06-19 16:54:44 - Connected to database: capbridge
[INFO]: 2025-06-19 16:54:45 - Connected to database: ppob
[INFO]: 2025-06-19 16:54:45 - Connected to database: payment_gateway_langitdigital_dev
[INFO]: 2025-06-19 16:55:00 - Connected to database: capbridge
[INFO]: 2025-06-19 16:55:00 - Connected to database: ppob
[INFO]: 2025-06-19 16:55:00 - Connected to database: payment_gateway_langitdigital_dev
[INFO]: 2025-06-19 16:55:16 - Connected to database: capbridge
[INFO]: 2025-06-19 16:55:16 - Connected to database: ppob
[INFO]: 2025-06-19 16:55:16 - Connected to database: payment_gateway_langitdigital_dev
[INFO]: 2025-06-19 16:55:28 - Connected to database: capbridge
[INFO]: 2025-06-19 16:55:28 - Connected to database: ppob
[INFO]: 2025-06-19 16:55:28 - Connected to database: payment_gateway_langitdigital_dev
[INFO]: 2025-06-19 16:56:59 - Connected to database: capbridge
[INFO]: 2025-06-19 16:56:59 - Connected to database: ppob
[INFO]: 2025-06-19 16:56:59 - Connected to database: payment_gateway_langitdigital_dev
[INFO]: 2025-06-19 16:57:00 - Connected to database: capbridge
[INFO]: 2025-06-19 16:57:00 - Connected to database: ppob
[INFO]: 2025-06-19 16:57:01 - Connected to database: payment_gateway_langitdigital_dev
[INFO]: 2025-06-19 16:57:06 - Connected to database: capbridge
[INFO]: 2025-06-19 16:57:07 - Connected to database: ppob
[INFO]: 2025-06-19 16:57:07 - Connected to database: payment_gateway_langitdigital_dev
[INFO]: 2025-06-19 16:57:12 - Connected to database: capbridge
[INFO]: 2025-06-19 16:57:12 - Connected to database: ppob
[INFO]: 2025-06-19 16:57:12 - Connected to database: payment_gateway_langitdigital_dev
[INFO]: 2025-06-19 16:57:14 - Connected to database: capbridge
[INFO]: 2025-06-19 16:57:14 - Connected to database: ppob
[INFO]: 2025-06-19 16:57:15 - Connected to database: payment_gateway_langitdigital_dev
[INFO]: 2025-06-19 16:57:23 - Connected to database: capbridge
[INFO]: 2025-06-19 16:57:23 - Connected to database: ppob
[INFO]: 2025-06-19 16:57:23 - Connected to database: payment_gateway_langitdigital_dev
[INFO]: 2025-06-19 16:57:25 - Connected to database: capbridge
[INFO]: 2025-06-19 16:57:25 - Connected to database: ppob
[INFO]: 2025-06-19 16:57:25 - Connected to database: payment_gateway_langitdigital_dev
[INFO]: 2025-06-19 16:57:38 - Connected to database: capbridge
[INFO]: 2025-06-19 16:57:38 - Connected to database: ppob
[INFO]: 2025-06-19 16:57:38 - Connected to database: payment_gateway_langitdigital_dev
[INFO]: 2025-06-19 16:57:52 - Connected to database: capbridge
[INFO]: 2025-06-19 16:57:52 - Connected to database: ppob
[INFO]: 2025-06-19 16:57:53 - Connected to database: payment_gateway_langitdigital_dev
[INFO]: 2025-06-19 16:58:05 - Connected to database: capbridge
[INFO]: 2025-06-19 16:58:05 - Connected to database: ppob
[INFO]: 2025-06-19 16:58:05 - Connected to database: payment_gateway_langitdigital_dev
[INFO]: 2025-06-19 16:58:07 - Connected to database: capbridge
[INFO]: 2025-06-19 16:58:07 - Connected to database: ppob
[INFO]: 2025-06-19 16:58:07 - Connected to database: payment_gateway_langitdigital_dev
[INFO]: 2025-06-19 16:58:14 - Connected to database: capbridge
[INFO]: 2025-06-19 16:58:14 - Connected to database: ppob
[INFO]: 2025-06-19 16:58:14 - Connected to database: payment_gateway_langitdigital_dev
[INFO]: 2025-06-19 16:58:28 - Connected to database: capbridge
[INFO]: 2025-06-19 16:58:28 - Connected to database: ppob
[INFO]: 2025-06-19 16:58:28 - Connected to database: payment_gateway_langitdigital_dev
[INFO]: 2025-06-19 16:58:32 - Connected to database: capbridge
[INFO]: 2025-06-19 16:58:32 - Connected to database: ppob
[INFO]: 2025-06-19 16:58:33 - Connected to database: payment_gateway_langitdigital_dev
[INFO]: 2025-06-19 16:58:37 - Connected to database: capbridge
[INFO]: 2025-06-19 16:58:37 - Connected to database: ppob
[INFO]: 2025-06-19 16:58:37 - Connected to database: payment_gateway_langitdigital_dev
[INFO]: 2025-06-19 16:58:39 - Connected to database: capbridge
[INFO]: 2025-06-19 16:58:39 - Connected to database: ppob
[INFO]: 2025-06-19 16:58:39 - Connected to database: payment_gateway_langitdigital_dev
[INFO]: 2025-06-19 17:12:16 - Connected to database: capbridge
[INFO]: 2025-06-19 17:12:16 - Connected to database: ppob
[INFO]: 2025-06-19 17:12:16 - Connected to database: payment_gateway_langitdigital_dev
[INFO]: 2025-06-19 17:12:24 - Connected to database: capbridge
[INFO]: 2025-06-19 17:12:24 - Connected to database: ppob
[INFO]: 2025-06-19 17:12:24 - Connected to database: payment_gateway_langitdigital_dev
[INFO]: 2025-06-19 17:12:27 - Connected to database: capbridge
[INFO]: 2025-06-19 17:12:27 - Connected to database: ppob
[INFO]: 2025-06-19 17:12:27 - Connected to database: payment_gateway_langitdigital_dev
[INFO]: 2025-06-19 17:12:37 - Connected to database: capbridge
[INFO]: 2025-06-19 17:12:37 - Connected to database: ppob
[INFO]: 2025-06-19 17:12:37 - Connected to database: payment_gateway_langitdigital_dev
[INFO]: 2025-06-19 17:12:39 - Connected to database: capbridge
[INFO]: 2025-06-19 17:12:41 - Connected to database: ppob
[INFO]: 2025-06-19 17:12:41 - Connected to database: payment_gateway_langitdigital_dev
[INFO]: 2025-06-19 17:12:55 - Connected to database: capbridge
[INFO]: 2025-06-19 17:12:56 - Connected to database: ppob
[INFO]: 2025-06-19 17:12:56 - Connected to database: payment_gateway_langitdigital_dev
[INFO]: 2025-06-19 17:12:58 - Connected to database: capbridge
[INFO]: 2025-06-19 17:12:58 - Connected to database: ppob
[INFO]: 2025-06-19 17:12:59 - Connected to database: payment_gateway_langitdigital_dev
[INFO]: 2025-06-19 17:13:03 - Connected to database: capbridge
[INFO]: 2025-06-19 17:13:03 - Connected to database: ppob
[INFO]: 2025-06-19 17:13:04 - Connected to database: payment_gateway_langitdigital_dev
[INFO]: 2025-06-19 17:13:08 - Connected to database: capbridge
[INFO]: 2025-06-19 17:13:09 - Connected to database: ppob
[INFO]: 2025-06-19 17:13:09 - Connected to database: payment_gateway_langitdigital_dev
[INFO]: 2025-06-19 17:13:35 - Connected to database: capbridge
[INFO]: 2025-06-19 17:13:35 - Connected to database: ppob
[INFO]: 2025-06-19 17:13:36 - Connected to database: payment_gateway_langitdigital_dev
[INFO]: 2025-06-19 17:13:39 - Connected to database: capbridge
[INFO]: 2025-06-19 17:13:39 - Connected to database: ppob
[INFO]: 2025-06-19 17:13:39 - Connected to database: payment_gateway_langitdigital_dev
[INFO]: 2025-06-19 17:14:13 - Connected to database: capbridge
[INFO]: 2025-06-19 17:14:13 - Connected to database: ppob
[INFO]: 2025-06-19 17:14:13 - Connected to database: payment_gateway_langitdigital_dev
[INFO]: 2025-06-19 17:14:15 - Connected to database: capbridge
[INFO]: 2025-06-19 17:14:16 - Connected to database: ppob
[INFO]: 2025-06-19 17:14:16 - Connected to database: payment_gateway_langitdigital_dev
[INFO]: 2025-06-19 17:14:21 - Connected to database: capbridge
[INFO]: 2025-06-19 17:14:22 - Connected to database: ppob
[INFO]: 2025-06-19 17:14:22 - Connected to database: payment_gateway_langitdigital_dev
[INFO]: 2025-06-19 17:15:20 - Connected to database: capbridge
[INFO]: 2025-06-19 17:15:20 - Connected to database: ppob
[INFO]: 2025-06-19 17:15:20 - Connected to database: payment_gateway_langitdigital_dev
[INFO]: 2025-06-19 17:15:22 - Connected to database: capbridge
[INFO]: 2025-06-19 17:15:22 - Connected to database: ppob
[INFO]: 2025-06-19 17:15:22 - Connected to database: payment_gateway_langitdigital_dev
[INFO]: 2025-06-19 17:15:24 - Connected to database: capbridge
[INFO]: 2025-06-19 17:15:24 - Connected to database: ppob
[INFO]: 2025-06-19 17:15:24 - Connected to database: payment_gateway_langitdigital_dev
[INFO]: 2025-06-19 17:15:30 - Connected to database: capbridge
[INFO]: 2025-06-19 17:15:30 - Connected to database: ppob
[INFO]: 2025-06-19 17:15:30 - Connected to database: payment_gateway_langitdigital_dev
[INFO]: 2025-06-19 17:15:38 - Connected to database: capbridge
[INFO]: 2025-06-19 17:15:38 - Connected to database: ppob
[INFO]: 2025-06-19 17:15:40 - Connected to database: payment_gateway_langitdigital_dev
[INFO]: 2025-06-19 17:15:43 - Connected to database: capbridge
[INFO]: 2025-06-19 17:15:43 - Connected to database: ppob
[INFO]: 2025-06-19 17:15:43 - Connected to database: payment_gateway_langitdigital_dev
[INFO]: 2025-06-19 17:20:32 - Connected to database: capbridge
[INFO]: 2025-06-19 17:20:32 - Connected to database: ppob
[INFO]: 2025-06-19 17:20:32 - Connected to database: payment_gateway_langitdigital_dev
[INFO]: 2025-06-19 17:20:40 - Connected to database: capbridge
[INFO]: 2025-06-19 17:20:40 - Connected to database: ppob
[INFO]: 2025-06-19 17:20:40 - Connected to database: payment_gateway_langitdigital_dev
[INFO]: 2025-06-19 17:20:43 - Connected to database: capbridge
[INFO]: 2025-06-19 17:20:44 - Connected to database: ppob
[INFO]: 2025-06-19 17:20:44 - Connected to database: payment_gateway_langitdigital_dev
[INFO]: 2025-06-19 17:20:49 - Connected to database: capbridge
[INFO]: 2025-06-19 17:20:49 - Connected to database: ppob
[INFO]: 2025-06-19 17:20:49 - Connected to database: payment_gateway_langitdigital_dev
[INFO]: 2025-06-19 17:21:02 - Connected to database: capbridge
[INFO]: 2025-06-19 17:21:02 - Connected to database: ppob
[INFO]: 2025-06-19 17:21:02 - Connected to database: payment_gateway_langitdigital_dev
[INFO]: 2025-06-19 17:21:26 - Connected to database: capbridge
[INFO]: 2025-06-19 17:21:26 - Connected to database: ppob
[INFO]: 2025-06-19 17:21:26 - Connected to database: payment_gateway_langitdigital_dev
[INFO]: 2025-06-19 17:21:27 - Connected to database: capbridge
[INFO]: 2025-06-19 17:21:27 - Connected to database: ppob
[INFO]: 2025-06-19 17:21:27 - Connected to database: payment_gateway_langitdigital_dev
[INFO]: 2025-06-19 17:22:27 - Connected to database: capbridge
[INFO]: 2025-06-19 17:22:27 - Connected to database: ppob
[INFO]: 2025-06-19 17:22:27 - Connected to database: payment_gateway_langitdigital_dev
[INFO]: 2025-06-19 17:22:54 - Connected to database: capbridge
[INFO]: 2025-06-19 17:22:54 - Connected to database: ppob
[INFO]: 2025-06-19 17:22:54 - Connected to database: payment_gateway_langitdigital_dev
[INFO]: 2025-06-19 17:23:02 - Connected to database: capbridge
[INFO]: 2025-06-19 17:23:02 - Connected to database: ppob
[INFO]: 2025-06-19 17:23:02 - Connected to database: payment_gateway_langitdigital_dev
[INFO]: 2025-06-19 17:23:32 - Connected to database: capbridge
[INFO]: 2025-06-19 17:23:32 - Connected to database: ppob
[INFO]: 2025-06-19 17:23:32 - Connected to database: payment_gateway_langitdigital_dev
[INFO]: 2025-06-19 17:23:41 - Connected to database: capbridge
[INFO]: 2025-06-19 17:23:41 - Connected to database: ppob
[INFO]: 2025-06-19 17:23:41 - Connected to database: payment_gateway_langitdigital_dev
[INFO]: 2025-06-19 17:23:48 - Connected to database: capbridge
[INFO]: 2025-06-19 17:23:48 - Connected to database: ppob
[INFO]: 2025-06-19 17:23:49 - Connected to database: payment_gateway_langitdigital_dev
[INFO]: 2025-06-19 17:23:52 - Connected to database: capbridge
[INFO]: 2025-06-19 17:23:52 - Connected to database: ppob
[INFO]: 2025-06-19 17:23:52 - Connected to database: payment_gateway_langitdigital_dev
[INFO]: 2025-06-19 17:23:58 - Connected to database: capbridge
[INFO]: 2025-06-19 17:23:58 - Connected to database: ppob
[INFO]: 2025-06-19 17:23:58 - Connected to database: payment_gateway_langitdigital_dev
[INFO]: 2025-06-19 17:24:00 - Connected to database: capbridge
[INFO]: 2025-06-19 17:24:00 - Connected to database: ppob
[INFO]: 2025-06-19 17:24:00 - Connected to database: payment_gateway_langitdigital_dev
[INFO]: 2025-06-19 17:24:03 - Connected to database: capbridge
[INFO]: 2025-06-19 17:24:03 - Connected to database: ppob
[INFO]: 2025-06-19 17:24:03 - Connected to database: payment_gateway_langitdigital_dev
[INFO]: 2025-06-19 17:24:05 - Connected to database: capbridge
[INFO]: 2025-06-19 17:24:05 - Connected to database: ppob
[INFO]: 2025-06-19 17:24:05 - Connected to database: payment_gateway_langitdigital_dev
[INFO]: 2025-06-19 17:24:13 - Connected to database: capbridge
[INFO]: 2025-06-19 17:24:13 - Connected to database: ppob
[INFO]: 2025-06-19 17:24:14 - Connected to database: payment_gateway_langitdigital_dev
[INFO]: 2025-06-19 17:24:18 - Connected to database: capbridge
[INFO]: 2025-06-19 17:24:18 - Connected to database: ppob
[INFO]: 2025-06-19 17:24:18 - Connected to database: payment_gateway_langitdigital_dev
[INFO]: 2025-06-19 17:24:28 - Connected to database: capbridge
[INFO]: 2025-06-19 17:24:28 - Connected to database: ppob
[INFO]: 2025-06-19 17:24:28 - Connected to database: payment_gateway_langitdigital_dev
[INFO]: 2025-06-19 17:24:31 - Connected to database: capbridge
[INFO]: 2025-06-19 17:24:31 - Connected to database: ppob
[INFO]: 2025-06-19 17:24:31 - Connected to database: payment_gateway_langitdigital_dev
[INFO]: 2025-06-19 17:24:36 - Connected to database: capbridge
[INFO]: 2025-06-19 17:24:36 - Connected to database: ppob
[INFO]: 2025-06-19 17:24:36 - Connected to database: payment_gateway_langitdigital_dev
[INFO]: 2025-06-19 17:24:42 - Connected to database: capbridge
[INFO]: 2025-06-19 17:24:42 - Connected to database: ppob
[INFO]: 2025-06-19 17:24:42 - Connected to database: payment_gateway_langitdigital_dev
[INFO]: 2025-06-19 17:24:45 - Connected to database: capbridge
[INFO]: 2025-06-19 17:24:45 - Connected to database: ppob
[INFO]: 2025-06-19 17:24:45 - Connected to database: payment_gateway_langitdigital_dev
[INFO]: 2025-06-19 17:24:48 - Connected to database: capbridge
[INFO]: 2025-06-19 17:24:48 - Connected to database: ppob
[INFO]: 2025-06-19 17:24:48 - Connected to database: payment_gateway_langitdigital_dev
[INFO]: 2025-06-19 17:24:54 - Connected to database: capbridge
[INFO]: 2025-06-19 17:24:55 - Connected to database: ppob
[INFO]: 2025-06-19 17:24:55 - Connected to database: payment_gateway_langitdigital_dev
[INFO]: 2025-06-19 17:24:56 - Connected to database: capbridge
[INFO]: 2025-06-19 17:24:56 - Connected to database: ppob
[INFO]: 2025-06-19 17:24:56 - Connected to database: payment_gateway_langitdigital_dev
[INFO]: 2025-06-19 17:25:36 - Connected to database: capbridge
[INFO]: 2025-06-19 17:25:36 - Connected to database: ppob
[INFO]: 2025-06-19 17:25:36 - Connected to database: payment_gateway_langitdigital_dev
[INFO]: 2025-06-19 17:25:37 - Connected to database: capbridge
[INFO]: 2025-06-19 17:25:38 - Connected to database: ppob
[INFO]: 2025-06-19 17:25:38 - Connected to database: payment_gateway_langitdigital_dev
[INFO]: 2025-06-19 17:25:40 - Connected to database: capbridge
[INFO]: 2025-06-19 17:25:40 - Connected to database: ppob
[INFO]: 2025-06-19 17:25:40 - Connected to database: payment_gateway_langitdigital_dev
[INFO]: 2025-06-19 17:25:43 - Connected to database: capbridge
[INFO]: 2025-06-19 17:25:43 - Connected to database: ppob
[INFO]: 2025-06-19 17:25:44 - Connected to database: payment_gateway_langitdigital_dev
[INFO]: 2025-06-19 17:25:50 - Connected to database: capbridge
[INFO]: 2025-06-19 17:25:50 - Connected to database: ppob
[INFO]: 2025-06-19 17:25:50 - Connected to database: payment_gateway_langitdigital_dev
[INFO]: 2025-06-19 17:26:01 - Connected to database: capbridge
[INFO]: 2025-06-19 17:26:01 - Connected to database: ppob
[INFO]: 2025-06-19 17:26:01 - Connected to database: payment_gateway_langitdigital_dev
[INFO]: 2025-06-19 17:26:05 - Connected to database: capbridge
[INFO]: 2025-06-19 17:26:05 - Connected to database: ppob
[INFO]: 2025-06-19 17:26:05 - Connected to database: payment_gateway_langitdigital_dev
[INFO]: 2025-06-19 17:27:06 - Connected to database: capbridge
[INFO]: 2025-06-19 17:27:06 - Connected to database: ppob
[INFO]: 2025-06-19 17:27:06 - Connected to database: payment_gateway_langitdigital_dev
[INFO]: 2025-06-19 17:27:07 - Connected to database: capbridge
[INFO]: 2025-06-19 17:27:07 - Connected to database: ppob
[INFO]: 2025-06-19 17:27:07 - Connected to database: payment_gateway_langitdigital_dev
[INFO]: 2025-06-19 17:31:05 - Connected to database: capbridge
[INFO]: 2025-06-19 17:31:05 - Connected to database: ppob
[INFO]: 2025-06-19 17:31:05 - Connected to database: payment_gateway_langitdigital_dev
[INFO]: 2025-06-19 17:31:07 - Connected to database: capbridge
[INFO]: 2025-06-19 17:31:07 - Connected to database: ppob
[INFO]: 2025-06-19 17:31:07 - Connected to database: payment_gateway_langitdigital_dev
[INFO]: 2025-06-19 17:31:41 - Connected to database: capbridge
[INFO]: 2025-06-19 17:31:41 - Connected to database: ppob
[INFO]: 2025-06-19 17:31:41 - Connected to database: payment_gateway_langitdigital_dev
[INFO]: 2025-06-19 17:31:44 - Connected to database: capbridge
[INFO]: 2025-06-19 17:31:44 - Connected to database: ppob
[INFO]: 2025-06-19 17:31:44 - Connected to database: payment_gateway_langitdigital_dev
[INFO]: 2025-06-19 17:31:52 - Connected to database: capbridge
[INFO]: 2025-06-19 17:31:52 - Connected to database: ppob
[INFO]: 2025-06-19 17:31:52 - Connected to database: payment_gateway_langitdigital_dev
[INFO]: 2025-06-19 17:31:58 - Connected to database: capbridge
[INFO]: 2025-06-19 17:31:58 - Connected to database: ppob
[INFO]: 2025-06-19 17:31:58 - Connected to database: payment_gateway_langitdigital_dev
[INFO]: 2025-06-19 17:32:00 - Connected to database: capbridge
[INFO]: 2025-06-19 17:32:01 - Connected to database: ppob
[INFO]: 2025-06-19 17:32:01 - Connected to database: payment_gateway_langitdigital_dev
[INFO]: 2025-06-19 17:32:06 - Connected to database: capbridge
[INFO]: 2025-06-19 17:32:06 - Connected to database: ppob
[INFO]: 2025-06-19 17:32:06 - Connected to database: payment_gateway_langitdigital_dev
[INFO]: 2025-06-19 17:32:07 - Connected to database: capbridge
[INFO]: 2025-06-19 17:32:07 - Connected to database: ppob
[INFO]: 2025-06-19 17:32:07 - Connected to database: payment_gateway_langitdigital_dev
[INFO]: 2025-06-19 17:32:09 - Connected to database: capbridge
[INFO]: 2025-06-19 17:32:09 - Connected to database: ppob
[INFO]: 2025-06-19 17:32:09 - Connected to database: payment_gateway_langitdigital_dev
[INFO]: 2025-06-19 17:32:11 - Connected to database: capbridge
[INFO]: 2025-06-19 17:32:11 - Connected to database: ppob
[INFO]: 2025-06-19 17:32:12 - Connected to database: payment_gateway_langitdigital_dev
[INFO]: 2025-06-19 17:32:48 - Connected to database: capbridge
[INFO]: 2025-06-19 17:32:48 - Connected to database: ppob
[INFO]: 2025-06-19 17:32:48 - Connected to database: payment_gateway_langitdigital_dev
[INFO]: 2025-06-19 17:32:49 - Connected to database: capbridge
[INFO]: 2025-06-19 17:32:50 - Connected to database: ppob
[INFO]: 2025-06-19 17:32:50 - Connected to database: payment_gateway_langitdigital_dev
[INFO]: 2025-06-19 17:32:53 - Connected to database: capbridge
[INFO]: 2025-06-19 17:32:53 - Connected to database: ppob
[INFO]: 2025-06-19 17:32:54 - Connected to database: payment_gateway_langitdigital_dev
[INFO]: 2025-06-19 17:32:58 - Connected to database: capbridge
[INFO]: 2025-06-19 17:32:58 - Connected to database: ppob
[INFO]: 2025-06-19 17:32:58 - Connected to database: payment_gateway_langitdigital_dev
[INFO]: 2025-06-19 17:33:35 - Connected to database: capbridge
[INFO]: 2025-06-19 17:33:35 - Connected to database: ppob
[INFO]: 2025-06-19 17:33:35 - Connected to database: payment_gateway_langitdigital_dev
[INFO]: 2025-06-19 17:33:44 - Connected to database: capbridge
[INFO]: 2025-06-19 17:33:45 - Connected to database: ppob
[INFO]: 2025-06-19 17:33:45 - Connected to database: payment_gateway_langitdigital_dev
[INFO]: 2025-06-19 17:33:51 - Connected to database: capbridge
[INFO]: 2025-06-19 17:33:51 - Connected to database: ppob
[INFO]: 2025-06-19 17:33:51 - Connected to database: payment_gateway_langitdigital_dev
[INFO]: 2025-06-19 17:33:54 - Connected to database: capbridge
[INFO]: 2025-06-19 17:33:54 - Connected to database: ppob
[INFO]: 2025-06-19 17:33:54 - Connected to database: payment_gateway_langitdigital_dev
[INFO]: 2025-06-19 17:34:02 - Connected to database: capbridge
[INFO]: 2025-06-19 17:34:02 - Connected to database: ppob
[INFO]: 2025-06-19 17:34:03 - Connected to database: payment_gateway_langitdigital_dev
[ERROR]: 2025-06-19 17:34:51 - In Server: Error 1146 (42S02): Table 'ppob.projects' doesn't exist
[INFO]: 2025-06-19 17:35:05 - Connected to database: capbridge
[INFO]: 2025-06-19 17:35:05 - Connected to database: ppob
[INFO]: 2025-06-19 17:35:05 - Connected to database: payment_gateway_langitdigital_dev
[INFO]: 2025-06-19 17:39:08 - Connected to database: capbridge
[INFO]: 2025-06-19 17:39:08 - Connected to database: ppob
[INFO]: 2025-06-19 17:39:09 - Connected to database: payment_gateway_langitdigital_dev
[INFO]: 2025-06-19 17:40:08 - Connected to database: capbridge
[INFO]: 2025-06-19 17:40:08 - Connected to database: ppob
[INFO]: 2025-06-19 17:40:08 - Connected to database: payment_gateway_langitdigital_dev
[INFO]: 2025-06-19 17:40:09 - Connected to database: capbridge
[INFO]: 2025-06-19 17:40:09 - Connected to database: ppob
[INFO]: 2025-06-19 17:40:10 - Connected to database: payment_gateway_langitdigital_dev
[INFO]: 2025-06-19 17:40:37 - Connected to database: capbridge
[INFO]: 2025-06-19 17:40:37 - Connected to database: ppob
[INFO]: 2025-06-19 17:40:37 - Connected to database: payment_gateway_langitdigital_dev
[INFO]: 2025-06-19 17:40:41 - Connected to database: capbridge
[INFO]: 2025-06-19 17:40:41 - Connected to database: ppob
[INFO]: 2025-06-19 17:40:41 - Connected to database: payment_gateway_langitdigital_dev
[INFO]: 2025-06-19 17:40:42 - Connected to database: capbridge
[INFO]: 2025-06-19 17:40:42 - Connected to database: ppob
[INFO]: 2025-06-19 17:40:42 - Connected to database: payment_gateway_langitdigital_dev
[INFO]: 2025-06-19 17:40:45 - Connected to database: capbridge
[INFO]: 2025-06-19 17:40:45 - Connected to database: ppob
[INFO]: 2025-06-19 17:40:46 - Connected to database: payment_gateway_langitdigital_dev
[INFO]: 2025-06-19 17:40:50 - Connected to database: capbridge
[INFO]: 2025-06-19 17:40:50 - Connected to database: ppob
[INFO]: 2025-06-19 17:40:50 - Connected to database: payment_gateway_langitdigital_dev
[INFO]: 2025-06-19 17:40:52 - Connected to database: capbridge
[INFO]: 2025-06-19 17:40:52 - Connected to database: ppob
[INFO]: 2025-06-19 17:40:53 - Connected to database: payment_gateway_langitdigital_dev
[INFO]: 2025-06-19 17:40:54 - Connected to database: capbridge
[INFO]: 2025-06-19 17:40:54 - Connected to database: ppob
[INFO]: 2025-06-19 17:40:55 - Connected to database: payment_gateway_langitdigital_dev
[INFO]: 2025-06-19 17:40:59 - Connected to database: capbridge
[INFO]: 2025-06-19 17:40:59 - Connected to database: ppob
[INFO]: 2025-06-19 17:41:00 - Connected to database: payment_gateway_langitdigital_dev
[INFO]: 2025-06-19 17:41:00 - Connected to database: capbridge
[INFO]: 2025-06-19 17:41:00 - Connected to database: ppob
[INFO]: 2025-06-19 17:41:00 - Connected to database: payment_gateway_langitdigital_dev
[INFO]: 2025-06-19 17:41:04 - Connected to database: capbridge
[INFO]: 2025-06-19 17:41:04 - Connected to database: ppob
[INFO]: 2025-06-19 17:41:04 - Connected to database: payment_gateway_langitdigital_dev
[INFO]: 2025-06-19 17:41:08 - Connected to database: capbridge
[INFO]: 2025-06-19 17:41:08 - Connected to database: ppob
[INFO]: 2025-06-19 17:41:08 - Connected to database: payment_gateway_langitdigital_dev
[INFO]: 2025-06-19 17:41:10 - Connected to database: capbridge
[INFO]: 2025-06-19 17:41:10 - Connected to database: ppob
[INFO]: 2025-06-19 17:41:10 - Connected to database: payment_gateway_langitdigital_dev
[INFO]: 2025-06-19 17:41:13 - Connected to database: capbridge
[INFO]: 2025-06-19 17:41:13 - Connected to database: ppob
[INFO]: 2025-06-19 17:41:13 - Connected to database: payment_gateway_langitdigital_dev
[INFO]: 2025-06-19 17:41:16 - Connected to database: capbridge
[INFO]: 2025-06-19 17:41:16 - Connected to database: ppob
[INFO]: 2025-06-19 17:41:16 - Connected to database: payment_gateway_langitdigital_dev
[INFO]: 2025-06-19 17:42:00 - Connected to database: capbridge
[INFO]: 2025-06-19 17:42:01 - Connected to database: ppob
[INFO]: 2025-06-19 17:42:01 - Connected to database: payment_gateway_langitdigital_dev
[INFO]: 2025-06-19 17:42:03 - Connected to database: capbridge
[INFO]: 2025-06-19 17:42:03 - Connected to database: ppob
[INFO]: 2025-06-19 17:42:03 - Connected to database: payment_gateway_langitdigital_dev
[INFO]: 2025-06-19 17:42:12 - Connected to database: capbridge
[INFO]: 2025-06-19 17:42:12 - Connected to database: ppob
[INFO]: 2025-06-19 17:42:12 - Connected to database: payment_gateway_langitdigital_dev
[INFO]: 2025-06-19 17:42:16 - Connected to database: capbridge
[INFO]: 2025-06-19 17:42:16 - Connected to database: ppob
[INFO]: 2025-06-19 17:42:16 - Connected to database: payment_gateway_langitdigital_dev
[INFO]: 2025-06-19 17:42:36 - Connected to database: capbridge
[INFO]: 2025-06-19 17:42:36 - Connected to database: capbridge
[INFO]: 2025-06-19 17:42:36 - Connected to database: ppob
[INFO]: 2025-06-19 17:42:37 - Connected to database: payment_gateway_langitdigital_dev
[INFO]: 2025-06-19 17:43:06 - Connected to database: capbridge
[INFO]: 2025-06-19 17:43:06 - Connected to database: ppob
[INFO]: 2025-06-19 17:43:06 - Connected to database: payment_gateway_langitdigital_dev
[INFO]: 2025-06-19 17:43:07 - Connected to database: capbridge
[INFO]: 2025-06-19 17:43:07 - Connected to database: ppob
[INFO]: 2025-06-19 17:43:07 - Connected to database: payment_gateway_langitdigital_dev
[INFO]: 2025-06-19 17:43:09 - Connected to database: capbridge
[INFO]: 2025-06-19 17:43:09 - Connected to database: ppob
[INFO]: 2025-06-19 17:43:09 - Connected to database: payment_gateway_langitdigital_dev
[INFO]: 2025-06-19 17:43:14 - Connected to database: capbridge
[INFO]: 2025-06-19 17:43:14 - Connected to database: ppob
[INFO]: 2025-06-19 17:43:14 - Connected to database: payment_gateway_langitdigital_dev
[INFO]: 2025-06-19 17:43:14 - Connected to database: capbridge
[INFO]: 2025-06-19 17:43:15 - Connected to database: ppob
[INFO]: 2025-06-19 17:43:15 - Connected to database: payment_gateway_langitdigital_dev
[INFO]: 2025-06-19 17:43:54 - Connected to database: capbridge
[INFO]: 2025-06-19 17:43:55 - Connected to database: ppob
[INFO]: 2025-06-19 17:43:55 - Connected to database: payment_gateway_langitdigital_dev
[INFO]: 2025-06-19 17:44:10 - Connected to database: capbridge
[INFO]: 2025-06-19 17:44:10 - Connected to database: ppob
[INFO]: 2025-06-19 17:44:10 - Connected to database: payment_gateway_langitdigital_dev
[INFO]: 2025-06-19 17:48:28 - Connected to database: capbridge
[INFO]: 2025-06-19 17:48:28 - Connected to database: ppob
[INFO]: 2025-06-19 17:48:28 - Connected to database: payment_gateway_langitdigital_dev
[INFO]: 2025-06-19 17:50:38 - Connected to database: capbridge
[INFO]: 2025-06-19 17:50:38 - Connected to database: ppob
[INFO]: 2025-06-19 17:50:38 - Connected to database: payment_gateway_langitdigital_dev
[INFO]: 2025-06-19 17:51:00 - Connected to database: capbridge
[INFO]: 2025-06-19 17:51:02 - Connected to database: capbridge
[INFO]: 2025-06-19 17:51:06 - Connected to database: capbridge
[INFO]: 2025-06-19 17:51:10 - Connected to database: capbridge
[INFO]: 2025-06-19 17:51:15 - Connected to database: capbridge
[INFO]: 2025-06-19 17:51:23 - Connected to database: capbridge
[INFO]: 2025-06-19 17:51:24 - Connected to database: capbridge
[INFO]: 2025-06-19 17:51:27 - Connected to database: capbridge
[INFO]: 2025-06-19 17:51:45 - Connected to database: capbridge
[INFO]: 2025-06-19 17:51:46 - Connected to database: capbridge
[INFO]: 2025-06-19 17:52:40 - Connected to database: capbridge
[INFO]: 2025-06-19 17:52:45 - Connected to database: capbridge
[INFO]: 2025-06-19 17:52:46 - Connected to database: capbridge
[INFO]: 2025-06-19 17:52:49 - Connected to database: capbridge
[INFO]: 2025-06-19 17:52:51 - Connected to database: capbridge
[INFO]: 2025-06-19 17:52:57 - Connected to database: capbridge
[INFO]: 2025-06-19 17:53:24 - Connected to database: capbridge
[INFO]: 2025-06-19 17:53:37 - Connected to database: capbridge
[INFO]: 2025-06-19 17:53:38 - Connected to database: capbridge
[INFO]: 2025-06-19 17:54:27 - Connected to database: capbridge
[INFO]: 2025-06-19 17:54:33 - Connected to database: capbridge
[INFO]: 2025-06-19 17:54:34 - Connected to database: capbridge
[INFO]: 2025-06-19 17:54:38 - Connected to database: capbridge
[INFO]: 2025-06-19 17:54:52 - Connected to database: capbridge
[INFO]: 2025-06-19 17:55:00 - Connected to database: capbridge
[ERROR]: 2025-06-19 17:55:06 - In Server: Missing auth token
[ERROR]: 2025-06-19 17:55:11 - In Server: Token is invalid
[INFO]: 2025-06-19 17:56:19 - Connected to database: capbridge
[ERROR]: 2025-06-19 17:56:55 - In Server: Missing auth token
[ERROR]: 2025-06-19 17:57:01 - In Server: Token is invalid
[INFO]: 2025-06-19 17:59:30 - Connected to database: capbridge
