[INFO]: 2025-07-03 15:53:46 - Connected to database: capbridge
[ERROR]: 2025-07-03 15:55:36 - In Server: Error 1054 (42S22): Unknown column 'commisioner_name' in 'field list'
[INFO]: 2025-07-03 15:56:17 - Connected to database: capbridge
[INFO]: 2025-07-03 15:56:18 - Connected to database: capbridge
[INFO]: 2025-07-03 15:56:21 - Connected to database: capbridge
[INFO]: 2025-07-03 15:56:22 - Connected to database: capbridge
[ERROR]: 2025-07-03 15:56:52 - In Server: sql: expected 20 arguments, got 21
[INFO]: 2025-07-03 15:57:09 - Connected to database: capbridge
[ERROR]: 2025-07-03 15:57:17 - In Server: Error 1136 (21S01): Column count doesn't match value count at row 1
[INFO]: 2025-07-03 15:57:24 - Connected to database: capbridge
[ERROR]: 2025-07-03 15:57:37 - In Server: sql: expected 20 arguments, got 21
[INFO]: 2025-07-03 15:58:41 - Connected to database: capbridge
[INFO]: 2025-07-03 15:58:46 - Connected to database: capbridge
[ERROR]: 2025-07-03 15:58:47 - In Server: USER_ALREADY_EXIST
[INFO]: 2025-07-03 15:58:58 - Login success
[INFO]: 2025-07-03 16:11:39 - Connected to database: capbridge
[INFO]: 2025-07-03 16:11:50 - Connected to database: capbridge
[INFO]: 2025-07-03 16:12:03 - Connected to database: capbridge
[INFO]: 2025-07-03 16:12:20 - Connected to database: capbridge
[INFO]: 2025-07-03 16:12:21 - Connected to database: capbridge
[INFO]: 2025-07-03 16:16:15 - Connected to database: capbridge
[INFO]: 2025-07-03 16:16:24 - Connected to database: capbridge
[INFO]: 2025-07-03 16:16:26 - Connected to database: capbridge
[INFO]: 2025-07-03 16:16:37 - Connected to database: capbridge
[INFO]: 2025-07-03 16:16:39 - Connected to database: capbridge
[INFO]: 2025-07-03 16:16:49 - Connected to database: capbridge
[INFO]: 2025-07-03 16:16:58 - Connected to database: capbridge
[INFO]: 2025-07-03 16:17:04 - Connected to database: capbridge
[INFO]: 2025-07-03 16:17:23 - Connected to database: capbridge
[INFO]: 2025-07-03 16:17:33 - Connected to database: capbridge
[INFO]: 2025-07-03 16:17:47 - Connected to database: capbridge
[INFO]: 2025-07-03 16:17:50 - Connected to database: capbridge
[INFO]: 2025-07-03 16:17:54 - Connected to database: capbridge
[INFO]: 2025-07-03 16:18:01 - Connected to database: capbridge
[INFO]: 2025-07-03 16:18:14 - Connected to database: capbridge
[INFO]: 2025-07-03 16:18:18 - Connected to database: capbridge
[INFO]: 2025-07-03 16:18:38 - Connected to database: capbridge
[INFO]: 2025-07-03 16:18:40 - Connected to database: capbridge
[INFO]: 2025-07-03 16:18:52 - Connected to database: capbridge
[INFO]: 2025-07-03 16:19:30 - Connected to database: capbridge
[INFO]: 2025-07-03 16:19:45 - Connected to database: capbridge
[INFO]: 2025-07-03 16:20:02 - Connected to database: capbridge
[INFO]: 2025-07-03 16:20:03 - Connected to database: capbridge
[INFO]: 2025-07-03 16:20:06 - Connected to database: capbridge
[INFO]: 2025-07-03 16:20:28 - Connected to database: capbridge
[INFO]: 2025-07-03 16:20:39 - Connected to database: capbridge
[INFO]: 2025-07-03 16:20:42 - Connected to database: capbridge
[INFO]: 2025-07-03 16:20:54 - Connected to database: capbridge
[INFO]: 2025-07-03 16:20:59 - Connected to database: capbridge
[INFO]: 2025-07-03 16:21:08 - Connected to database: capbridge
[INFO]: 2025-07-03 16:21:13 - Connected to database: capbridge
[INFO]: 2025-07-03 16:21:22 - Connected to database: capbridge
[INFO]: 2025-07-03 16:21:24 - Connected to database: capbridge
[INFO]: 2025-07-03 16:21:28 - Connected to database: capbridge
[INFO]: 2025-07-03 16:21:51 - Connected to database: capbridge
[INFO]: 2025-07-03 16:21:51 - Connected to database: capbridge
[INFO]: 2025-07-03 16:21:57 - Connected to database: capbridge
[INFO]: 2025-07-03 16:22:29 - Connected to database: capbridge
[INFO]: 2025-07-03 16:22:38 - Connected to database: capbridge
[INFO]: 2025-07-03 16:22:45 - Connected to database: capbridge
[INFO]: 2025-07-03 16:22:49 - Connected to database: capbridge
[INFO]: 2025-07-03 16:22:56 - Connected to database: capbridge
[INFO]: 2025-07-03 16:23:04 - Connected to database: capbridge
[INFO]: 2025-07-03 16:23:08 - Connected to database: capbridge
[INFO]: 2025-07-03 16:23:56 - Connected to database: capbridge
[INFO]: 2025-07-03 16:24:00 - Connected to database: capbridge
[INFO]: 2025-07-03 16:24:03 - Connected to database: capbridge
[INFO]: 2025-07-03 16:24:08 - Connected to database: capbridge
[INFO]: 2025-07-03 16:24:17 - Connected to database: capbridge
[INFO]: 2025-07-03 16:24:18 - Connected to database: capbridge
[INFO]: 2025-07-03 16:24:21 - Connected to database: capbridge
[INFO]: 2025-07-03 16:24:24 - Connected to database: capbridge
[INFO]: 2025-07-03 16:24:26 - Connected to database: capbridge
[INFO]: 2025-07-03 16:24:32 - Connected to database: capbridge
[INFO]: 2025-07-03 16:24:36 - Connected to database: capbridge
[INFO]: 2025-07-03 16:24:40 - Connected to database: capbridge
[INFO]: 2025-07-03 16:24:44 - Connected to database: capbridge
[INFO]: 2025-07-03 16:24:52 - Connected to database: capbridge
[INFO]: 2025-07-03 16:24:54 - Connected to database: capbridge
[INFO]: 2025-07-03 16:24:59 - Connected to database: capbridge
[INFO]: 2025-07-03 16:25:02 - Connected to database: capbridge
[INFO]: 2025-07-03 16:25:03 - Connected to database: capbridge
[INFO]: 2025-07-03 16:25:06 - Connected to database: capbridge
[INFO]: 2025-07-03 16:25:13 - Connected to database: capbridge
[INFO]: 2025-07-03 16:25:15 - Connected to database: capbridge
[INFO]: 2025-07-03 16:25:17 - Connected to database: capbridge
[INFO]: 2025-07-03 16:25:20 - Connected to database: capbridge
[INFO]: 2025-07-03 16:25:24 - Connected to database: capbridge
[INFO]: 2025-07-03 16:25:26 - Connected to database: capbridge
[INFO]: 2025-07-03 16:25:28 - Connected to database: capbridge
[INFO]: 2025-07-03 16:25:31 - Connected to database: capbridge
[INFO]: 2025-07-03 16:25:34 - Connected to database: capbridge
[INFO]: 2025-07-03 16:25:40 - Connected to database: capbridge
[INFO]: 2025-07-03 16:25:42 - Connected to database: capbridge
[INFO]: 2025-07-03 16:25:52 - Connected to database: capbridge
[INFO]: 2025-07-03 16:25:56 - Connected to database: capbridge
[INFO]: 2025-07-03 16:26:02 - Connected to database: capbridge
[INFO]: 2025-07-03 16:26:05 - Connected to database: capbridge
[INFO]: 2025-07-03 16:26:11 - Connected to database: capbridge
[INFO]: 2025-07-03 16:26:17 - Connected to database: capbridge
[INFO]: 2025-07-03 16:26:22 - Connected to database: capbridge
[INFO]: 2025-07-03 16:26:34 - Connected to database: capbridge
[INFO]: 2025-07-03 16:26:36 - Connected to database: capbridge
[INFO]: 2025-07-03 16:26:41 - Connected to database: capbridge
[INFO]: 2025-07-03 16:26:43 - Connected to database: capbridge
[INFO]: 2025-07-03 16:26:47 - Connected to database: capbridge
[INFO]: 2025-07-03 16:26:50 - Connected to database: capbridge
[INFO]: 2025-07-03 16:26:58 - Connected to database: capbridge
[INFO]: 2025-07-03 16:27:02 - Connected to database: capbridge
[INFO]: 2025-07-03 16:27:11 - Connected to database: capbridge
[INFO]: 2025-07-03 16:27:20 - Connected to database: capbridge
[INFO]: 2025-07-03 16:27:21 - Connected to database: capbridge
[INFO]: 2025-07-03 16:27:57 - Connected to database: capbridge
[INFO]: 2025-07-03 16:28:16 - Connected to database: capbridge
[INFO]: 2025-07-03 16:28:23 - Connected to database: capbridge
[INFO]: 2025-07-03 16:28:30 - Connected to database: capbridge
[INFO]: 2025-07-03 16:28:35 - Connected to database: capbridge
[INFO]: 2025-07-03 16:28:36 - Connected to database: capbridge
[INFO]: 2025-07-03 16:28:39 - Connected to database: capbridge
[INFO]: 2025-07-03 16:28:45 - Connected to database: capbridge
[ERROR]: 2025-07-03 16:30:24 - In Server: USER_ALREADY_EXIST
[ERROR]: 2025-07-03 16:31:00 - In Server: sql: expected 10 arguments, got 11
[INFO]: 2025-07-03 16:31:35 - Connected to database: capbridge
[INFO]: 2025-07-03 16:31:37 - Connected to database: capbridge
[INFO]: 2025-07-03 16:31:47 - Login success
[INFO]: 2025-07-03 16:32:28 - Connected to database: capbridge
[INFO]: 2025-07-03 16:33:10 - Connected to database: capbridge
[ERROR]: 2025-07-03 16:33:17 - In Server: USER_ALREADY_EXIST
[INFO]: 2025-07-03 16:33:40 - Login success
[INFO]: 2025-07-03 16:34:28 - Connected to database: capbridge
[ERROR]: 2025-07-03 16:36:06 - In Server: USER_ALREADY_EXIST
[INFO]: 2025-07-03 16:36:19 - Login success
[INFO]: 2025-07-03 16:38:05 - Login success
[INFO]: 2025-07-03 16:39:22 - Connected to database: capbridge
[INFO]: 2025-07-03 16:39:25 - Connected to database: capbridge
[INFO]: 2025-07-03 16:39:50 - Connected to database: capbridge
[INFO]: 2025-07-03 16:39:54 - Connected to database: capbridge
[INFO]: 2025-07-03 16:39:56 - Connected to database: capbridge
[INFO]: 2025-07-03 16:40:00 - Connected to database: capbridge
[INFO]: 2025-07-03 16:40:03 - Connected to database: capbridge
[INFO]: 2025-07-03 16:40:10 - Login success
[INFO]: 2025-07-03 16:40:42 - Connected to database: capbridge
[INFO]: 2025-07-03 16:40:45 - Connected to database: capbridge
[INFO]: 2025-07-03 16:40:50 - Connected to database: capbridge
[INFO]: 2025-07-03 16:40:53 - Connected to database: capbridge
[INFO]: 2025-07-03 16:41:02 - Connected to database: capbridge
[INFO]: 2025-07-03 16:41:07 - Connected to database: capbridge
[INFO]: 2025-07-03 16:41:14 - Connected to database: capbridge
[INFO]: 2025-07-03 16:41:16 - Connected to database: capbridge
[INFO]: 2025-07-03 16:41:26 - Connected to database: capbridge
[INFO]: 2025-07-03 16:41:32 - Connected to database: capbridge
[INFO]: 2025-07-03 16:41:35 - Connected to database: capbridge
[INFO]: 2025-07-03 16:41:42 - Connected to database: capbridge
[INFO]: 2025-07-03 16:41:45 - Connected to database: capbridge
[INFO]: 2025-07-03 16:41:57 - Connected to database: capbridge
[INFO]: 2025-07-03 16:42:00 - Connected to database: capbridge
[INFO]: 2025-07-03 16:42:02 - Connected to database: capbridge
[INFO]: 2025-07-03 16:42:13 - Connected to database: capbridge
[INFO]: 2025-07-03 16:42:15 - Connected to database: capbridge
[INFO]: 2025-07-03 16:42:16 - Connected to database: capbridge
[INFO]: 2025-07-03 16:42:20 - Connected to database: capbridge
[INFO]: 2025-07-03 16:42:27 - Connected to database: capbridge
[INFO]: 2025-07-03 16:42:31 - Connected to database: capbridge
[INFO]: 2025-07-03 16:42:33 - Connected to database: capbridge
[INFO]: 2025-07-03 16:42:35 - Connected to database: capbridge
[INFO]: 2025-07-03 16:42:50 - Connected to database: capbridge
[INFO]: 2025-07-03 16:42:52 - Connected to database: capbridge
[INFO]: 2025-07-03 16:42:55 - Connected to database: capbridge
[INFO]: 2025-07-03 16:43:08 - Connected to database: capbridge
[INFO]: 2025-07-03 16:43:19 - Connected to database: capbridge
[INFO]: 2025-07-03 16:44:12 - Connected to database: capbridge
[INFO]: 2025-07-03 16:44:29 - Connected to database: capbridge
[INFO]: 2025-07-03 16:44:43 - Connected to database: capbridge
[INFO]: 2025-07-03 16:44:48 - Connected to database: capbridge
[INFO]: 2025-07-03 16:44:50 - Connected to database: capbridge
[INFO]: 2025-07-03 16:45:02 - Connected to database: capbridge
[ERROR]: 2025-07-03 16:51:57 - In Server: USER_ALREADY_EXIST
[ERROR]: 2025-07-03 16:52:09 - In Server: sql: expected 5 arguments, got 3
[INFO]: 2025-07-03 16:52:28 - Connected to database: capbridge
[INFO]: 2025-07-03 16:52:51 - Connected to database: capbridge
[INFO]: 2025-07-03 16:52:52 - Connected to database: capbridge
[INFO]: 2025-07-03 16:53:10 - Connected to database: capbridge
[INFO]: 2025-07-03 16:53:11 - Connected to database: capbridge
[INFO]: 2025-07-03 16:53:14 - Connected to database: capbridge
[INFO]: 2025-07-03 16:53:20 - Connected to database: capbridge
[INFO]: 2025-07-03 16:53:25 - Connected to database: capbridge
[INFO]: 2025-07-03 16:53:31 - Connected to database: capbridge
[INFO]: 2025-07-03 16:53:33 - Connected to database: capbridge
[INFO]: 2025-07-03 16:53:33 - Connected to database: capbridge
[INFO]: 2025-07-03 16:54:06 - Login success
[INFO]: 2025-07-03 16:54:34 - Connected to database: capbridge
[INFO]: 2025-07-03 17:08:48 - Connected to database: capbridge
[INFO]: 2025-07-03 17:22:40 - Connected to database: capbridge
[INFO]: 2025-07-03 17:22:48 - Connected to database: capbridge
[INFO]: 2025-07-03 17:22:50 - Connected to database: capbridge
[INFO]: 2025-07-03 17:23:18 - Connected to database: capbridge
[INFO]: 2025-07-03 17:23:20 - Connected to database: capbridge
[INFO]: 2025-07-03 17:23:21 - Connected to database: capbridge
[INFO]: 2025-07-03 17:26:43 - Login success
[INFO]: 2025-07-03 17:26:45 - Login success
[INFO]: 2025-07-03 17:29:43 - Project List success
[INFO]: 2025-07-03 17:34:41 - Connected to database: capbridge
[INFO]: 2025-07-03 17:34:44 - Connected to database: capbridge
[INFO]: 2025-07-03 17:34:49 - Connected to database: capbridge
[INFO]: 2025-07-03 17:53:47 - Connected to database: capbridge
[INFO]: 2025-07-03 17:53:52 - Connected to database: capbridge
[INFO]: 2025-07-03 17:53:55 - Connected to database: capbridge
[INFO]: 2025-07-03 17:54:01 - Connected to database: capbridge
[INFO]: 2025-07-03 17:54:07 - Connected to database: capbridge
[INFO]: 2025-07-03 17:54:20 - Connected to database: capbridge
[INFO]: 2025-07-03 17:54:24 - Connected to database: capbridge
[INFO]: 2025-07-03 17:54:32 - Connected to database: capbridge
[INFO]: 2025-07-03 17:54:36 - Connected to database: capbridge
[INFO]: 2025-07-03 17:54:39 - Connected to database: capbridge
[INFO]: 2025-07-03 17:54:42 - Connected to database: capbridge
[INFO]: 2025-07-03 17:54:54 - Connected to database: capbridge
[INFO]: 2025-07-03 17:54:59 - Connected to database: capbridge
[INFO]: 2025-07-03 17:55:55 - Connected to database: capbridge
[INFO]: 2025-07-03 17:56:31 - Connected to database: capbridge
[INFO]: 2025-07-03 17:56:46 - Connected to database: capbridge
[INFO]: 2025-07-03 17:56:58 - Connected to database: capbridge
[INFO]: 2025-07-03 17:56:59 - Connected to database: capbridge
[INFO]: 2025-07-03 17:57:07 - Connected to database: capbridge
[INFO]: 2025-07-03 17:57:11 - Connected to database: capbridge
[INFO]: 2025-07-03 17:57:20 - Connected to database: capbridge
[INFO]: 2025-07-03 17:57:26 - Connected to database: capbridge
[INFO]: 2025-07-03 17:57:33 - Connected to database: capbridge
[INFO]: 2025-07-03 17:57:34 - Connected to database: capbridge
[INFO]: 2025-07-03 17:57:55 - Connected to database: capbridge
[INFO]: 2025-07-03 17:58:08 - Connected to database: capbridge
[INFO]: 2025-07-03 17:58:27 - Connected to database: capbridge
[INFO]: 2025-07-03 17:58:42 - Connected to database: capbridge
[INFO]: 2025-07-03 17:58:51 - Connected to database: capbridge
[INFO]: 2025-07-03 17:59:00 - Connected to database: capbridge
[INFO]: 2025-07-03 17:59:21 - Connected to database: capbridge
[INFO]: 2025-07-03 18:12:52 - Connected to database: capbridge
[INFO]: 2025-07-03 18:12:58 - Connected to database: capbridge
[INFO]: 2025-07-03 18:13:04 - Connected to database: capbridge
[INFO]: 2025-07-03 18:13:05 - Connected to database: capbridge
[INFO]: 2025-07-03 18:13:08 - Connected to database: capbridge
[INFO]: 2025-07-03 18:13:14 - Connected to database: capbridge
[INFO]: 2025-07-03 18:13:23 - Connected to database: capbridge
[INFO]: 2025-07-03 18:13:40 - Connected to database: capbridge
[INFO]: 2025-07-03 18:24:17 - Connected to database: capbridge
[INFO]: 2025-07-03 18:25:51 - Connected to database: capbridge
[INFO]: 2025-07-03 18:27:10 - Connected to database: capbridge
[INFO]: 2025-07-03 18:27:14 - Connected to database: capbridge
[INFO]: 2025-07-03 18:27:15 - Connected to database: capbridge
[INFO]: 2025-07-03 18:27:17 - Connected to database: capbridge
[INFO]: 2025-07-03 18:27:24 - Connected to database: capbridge
[INFO]: 2025-07-03 18:27:28 - Connected to database: capbridge
[INFO]: 2025-07-03 18:27:31 - Connected to database: capbridge
[INFO]: 2025-07-03 18:28:01 - Connected to database: capbridge
[INFO]: 2025-07-03 18:28:06 - Connected to database: capbridge
[INFO]: 2025-07-03 18:28:13 - Connected to database: capbridge
[INFO]: 2025-07-03 18:28:33 - Connected to database: capbridge
[INFO]: 2025-07-03 18:28:38 - Connected to database: capbridge
[INFO]: 2025-07-03 18:28:42 - Connected to database: capbridge
[INFO]: 2025-07-03 18:29:01 - Connected to database: capbridge
[INFO]: 2025-07-03 18:29:04 - Connected to database: capbridge
[INFO]: 2025-07-03 18:29:06 - Connected to database: capbridge
[INFO]: 2025-07-03 18:29:32 - Connected to database: capbridge
[INFO]: 2025-07-03 18:29:34 - Connected to database: capbridge
[INFO]: 2025-07-03 18:29:36 - Connected to database: capbridge
[INFO]: 2025-07-03 18:29:38 - Connected to database: capbridge
[INFO]: 2025-07-03 18:29:41 - Connected to database: capbridge
[INFO]: 2025-07-03 18:29:44 - Connected to database: capbridge
[INFO]: 2025-07-03 18:29:49 - Connected to database: capbridge
[INFO]: 2025-07-03 18:29:53 - Connected to database: capbridge
[INFO]: 2025-07-03 18:30:05 - Connected to database: capbridge
[INFO]: 2025-07-03 18:30:13 - Connected to database: capbridge
[INFO]: 2025-07-03 18:30:22 - Connected to database: capbridge
[INFO]: 2025-07-03 18:30:47 - Connected to database: capbridge
[INFO]: 2025-07-03 18:30:49 - Connected to database: capbridge
[INFO]: 2025-07-03 18:31:05 - Connected to database: capbridge
[INFO]: 2025-07-03 18:31:10 - Connected to database: capbridge
[INFO]: 2025-07-03 18:31:16 - Connected to database: capbridge
[INFO]: 2025-07-03 18:31:19 - Connected to database: capbridge
[INFO]: 2025-07-03 18:32:08 - Connected to database: capbridge
[INFO]: 2025-07-03 18:32:13 - Connected to database: capbridge
[INFO]: 2025-07-03 18:32:19 - Connected to database: capbridge
[INFO]: 2025-07-03 18:32:21 - Connected to database: capbridge
[INFO]: 2025-07-03 18:32:23 - Connected to database: capbridge
[INFO]: 2025-07-03 18:32:25 - Connected to database: capbridge
[INFO]: 2025-07-03 18:32:33 - Connected to database: capbridge
[INFO]: 2025-07-03 18:32:41 - Connected to database: capbridge
[INFO]: 2025-07-03 18:33:08 - Connected to database: capbridge
[INFO]: 2025-07-03 18:35:43 - Project List success
[INFO]: 2025-07-03 18:47:44 - Connected to database: capbridge
[INFO]: 2025-07-03 18:48:15 - Connected to database: capbridge
[INFO]: 2025-07-03 18:51:16 - Connected to database: capbridge
[INFO]: 2025-07-03 18:51:46 - Connected to database: capbridge
[INFO]: 2025-07-03 18:51:51 - Connected to database: capbridge
[INFO]: 2025-07-03 18:52:03 - Connected to database: capbridge
[INFO]: 2025-07-03 18:52:04 - Connected to database: capbridge
[INFO]: 2025-07-03 18:52:07 - Connected to database: capbridge
[INFO]: 2025-07-03 18:52:16 - Connected to database: capbridge
[INFO]: 2025-07-03 18:52:26 - Connected to database: capbridge
[INFO]: 2025-07-03 18:52:33 - Connected to database: capbridge
[INFO]: 2025-07-03 18:52:36 - Connected to database: capbridge
[INFO]: 2025-07-03 18:52:41 - Connected to database: capbridge
[INFO]: 2025-07-03 18:53:02 - Connected to database: capbridge
[INFO]: 2025-07-03 18:53:04 - Connected to database: capbridge
[INFO]: 2025-07-03 18:53:08 - Connected to database: capbridge
[INFO]: 2025-07-03 18:53:12 - Connected to database: capbridge
[INFO]: 2025-07-03 18:53:14 - Connected to database: capbridge
[INFO]: 2025-07-03 18:53:19 - Connected to database: capbridge
[INFO]: 2025-07-03 18:53:24 - Connected to database: capbridge
[INFO]: 2025-07-03 18:53:32 - Connected to database: capbridge
[INFO]: 2025-07-03 18:53:38 - Connected to database: capbridge
[INFO]: 2025-07-03 18:53:44 - Connected to database: capbridge
[INFO]: 2025-07-03 18:53:47 - Connected to database: capbridge
[INFO]: 2025-07-03 18:53:51 - Connected to database: capbridge
[INFO]: 2025-07-03 18:53:53 - Connected to database: capbridge
[INFO]: 2025-07-03 18:53:55 - Connected to database: capbridge
[INFO]: 2025-07-03 18:53:58 - Connected to database: capbridge
[INFO]: 2025-07-03 18:54:01 - Connected to database: capbridge
[INFO]: 2025-07-03 18:54:07 - Connected to database: capbridge
[INFO]: 2025-07-03 18:54:15 - Connected to database: capbridge
[INFO]: 2025-07-03 18:54:16 - Connected to database: capbridge
[INFO]: 2025-07-03 18:54:22 - Connected to database: capbridge
[INFO]: 2025-07-03 18:55:00 - Connected to database: capbridge
[INFO]: 2025-07-03 18:55:02 - Connected to database: capbridge
[INFO]: 2025-07-03 18:55:04 - Connected to database: capbridge
[INFO]: 2025-07-03 18:55:24 - Connected to database: capbridge
[INFO]: 2025-07-03 18:57:26 - Connected to database: capbridge
[INFO]: 2025-07-03 18:58:09 - Connected to database: capbridge
[INFO]: 2025-07-03 18:58:19 - Connected to database: capbridge
[INFO]: 2025-07-03 18:58:22 - Connected to database: capbridge
[INFO]: 2025-07-03 18:58:29 - Connected to database: capbridge
[INFO]: 2025-07-03 18:58:30 - Connected to database: capbridge
[INFO]: 2025-07-03 18:58:35 - Connected to database: capbridge
[INFO]: 2025-07-03 20:08:03 - Connected to database: capbridge
[INFO]: 2025-07-03 20:08:11 - Connected to database: capbridge
[INFO]: 2025-07-03 20:08:16 - Connected to database: capbridge
[INFO]: 2025-07-03 20:10:02 - Connected to database: capbridge
[INFO]: 2025-07-03 20:10:04 - Connected to database: capbridge
[INFO]: 2025-07-03 20:10:06 - Connected to database: capbridge
[INFO]: 2025-07-03 20:10:15 - Connected to database: capbridge
[INFO]: 2025-07-03 20:10:58 - Connected to database: capbridge
[INFO]: 2025-07-03 20:11:12 - Connected to database: capbridge
[INFO]: 2025-07-03 20:11:23 - Connected to database: capbridge
[INFO]: 2025-07-03 20:11:31 - Connected to database: capbridge
[INFO]: 2025-07-03 20:11:33 - Connected to database: capbridge
[INFO]: 2025-07-03 20:11:50 - Connected to database: capbridge
[INFO]: 2025-07-03 20:11:59 - Connected to database: capbridge
[INFO]: 2025-07-03 20:12:04 - Connected to database: capbridge
[INFO]: 2025-07-03 20:12:10 - Connected to database: capbridge
[INFO]: 2025-07-03 20:12:30 - Connected to database: capbridge
[INFO]: 2025-07-03 20:12:31 - Connected to database: capbridge
[INFO]: 2025-07-03 20:12:37 - Connected to database: capbridge
[INFO]: 2025-07-03 20:12:52 - Connected to database: capbridge
[INFO]: 2025-07-03 20:13:01 - Connected to database: capbridge
[INFO]: 2025-07-03 20:14:29 - Connected to database: capbridge
[INFO]: 2025-07-03 20:14:34 - Connected to database: capbridge
[INFO]: 2025-07-03 20:14:43 - Connected to database: capbridge
[INFO]: 2025-07-03 20:14:50 - Connected to database: capbridge
[INFO]: 2025-07-03 20:15:06 - Connected to database: capbridge
[INFO]: 2025-07-03 20:15:08 - Connected to database: capbridge
[INFO]: 2025-07-03 20:15:10 - Connected to database: capbridge
[INFO]: 2025-07-03 20:15:14 - Connected to database: capbridge
[INFO]: 2025-07-03 20:15:23 - Connected to database: capbridge
[INFO]: 2025-07-03 20:15:35 - Connected to database: capbridge
[INFO]: 2025-07-03 20:15:43 - Connected to database: capbridge
[INFO]: 2025-07-03 20:15:52 - Connected to database: capbridge
[INFO]: 2025-07-03 20:15:58 - Connected to database: capbridge
[INFO]: 2025-07-03 20:16:00 - Connected to database: capbridge
[INFO]: 2025-07-03 20:16:15 - Connected to database: capbridge
[INFO]: 2025-07-03 20:16:22 - Connected to database: capbridge
[INFO]: 2025-07-03 20:16:24 - Connected to database: capbridge
[INFO]: 2025-07-03 20:16:29 - Connected to database: capbridge
[INFO]: 2025-07-03 20:16:31 - Connected to database: capbridge
[INFO]: 2025-07-03 20:16:33 - Connected to database: capbridge
[INFO]: 2025-07-03 20:16:35 - Connected to database: capbridge
[INFO]: 2025-07-03 20:16:37 - Connected to database: capbridge
[INFO]: 2025-07-03 20:16:42 - Connected to database: capbridge
[INFO]: 2025-07-03 20:16:46 - Connected to database: capbridge
[INFO]: 2025-07-03 20:16:52 - Connected to database: capbridge
[INFO]: 2025-07-03 20:16:54 - Connected to database: capbridge
[INFO]: 2025-07-03 20:17:01 - Connected to database: capbridge
[INFO]: 2025-07-03 20:17:03 - Connected to database: capbridge
[INFO]: 2025-07-03 20:17:06 - Connected to database: capbridge
[INFO]: 2025-07-03 20:17:08 - Connected to database: capbridge
[INFO]: 2025-07-03 20:17:17 - Connected to database: capbridge
[INFO]: 2025-07-03 20:17:19 - Connected to database: capbridge
[INFO]: 2025-07-03 20:17:21 - Connected to database: capbridge
[INFO]: 2025-07-03 20:18:05 - Connected to database: capbridge
[INFO]: 2025-07-03 20:18:09 - Connected to database: capbridge
[INFO]: 2025-07-03 20:18:09 - Connected to database: capbridge
[INFO]: 2025-07-03 20:18:12 - Connected to database: capbridge
[INFO]: 2025-07-03 20:18:21 - Connected to database: capbridge
[INFO]: 2025-07-03 20:19:24 - Connected to database: capbridge
[INFO]: 2025-07-03 20:19:28 - Connected to database: capbridge
[INFO]: 2025-07-03 20:20:26 - Connected to database: capbridge
[INFO]: 2025-07-03 20:20:28 - Connected to database: capbridge
[INFO]: 2025-07-03 20:20:33 - Connected to database: capbridge
[INFO]: 2025-07-03 20:20:37 - Connected to database: capbridge
[INFO]: 2025-07-03 20:20:41 - Connected to database: capbridge
[INFO]: 2025-07-03 20:21:42 - Connected to database: capbridge
[INFO]: 2025-07-03 20:22:01 - Connected to database: capbridge
[INFO]: 2025-07-03 20:22:03 - Connected to database: capbridge
[INFO]: 2025-07-03 20:22:07 - Connected to database: capbridge
[INFO]: 2025-07-03 20:22:10 - Connected to database: capbridge
[INFO]: 2025-07-03 20:22:15 - Connected to database: capbridge
[INFO]: 2025-07-03 20:22:19 - Connected to database: capbridge
[INFO]: 2025-07-03 20:22:23 - Connected to database: capbridge
[INFO]: 2025-07-03 20:22:43 - Connected to database: capbridge
[INFO]: 2025-07-03 20:22:46 - Connected to database: capbridge
[INFO]: 2025-07-03 20:23:08 - Connected to database: capbridge
[INFO]: 2025-07-03 20:23:10 - Connected to database: capbridge
[INFO]: 2025-07-03 20:23:10 - Connected to database: capbridge
[INFO]: 2025-07-03 20:23:13 - Connected to database: capbridge
[INFO]: 2025-07-03 20:23:17 - Connected to database: capbridge
[INFO]: 2025-07-03 20:23:19 - Connected to database: capbridge
[INFO]: 2025-07-03 20:23:20 - Connected to database: capbridge
[INFO]: 2025-07-03 20:23:24 - Connected to database: capbridge
[ERROR]: 2025-07-03 20:25:30 - In Server: USER_ALREADY_EXIST
[ERROR]: 2025-07-03 20:25:44 - In Server: Error 1136 (21S01): Column count doesn't match value count at row 1
[INFO]: 2025-07-03 20:26:26 - Connected to database: capbridge
[ERROR]: 2025-07-03 20:26:32 - In Server: Error 1136 (21S01): Column count doesn't match value count at row 1
[INFO]: 2025-07-03 20:27:19 - Connected to database: capbridge
[INFO]: 2025-07-03 20:27:20 - Connected to database: capbridge
[INFO]: 2025-07-03 20:27:33 - Login success
[INFO]: 2025-07-03 20:27:48 - Project List success
[INFO]: 2025-07-03 20:28:59 - Connected to database: capbridge
[INFO]: 2025-07-03 20:29:01 - Connected to database: capbridge
[INFO]: 2025-07-03 20:29:05 - Connected to database: capbridge
[INFO]: 2025-07-03 20:29:09 - Connected to database: capbridge
[INFO]: 2025-07-03 20:29:13 - Connected to database: capbridge
[INFO]: 2025-07-03 20:29:17 - Connected to database: capbridge
[INFO]: 2025-07-03 20:29:22 - Connected to database: capbridge
[INFO]: 2025-07-03 20:29:23 - Connected to database: capbridge
[INFO]: 2025-07-03 20:29:27 - Connected to database: capbridge
[INFO]: 2025-07-03 20:29:30 - Connected to database: capbridge
[INFO]: 2025-07-03 20:29:31 - Connected to database: capbridge
[INFO]: 2025-07-03 20:29:33 - Connected to database: capbridge
[INFO]: 2025-07-03 20:29:39 - Connected to database: capbridge
[INFO]: 2025-07-03 20:29:46 - Connected to database: capbridge
[INFO]: 2025-07-03 20:29:50 - Connected to database: capbridge
[INFO]: 2025-07-03 20:29:56 - Connected to database: capbridge
[INFO]: 2025-07-03 20:29:59 - Connected to database: capbridge
[INFO]: 2025-07-03 20:30:03 - Connected to database: capbridge
[INFO]: 2025-07-03 20:30:21 - Connected to database: capbridge
[INFO]: 2025-07-03 20:30:25 - Connected to database: capbridge
[INFO]: 2025-07-03 20:30:38 - Connected to database: capbridge
[INFO]: 2025-07-03 20:30:44 - Connected to database: capbridge
[ERROR]: 2025-07-03 20:31:16 - In Server: Missing auth token
[ERROR]: 2025-07-03 20:31:21 - In Server: user_id is required
[INFO]: 2025-07-03 20:31:29 - Connected to database: capbridge
[INFO]: 2025-07-03 20:31:39 - Connected to database: capbridge
[INFO]: 2025-07-03 20:31:40 - Update Admin Verify User success
[INFO]: 2025-07-03 20:31:43 - Project List success
[INFO]: 2025-07-03 20:32:01 - Connected to database: capbridge
[INFO]: 2025-07-03 20:32:10 - Connected to database: capbridge
[INFO]: 2025-07-03 20:32:23 - Connected to database: capbridge
[INFO]: 2025-07-03 20:32:24 - Connected to database: capbridge
[INFO]: 2025-07-03 20:32:28 - Connected to database: capbridge
[INFO]: 2025-07-03 20:33:07 - Connected to database: capbridge
[INFO]: 2025-07-03 20:33:09 - Connected to database: capbridge
[INFO]: 2025-07-03 20:33:11 - Connected to database: capbridge
[INFO]: 2025-07-03 20:33:36 - Connected to database: capbridge
[INFO]: 2025-07-03 20:33:44 - Connected to database: capbridge
[INFO]: 2025-07-03 20:33:49 - Connected to database: capbridge
[INFO]: 2025-07-03 20:34:07 - Connected to database: capbridge
[INFO]: 2025-07-03 20:34:13 - Connected to database: capbridge
[INFO]: 2025-07-03 20:34:46 - Connected to database: capbridge
[INFO]: 2025-07-03 20:34:49 - Connected to database: capbridge
[INFO]: 2025-07-03 20:34:53 - Connected to database: capbridge
[INFO]: 2025-07-03 20:34:56 - Connected to database: capbridge
[INFO]: 2025-07-03 20:35:05 - Connected to database: capbridge
[INFO]: 2025-07-03 20:36:05 - Connected to database: capbridge
[INFO]: 2025-07-03 20:36:08 - Project List success
[ERROR]: 2025-07-03 20:36:33 - In Server: Missing auth token
[INFO]: 2025-07-03 20:37:08 - Connected to database: capbridge
[INFO]: 2025-07-03 20:37:14 - Connected to database: capbridge
[INFO]: 2025-07-03 20:37:17 - Project Detail success
[INFO]: 2025-07-03 22:35:15 - Connected to database: capbridge
[INFO]: 2025-07-03 22:35:16 - Login success
[INFO]: 2025-07-03 22:35:53 - Login success
[INFO]: 2025-07-03 22:36:09 - Login success
[INFO]: 2025-07-03 22:38:02 - Connected to database: capbridge
[INFO]: 2025-07-03 22:38:03 - Connected to database: capbridge
[INFO]: 2025-07-03 22:38:06 - Connected to database: capbridge
[INFO]: 2025-07-03 22:38:10 - Connected to database: capbridge
[INFO]: 2025-07-03 22:38:14 - Connected to database: capbridge
[INFO]: 2025-07-03 22:38:15 - Connected to database: capbridge
[INFO]: 2025-07-03 22:38:18 - Connected to database: capbridge
[INFO]: 2025-07-03 22:38:22 - Connected to database: capbridge
[INFO]: 2025-07-03 22:38:25 - Get Profile success
[INFO]: 2025-07-03 22:38:46 - Connected to database: capbridge
[INFO]: 2025-07-03 22:38:49 - Connected to database: capbridge
[INFO]: 2025-07-03 22:38:55 - Connected to database: capbridge
[INFO]: 2025-07-03 22:38:58 - Get Profile success
[INFO]: 2025-07-03 22:38:58 - Get Profile success
[INFO]: 2025-07-03 22:39:15 - Connected to database: capbridge
[INFO]: 2025-07-03 22:39:20 - Connected to database: capbridge
[INFO]: 2025-07-03 22:39:22 - Connected to database: capbridge
[INFO]: 2025-07-03 22:39:34 - Connected to database: capbridge
[INFO]: 2025-07-03 22:39:36 - Connected to database: capbridge
[INFO]: 2025-07-03 22:39:38 - Connected to database: capbridge
[INFO]: 2025-07-03 22:39:38 - Get Profile success
[INFO]: 2025-07-03 22:39:55 - Connected to database: capbridge
[INFO]: 2025-07-03 22:40:07 - Get Profile success
[INFO]: 2025-07-03 22:45:31 - Get Profile success
[INFO]: 2025-07-03 22:45:44 - Connected to database: capbridge
[INFO]: 2025-07-03 22:45:48 - Connected to database: capbridge
[INFO]: 2025-07-03 22:45:56 - Connected to database: capbridge
[INFO]: 2025-07-03 22:46:01 - Connected to database: capbridge
[INFO]: 2025-07-03 22:46:18 - Connected to database: capbridge
[INFO]: 2025-07-03 22:47:47 - Connected to database: capbridge
[INFO]: 2025-07-03 22:47:57 - Connected to database: capbridge
[INFO]: 2025-07-03 22:48:06 - Connected to database: capbridge
[INFO]: 2025-07-03 22:48:08 - Connected to database: capbridge
[INFO]: 2025-07-03 22:48:11 - Connected to database: capbridge
[INFO]: 2025-07-03 22:48:19 - Connected to database: capbridge
[INFO]: 2025-07-03 22:48:24 - Connected to database: capbridge
[INFO]: 2025-07-03 22:48:26 - Connected to database: capbridge
[INFO]: 2025-07-03 22:48:29 - Connected to database: capbridge
[INFO]: 2025-07-03 22:48:42 - Connected to database: capbridge
[INFO]: 2025-07-03 22:48:44 - Connected to database: capbridge
[INFO]: 2025-07-03 22:48:47 - Connected to database: capbridge
[INFO]: 2025-07-03 22:48:52 - Connected to database: capbridge
[INFO]: 2025-07-03 22:48:56 - Connected to database: capbridge
[INFO]: 2025-07-03 22:48:59 - Connected to database: capbridge
[INFO]: 2025-07-03 22:49:03 - Connected to database: capbridge
[INFO]: 2025-07-03 22:49:05 - Connected to database: capbridge
[INFO]: 2025-07-03 22:49:09 - Connected to database: capbridge
[INFO]: 2025-07-03 22:49:11 - Connected to database: capbridge
[INFO]: 2025-07-03 22:49:13 - Connected to database: capbridge
[INFO]: 2025-07-03 22:49:23 - Connected to database: capbridge
[INFO]: 2025-07-03 22:49:52 - Connected to database: capbridge
[INFO]: 2025-07-03 22:50:27 - Connected to database: capbridge
[INFO]: 2025-07-03 22:50:29 - Connected to database: capbridge
[INFO]: 2025-07-03 22:50:34 - Connected to database: capbridge
[INFO]: 2025-07-03 22:50:40 - Connected to database: capbridge
[INFO]: 2025-07-03 22:50:45 - Connected to database: capbridge
[INFO]: 2025-07-03 22:50:55 - Connected to database: capbridge
[INFO]: 2025-07-03 22:50:58 - Connected to database: capbridge
[INFO]: 2025-07-03 22:50:58 - Connected to database: capbridge
[INFO]: 2025-07-03 22:51:06 - Connected to database: capbridge
[INFO]: 2025-07-03 22:51:08 - Connected to database: capbridge
[INFO]: 2025-07-03 22:51:17 - Connected to database: capbridge
[INFO]: 2025-07-03 22:51:23 - Connected to database: capbridge
[INFO]: 2025-07-03 22:51:38 - Connected to database: capbridge
[INFO]: 2025-07-03 22:51:43 - Connected to database: capbridge
[INFO]: 2025-07-03 22:51:46 - Connected to database: capbridge
[INFO]: 2025-07-03 22:51:50 - Connected to database: capbridge
[INFO]: 2025-07-03 22:52:18 - Connected to database: capbridge
[INFO]: 2025-07-03 22:52:20 - Connected to database: capbridge
[INFO]: 2025-07-03 22:52:21 - Connected to database: capbridge
[INFO]: 2025-07-03 22:52:23 - Connected to database: capbridge
[ERROR]: 2025-07-03 22:52:26 - In Server: invalid field found for struct superapps/entities.ProfileScan's field Emiten: define a valid foreign key for relations or implement the Valuer/Scanner interface
[ERROR]: 2025-07-03 22:52:27 - In Server: invalid field found for struct superapps/entities.ProfileScan's field Emiten: define a valid foreign key for relations or implement the Valuer/Scanner interface
[INFO]: 2025-07-03 22:53:09 - Connected to database: capbridge
[ERROR]: 2025-07-03 22:53:10 - In Server: invalid field found for struct superapps/entities.ProfileScan's field Emiten: define a valid foreign key for relations or implement the Valuer/Scanner interface
[ERROR]: 2025-07-03 22:53:11 - In Server: invalid field found for struct superapps/entities.ProfileScan's field Emiten: define a valid foreign key for relations or implement the Valuer/Scanner interface
[ERROR]: 2025-07-03 22:53:12 - In Server: invalid field found for struct superapps/entities.ProfileScan's field Emiten: define a valid foreign key for relations or implement the Valuer/Scanner interface
[INFO]: 2025-07-03 22:53:41 - Connected to database: capbridge
[INFO]: 2025-07-03 22:54:06 - Connected to database: capbridge
[INFO]: 2025-07-03 22:54:08 - Connected to database: capbridge
[INFO]: 2025-07-03 22:54:18 - Connected to database: capbridge
[INFO]: 2025-07-03 22:54:28 - Connected to database: capbridge
[INFO]: 2025-07-03 22:54:31 - Connected to database: capbridge
[INFO]: 2025-07-03 22:54:33 - Connected to database: capbridge
[INFO]: 2025-07-03 22:54:35 - Connected to database: capbridge
[INFO]: 2025-07-03 22:54:39 - Connected to database: capbridge
[INFO]: 2025-07-03 22:54:42 - Connected to database: capbridge
[INFO]: 2025-07-03 22:54:45 - Connected to database: capbridge
[INFO]: 2025-07-03 22:54:47 - Connected to database: capbridge
[INFO]: 2025-07-03 22:54:51 - Connected to database: capbridge
[INFO]: 2025-07-03 22:54:52 - Connected to database: capbridge
[INFO]: 2025-07-03 22:54:56 - Connected to database: capbridge
[INFO]: 2025-07-03 22:55:01 - Connected to database: capbridge
[ERROR]: 2025-07-03 22:55:05 - In Server: invalid field found for struct superapps/entities.ProfileScan's field Emiten: define a valid foreign key for relations or implement the Valuer/Scanner interface
[ERROR]: 2025-07-03 22:55:06 - In Server: invalid field found for struct superapps/entities.ProfileScan's field Emiten: define a valid foreign key for relations or implement the Valuer/Scanner interface
[INFO]: 2025-07-03 22:55:17 - Connected to database: capbridge
[INFO]: 2025-07-03 22:55:18 - Connected to database: capbridge
[INFO]: 2025-07-03 22:55:22 - Connected to database: capbridge
[INFO]: 2025-07-03 22:55:23 - Connected to database: capbridge
[INFO]: 2025-07-03 22:55:29 - Connected to database: capbridge
[INFO]: 2025-07-03 22:56:28 - Connected to database: capbridge
[INFO]: 2025-07-03 22:56:42 - Connected to database: capbridge
[INFO]: 2025-07-03 22:56:44 - Get Profile success
[INFO]: 2025-07-03 22:57:16 - Connected to database: capbridge
[INFO]: 2025-07-03 22:57:24 - Connected to database: capbridge
[INFO]: 2025-07-03 22:57:32 - Connected to database: capbridge
[INFO]: 2025-07-03 22:57:46 - Get Profile success
[INFO]: 2025-07-03 22:58:09 - Connected to database: capbridge
[INFO]: 2025-07-03 22:58:17 - Connected to database: capbridge
[INFO]: 2025-07-03 22:58:21 - Connected to database: capbridge
[INFO]: 2025-07-03 22:58:30 - Connected to database: capbridge
[INFO]: 2025-07-03 22:58:32 - Get Profile success
[INFO]: 2025-07-03 22:58:54 - Connected to database: capbridge
[INFO]: 2025-07-03 22:58:55 - Get Profile success
[INFO]: 2025-07-03 22:58:59 - Connected to database: capbridge
[INFO]: 2025-07-03 22:59:09 - Connected to database: capbridge
[INFO]: 2025-07-03 22:59:10 - Get Profile success
[INFO]: 2025-07-03 23:00:11 - Connected to database: capbridge
[INFO]: 2025-07-03 23:00:17 - Connected to database: capbridge
[INFO]: 2025-07-03 23:00:21 - Connected to database: capbridge
[INFO]: 2025-07-03 23:00:32 - Connected to database: capbridge
[INFO]: 2025-07-03 23:00:44 - Connected to database: capbridge
[INFO]: 2025-07-03 23:00:46 - Get Profile success
[INFO]: 2025-07-03 23:01:01 - Connected to database: capbridge
[INFO]: 2025-07-03 23:01:10 - Connected to database: capbridge
[INFO]: 2025-07-03 23:01:12 - Connected to database: capbridge
[INFO]: 2025-07-03 23:01:14 - Connected to database: capbridge
[INFO]: 2025-07-03 23:01:20 - Connected to database: capbridge
[INFO]: 2025-07-03 23:01:29 - Connected to database: capbridge
[INFO]: 2025-07-03 23:01:31 - Connected to database: capbridge
[INFO]: 2025-07-03 23:01:35 - Connected to database: capbridge
[INFO]: 2025-07-03 23:01:46 - Connected to database: capbridge
[INFO]: 2025-07-03 23:01:48 - Connected to database: capbridge
[INFO]: 2025-07-03 23:02:03 - Connected to database: capbridge
[INFO]: 2025-07-03 23:02:08 - Connected to database: capbridge
[INFO]: 2025-07-03 23:02:12 - Connected to database: capbridge
[INFO]: 2025-07-03 23:02:19 - Connected to database: capbridge
[INFO]: 2025-07-03 23:02:22 - Connected to database: capbridge
[INFO]: 2025-07-03 23:02:34 - Connected to database: capbridge
[INFO]: 2025-07-03 23:02:37 - Connected to database: capbridge
[INFO]: 2025-07-03 23:02:45 - Connected to database: capbridge
[INFO]: 2025-07-03 23:02:46 - Connected to database: capbridge
[INFO]: 2025-07-03 23:02:51 - Connected to database: capbridge
[INFO]: 2025-07-03 23:02:59 - Connected to database: capbridge
[INFO]: 2025-07-03 23:03:00 - Connected to database: capbridge
[INFO]: 2025-07-03 23:03:03 - Connected to database: capbridge
[INFO]: 2025-07-03 23:03:21 - Connected to database: capbridge
[INFO]: 2025-07-03 23:03:22 - Connected to database: capbridge
[INFO]: 2025-07-03 23:03:25 - Connected to database: capbridge
[INFO]: 2025-07-03 23:03:27 - Connected to database: capbridge
[INFO]: 2025-07-03 23:03:32 - Connected to database: capbridge
[INFO]: 2025-07-03 23:03:34 - Connected to database: capbridge
[INFO]: 2025-07-03 23:03:38 - Connected to database: capbridge
[INFO]: 2025-07-03 23:03:42 - Connected to database: capbridge
[INFO]: 2025-07-03 23:03:49 - Connected to database: capbridge
[INFO]: 2025-07-03 23:04:42 - Connected to database: capbridge
[INFO]: 2025-07-03 23:05:22 - Connected to database: capbridge
[INFO]: 2025-07-03 23:05:34 - Connected to database: capbridge
[INFO]: 2025-07-03 23:05:43 - Connected to database: capbridge
[INFO]: 2025-07-03 23:05:47 - Connected to database: capbridge
[INFO]: 2025-07-03 23:05:56 - Connected to database: capbridge
[INFO]: 2025-07-03 23:06:05 - Connected to database: capbridge
[INFO]: 2025-07-03 23:06:07 - Connected to database: capbridge
[INFO]: 2025-07-03 23:06:10 - Connected to database: capbridge
[INFO]: 2025-07-03 23:06:12 - Connected to database: capbridge
[INFO]: 2025-07-03 23:06:14 - Connected to database: capbridge
[INFO]: 2025-07-03 23:06:16 - Connected to database: capbridge
[INFO]: 2025-07-03 23:06:17 - Connected to database: capbridge
[INFO]: 2025-07-03 23:08:48 - Connected to database: capbridge
[INFO]: 2025-07-03 23:08:51 - Get Profile success
[INFO]: 2025-07-03 23:09:03 - Connected to database: capbridge
[INFO]: 2025-07-03 23:09:10 - Connected to database: capbridge
[INFO]: 2025-07-03 23:09:13 - Connected to database: capbridge
[INFO]: 2025-07-03 23:09:17 - Connected to database: capbridge
[INFO]: 2025-07-03 23:09:21 - Connected to database: capbridge
[INFO]: 2025-07-03 23:09:22 - Connected to database: capbridge
[INFO]: 2025-07-03 23:09:30 - Connected to database: capbridge
[INFO]: 2025-07-03 23:09:38 - Connected to database: capbridge
[INFO]: 2025-07-03 23:09:44 - Connected to database: capbridge
[INFO]: 2025-07-03 23:09:47 - Connected to database: capbridge
[INFO]: 2025-07-03 23:09:49 - Connected to database: capbridge
[INFO]: 2025-07-03 23:09:51 - Connected to database: capbridge
[INFO]: 2025-07-03 23:09:59 - Connected to database: capbridge
[INFO]: 2025-07-03 23:10:03 - Connected to database: capbridge
[INFO]: 2025-07-03 23:10:05 - Get Profile success
[INFO]: 2025-07-03 23:10:15 - Connected to database: capbridge
[INFO]: 2025-07-03 23:10:17 - Connected to database: capbridge
[INFO]: 2025-07-03 23:10:18 - Connected to database: capbridge
[INFO]: 2025-07-03 23:12:46 - Connected to database: capbridge
[INFO]: 2025-07-03 23:12:49 - Connected to database: capbridge
[INFO]: 2025-07-03 23:12:52 - Connected to database: capbridge
[INFO]: 2025-07-03 23:12:58 - Connected to database: capbridge
[INFO]: 2025-07-03 23:13:14 - Connected to database: capbridge
[INFO]: 2025-07-03 23:13:15 - Connected to database: capbridge
[INFO]: 2025-07-03 23:13:17 - Connected to database: capbridge
[INFO]: 2025-07-03 23:13:20 - Connected to database: capbridge
[INFO]: 2025-07-03 23:13:37 - Connected to database: capbridge
[INFO]: 2025-07-03 23:13:40 - Connected to database: capbridge
[INFO]: 2025-07-03 23:13:43 - Connected to database: capbridge
[INFO]: 2025-07-03 23:13:45 - Connected to database: capbridge
[INFO]: 2025-07-03 23:13:48 - Connected to database: capbridge
[INFO]: 2025-07-03 23:14:07 - Connected to database: capbridge
[INFO]: 2025-07-03 23:14:10 - Connected to database: capbridge
[INFO]: 2025-07-03 23:21:46 - Connected to database: capbridge
[INFO]: 2025-07-03 23:21:53 - Connected to database: capbridge
[INFO]: 2025-07-03 23:21:59 - Connected to database: capbridge
[INFO]: 2025-07-03 23:22:01 - Connected to database: capbridge
[INFO]: 2025-07-03 23:22:04 - Connected to database: capbridge
[INFO]: 2025-07-03 23:22:10 - Connected to database: capbridge
[INFO]: 2025-07-03 23:22:12 - Connected to database: capbridge
[INFO]: 2025-07-03 23:22:16 - Connected to database: capbridge
[INFO]: 2025-07-03 23:22:20 - Connected to database: capbridge
[INFO]: 2025-07-03 23:22:21 - Connected to database: capbridge
[INFO]: 2025-07-03 23:22:46 - Connected to database: capbridge
[INFO]: 2025-07-03 23:22:48 - Connected to database: capbridge
[INFO]: 2025-07-03 23:22:52 - Connected to database: capbridge
[INFO]: 2025-07-03 23:22:55 - Connected to database: capbridge
[INFO]: 2025-07-03 23:22:59 - Connected to database: capbridge
[INFO]: 2025-07-03 23:23:05 - Connected to database: capbridge
[INFO]: 2025-07-03 23:23:07 - Connected to database: capbridge
[INFO]: 2025-07-03 23:23:17 - Connected to database: capbridge
[INFO]: 2025-07-03 23:23:18 - Connected to database: capbridge
[INFO]: 2025-07-03 23:23:21 - Connected to database: capbridge
[INFO]: 2025-07-03 23:23:25 - Connected to database: capbridge
[INFO]: 2025-07-03 23:23:29 - Connected to database: capbridge
[INFO]: 2025-07-03 23:23:47 - Connected to database: capbridge
[INFO]: 2025-07-03 23:23:52 - Connected to database: capbridge
[INFO]: 2025-07-03 23:24:03 - Connected to database: capbridge
[INFO]: 2025-07-03 23:24:16 - Connected to database: capbridge
[INFO]: 2025-07-03 23:24:20 - Connected to database: capbridge
[INFO]: 2025-07-03 23:24:27 - Connected to database: capbridge
[INFO]: 2025-07-03 23:24:36 - Connected to database: capbridge
[INFO]: 2025-07-03 23:24:39 - Connected to database: capbridge
[INFO]: 2025-07-03 23:25:01 - Connected to database: capbridge
[INFO]: 2025-07-03 23:25:05 - Connected to database: capbridge
[INFO]: 2025-07-03 23:25:13 - Connected to database: capbridge
[INFO]: 2025-07-03 23:25:26 - Connected to database: capbridge
[INFO]: 2025-07-03 23:25:33 - Connected to database: capbridge
[INFO]: 2025-07-03 23:25:45 - Connected to database: capbridge
[INFO]: 2025-07-03 23:25:50 - Connected to database: capbridge
[INFO]: 2025-07-03 23:25:55 - Connected to database: capbridge
[INFO]: 2025-07-03 23:25:57 - Connected to database: capbridge
[INFO]: 2025-07-03 23:25:58 - Connected to database: capbridge
[INFO]: 2025-07-03 23:26:00 - Connected to database: capbridge
[INFO]: 2025-07-03 23:26:02 - Connected to database: capbridge
[INFO]: 2025-07-03 23:26:04 - Connected to database: capbridge
[INFO]: 2025-07-03 23:26:07 - Connected to database: capbridge
[INFO]: 2025-07-03 23:26:13 - Connected to database: capbridge
[INFO]: 2025-07-03 23:26:15 - Connected to database: capbridge
[INFO]: 2025-07-03 23:26:27 - Connected to database: capbridge
[INFO]: 2025-07-03 23:26:34 - Connected to database: capbridge
[INFO]: 2025-07-03 23:26:37 - Connected to database: capbridge
[INFO]: 2025-07-03 23:26:49 - Connected to database: capbridge
[INFO]: 2025-07-03 23:27:04 - Connected to database: capbridge
[INFO]: 2025-07-03 23:27:05 - Connected to database: capbridge
[INFO]: 2025-07-03 23:27:24 - Connected to database: capbridge
[INFO]: 2025-07-03 23:27:25 - Connected to database: capbridge
[INFO]: 2025-07-03 23:27:26 - Connected to database: capbridge
[INFO]: 2025-07-03 23:27:28 - Connected to database: capbridge
[INFO]: 2025-07-03 23:27:29 - Connected to database: capbridge
[INFO]: 2025-07-03 23:27:32 - Connected to database: capbridge
[INFO]: 2025-07-03 23:27:37 - Connected to database: capbridge
[INFO]: 2025-07-03 23:27:39 - Connected to database: capbridge
[INFO]: 2025-07-03 23:27:46 - Connected to database: capbridge
[INFO]: 2025-07-03 23:27:48 - Connected to database: capbridge
[INFO]: 2025-07-03 23:27:49 - Connected to database: capbridge
[INFO]: 2025-07-03 23:28:05 - Connected to database: capbridge
[INFO]: 2025-07-03 23:28:07 - Connected to database: capbridge
[INFO]: 2025-07-03 23:28:09 - Connected to database: capbridge
[INFO]: 2025-07-03 23:28:17 - Get Profile success
[INFO]: 2025-07-03 23:29:31 - Connected to database: capbridge
[INFO]: 2025-07-03 23:29:32 - Get Profile success
[INFO]: 2025-07-03 23:29:33 - Get Profile success
[INFO]: 2025-07-03 23:29:33 - Get Profile success
[INFO]: 2025-07-03 23:29:43 - Connected to database: capbridge
[INFO]: 2025-07-03 23:29:44 - Get Profile success
[INFO]: 2025-07-03 23:29:58 - Connected to database: capbridge
[INFO]: 2025-07-03 23:30:02 - Connected to database: capbridge
[INFO]: 2025-07-03 23:30:11 - Connected to database: capbridge
[INFO]: 2025-07-03 23:30:22 - Connected to database: capbridge
[INFO]: 2025-07-03 23:30:28 - Connected to database: capbridge
[INFO]: 2025-07-03 23:30:34 - Connected to database: capbridge
[INFO]: 2025-07-03 23:30:37 - Connected to database: capbridge
[INFO]: 2025-07-03 23:30:43 - Connected to database: capbridge
[INFO]: 2025-07-03 23:30:46 - Connected to database: capbridge
[INFO]: 2025-07-03 23:30:50 - Connected to database: capbridge
[INFO]: 2025-07-03 23:30:54 - Connected to database: capbridge
[INFO]: 2025-07-03 23:30:59 - Connected to database: capbridge
[INFO]: 2025-07-03 23:30:59 - Connected to database: capbridge
[INFO]: 2025-07-03 23:31:02 - Connected to database: capbridge
[INFO]: 2025-07-03 23:31:04 - Connected to database: capbridge
[INFO]: 2025-07-03 23:31:18 - Connected to database: capbridge
[INFO]: 2025-07-03 23:31:18 - Get Profile success
[INFO]: 2025-07-03 23:33:15 - Connected to database: capbridge
[INFO]: 2025-07-03 23:33:21 - Connected to database: capbridge
[INFO]: 2025-07-03 23:33:27 - Connected to database: capbridge
[INFO]: 2025-07-03 23:33:38 - Connected to database: capbridge
[INFO]: 2025-07-03 23:33:41 - Connected to database: capbridge
[INFO]: 2025-07-03 23:34:07 - Connected to database: capbridge
[INFO]: 2025-07-03 23:34:24 - Connected to database: capbridge
[INFO]: 2025-07-03 23:34:26 - Connected to database: capbridge
[INFO]: 2025-07-03 23:34:28 - Connected to database: capbridge
[INFO]: 2025-07-03 23:34:43 - Connected to database: capbridge
[INFO]: 2025-07-03 23:34:45 - Connected to database: capbridge
[INFO]: 2025-07-03 23:34:57 - Connected to database: capbridge
[INFO]: 2025-07-03 23:35:08 - Connected to database: capbridge
[INFO]: 2025-07-03 23:35:11 - Connected to database: capbridge
[INFO]: 2025-07-03 23:35:16 - Connected to database: capbridge
[INFO]: 2025-07-03 23:35:49 - Connected to database: capbridge
[INFO]: 2025-07-03 23:35:52 - Connected to database: capbridge
[INFO]: 2025-07-03 23:35:56 - Connected to database: capbridge
[INFO]: 2025-07-03 23:36:00 - Connected to database: capbridge
[INFO]: 2025-07-03 23:36:03 - Connected to database: capbridge
[INFO]: 2025-07-03 23:36:08 - Connected to database: capbridge
[INFO]: 2025-07-03 23:36:14 - Connected to database: capbridge
[INFO]: 2025-07-03 23:36:17 - Connected to database: capbridge
[INFO]: 2025-07-03 23:36:19 - Connected to database: capbridge
[INFO]: 2025-07-03 23:36:27 - Connected to database: capbridge
[INFO]: 2025-07-03 23:36:35 - Connected to database: capbridge
[INFO]: 2025-07-03 23:36:37 - Connected to database: capbridge
[INFO]: 2025-07-03 23:36:45 - Connected to database: capbridge
[INFO]: 2025-07-03 23:36:48 - Connected to database: capbridge
[INFO]: 2025-07-03 23:36:53 - Connected to database: capbridge
[INFO]: 2025-07-03 23:36:55 - Connected to database: capbridge
[INFO]: 2025-07-03 23:37:03 - Connected to database: capbridge
[INFO]: 2025-07-03 23:37:05 - Connected to database: capbridge
[INFO]: 2025-07-03 23:37:07 - Connected to database: capbridge
[INFO]: 2025-07-03 23:37:10 - Connected to database: capbridge
[INFO]: 2025-07-03 23:37:13 - Connected to database: capbridge
[INFO]: 2025-07-03 23:37:35 - Connected to database: capbridge
[INFO]: 2025-07-03 23:37:41 - Connected to database: capbridge
[INFO]: 2025-07-03 23:37:49 - Connected to database: capbridge
[INFO]: 2025-07-03 23:37:51 - Connected to database: capbridge
[INFO]: 2025-07-03 23:38:10 - Connected to database: capbridge
[INFO]: 2025-07-03 23:38:12 - Connected to database: capbridge
[INFO]: 2025-07-03 23:38:32 - Connected to database: capbridge
[INFO]: 2025-07-03 23:38:39 - Connected to database: capbridge
[INFO]: 2025-07-03 23:38:47 - Connected to database: capbridge
[INFO]: 2025-07-03 23:38:50 - Connected to database: capbridge
[INFO]: 2025-07-03 23:38:53 - Connected to database: capbridge
[INFO]: 2025-07-03 23:38:54 - Connected to database: capbridge
[INFO]: 2025-07-03 23:38:58 - Connected to database: capbridge
[INFO]: 2025-07-03 23:39:02 - Connected to database: capbridge
[INFO]: 2025-07-03 23:39:15 - Connected to database: capbridge
[INFO]: 2025-07-03 23:39:18 - Connected to database: capbridge
[INFO]: 2025-07-03 23:39:22 - Connected to database: capbridge
[INFO]: 2025-07-03 23:39:32 - Connected to database: capbridge
[INFO]: 2025-07-03 23:39:38 - Connected to database: capbridge
[INFO]: 2025-07-03 23:39:45 - Connected to database: capbridge
[INFO]: 2025-07-03 23:39:46 - Connected to database: capbridge
[INFO]: 2025-07-03 23:39:55 - Connected to database: capbridge
[INFO]: 2025-07-03 23:39:56 - Get Profile success
[INFO]: 2025-07-03 23:39:57 - Get Profile success
[INFO]: 2025-07-03 23:40:03 - Login success
[INFO]: 2025-07-03 23:40:24 - Connected to database: capbridge
[INFO]: 2025-07-03 23:40:29 - Connected to database: capbridge
[INFO]: 2025-07-03 23:40:36 - Connected to database: capbridge
[INFO]: 2025-07-03 23:40:40 - Connected to database: capbridge
[INFO]: 2025-07-03 23:42:06 - Connected to database: capbridge
[INFO]: 2025-07-03 23:42:09 - Connected to database: capbridge
[INFO]: 2025-07-03 23:42:13 - Connected to database: capbridge
[INFO]: 2025-07-03 23:42:15 - Connected to database: capbridge
[INFO]: 2025-07-03 23:42:18 - Connected to database: capbridge
[INFO]: 2025-07-03 23:42:26 - Connected to database: capbridge
[INFO]: 2025-07-03 23:42:29 - Connected to database: capbridge
[INFO]: 2025-07-03 23:42:33 - Connected to database: capbridge
[INFO]: 2025-07-03 23:42:35 - Connected to database: capbridge
[INFO]: 2025-07-03 23:42:42 - Connected to database: capbridge
[INFO]: 2025-07-03 23:42:46 - Connected to database: capbridge
[INFO]: 2025-07-03 23:42:48 - Connected to database: capbridge
[INFO]: 2025-07-03 23:42:52 - Connected to database: capbridge
[INFO]: 2025-07-03 23:42:55 - Connected to database: capbridge
[INFO]: 2025-07-03 23:43:08 - Connected to database: capbridge
[INFO]: 2025-07-03 23:43:11 - Connected to database: capbridge
[INFO]: 2025-07-03 23:43:16 - Connected to database: capbridge
[INFO]: 2025-07-03 23:43:21 - Connected to database: capbridge
[INFO]: 2025-07-03 23:43:25 - Connected to database: capbridge
[INFO]: 2025-07-03 23:43:30 - Connected to database: capbridge
[INFO]: 2025-07-03 23:43:33 - Connected to database: capbridge
[INFO]: 2025-07-03 23:43:37 - Connected to database: capbridge
[INFO]: 2025-07-03 23:43:39 - Connected to database: capbridge
[INFO]: 2025-07-03 23:43:42 - Connected to database: capbridge
[INFO]: 2025-07-03 23:43:47 - Connected to database: capbridge
[INFO]: 2025-07-03 23:43:50 - Connected to database: capbridge
[INFO]: 2025-07-03 23:43:51 - Connected to database: capbridge
[INFO]: 2025-07-03 23:43:58 - Connected to database: capbridge
[INFO]: 2025-07-03 23:43:59 - Connected to database: capbridge
[INFO]: 2025-07-03 23:44:04 - Connected to database: capbridge
[INFO]: 2025-07-03 23:44:11 - Connected to database: capbridge
[INFO]: 2025-07-03 23:44:12 - Connected to database: capbridge
[INFO]: 2025-07-03 23:44:24 - Get Profile success
