[INFO]: 2025-04-13 18:01:43 - Get All Courier success
[INFO]: 2025-04-13 20:51:44 - Get All Courier success
[INFO]: 2025-04-13 22:17:16 - Connected to database: tjl
[INFO]: 2025-04-13 22:17:16 - Connected to database: ppob
[INFO]: 2025-04-13 22:17:22 - Get All Transaction PPOB success
[INFO]: 2025-04-13 22:17:53 - Connected to database: tjl
[INFO]: 2025-04-13 22:17:53 - Connected to database: ppob
[INFO]: 2025-04-13 22:20:16 - Connected to database: tjl
[INFO]: 2025-04-13 22:20:16 - Connected to database: ppob
[INFO]: 2025-04-13 22:20:38 - Connected to database: tjl
[INFO]: 2025-04-13 22:20:38 - Connected to database: ppob
[INFO]: 2025-04-13 22:20:51 - Connected to database: tjl
[INFO]: 2025-04-13 22:20:51 - Connected to database: ppob
[INFO]: 2025-04-13 22:20:58 - Connected to database: tjl
[INFO]: 2025-04-13 22:20:59 - Connected to database: ppob
[INFO]: 2025-04-13 22:21:08 - Connected to database: tjl
[INFO]: 2025-04-13 22:21:08 - Connected to database: ppob
[INFO]: 2025-04-13 22:21:10 - Connected to database: tjl
[INFO]: 2025-04-13 22:21:10 - Connected to database: ppob
[INFO]: 2025-04-13 22:21:20 - Connected to database: tjl
[INFO]: 2025-04-13 22:21:22 - Connected to database: tjl
[INFO]: 2025-04-13 22:21:22 - Connected to database: ppob
[INFO]: 2025-04-13 22:21:35 - Connected to database: tjl
[INFO]: 2025-04-13 22:21:35 - Connected to database: ppob
[INFO]: 2025-04-13 22:21:38 - Connected to database: tjl
[INFO]: 2025-04-13 22:21:38 - Connected to database: ppob
[INFO]: 2025-04-13 22:22:05 - Connected to database: tjl
[INFO]: 2025-04-13 22:22:05 - Connected to database: ppob
[INFO]: 2025-04-13 22:22:46 - Connected to database: tjl
[INFO]: 2025-04-13 22:22:46 - Connected to database: ppob
[INFO]: 2025-04-13 22:22:50 - Connected to database: tjl
[INFO]: 2025-04-13 22:22:50 - Connected to database: ppob
[INFO]: 2025-04-13 22:22:55 - Connected to database: tjl
[INFO]: 2025-04-13 22:22:55 - Connected to database: ppob
[INFO]: 2025-04-13 22:23:43 - Connected to database: tjl
[INFO]: 2025-04-13 22:23:43 - Connected to database: ppob
[INFO]: 2025-04-13 22:23:50 - Connected to database: tjl
[INFO]: 2025-04-13 22:23:50 - Connected to database: ppob
[INFO]: 2025-04-13 22:24:00 - Connected to database: tjl
[INFO]: 2025-04-13 22:24:00 - Connected to database: ppob
[INFO]: 2025-04-13 22:24:04 - Connected to database: tjl
[INFO]: 2025-04-13 22:24:04 - Connected to database: ppob
[INFO]: 2025-04-13 22:24:22 - Connected to database: tjl
[INFO]: 2025-04-13 22:24:22 - Connected to database: ppob
[INFO]: 2025-04-13 22:24:22 - Connected to database: tjl
[INFO]: 2025-04-13 22:24:23 - Connected to database: ppob
[INFO]: 2025-04-13 22:24:32 - Connected to database: tjl
[INFO]: 2025-04-13 22:24:32 - Connected to database: ppob
[INFO]: 2025-04-13 22:24:49 - Connected to database: tjl
[INFO]: 2025-04-13 22:24:49 - Connected to database: ppob
[INFO]: 2025-04-13 22:24:52 - Connected to database: tjl
[INFO]: 2025-04-13 22:24:52 - Connected to database: ppob
[INFO]: 2025-04-13 22:24:57 - Connected to database: tjl
[INFO]: 2025-04-13 22:24:58 - Connected to database: ppob
[INFO]: 2025-04-13 22:25:18 - Connected to database: tjl
[INFO]: 2025-04-13 22:25:18 - Connected to database: ppob
[INFO]: 2025-04-13 22:25:28 - Connected to database: tjl
[INFO]: 2025-04-13 22:25:28 - Connected to database: ppob
[INFO]: 2025-04-13 22:25:32 - Connected to database: tjl
[INFO]: 2025-04-13 22:25:32 - Connected to database: ppob
[INFO]: 2025-04-13 22:25:50 - Connected to database: tjl
[INFO]: 2025-04-13 22:25:50 - Connected to database: ppob
[INFO]: 2025-04-13 22:25:55 - Connected to database: tjl
[INFO]: 2025-04-13 22:25:55 - Connected to database: ppob
[INFO]: 2025-04-13 22:26:02 - Connected to database: tjl
[INFO]: 2025-04-13 22:26:02 - Connected to database: ppob
[INFO]: 2025-04-13 22:26:11 - Connected to database: tjl
[INFO]: 2025-04-13 22:26:11 - Connected to database: ppob
[INFO]: 2025-04-13 22:26:19 - Connected to database: tjl
[INFO]: 2025-04-13 22:26:19 - Connected to database: ppob
[INFO]: 2025-04-13 22:26:56 - Connected to database: tjl
[INFO]: 2025-04-13 22:26:56 - Connected to database: ppob
[INFO]: 2025-04-13 22:27:07 - Connected to database: tjl
[INFO]: 2025-04-13 22:27:07 - Connected to database: ppob
[INFO]: 2025-04-13 22:27:10 - Connected to database: tjl
[INFO]: 2025-04-13 22:27:10 - Connected to database: ppob
[INFO]: 2025-04-13 22:27:13 - Connected to database: tjl
[INFO]: 2025-04-13 22:27:14 - Connected to database: ppob
[INFO]: 2025-04-13 22:27:24 - Connected to database: tjl
[INFO]: 2025-04-13 22:27:24 - Connected to database: ppob
[INFO]: 2025-04-13 22:27:43 - Connected to database: tjl
[INFO]: 2025-04-13 22:27:43 - Connected to database: ppob
[INFO]: 2025-04-13 22:27:44 - Connected to database: tjl
[INFO]: 2025-04-13 22:27:44 - Connected to database: ppob
[INFO]: 2025-04-13 22:28:48 - Connected to database: tjl
[INFO]: 2025-04-13 22:28:48 - Connected to database: ppob
[INFO]: 2025-04-13 22:28:50 - Connected to database: tjl
[INFO]: 2025-04-13 22:28:50 - Connected to database: ppob
[INFO]: 2025-04-13 22:28:57 - Connected to database: tjl
[INFO]: 2025-04-13 22:28:58 - Connected to database: ppob
[INFO]: 2025-04-13 22:29:00 - Connected to database: tjl
[INFO]: 2025-04-13 22:29:00 - Connected to database: ppob
[INFO]: 2025-04-13 22:29:05 - Connected to database: tjl
[INFO]: 2025-04-13 22:29:05 - Connected to database: ppob
[INFO]: 2025-04-13 22:29:19 - Connected to database: tjl
[INFO]: 2025-04-13 22:29:19 - Connected to database: ppob
[INFO]: 2025-04-13 22:29:22 - Connected to database: tjl
[INFO]: 2025-04-13 22:29:22 - Connected to database: ppob
[INFO]: 2025-04-13 22:29:28 - Connected to database: tjl
[INFO]: 2025-04-13 22:29:28 - Connected to database: ppob
[INFO]: 2025-04-13 22:29:29 - Get All Transaction PPOB success
[INFO]: 2025-04-13 22:32:53 - Connected to database: tjl
[INFO]: 2025-04-13 22:32:53 - Connected to database: ppob
[INFO]: 2025-04-13 22:32:56 - Connected to database: tjl
[INFO]: 2025-04-13 22:32:56 - Connected to database: ppob
[INFO]: 2025-04-13 22:33:05 - Connected to database: tjl
[INFO]: 2025-04-13 22:33:05 - Connected to database: ppob
[INFO]: 2025-04-13 22:33:09 - Connected to database: tjl
[INFO]: 2025-04-13 22:33:09 - Connected to database: ppob
[INFO]: 2025-04-13 22:33:10 - Get All Transaction PPOB success
[INFO]: 2025-04-13 22:33:24 - Connected to database: tjl
[INFO]: 2025-04-13 22:33:24 - Connected to database: ppob
[INFO]: 2025-04-13 22:33:29 - Connected to database: tjl
[INFO]: 2025-04-13 22:33:29 - Connected to database: ppob
[INFO]: 2025-04-13 22:33:36 - Connected to database: tjl
[INFO]: 2025-04-13 22:33:36 - Connected to database: tjl
[INFO]: 2025-04-13 22:33:36 - Connected to database: ppob
[INFO]: 2025-04-13 22:33:44 - Connected to database: tjl
[INFO]: 2025-04-13 22:33:44 - Connected to database: ppob
[INFO]: 2025-04-13 22:33:49 - Connected to database: tjl
[INFO]: 2025-04-13 22:33:49 - Connected to database: ppob
[INFO]: 2025-04-13 22:34:25 - Connected to database: tjl
[INFO]: 2025-04-13 22:34:26 - Connected to database: ppob
[INFO]: 2025-04-13 22:35:31 - Connected to database: tjl
[INFO]: 2025-04-13 22:35:32 - Connected to database: ppob
[INFO]: 2025-04-13 22:35:40 - Connected to database: tjl
[INFO]: 2025-04-13 22:35:40 - Connected to database: ppob
[INFO]: 2025-04-13 22:35:49 - Get All Transaction PPOB success
[INFO]: 2025-04-13 22:36:01 - Get All Transaction PPOB success
[INFO]: 2025-04-13 22:36:06 - Get All Transaction PPOB success
[INFO]: 2025-04-13 22:43:52 - Connected to database: tjl
[INFO]: 2025-04-13 22:43:52 - Connected to database: ppob
[INFO]: 2025-04-13 22:44:16 - Connected to database: tjl
[INFO]: 2025-04-13 22:44:16 - Connected to database: ppob
[INFO]: 2025-04-13 22:44:18 - Connected to database: tjl
[INFO]: 2025-04-13 22:44:18 - Connected to database: ppob
[INFO]: 2025-04-13 22:44:23 - Connected to database: tjl
[INFO]: 2025-04-13 22:44:23 - Connected to database: ppob
[INFO]: 2025-04-13 22:45:41 - Connected to database: tjl
[INFO]: 2025-04-13 22:45:41 - Connected to database: ppob
[INFO]: 2025-04-13 22:45:41 - Connected to database: ppob
[INFO]: 2025-04-13 22:45:47 - Connected to database: tjl
[INFO]: 2025-04-13 22:45:47 - Connected to database: ppob
[ERROR]: 2025-04-13 22:45:47 - Failed to connect to DB (payment): Error 1049 (42000): Unknown database 'payment'
[INFO]: 2025-04-13 22:45:57 - Connected to database: tjl
[INFO]: 2025-04-13 22:45:58 - Connected to database: ppob
[ERROR]: 2025-04-13 22:45:58 - Failed to connect to DB (payment): Error 1049 (42000): Unknown database 'payment'
[INFO]: 2025-04-13 22:46:06 - Connected to database: tjl
[INFO]: 2025-04-13 22:46:06 - Connected to database: ppob
[ERROR]: 2025-04-13 22:46:06 - Failed to connect to DB (payment): Error 1049 (42000): Unknown database 'payment'
[INFO]: 2025-04-13 22:46:18 - Connected to database: tjl
[INFO]: 2025-04-13 22:46:18 - Connected to database: ppob
[ERROR]: 2025-04-13 22:46:18 - Failed to connect to DB (payment): Error 1049 (42000): Unknown database 'payment'
[INFO]: 2025-04-13 22:46:24 - Connected to database: tjl
[INFO]: 2025-04-13 22:46:24 - Connected to database: ppob
[ERROR]: 2025-04-13 22:46:24 - Failed to connect to DB (payment): Error 1049 (42000): Unknown database 'payment'
[INFO]: 2025-04-13 22:46:27 - Connected to database: tjl
[INFO]: 2025-04-13 22:46:27 - Connected to database: ppob
[ERROR]: 2025-04-13 22:46:27 - Failed to connect to DB (payment): Error 1049 (42000): Unknown database 'payment'
[INFO]: 2025-04-13 22:46:54 - Connected to database: tjl
[INFO]: 2025-04-13 22:46:55 - Connected to database: ppob
[ERROR]: 2025-04-13 22:46:55 - Failed to connect to DB (payment): Error 1049 (42000): Unknown database 'payment'
[INFO]: 2025-04-13 22:47:13 - Connected to database: tjl
[INFO]: 2025-04-13 22:47:14 - Connected to database: ppob
[ERROR]: 2025-04-13 22:47:14 - Failed to connect to DB (payment): Error 1049 (42000): Unknown database 'payment'
[INFO]: 2025-04-13 22:47:29 - Connected to database: tjl
[INFO]: 2025-04-13 22:47:30 - Connected to database: ppob
[ERROR]: 2025-04-13 22:47:30 - Failed to connect to DB (payment): Error 1049 (42000): Unknown database 'payment'
[INFO]: 2025-04-13 22:47:35 - Connected to database: tjl
[INFO]: 2025-04-13 22:47:35 - Connected to database: ppob
[ERROR]: 2025-04-13 22:47:35 - Failed to connect to DB (payment): Error 1049 (42000): Unknown database 'payment'
[INFO]: 2025-04-13 22:47:41 - Connected to database: tjl
[INFO]: 2025-04-13 22:47:41 - Connected to database: ppob
[ERROR]: 2025-04-13 22:47:41 - Failed to connect to DB (payment): Error 1049 (42000): Unknown database 'payment'
[INFO]: 2025-04-13 22:48:10 - Connected to database: tjl
[INFO]: 2025-04-13 22:48:10 - Connected to database: ppob
[INFO]: 2025-04-13 22:48:10 - Connected to database: payment_gateway
[INFO]: 2025-04-13 22:52:59 - Connected to database: tjl
[INFO]: 2025-04-13 22:52:59 - Connected to database: ppob
[INFO]: 2025-04-13 22:52:59 - Connected to database: payment_gateway
[INFO]: 2025-04-13 22:53:30 - Connected to database: tjl
[INFO]: 2025-04-13 22:53:31 - Connected to database: ppob
[INFO]: 2025-04-13 22:53:31 - Connected to database: payment_gateway
[INFO]: 2025-04-13 22:55:08 - Connected to database: tjl
[INFO]: 2025-04-13 22:55:08 - Connected to database: ppob
[INFO]: 2025-04-13 22:55:08 - Connected to database: payment_gateway
[INFO]: 2025-04-13 22:55:13 - Connected to database: tjl
[INFO]: 2025-04-13 22:55:13 - Connected to database: ppob
[INFO]: 2025-04-13 22:55:14 - Connected to database: payment_gateway
[INFO]: 2025-04-13 22:57:53 - Connected to database: tjl
[INFO]: 2025-04-13 22:57:53 - Connected to database: ppob
[INFO]: 2025-04-13 22:57:53 - Connected to database: payment_gateway
[INFO]: 2025-04-13 22:57:56 - Connected to database: tjl
[INFO]: 2025-04-13 22:57:56 - Connected to database: ppob
[INFO]: 2025-04-13 22:57:56 - Connected to database: payment_gateway
[INFO]: 2025-04-13 22:58:01 - Connected to database: tjl
[INFO]: 2025-04-13 22:58:01 - Connected to database: ppob
[INFO]: 2025-04-13 22:58:01 - Connected to database: payment_gateway
[INFO]: 2025-04-13 22:58:08 - Connected to database: tjl
[INFO]: 2025-04-13 22:58:08 - Connected to database: ppob
[INFO]: 2025-04-13 22:58:08 - Connected to database: payment_gateway
[INFO]: 2025-04-13 22:58:16 - Connected to database: tjl
[INFO]: 2025-04-13 22:58:16 - Connected to database: ppob
[INFO]: 2025-04-13 22:58:16 - Connected to database: payment_gateway
[INFO]: 2025-04-13 23:12:35 - Connected to database: tjl
[INFO]: 2025-04-13 23:12:36 - Connected to database: ppob
[INFO]: 2025-04-13 23:12:36 - Connected to database: payment_gateway
[INFO]: 2025-04-13 23:14:43 - Connected to database: tjl
[INFO]: 2025-04-13 23:14:43 - Connected to database: ppob
[INFO]: 2025-04-13 23:14:43 - Connected to database: payment_gateway
[INFO]: 2025-04-13 23:31:31 - Connected to database: tjl
[INFO]: 2025-04-13 23:31:31 - Connected to database: ppob
[INFO]: 2025-04-13 23:31:31 - Connected to database: payment_gateway
[INFO]: 2025-04-13 23:31:47 - Connected to database: tjl
[INFO]: 2025-04-13 23:31:47 - Connected to database: ppob
[INFO]: 2025-04-13 23:31:47 - Connected to database: payment_gateway
[INFO]: 2025-04-13 23:31:52 - Connected to database: tjl
[INFO]: 2025-04-13 23:31:52 - Connected to database: ppob
[INFO]: 2025-04-13 23:31:52 - Connected to database: payment_gateway
[INFO]: 2025-04-13 23:31:55 - Connected to database: tjl
[INFO]: 2025-04-13 23:31:58 - Connected to database: ppob
[INFO]: 2025-04-13 23:31:58 - Connected to database: payment_gateway
[INFO]: 2025-04-13 23:32:03 - Connected to database: tjl
[INFO]: 2025-04-13 23:32:03 - Connected to database: ppob
[INFO]: 2025-04-13 23:32:03 - Connected to database: payment_gateway
[INFO]: 2025-04-13 23:32:06 - Connected to database: tjl
[INFO]: 2025-04-13 23:32:07 - Connected to database: ppob
[INFO]: 2025-04-13 23:32:07 - Connected to database: payment_gateway
[INFO]: 2025-04-13 23:32:22 - Connected to database: tjl
[INFO]: 2025-04-13 23:32:22 - Connected to database: ppob
[INFO]: 2025-04-13 23:32:22 - Connected to database: payment_gateway
[INFO]: 2025-04-13 23:32:35 - Connected to database: tjl
[INFO]: 2025-04-13 23:32:36 - Connected to database: ppob
[INFO]: 2025-04-13 23:32:36 - Connected to database: payment_gateway
[INFO]: 2025-04-13 23:32:48 - Connected to database: tjl
[INFO]: 2025-04-13 23:32:49 - Connected to database: ppob
[INFO]: 2025-04-13 23:32:49 - Connected to database: payment_gateway
[INFO]: 2025-04-13 23:32:55 - Connected to database: tjl
[INFO]: 2025-04-13 23:32:55 - Connected to database: ppob
[INFO]: 2025-04-13 23:32:55 - Connected to database: payment_gateway
[INFO]: 2025-04-13 23:33:02 - Connected to database: tjl
[INFO]: 2025-04-13 23:33:02 - Connected to database: ppob
[INFO]: 2025-04-13 23:33:02 - Connected to database: payment_gateway
[INFO]: 2025-04-13 23:34:16 - Connected to database: tjl
[INFO]: 2025-04-13 23:34:16 - Connected to database: ppob
[INFO]: 2025-04-13 23:34:16 - Connected to database: payment_gateway
[INFO]: 2025-04-13 23:34:21 - Connected to database: tjl
[INFO]: 2025-04-13 23:34:21 - Connected to database: ppob
[INFO]: 2025-04-13 23:34:21 - Connected to database: payment_gateway
[INFO]: 2025-04-13 23:34:24 - Connected to database: tjl
[INFO]: 2025-04-13 23:34:24 - Connected to database: ppob
[INFO]: 2025-04-13 23:34:24 - Connected to database: payment_gateway
[INFO]: 2025-04-13 23:35:25 - Connected to database: tjl
[INFO]: 2025-04-13 23:35:25 - Connected to database: ppob
[INFO]: 2025-04-13 23:35:25 - Connected to database: payment_gateway
[INFO]: 2025-04-13 23:35:43 - Connected to database: tjl
[INFO]: 2025-04-13 23:35:43 - Connected to database: ppob
[INFO]: 2025-04-13 23:35:44 - Connected to database: payment_gateway
[INFO]: 2025-04-13 23:36:42 - Connected to database: tjl
[INFO]: 2025-04-13 23:36:42 - Connected to database: ppob
[INFO]: 2025-04-13 23:36:42 - Connected to database: payment_gateway
[INFO]: 2025-04-13 23:37:22 - Connected to database: tjl
[INFO]: 2025-04-13 23:37:23 - Connected to database: ppob
[INFO]: 2025-04-13 23:37:23 - Connected to database: payment_gateway
[INFO]: 2025-04-13 23:37:36 - Connected to database: tjl
[INFO]: 2025-04-13 23:37:36 - Connected to database: ppob
[INFO]: 2025-04-13 23:37:36 - Connected to database: payment_gateway
[INFO]: 2025-04-13 23:39:44 - Connected to database: tjl
[INFO]: 2025-04-13 23:39:44 - Connected to database: ppob
[INFO]: 2025-04-13 23:39:44 - Connected to database: payment_gateway
[INFO]: 2025-04-13 23:41:52 - Connected to database: tjl
[INFO]: 2025-04-13 23:41:52 - Connected to database: ppob
[INFO]: 2025-04-13 23:41:52 - Connected to database: payment_gateway
[INFO]: 2025-04-13 23:41:58 - Connected to database: tjl
[INFO]: 2025-04-13 23:41:59 - Connected to database: ppob
[INFO]: 2025-04-13 23:41:59 - Connected to database: payment_gateway
[INFO]: 2025-04-13 23:42:57 - Connected to database: tjl
[INFO]: 2025-04-13 23:42:57 - Connected to database: ppob
[INFO]: 2025-04-13 23:42:57 - Connected to database: payment_gateway
[INFO]: 2025-04-13 23:43:03 - Connected to database: tjl
[INFO]: 2025-04-13 23:43:03 - Connected to database: ppob
[INFO]: 2025-04-13 23:43:03 - Connected to database: payment_gateway
[INFO]: 2025-04-13 23:43:20 - Connected to database: tjl
[INFO]: 2025-04-13 23:43:20 - Connected to database: ppob
[INFO]: 2025-04-13 23:43:20 - Connected to database: payment_gateway
[INFO]: 2025-04-13 23:53:10 - Connected to database: tjl
[INFO]: 2025-04-13 23:53:10 - Connected to database: ppob
[INFO]: 2025-04-13 23:53:10 - Connected to database: payment_gateway
[INFO]: 2025-04-13 23:53:15 - Connected to database: tjl
[INFO]: 2025-04-13 23:53:15 - Connected to database: ppob
[INFO]: 2025-04-13 23:53:15 - Connected to database: payment_gateway
[INFO]: 2025-04-13 23:53:28 - Connected to database: tjl
[INFO]: 2025-04-13 23:53:28 - Connected to database: ppob
[INFO]: 2025-04-13 23:53:28 - Connected to database: payment_gateway
[INFO]: 2025-04-13 23:53:38 - Connected to database: tjl
[INFO]: 2025-04-13 23:53:38 - Connected to database: ppob
[INFO]: 2025-04-13 23:53:38 - Connected to database: payment_gateway
[INFO]: 2025-04-13 23:53:50 - Connected to database: tjl
[INFO]: 2025-04-13 23:53:50 - Connected to database: ppob
[INFO]: 2025-04-13 23:53:50 - Connected to database: payment_gateway
