[INFO]: 2025-04-14 00:00:59 - Connected to database: tjl
[INFO]: 2025-04-14 00:00:59 - Connected to database: ppob
[INFO]: 2025-04-14 00:00:59 - Connected to database: payment_gateway
[INFO]: 2025-04-14 00:01:08 - Connected to database: tjl
[INFO]: 2025-04-14 00:01:08 - Connected to database: ppob
[INFO]: 2025-04-14 00:01:08 - Connected to database: payment_gateway
[INFO]: 2025-04-14 00:01:13 - Connected to database: tjl
[INFO]: 2025-04-14 00:01:13 - Connected to database: ppob
[INFO]: 2025-04-14 00:01:13 - Connected to database: payment_gateway
[INFO]: 2025-04-14 00:03:22 - Connected to database: tjl
[INFO]: 2025-04-14 00:03:22 - Connected to database: ppob
[INFO]: 2025-04-14 00:03:22 - Connected to database: payment_gateway
[INFO]: 2025-04-14 00:04:23 - Connected to database: tjl
[INFO]: 2025-04-14 00:04:23 - Connected to database: ppob
[INFO]: 2025-04-14 00:04:24 - Connected to database: payment_gateway
[INFO]: 2025-04-14 00:04:30 - Connected to database: tjl
[INFO]: 2025-04-14 00:04:30 - Connected to database: ppob
[INFO]: 2025-04-14 00:04:30 - Connected to database: payment_gateway
[INFO]: 2025-04-14 00:04:41 - Connected to database: tjl
[INFO]: 2025-04-14 00:04:41 - Connected to database: ppob
[INFO]: 2025-04-14 00:04:41 - Connected to database: payment_gateway
[INFO]: 2025-04-14 00:04:43 - Connected to database: tjl
[INFO]: 2025-04-14 00:04:43 - Connected to database: ppob
[INFO]: 2025-04-14 00:04:43 - Connected to database: payment_gateway
[INFO]: 2025-04-14 00:04:46 - Connected to database: tjl
[INFO]: 2025-04-14 00:04:46 - Connected to database: ppob
[INFO]: 2025-04-14 00:04:47 - Connected to database: payment_gateway
[INFO]: 2025-04-14 00:04:57 - Connected to database: tjl
[INFO]: 2025-04-14 00:04:57 - Connected to database: ppob
[INFO]: 2025-04-14 00:04:57 - Connected to database: payment_gateway
[INFO]: 2025-04-14 00:04:59 - Connected to database: tjl
[INFO]: 2025-04-14 00:04:59 - Connected to database: ppob
[INFO]: 2025-04-14 00:04:59 - Connected to database: payment_gateway
[INFO]: 2025-04-14 00:05:09 - Connected to database: tjl
[INFO]: 2025-04-14 00:05:09 - Connected to database: ppob
[INFO]: 2025-04-14 00:05:09 - Connected to database: payment_gateway
[INFO]: 2025-04-14 00:05:15 - Connected to database: tjl
[INFO]: 2025-04-14 00:05:15 - Connected to database: ppob
[INFO]: 2025-04-14 00:05:15 - Connected to database: payment_gateway
[INFO]: 2025-04-14 00:05:19 - Connected to database: tjl
[INFO]: 2025-04-14 00:05:19 - Connected to database: ppob
[INFO]: 2025-04-14 00:05:19 - Connected to database: payment_gateway
[INFO]: 2025-04-14 00:06:56 - Connected to database: tjl
[INFO]: 2025-04-14 00:06:56 - Connected to database: ppob
[INFO]: 2025-04-14 00:06:56 - Connected to database: payment_gateway
[INFO]: 2025-04-14 00:06:58 - Connected to database: tjl
[INFO]: 2025-04-14 00:06:58 - Connected to database: ppob
[INFO]: 2025-04-14 00:06:58 - Connected to database: payment_gateway
[INFO]: 2025-04-14 00:06:59 - Connected to database: tjl
[INFO]: 2025-04-14 00:06:59 - Connected to database: ppob
[INFO]: 2025-04-14 00:06:59 - Connected to database: payment_gateway
[INFO]: 2025-04-14 00:07:06 - Connected to database: tjl
[INFO]: 2025-04-14 00:07:06 - Connected to database: ppob
[INFO]: 2025-04-14 00:07:06 - Connected to database: payment_gateway
[INFO]: 2025-04-14 00:07:22 - Connected to database: tjl
[INFO]: 2025-04-14 00:07:22 - Connected to database: tjl
[INFO]: 2025-04-14 00:07:22 - Connected to database: ppob
[INFO]: 2025-04-14 00:07:22 - Connected to database: payment_gateway
[INFO]: 2025-04-14 00:07:34 - Connected to database: tjl
[INFO]: 2025-04-14 00:07:34 - Connected to database: ppob
[INFO]: 2025-04-14 00:07:34 - Connected to database: payment_gateway
[INFO]: 2025-04-14 00:08:18 - Connected to database: tjl
[INFO]: 2025-04-14 00:08:18 - Connected to database: ppob
[INFO]: 2025-04-14 00:08:19 - Connected to database: payment_gateway
[INFO]: 2025-04-14 00:08:25 - Connected to database: tjl
[INFO]: 2025-04-14 00:08:25 - Connected to database: ppob
[INFO]: 2025-04-14 00:08:25 - Connected to database: payment_gateway
[INFO]: 2025-04-14 00:08:30 - Connected to database: tjl
[INFO]: 2025-04-14 00:08:30 - Connected to database: ppob
[INFO]: 2025-04-14 00:08:30 - Connected to database: payment_gateway
[INFO]: 2025-04-14 00:08:35 - Connected to database: tjl
[INFO]: 2025-04-14 00:08:35 - Connected to database: ppob
[INFO]: 2025-04-14 00:08:35 - Connected to database: payment_gateway
[INFO]: 2025-04-14 00:08:50 - Connected to database: tjl
[INFO]: 2025-04-14 00:08:50 - Connected to database: ppob
[INFO]: 2025-04-14 00:08:51 - Connected to database: payment_gateway
[INFO]: 2025-04-14 00:08:54 - Connected to database: tjl
[INFO]: 2025-04-14 00:08:54 - Connected to database: ppob
[INFO]: 2025-04-14 00:08:55 - Connected to database: tjl
[INFO]: 2025-04-14 00:08:55 - Connected to database: ppob
[INFO]: 2025-04-14 00:08:55 - Connected to database: payment_gateway
[INFO]: 2025-04-14 00:09:05 - Connected to database: tjl
[INFO]: 2025-04-14 00:09:05 - Connected to database: ppob
[INFO]: 2025-04-14 00:09:05 - Connected to database: payment_gateway
[INFO]: 2025-04-14 00:09:09 - Connected to database: tjl
[INFO]: 2025-04-14 00:09:09 - Connected to database: ppob
[INFO]: 2025-04-14 00:09:09 - Connected to database: payment_gateway
[INFO]: 2025-04-14 00:09:12 - Connected to database: tjl
[INFO]: 2025-04-14 00:09:12 - Connected to database: ppob
[INFO]: 2025-04-14 00:09:13 - Connected to database: payment_gateway
[INFO]: 2025-04-14 00:09:14 - Connected to database: tjl
[INFO]: 2025-04-14 00:09:14 - Connected to database: ppob
[INFO]: 2025-04-14 00:09:15 - Connected to database: payment_gateway
[INFO]: 2025-04-14 00:09:18 - Connected to database: tjl
[INFO]: 2025-04-14 00:09:18 - Connected to database: ppob
[INFO]: 2025-04-14 00:09:19 - Connected to database: payment_gateway
[INFO]: 2025-04-14 00:09:30 - Connected to database: tjl
[INFO]: 2025-04-14 00:09:30 - Connected to database: ppob
[INFO]: 2025-04-14 00:09:30 - Connected to database: payment_gateway
[INFO]: 2025-04-14 00:09:37 - Connected to database: tjl
[INFO]: 2025-04-14 00:09:37 - Connected to database: ppob
[INFO]: 2025-04-14 00:09:37 - Connected to database: payment_gateway
[INFO]: 2025-04-14 00:09:47 - Connected to database: tjl
[INFO]: 2025-04-14 00:09:47 - Connected to database: ppob
[INFO]: 2025-04-14 00:09:47 - Connected to database: payment_gateway
[INFO]: 2025-04-14 00:09:59 - Connected to database: tjl
[INFO]: 2025-04-14 00:10:00 - Connected to database: ppob
[INFO]: 2025-04-14 00:10:00 - Connected to database: payment_gateway
[INFO]: 2025-04-14 00:10:33 - Connected to database: tjl
[INFO]: 2025-04-14 00:10:33 - Connected to database: ppob
[INFO]: 2025-04-14 00:10:33 - Connected to database: payment_gateway
[INFO]: 2025-04-14 00:10:37 - Connected to database: tjl
[INFO]: 2025-04-14 00:10:37 - Connected to database: ppob
[INFO]: 2025-04-14 00:10:38 - Connected to database: payment_gateway
[INFO]: 2025-04-14 00:10:39 - Connected to database: tjl
[INFO]: 2025-04-14 00:10:39 - Connected to database: ppob
[INFO]: 2025-04-14 00:10:40 - Connected to database: payment_gateway
[INFO]: 2025-04-14 00:11:46 - Get All Transaction Payment success
[INFO]: 2025-04-14 00:12:17 - Connected to database: tjl
[INFO]: 2025-04-14 00:12:17 - Connected to database: ppob
[INFO]: 2025-04-14 00:12:17 - Connected to database: payment_gateway
[INFO]: 2025-04-14 00:12:22 - Connected to database: tjl
[INFO]: 2025-04-14 00:12:22 - Connected to database: ppob
[INFO]: 2025-04-14 00:12:22 - Connected to database: payment_gateway
[INFO]: 2025-04-14 00:12:35 - Connected to database: tjl
[INFO]: 2025-04-14 00:12:35 - Connected to database: ppob
[INFO]: 2025-04-14 00:12:35 - Connected to database: payment_gateway
[INFO]: 2025-04-14 00:12:55 - Connected to database: tjl
[INFO]: 2025-04-14 00:12:55 - Connected to database: ppob
[INFO]: 2025-04-14 00:12:55 - Connected to database: payment_gateway
[ERROR]: 2025-04-14 00:12:55 - In Server: Error 1054 (42S22): Unknown column 'transaction_status' in 'field list'
[ERROR]: 2025-04-14 00:12:56 - In Server: Error 1054 (42S22): Unknown column 'transaction_status' in 'field list'
[INFO]: 2025-04-14 00:13:10 - Connected to database: tjl
[INFO]: 2025-04-14 00:13:10 - Connected to database: ppob
[INFO]: 2025-04-14 00:13:11 - Connected to database: payment_gateway
[INFO]: 2025-04-14 00:13:16 - Connected to database: tjl
[INFO]: 2025-04-14 00:13:16 - Connected to database: ppob
[INFO]: 2025-04-14 00:13:16 - Connected to database: payment_gateway
[INFO]: 2025-04-14 00:13:17 - Get All Transaction Payment success
[INFO]: 2025-04-14 00:14:44 - Get All Transaction Payment success
[INFO]: 2025-04-14 00:15:12 - Connected to database: tjl
[INFO]: 2025-04-14 00:15:13 - Connected to database: ppob
[INFO]: 2025-04-14 00:15:13 - Connected to database: payment_gateway
[INFO]: 2025-04-14 00:15:26 - Connected to database: tjl
[INFO]: 2025-04-14 00:15:26 - Connected to database: ppob
[INFO]: 2025-04-14 00:15:26 - Connected to database: payment_gateway
[INFO]: 2025-04-14 00:15:29 - Connected to database: tjl
[INFO]: 2025-04-14 00:15:29 - Connected to database: ppob
[INFO]: 2025-04-14 00:15:29 - Connected to database: payment_gateway
[INFO]: 2025-04-14 00:15:41 - Connected to database: tjl
[INFO]: 2025-04-14 00:15:41 - Connected to database: ppob
[INFO]: 2025-04-14 00:15:41 - Connected to database: payment_gateway
[INFO]: 2025-04-14 00:15:42 - Get All Transaction Payment success
[INFO]: 2025-04-14 00:15:43 - Get All Transaction Payment success
[INFO]: 2025-04-14 00:15:47 - Connected to database: tjl
[INFO]: 2025-04-14 00:15:47 - Connected to database: ppob
[INFO]: 2025-04-14 00:15:48 - Connected to database: payment_gateway
[INFO]: 2025-04-14 00:15:59 - Connected to database: tjl
[INFO]: 2025-04-14 00:15:59 - Connected to database: ppob
[INFO]: 2025-04-14 00:15:59 - Connected to database: payment_gateway
[INFO]: 2025-04-14 00:16:02 - Connected to database: tjl
[INFO]: 2025-04-14 00:16:03 - Connected to database: ppob
[INFO]: 2025-04-14 00:16:03 - Connected to database: payment_gateway
[INFO]: 2025-04-14 00:16:07 - Get All Transaction Payment success
[INFO]: 2025-04-14 00:16:08 - Get All Transaction Payment success
[INFO]: 2025-04-14 00:16:19 - Connected to database: tjl
[INFO]: 2025-04-14 00:16:20 - Connected to database: ppob
[INFO]: 2025-04-14 00:16:20 - Connected to database: payment_gateway
[INFO]: 2025-04-14 00:16:34 - Connected to database: tjl
[INFO]: 2025-04-14 00:16:34 - Connected to database: ppob
[INFO]: 2025-04-14 00:16:34 - Connected to database: payment_gateway
[INFO]: 2025-04-14 00:16:36 - Get All Transaction Payment success
[INFO]: 2025-04-14 00:17:01 - Get All Transaction Payment success
[INFO]: 2025-04-14 00:17:03 - Get All Transaction PPOB success
[INFO]: 2025-04-14 00:17:06 - Get All Transaction Payment success
[INFO]: 2025-04-14 00:17:26 - Connected to database: tjl
[INFO]: 2025-04-14 00:17:26 - Connected to database: ppob
[INFO]: 2025-04-14 00:17:27 - Connected to database: payment_gateway
[INFO]: 2025-04-14 00:17:47 - Connected to database: tjl
[INFO]: 2025-04-14 00:17:47 - Connected to database: ppob
[INFO]: 2025-04-14 00:17:47 - Connected to database: payment_gateway
[INFO]: 2025-04-14 00:17:58 - Get All Transaction Payment success
[INFO]: 2025-04-14 00:18:20 - Connected to database: tjl
[INFO]: 2025-04-14 00:18:20 - Connected to database: ppob
[INFO]: 2025-04-14 00:18:20 - Connected to database: payment_gateway
[INFO]: 2025-04-14 00:18:43 - Connected to database: tjl
[INFO]: 2025-04-14 00:18:43 - Connected to database: ppob
[INFO]: 2025-04-14 00:18:43 - Connected to database: payment_gateway
[INFO]: 2025-04-14 00:18:46 - Get All Transaction Payment success
[INFO]: 2025-04-14 00:18:52 - Connected to database: tjl
[INFO]: 2025-04-14 00:18:53 - Connected to database: ppob
[INFO]: 2025-04-14 00:18:53 - Connected to database: payment_gateway
[INFO]: 2025-04-14 00:18:55 - Connected to database: tjl
[INFO]: 2025-04-14 00:18:55 - Connected to database: ppob
[INFO]: 2025-04-14 00:18:55 - Connected to database: payment_gateway
[INFO]: 2025-04-14 00:19:14 - Connected to database: tjl
[INFO]: 2025-04-14 00:19:15 - Connected to database: ppob
[INFO]: 2025-04-14 00:19:15 - Connected to database: payment_gateway
[INFO]: 2025-04-14 00:19:19 - Connected to database: tjl
[INFO]: 2025-04-14 00:19:19 - Connected to database: ppob
[INFO]: 2025-04-14 00:19:20 - Connected to database: payment_gateway
[INFO]: 2025-04-14 00:19:52 - Get All Transaction Payment success
[INFO]: 2025-04-14 00:20:36 - Connected to database: tjl
[INFO]: 2025-04-14 00:20:36 - Connected to database: ppob
[INFO]: 2025-04-14 00:20:36 - Connected to database: payment_gateway
[INFO]: 2025-04-14 00:20:37 - Get All Transaction Payment success
[INFO]: 2025-04-14 00:20:57 - Connected to database: tjl
[INFO]: 2025-04-14 00:20:57 - Connected to database: ppob
[INFO]: 2025-04-14 00:20:57 - Connected to database: payment_gateway
[INFO]: 2025-04-14 00:21:14 - Connected to database: tjl
[INFO]: 2025-04-14 00:21:14 - Connected to database: ppob
[INFO]: 2025-04-14 00:21:14 - Connected to database: payment_gateway
[INFO]: 2025-04-14 00:21:34 - Connected to database: tjl
[INFO]: 2025-04-14 00:21:34 - Connected to database: ppob
[INFO]: 2025-04-14 00:21:34 - Connected to database: payment_gateway
[INFO]: 2025-04-14 00:21:37 - Get All Transaction Payment success
[INFO]: 2025-04-14 00:21:38 - Get All Transaction Payment success
[INFO]: 2025-04-14 00:22:43 - Connected to database: tjl
[INFO]: 2025-04-14 00:22:43 - Connected to database: ppob
[INFO]: 2025-04-14 00:22:43 - Connected to database: payment_gateway
[INFO]: 2025-04-14 00:22:44 - Get All Transaction Payment success
[INFO]: 2025-04-14 00:22:51 - Connected to database: tjl
[INFO]: 2025-04-14 00:22:51 - Connected to database: ppob
[INFO]: 2025-04-14 00:22:51 - Connected to database: payment_gateway
[INFO]: 2025-04-14 00:22:51 - Get All Transaction Payment success
[INFO]: 2025-04-14 00:23:56 - Connected to database: tjl
[INFO]: 2025-04-14 00:23:56 - Connected to database: ppob
[INFO]: 2025-04-14 00:23:56 - Connected to database: payment_gateway
[INFO]: 2025-04-14 00:24:06 - Get All Transaction Payment success
[INFO]: 2025-04-14 00:24:28 - Connected to database: tjl
[INFO]: 2025-04-14 00:24:28 - Connected to database: ppob
[INFO]: 2025-04-14 00:24:28 - Connected to database: payment_gateway
[INFO]: 2025-04-14 00:24:33 - Connected to database: tjl
[INFO]: 2025-04-14 00:24:33 - Connected to database: ppob
[INFO]: 2025-04-14 00:24:33 - Connected to database: payment_gateway
[INFO]: 2025-04-14 00:24:33 - Get All Transaction Payment success
[INFO]: 2025-04-14 00:24:34 - Get All Transaction Payment success
[INFO]: 2025-04-14 00:24:53 - Connected to database: tjl
[INFO]: 2025-04-14 00:24:53 - Connected to database: ppob
[INFO]: 2025-04-14 00:24:54 - Connected to database: payment_gateway
[INFO]: 2025-04-14 00:25:29 - Connected to database: tjl
[INFO]: 2025-04-14 00:25:29 - Connected to database: ppob
[INFO]: 2025-04-14 00:25:29 - Connected to database: payment_gateway
[INFO]: 2025-04-14 00:25:30 - Get All Transaction Payment success
