[ERROR]: 2025-03-21 10:21:32 - In Server: status [in progress] already used
[INFO]: 2025-03-21 10:32:30 - Get List Info Apply Job success
[INFO]: 2025-03-21 10:44:44 - Apply Job success
[ERROR]: 2025-03-21 10:44:56 - In Server: user already applied job
[ERROR]: 2025-03-21 10:45:22 - In Server: sql: expected 8 destination arguments in Scan, not 7
[ERROR]: 2025-03-21 10:47:14 - In Server: sql: expected 8 destination arguments in Scan, not 4
[INFO]: 2025-03-21 10:47:50 - Update Apply Job success
[INFO]: 2025-03-21 10:55:28 - Get List Info Apply Job success
[ERROR]: 2025-03-21 11:03:30 - In Server: Error 1064: You have an error in your SQL syntax; check the manual that corresponds to your MySQL server version for the right syntax to use near 'FROM apply_job_histories aj 
		INNER JOIN jobs j ON j.uid = aj.job_id
		INNER JO' at line 7
[ERROR]: 2025-03-21 11:03:38 - In Server: Error 1064: You have an error in your SQL syntax; check the manual that corresponds to your MySQL server version for the right syntax to use near 'FROM apply_job_histories aj 
		INNER JOIN jobs j ON j.uid = aj.job_id
		INNER JO' at line 7
[ERROR]: 2025-03-21 11:03:40 - In Server: Error 1054: Unknown column 'jc.job_id' in 'on clause'
[ERROR]: 2025-03-21 11:03:41 - In Server: Error 1054: Unknown column 'jc.job_id' in 'on clause'
[ERROR]: 2025-03-21 11:03:42 - In Server: Error 1054: Unknown column 'jc.job_id' in 'on clause'
[ERROR]: 2025-03-21 11:03:43 - In Server: Error 1054: Unknown column 'jc.job_id' in 'on clause'
[INFO]: 2025-03-21 11:04:11 - Get List Info Apply Job success
[INFO]: 2025-03-21 11:06:10 - Get List Info Apply Job success
[INFO]: 2025-03-21 11:07:08 - Get List Info Apply Job success
[INFO]: 2025-03-21 11:07:43 - Get List Info Apply Job success
[INFO]: 2025-03-21 11:07:44 - Get List Info Apply Job success
[INFO]: 2025-03-21 11:08:03 - Get List Info Apply Job success
[INFO]: 2025-03-21 11:08:05 - Get List Info Apply Job success
[INFO]: 2025-03-21 11:16:52 - Get Info Apply Job success
