[ERROR]: 2025-02-25 10:33:35 - In Server: E-mail address is invalid
[ERROR]: 2025-02-25 10:33:43 - In Server: E-mail address is invalid
[ERROR]: 2025-02-25 10:34:08 - In Server: E-mail address is invalid
[ERROR]: 2025-02-25 10:34:26 - In Server: E-mail address is invalid
[ERROR]: 2025-02-25 10:34:33 - In Server: EOF
[ERROR]: 2025-02-25 10:34:36 - In Server: E-mail address is invalid
[ERROR]: 2025-02-25 10:34:53 - In Server: E-mail address is invalid
[ERROR]: 2025-02-25 10:34:54 - In Server: E-mail address is invalid
[ERROR]: 2025-02-25 10:36:07 - In Server: E-mail address is invalid
[ERROR]: 2025-02-25 10:36:19 - In Server: E-mail address is invalid
[ERROR]: 2025-02-25 10:36:20 - In Server: E-mail address is invalid
[ERROR]: 2025-02-25 10:36:31 - In Server: E-mail address is invalid
[ERROR]: 2025-02-25 10:36:34 - In Server: E-mail address is invalid
[ERROR]: 2025-02-25 10:36:59 - In Server: E-mail address is invalid
[ERROR]: 2025-02-25 10:37:04 - In Server: E-mail address is invalid
[ERROR]: 2025-02-25 10:37:41 - In Server: E-mail address is invalid
[ERROR]: 2025-02-25 10:37:56 - In Server: E-mail address is invalid
[ERROR]: 2025-02-25 10:38:45 - In Server: E-mail address is invalid
[ERROR]: 2025-02-25 10:39:20 - In Server: Error 1146: Table 'tjl.applications' doesn't exist
[ERROR]: 2025-02-25 10:41:40 - In Server: Error 1452: Cannot add or update a child row: a foreign key constraint fails (`tjl`.`users`, CONSTRAINT `users_ibfk_1` FOREIGN KEY (`uid`) REFERENCES `profiles` (`user_id`) ON DELETE CASCADE ON UPDATE CASCADE)
[INFO]: 2025-02-25 10:46:13 - Register success
[INFO]: 2025-02-25 10:48:33 - Register success
[ERROR]: 2025-02-25 10:53:17 - In Server: fullname is required
[INFO]: 2025-02-25 10:53:26 - Register success
[ERROR]: 2025-02-25 10:57:22 - In Server: avatar is required
[ERROR]: 2025-02-25 10:57:56 - In Server: User already exist
[INFO]: 2025-02-25 10:58:47 - Register success
[INFO]: 2025-02-25 10:59:31 - Register success
[ERROR]: 2025-02-25 11:00:50 - In Server: Error 1452: Cannot add or update a child row: a foreign key constraint fails (`tjl`.`profiles`, CONSTRAINT `profiles_ibfk_1` FOREIGN KEY (`user_id`) REFERENCES `users` (`uid`) ON DELETE CASCADE ON UPDATE CASCADE)
[INFO]: 2025-02-25 11:01:05 - Register success
[INFO]: 2025-02-25 11:13:52 - Register success
[ERROR]: 2025-02-25 11:39:56 - In Server: job_id is required
[ERROR]: 2025-02-25 11:40:07 - In Server: job_id is required
[ERROR]: 2025-02-25 11:40:11 - In Server: job_id is required
[ERROR]: 2025-02-25 11:40:42 - In Server: Error 1054: Unknown column 'email' in 'field list'
[ERROR]: 2025-02-25 11:40:56 - In Server: User already exist
[ERROR]: 2025-02-25 11:41:22 - In Server: Job not found
[ERROR]: 2025-02-25 11:41:41 - In Server: Error 1146: Table 'tjl.user_job_picks' doesn't exist
[ERROR]: 2025-02-25 11:42:00 - In Server: User already exist
[INFO]: 2025-02-25 11:42:14 - Register success
[INFO]: 2025-02-25 11:45:39 - Register success
[ERROR]: 2025-02-25 11:46:23 - In Server: User already exist
[ERROR]: 2025-02-25 11:46:40 - In Server: val field is required
[ERROR]: 2025-02-25 11:46:44 - In Server: Error 1054: Unknown column 'email_active' in 'field list'
[ERROR]: 2025-02-25 11:48:42 - In Server: Error 1054: Unknown column 'otp_date' in 'field list'
[ERROR]: 2025-02-25 11:49:22 - Failed to send email: failed to send email, status code: 400 Bad Request
[ERROR]: 2025-02-25 11:49:22 - In Server: Please activate your account
[ERROR]: 2025-02-25 11:50:14 - In Server: Please activate your account
[ERROR]: 2025-02-25 11:51:38 - In Server: val field is required
[ERROR]: 2025-02-25 11:52:00 - In Server: otp field is required
[ERROR]: 2025-02-25 11:52:33 - In Server: Otp is expired
[ERROR]: 2025-02-25 11:53:32 - In Server: Error 1054: Unknown column 'email_active' in 'field list'
[INFO]: 2025-02-25 11:55:06 - Resend otp success
[ERROR]: 2025-02-25 11:55:25 - In Server: Please activate your account
[ERROR]: 2025-02-25 11:57:46 - In Server: Otp is expired
[INFO]: 2025-02-25 11:57:50 - Resend otp success
[INFO]: 2025-02-25 11:58:07 - Verify account success
[INFO]: 2025-02-25 11:58:10 - Verify account success
[ERROR]: 2025-02-25 11:58:12 - In Server: Please activate your account
[ERROR]: 2025-02-25 11:58:14 - In Server: Please activate your account
[ERROR]: 2025-02-25 11:58:22 - In Server: Please activate your account
[ERROR]: 2025-02-25 11:59:35 - In Server: Please activate your account
[INFO]: 2025-02-25 12:00:06 - Login success
[ERROR]: 2025-02-25 12:00:17 - In Server: Account is already active
[INFO]: 2025-02-25 12:05:36 - Login success
[ERROR]: 2025-02-25 12:05:43 - In Server: Missing auth token
[ERROR]: 2025-02-25 12:06:23 - In Server: Missing auth token
[ERROR]: 2025-02-25 12:07:16 - In Server: Missing auth token
[ERROR]: 2025-02-25 12:07:34 - In Server: Missing auth token
[ERROR]: 2025-02-25 12:07:34 - In Server: Missing auth token
[ERROR]: 2025-02-25 12:07:35 - In Server: Missing auth token
[ERROR]: 2025-02-25 12:07:42 - In Server: Missing auth token
[ERROR]: 2025-02-25 12:07:47 - In Server: Missing auth token
[ERROR]: 2025-02-25 12:07:48 - In Server: Missing auth token
[ERROR]: 2025-02-25 12:07:49 - In Server: Missing auth token
[ERROR]: 2025-02-25 12:08:23 - In Server: Missing auth token
[ERROR]: 2025-02-25 12:08:23 - In Server: Missing auth token
[ERROR]: 2025-02-25 12:09:15 - In Server: Missing auth token
[ERROR]: 2025-02-25 12:09:31 - In Server: Missing auth token
[ERROR]: 2025-02-25 12:09:54 - In Server: Missing auth token
[ERROR]: 2025-02-25 12:10:22 - In Server: Missing auth token
[ERROR]: 2025-02-25 12:11:07 - In Server: signature is invalid
[INFO]: 2025-02-25 12:11:12 - Login success
[INFO]: 2025-02-25 12:11:21 - Create content unlike success
[INFO]: 2025-02-25 12:11:37 - Create content unlike success
[ERROR]: 2025-02-25 12:22:59 - In Server: Error 1064: You have an error in your SQL syntax; check the manual that corresponds to your MySQL server version for the right syntax to use near '.fullname, p.avatar, u.phone, u.email 
	FROM profiles p 
	INNER JOIN users u ON ' at line 1
[ERROR]: 2025-02-25 12:23:02 - In Server: Error 1054: Unknown column 'p.uid' in 'field list'
[ERROR]: 2025-02-25 12:30:18 - In Server: Error 1054: Unknown column 'upj.name' in 'field list'
[ERROR]: 2025-02-25 12:30:20 - In Server: Error 1054: Unknown column 'upj.name' in 'field list'
[ERROR]: 2025-02-25 12:30:51 - In Server: Error 1054: Unknown column 'upj.name' in 'field list'
[ERROR]: 2025-02-25 13:39:02 - In Server: Error 1065: Query was empty
[ERROR]: 2025-02-25 13:39:46 - In Server: Error 1065: Query was empty
[ERROR]: 2025-02-25 13:39:46 - In Server: Error 1065: Query was empty
[ERROR]: 2025-02-25 13:39:47 - In Server: Error 1065: Query was empty
[ERROR]: 2025-02-25 13:39:48 - In Server: Error 1065: Query was empty
[ERROR]: 2025-02-25 13:39:48 - In Server: Error 1065: Query was empty
[ERROR]: 2025-02-25 13:39:49 - In Server: Error 1065: Query was empty
