[ERROR]: 2025-02-28 10:34:48 - In Server: Missing auth token
[ERROR]: 2025-02-28 10:34:49 - In Server: Missing auth token
[ERROR]: 2025-02-28 10:34:52 - In Server: EOF
[INFO]: 2025-02-28 10:35:12 - Get Bannner success
[INFO]: 2025-02-28 10:37:57 - Forum List success
[INFO]: 2025-02-28 10:40:33 - Get Bannner success
[INFO]: 2025-02-28 10:40:47 - Get Bannner success
[INFO]: 2025-02-28 10:41:02 - Get Bannner success
[INFO]: 2025-02-28 10:41:14 - Get Bannner success
[INFO]: 2025-02-28 10:41:52 - Get Bannner success
[INFO]: 2025-02-28 10:42:14 - Get Bannner success
[INFO]: 2025-02-28 10:42:42 - Get Bannner success
[INFO]: 2025-02-28 10:43:07 - Get Bannner success
[INFO]: 2025-02-28 10:43:08 - Get Bannner success
[INFO]: 2025-02-28 10:43:46 - Get Bannner success
[INFO]: 2025-02-28 10:43:55 - Get Bannner success
[INFO]: 2025-02-28 10:49:21 - Get Bannner success
[ERROR]: 2025-02-28 10:51:15 - In Server: Missing auth token
[ERROR]: 2025-02-28 10:51:20 - In Server: link is required
[INFO]: 2025-02-28 10:51:30 - Get Bannner success
[INFO]: 2025-02-28 10:59:15 - Store Bannner success
[INFO]: 2025-02-28 10:59:21 - Get Bannner success
[ERROR]: 2025-02-28 11:11:50 - In Server: Missing auth token
[INFO]: 2025-02-28 11:12:01 - Store Bannner success
[INFO]: 2025-02-28 11:13:08 - Store Bannner success
[INFO]: 2025-02-28 11:13:40 - Store Bannner success
