[ERROR]: 2025-03-07 10:28:40 - In Server: Error 1054: Unknown column 'place' in 'field list'
[INFO]: 2025-03-07 10:29:43 - Store Bannner success
[INFO]: 2025-03-07 10:33:12 - Store Bannner success
[ERROR]: 2025-03-07 10:34:39 - In Server: Error 1452: Cannot add or update a child row: a foreign key constraint fails (`tjl`.`form_biodata`, CONSTRAINT `form_biodata_ibfk_1` FOREIGN KEY (`user_id`) REFERENCES `users` (`uid`) ON DELETE CASCADE ON UPDATE CASCADE)
[INFO]: 2025-03-07 10:35:21 - Register success
[INFO]: 2025-03-07 10:35:42 - Verify account success
[INFO]: 2025-03-07 10:36:03 - Store Bannner success
[ERROR]: 2025-03-07 10:36:26 - In Server: Error 1452: Cannot add or update a child row: a foreign key constraint fails (`tjl`.`form_biodata`, CONSTRAINT `form_biodata_ibfk_1` FOREIGN KEY (`user_id`) REFERENCES `users` (`uid`) ON DELETE CASCADE ON UPDATE CASCADE)
[ERROR]: 2025-03-07 10:37:39 - In Server: Error 1452: Cannot add or update a child row: a foreign key constraint fails (`tjl`.`form_biodata`, CONSTRAINT `form_biodata_ibfk_1` FOREIGN KEY (`user_id`) REFERENCES `users` (`uid`) ON DELETE CASCADE ON UPDATE CASCADE)
[INFO]: 2025-03-07 10:39:07 - Login success
[INFO]: 2025-03-07 10:40:24 - Store Bannner success
[INFO]: 2025-03-07 10:40:53 - Form Biodata success
[INFO]: 2025-03-07 10:41:01 - Login success
[INFO]: 2025-03-07 10:41:07 - Form Biodata success
[INFO]: 2025-03-07 10:41:24 - Form Biodata success
[INFO]: 2025-03-07 10:41:39 - Form Biodata success
[ERROR]: 2025-03-07 11:09:36 - In Server: Missing auth token
[ERROR]: 2025-03-07 11:09:47 - In Server: place is required
[ERROR]: 2025-03-07 11:10:02 - In Server: province_id is required
[ERROR]: 2025-03-07 11:10:12 - In Server: Error 1054: Unknown column 'province_id' in 'field list'
[ERROR]: 2025-03-07 11:10:45 - In Server: Error 1146: Table 'tjl.form_regions' doesn't exist
[ERROR]: 2025-03-07 11:10:57 - In Server: Error 1264: Out of range value for column 'subdistrict_id' at row 1
[INFO]: 2025-03-07 11:11:31 - Form Biodata success
[INFO]: 2025-03-07 11:12:37 - Form Biodata success
[ERROR]: 2025-03-07 13:45:16 - In Server: User already exist
[ERROR]: 2025-03-07 13:49:10 - In Server: Error 1054: Unknown column 'job_id' in 'field list'
[ERROR]: 2025-03-07 13:49:51 - In Server: Error 1146: Table 'tjl.user_jobs' doesn't exist
[INFO]: 2025-03-07 13:50:25 - Register success
[ERROR]: 2025-03-07 13:56:34 - In Server: Missing auth token
[ERROR]: 2025-03-07 13:56:52 - In Server: Missing auth token
[INFO]: 2025-03-07 13:56:54 - Register success
[INFO]: 2025-03-07 13:57:08 - Register success
[INFO]: 2025-03-07 13:57:30 - Register success
[ERROR]: 2025-03-07 14:15:06 - In Server: Otp is expired
[INFO]: 2025-03-07 14:15:16 - Resend otp success
