[INFO]: 2025-06-22 18:25:39 - Connected to database: capbridge
[INFO]: 2025-06-22 18:25:50 - Login success
[INFO]: 2025-06-22 18:35:38 - Connected to database: capbridge
[INFO]: 2025-06-22 18:36:17 - Connected to database: capbridge
[INFO]: 2025-06-22 18:36:28 - Connected to database: capbridge
[INFO]: 2025-06-22 18:36:32 - Connected to database: capbridge
[INFO]: 2025-06-22 18:36:41 - Connected to database: capbridge
[INFO]: 2025-06-22 18:37:48 - Connected to database: capbridge
[INFO]: 2025-06-22 18:38:08 - Connected to database: capbridge
[INFO]: 2025-06-22 18:38:11 - Connected to database: capbridge
[INFO]: 2025-06-22 18:38:30 - Connected to database: capbridge
[INFO]: 2025-06-22 18:38:32 - Connected to database: capbridge
[INFO]: 2025-06-22 18:38:40 - Connected to database: capbridge
[INFO]: 2025-06-22 18:38:52 - Connected to database: capbridge
[INFO]: 2025-06-22 18:39:06 - Connected to database: capbridge
[INFO]: 2025-06-22 18:40:38 - Connected to database: capbridge
[INFO]: 2025-06-22 18:43:27 - Connected to database: capbridge
[INFO]: 2025-06-22 18:43:51 - Connected to database: capbridge
[INFO]: 2025-06-22 18:44:00 - Connected to database: capbridge
[INFO]: 2025-06-22 18:44:07 - Connected to database: capbridge
[INFO]: 2025-06-22 18:46:58 - Connected to database: capbridge
[INFO]: 2025-06-22 18:47:15 - Connected to database: capbridge
[INFO]: 2025-06-22 18:47:24 - Connected to database: capbridge
[INFO]: 2025-06-22 18:47:27 - Connected to database: capbridge
[INFO]: 2025-06-22 18:47:34 - Connected to database: capbridge
[INFO]: 2025-06-22 18:47:48 - Connected to database: capbridge
[INFO]: 2025-06-22 18:48:02 - Connected to database: capbridge
[INFO]: 2025-06-22 18:48:22 - Connected to database: capbridge
[INFO]: 2025-06-22 18:53:30 - Login success
[INFO]: 2025-06-22 18:54:08 - Connected to database: capbridge
[INFO]: 2025-06-22 18:54:41 - Connected to database: capbridge
[INFO]: 2025-06-22 18:54:45 - Connected to database: capbridge
[INFO]: 2025-06-22 18:54:50 - Connected to database: capbridge
[INFO]: 2025-06-22 18:54:52 - Connected to database: capbridge
[INFO]: 2025-06-22 18:54:54 - Connected to database: capbridge
[INFO]: 2025-06-22 18:54:57 - Connected to database: capbridge
[INFO]: 2025-06-22 18:55:17 - Connected to database: capbridge
[INFO]: 2025-06-22 18:55:20 - Connected to database: capbridge
[INFO]: 2025-06-22 18:55:25 - Connected to database: capbridge
[INFO]: 2025-06-22 18:55:26 - Connected to database: capbridge
[INFO]: 2025-06-22 18:55:32 - Connected to database: capbridge
[INFO]: 2025-06-22 18:55:41 - Connected to database: capbridge
[INFO]: 2025-06-22 18:55:46 - Connected to database: capbridge
[INFO]: 2025-06-22 18:55:55 - Connected to database: capbridge
[INFO]: 2025-06-22 18:56:00 - Connected to database: capbridge
[INFO]: 2025-06-22 18:56:08 - Connected to database: capbridge
[INFO]: 2025-06-22 18:56:13 - Connected to database: capbridge
[INFO]: 2025-06-22 18:56:18 - Connected to database: capbridge
[INFO]: 2025-06-22 18:56:20 - Connected to database: capbridge
[INFO]: 2025-06-22 18:56:37 - Connected to database: capbridge
[INFO]: 2025-06-22 19:03:09 - Connected to database: capbridge
[INFO]: 2025-06-22 19:03:13 - Connected to database: capbridge
[INFO]: 2025-06-22 19:20:00 - Connected to database: capbridge
[INFO]: 2025-06-22 19:20:02 - Connected to database: capbridge
[INFO]: 2025-06-22 19:20:23 - Connected to database: capbridge
[INFO]: 2025-06-22 19:20:27 - Connected to database: capbridge
[INFO]: 2025-06-22 19:21:13 - Connected to database: capbridge
[INFO]: 2025-06-22 19:21:34 - Connected to database: capbridge
[INFO]: 2025-06-22 19:22:15 - Connected to database: capbridge
[INFO]: 2025-06-22 19:22:27 - Connected to database: capbridge
[INFO]: 2025-06-22 19:22:37 - Connected to database: capbridge
[INFO]: 2025-06-22 19:23:56 - Connected to database: capbridge
[INFO]: 2025-06-22 19:23:59 - Connected to database: capbridge
[INFO]: 2025-06-22 19:24:12 - Connected to database: capbridge
[INFO]: 2025-06-22 19:24:27 - Connected to database: capbridge
[INFO]: 2025-06-22 19:24:33 - Connected to database: capbridge
[INFO]: 2025-06-22 19:24:37 - Connected to database: capbridge
[INFO]: 2025-06-22 19:26:06 - Connected to database: capbridge
[INFO]: 2025-06-22 19:26:31 - Connected to database: capbridge
[INFO]: 2025-06-22 19:26:37 - Connected to database: capbridge
[INFO]: 2025-06-22 19:26:53 - Connected to database: capbridge
[INFO]: 2025-06-22 19:27:19 - Connected to database: capbridge
[INFO]: 2025-06-22 19:27:28 - Connected to database: capbridge
[INFO]: 2025-06-22 19:28:00 - Connected to database: capbridge
[INFO]: 2025-06-22 19:28:08 - Connected to database: capbridge
[INFO]: 2025-06-22 19:28:09 - Connected to database: capbridge
[INFO]: 2025-06-22 19:28:38 - Connected to database: capbridge
[INFO]: 2025-06-22 19:28:44 - Connected to database: capbridge
[INFO]: 2025-06-22 19:29:18 - Connected to database: capbridge
[INFO]: 2025-06-22 19:29:22 - Connected to database: capbridge
[INFO]: 2025-06-22 19:29:33 - Connected to database: capbridge
[INFO]: 2025-06-22 19:29:37 - Connected to database: capbridge
[INFO]: 2025-06-22 19:29:40 - Connected to database: capbridge
[INFO]: 2025-06-22 19:29:44 - Connected to database: capbridge
[INFO]: 2025-06-22 19:29:53 - Connected to database: capbridge
[INFO]: 2025-06-22 19:29:54 - Connected to database: capbridge
[INFO]: 2025-06-22 19:30:05 - Connected to database: capbridge
[INFO]: 2025-06-22 19:30:32 - Connected to database: capbridge
[INFO]: 2025-06-22 19:30:43 - Connected to database: capbridge
[INFO]: 2025-06-22 19:30:59 - Connected to database: capbridge
[INFO]: 2025-06-22 19:32:23 - Connected to database: capbridge
[INFO]: 2025-06-22 19:32:59 - Connected to database: capbridge
[INFO]: 2025-06-22 19:33:06 - Connected to database: capbridge
[INFO]: 2025-06-22 19:33:26 - Connected to database: capbridge
[INFO]: 2025-06-22 19:33:35 - Connected to database: capbridge
[INFO]: 2025-06-22 19:33:58 - Connected to database: capbridge
[INFO]: 2025-06-22 19:34:04 - Connected to database: capbridge
[INFO]: 2025-06-22 19:35:51 - Login success
[INFO]: 2025-06-22 19:36:07 - Connected to database: capbridge
[ERROR]: 2025-06-22 19:36:08 - In Server: Missing auth token
[INFO]: 2025-06-22 19:36:13 - Admin List User success
[INFO]: 2025-06-22 19:36:31 - Admin List User success
[INFO]: 2025-06-22 19:37:12 - Connected to database: capbridge
[INFO]: 2025-06-22 19:37:17 - Admin List User success
[INFO]: 2025-06-22 19:38:29 - Connected to database: capbridge
[INFO]: 2025-06-22 19:38:49 - Connected to database: capbridge
[INFO]: 2025-06-22 19:38:52 - Admin List User success
[INFO]: 2025-06-22 19:38:53 - Admin List User success
[INFO]: 2025-06-22 19:39:09 - Connected to database: capbridge
[INFO]: 2025-06-22 19:39:10 - Admin List User success
[INFO]: 2025-06-22 19:39:11 - Admin List User success
[INFO]: 2025-06-22 19:39:12 - Admin List User success
[INFO]: 2025-06-22 19:42:35 - Connected to database: capbridge
[INFO]: 2025-06-22 19:43:21 - Connected to database: capbridge
[INFO]: 2025-06-22 19:44:19 - Connected to database: capbridge
[INFO]: 2025-06-22 19:44:38 - Connected to database: capbridge
[INFO]: 2025-06-22 19:44:41 - Connected to database: capbridge
[INFO]: 2025-06-22 19:48:18 - Connected to database: capbridge
[INFO]: 2025-06-22 19:48:53 - Connected to database: capbridge
[INFO]: 2025-06-22 19:49:25 - Connected to database: capbridge
[INFO]: 2025-06-22 19:49:29 - Connected to database: capbridge
[INFO]: 2025-06-22 19:49:57 - Connected to database: capbridge
[INFO]: 2025-06-22 19:51:16 - Connected to database: capbridge
[INFO]: 2025-06-22 19:51:24 - Connected to database: capbridge
[INFO]: 2025-06-22 19:51:27 - Connected to database: capbridge
[INFO]: 2025-06-22 19:51:32 - Connected to database: capbridge
[INFO]: 2025-06-22 19:51:36 - Connected to database: capbridge
[INFO]: 2025-06-22 19:51:41 - Connected to database: capbridge
[INFO]: 2025-06-22 19:51:47 - Connected to database: capbridge
[INFO]: 2025-06-22 19:51:55 - Connected to database: capbridge
[INFO]: 2025-06-22 19:52:05 - Connected to database: capbridge
[INFO]: 2025-06-22 19:52:08 - Connected to database: capbridge
[INFO]: 2025-06-22 19:52:18 - Connected to database: capbridge
[INFO]: 2025-06-22 19:52:18 - Admin List User success
[INFO]: 2025-06-22 19:53:52 - Connected to database: capbridge
[INFO]: 2025-06-22 19:53:53 - Admin List User success
[INFO]: 2025-06-22 19:54:54 - Connected to database: capbridge
[INFO]: 2025-06-22 19:54:55 - Admin List User success
[INFO]: 2025-06-22 19:55:53 - Admin List User success
[INFO]: 2025-06-22 19:56:04 - Connected to database: capbridge
[INFO]: 2025-06-22 19:56:07 - Admin List User success
[ERROR]: 2025-06-22 19:56:10 - In Server: Missing auth token
[ERROR]: 2025-06-22 19:56:14 - In Server: Token is invalid
[INFO]: 2025-06-22 19:56:19 - Admin List User success
[INFO]: 2025-06-22 19:56:52 - Admin List User success
[INFO]: 2025-06-22 19:58:03 - Connected to database: capbridge
[INFO]: 2025-06-22 19:58:19 - Connected to database: capbridge
[INFO]: 2025-06-22 19:58:27 - Connected to database: capbridge
[INFO]: 2025-06-22 19:58:34 - Connected to database: capbridge
[ERROR]: 2025-06-22 19:58:36 - In Server: Error 1054 (42S22): Unknown column 'ur.role' in 'field list'
[INFO]: 2025-06-22 20:00:28 - Connected to database: capbridge
[INFO]: 2025-06-22 20:00:28 - Admin List User success
[INFO]: 2025-06-22 20:00:54 - Admin List User success
[INFO]: 2025-06-22 20:01:26 - Connected to database: capbridge
[INFO]: 2025-06-22 20:07:48 - Connected to database: capbridge
[INFO]: 2025-06-22 20:07:57 - Connected to database: capbridge
[INFO]: 2025-06-22 20:08:02 - Connected to database: capbridge
[INFO]: 2025-06-22 20:08:09 - Connected to database: capbridge
[INFO]: 2025-06-22 20:08:17 - Connected to database: capbridge
[INFO]: 2025-06-22 20:08:27 - Connected to database: capbridge
[INFO]: 2025-06-22 20:08:39 - Connected to database: capbridge
[INFO]: 2025-06-22 20:08:40 - Connected to database: capbridge
[INFO]: 2025-06-22 20:08:50 - Connected to database: capbridge
[INFO]: 2025-06-22 20:08:54 - Connected to database: capbridge
[INFO]: 2025-06-22 20:08:59 - Connected to database: capbridge
[INFO]: 2025-06-22 20:09:10 - Connected to database: capbridge
[INFO]: 2025-06-22 20:09:41 - Connected to database: capbridge
[INFO]: 2025-06-22 20:10:06 - Connected to database: capbridge
[INFO]: 2025-06-22 20:10:11 - Connected to database: capbridge
[INFO]: 2025-06-22 20:10:16 - Connected to database: capbridge
[INFO]: 2025-06-22 20:11:03 - Connected to database: capbridge
[INFO]: 2025-06-22 20:11:17 - Connected to database: capbridge
[INFO]: 2025-06-22 20:11:19 - Connected to database: capbridge
[INFO]: 2025-06-22 20:11:21 - Connected to database: capbridge
[INFO]: 2025-06-22 20:11:23 - Connected to database: capbridge
[INFO]: 2025-06-22 20:11:33 - Connected to database: capbridge
[INFO]: 2025-06-22 20:11:37 - Connected to database: capbridge
[INFO]: 2025-06-22 20:11:48 - Connected to database: capbridge
[INFO]: 2025-06-22 20:11:53 - Connected to database: capbridge
[INFO]: 2025-06-22 20:11:56 - Connected to database: capbridge
[INFO]: 2025-06-22 20:12:06 - Connected to database: capbridge
[INFO]: 2025-06-22 20:41:55 - Connected to database: capbridge
[INFO]: 2025-06-22 20:42:12 - Connected to database: capbridge
[INFO]: 2025-06-22 20:42:39 - Connected to database: capbridge
[INFO]: 2025-06-22 20:42:43 - Connected to database: capbridge
[INFO]: 2025-06-22 20:42:51 - Connected to database: capbridge
[INFO]: 2025-06-22 20:42:58 - Connected to database: capbridge
[INFO]: 2025-06-22 20:43:01 - Connected to database: capbridge
[INFO]: 2025-06-22 20:43:03 - Connected to database: capbridge
[INFO]: 2025-06-22 20:43:12 - Connected to database: capbridge
[INFO]: 2025-06-22 20:43:20 - Connected to database: capbridge
[INFO]: 2025-06-22 20:43:29 - Connected to database: capbridge
[INFO]: 2025-06-22 20:43:40 - Connected to database: capbridge
[INFO]: 2025-06-22 20:43:45 - Connected to database: capbridge
[INFO]: 2025-06-22 20:46:52 - Connected to database: capbridge
[INFO]: 2025-06-22 20:47:12 - Connected to database: capbridge
[INFO]: 2025-06-22 20:47:31 - Connected to database: capbridge
[INFO]: 2025-06-22 20:47:34 - Connected to database: capbridge
[INFO]: 2025-06-22 20:47:42 - Connected to database: capbridge
[INFO]: 2025-06-22 20:54:44 - Connected to database: capbridge
[INFO]: 2025-06-22 20:54:50 - Connected to database: capbridge
[INFO]: 2025-06-22 20:55:25 - Connected to database: capbridge
[INFO]: 2025-06-22 20:55:31 - Admin List User success
[INFO]: 2025-06-22 20:57:06 - Connected to database: capbridge
[INFO]: 2025-06-22 20:57:08 - Admin List User success
[INFO]: 2025-06-22 20:57:44 - Connected to database: capbridge
[INFO]: 2025-06-22 21:20:33 - Connected to database: capbridge
[INFO]: 2025-06-22 21:20:43 - Connected to database: capbridge
[INFO]: 2025-06-22 21:21:02 - Connected to database: capbridge
[INFO]: 2025-06-22 21:22:52 - Admin List User success
[INFO]: 2025-06-22 21:23:04 - Admin List User success
[INFO]: 2025-06-22 21:23:05 - Admin List User success
[INFO]: 2025-06-22 21:23:22 - Admin List User success
[INFO]: 2025-06-22 21:24:46 - Admin List User success
[INFO]: 2025-06-22 21:27:37 - Connected to database: capbridge
[INFO]: 2025-06-22 21:28:16 - Connected to database: capbridge
[INFO]: 2025-06-22 21:28:26 - Connected to database: capbridge
[INFO]: 2025-06-22 21:28:34 - Connected to database: capbridge
[INFO]: 2025-06-22 21:28:39 - Connected to database: capbridge
[INFO]: 2025-06-22 21:28:52 - Connected to database: capbridge
[INFO]: 2025-06-22 21:28:59 - Connected to database: capbridge
[INFO]: 2025-06-22 21:29:03 - Connected to database: capbridge
[INFO]: 2025-06-22 21:29:28 - Connected to database: capbridge
[INFO]: 2025-06-22 21:29:31 - Connected to database: capbridge
[INFO]: 2025-06-22 21:29:32 - Connected to database: capbridge
[INFO]: 2025-06-22 21:29:32 - Admin List User success
[INFO]: 2025-06-22 21:29:33 - Admin List User success
[INFO]: 2025-06-22 21:29:38 - Admin List User success
[INFO]: 2025-06-22 21:29:59 - Admin List User success
[INFO]: 2025-06-22 21:29:59 - Admin List User success
[INFO]: 2025-06-22 21:30:07 - Admin List User success
[INFO]: 2025-06-22 21:30:45 - Connected to database: capbridge
[INFO]: 2025-06-22 21:30:45 - Admin List User success
[INFO]: 2025-06-22 21:30:46 - Admin List User success
[INFO]: 2025-06-22 21:30:47 - Admin List User success
[INFO]: 2025-06-22 21:31:21 - Connected to database: capbridge
[INFO]: 2025-06-22 21:31:21 - Admin List User success
[INFO]: 2025-06-22 21:31:29 - Admin List User success
[INFO]: 2025-06-22 21:31:40 - Admin List User success
[INFO]: 2025-06-22 21:31:47 - Admin List User success
[INFO]: 2025-06-22 21:31:56 - Connected to database: capbridge
