[ERROR]: 2025-03-06 11:39:17 - In Server: Missing auth token
[ERROR]: 2025-03-06 11:39:23 - In Server: title is required
[INFO]: 2025-03-06 11:42:48 - Fetch Job List success
[INFO]: 2025-03-06 11:42:49 - Fetch Job List success
[INFO]: 2025-03-06 11:43:05 - Fetch Job List success
[INFO]: 2025-03-06 11:43:17 - Fetch Job List success
[INFO]: 2025-03-06 11:45:28 - Job Favourite success
[INFO]: 2025-03-06 11:57:44 - Fetch Job List success
[INFO]: 2025-03-06 11:57:55 - Fetch Job List success
[INFO]: 2025-03-06 11:58:08 - Fetch Job List success
[INFO]: 2025-03-06 11:58:36 - Job Favourite success
[INFO]: 2025-03-06 11:58:40 - Fetch Job List success
[INFO]: 2025-03-06 11:58:46 - Job Favourite success
[INFO]: 2025-03-06 11:58:48 - Fetch Job List success
[INFO]: 2025-03-06 13:24:19 - Fetch Job List success
[INFO]: 2025-03-06 13:24:29 - Fetch Job List success
[INFO]: 2025-03-06 13:24:30 - Fetch Job List success
[INFO]: 2025-03-06 13:24:30 - Fetch Job List success
[INFO]: 2025-03-06 13:24:39 - Fetch Job List success
[INFO]: 2025-03-06 13:26:56 - Fetch Job List success
[INFO]: 2025-03-06 13:29:08 - Fetch Job List success
[INFO]: 2025-03-06 13:30:17 - Fetch Job List success
[INFO]: 2025-03-06 13:31:00 - Fetch Job List success
[INFO]: 2025-03-06 13:31:01 - Fetch Job List success
[INFO]: 2025-03-06 13:32:22 - Fetch Job List success
[INFO]: 2025-03-06 13:38:49 - Fetch Job List success
[INFO]: 2025-03-06 13:39:32 - Fetch Job List success
[INFO]: 2025-03-06 13:39:51 - Fetch Job List success
[INFO]: 2025-03-06 13:41:43 - Fetch Job List success
[INFO]: 2025-03-06 13:42:04 - Fetch Job List success
[INFO]: 2025-03-06 13:42:15 - Fetch Job List success
[INFO]: 2025-03-06 13:43:03 - Fetch Job List success
[INFO]: 2025-03-06 13:44:50 - Fetch Job List success
[INFO]: 2025-03-06 13:48:24 - Fetch Job List success
[INFO]: 2025-03-06 13:51:17 - Job Detail success
[INFO]: 2025-03-06 14:09:24 - Fetch Job List success
[INFO]: 2025-03-06 14:09:26 - Fetch Job List success
[INFO]: 2025-03-06 15:24:30 - Job Detail success
