[INFO]: 2025-03-20 10:58:53 - Apply Job success
[INFO]: 2025-03-20 11:01:48 - Apply Job success
[INFO]: 2025-03-20 11:02:18 - Apply Job success
[ERROR]: 2025-03-20 11:03:22 - In Server: json: cannot unmarshal number into Go struct field ApplyJob.status of type string
[ERROR]: 2025-03-20 11:03:48 - In Server: Error 1452: Cannot add or update a child row: a foreign key constraint fails (`tjl`.`apply_jobs`, CONSTRAINT `apply_jobs_ibfk_2` FOREIGN KEY (`job_id`) REFERENCES `jobs` (`uid`) ON DELETE CASCADE ON UPDATE CASCADE)
[ERROR]: 2025-03-20 11:06:05 - In Server: Error 1452: Cannot add or update a child row: a foreign key constraint fails (`tjl`.`apply_jobs`, CONSTRAINT `apply_jobs_ibfk_2` FOREIGN KEY (`job_id`) REFERENCES `jobs` (`uid`) ON DELETE CASCADE ON UPDATE CASCADE)
[ERROR]: 2025-03-20 11:06:48 - In Server: Error 1452: Cannot add or update a child row: a foreign key constraint fails (`tjl`.`apply_jobs`, CONSTRAINT `apply_jobs_ibfk_2` FOREIGN KEY (`job_id`) REFERENCES `jobs` (`uid`) ON DELETE CASCADE ON UPDATE CASCADE)
[ERROR]: 2025-03-20 11:06:56 - In Server: Error 1452: Cannot add or update a child row: a foreign key constraint fails (`tjl`.`apply_jobs`, CONSTRAINT `apply_jobs_ibfk_2` FOREIGN KEY (`job_id`) REFERENCES `jobs` (`uid`) ON DELETE CASCADE ON UPDATE CASCADE)
[ERROR]: 2025-03-20 11:07:55 - In Server: sql: expected 3 arguments, got 4
[INFO]: 2025-03-20 11:08:10 - Update Form Education success
[INFO]: 2025-03-20 11:14:23 - Apply Job success
[ERROR]: 2025-03-20 11:23:25 - In Server: Missing auth token
[INFO]: 2025-03-20 11:23:29 - Get City success
[INFO]: 2025-03-20 11:37:34 - Get City success
[ERROR]: 2025-03-20 12:13:33 - In Server: Error 1364: Field 'id' doesn't have a default value
[INFO]: 2025-03-20 12:14:20 - Apply Job success
[ERROR]: 2025-03-20 12:14:52 - In Server: sql: expected 1 arguments, got 3
[ERROR]: 2025-03-20 12:15:46 - In Server: sql: expected 1 arguments, got 3
[ERROR]: 2025-03-20 12:17:05 - In Server: sql: expected 1 arguments, got 3
[ERROR]: 2025-03-20 12:17:06 - In Server: sql: expected 1 arguments, got 3
[INFO]: 2025-03-20 12:18:15 - Update Form Education success
[INFO]: 2025-03-20 12:18:15 - Update Form Education success
[INFO]: 2025-03-20 12:18:30 - Update Form Education success
[INFO]: 2025-03-20 12:18:58 - Update Form Education success
[INFO]: 2025-03-20 12:18:58 - Update Form Education success
[INFO]: 2025-03-20 12:22:30 - Apply Job success
[INFO]: 2025-03-20 12:22:48 - Update Form Education success
[INFO]: 2025-03-20 12:25:02 - Apply Job success
[INFO]: 2025-03-20 12:25:23 - Update Form Education success
[INFO]: 2025-03-20 12:47:47 - Get City success
[INFO]: 2025-03-20 12:50:14 - Get City success
[INFO]: 2025-03-20 12:50:29 - Get City success
[INFO]: 2025-03-20 12:50:30 - Get City success
[INFO]: 2025-03-20 12:51:22 - Get City success
[INFO]: 2025-03-20 12:52:02 - Get City success
[INFO]: 2025-03-20 12:52:22 - Get Info Aply Job success
[INFO]: 2025-03-20 12:52:38 - Get Info Aply Job success
[INFO]: 2025-03-20 12:53:06 - Get Info Aply Job success
[INFO]: 2025-03-20 12:53:09 - Get Info Aply Job success
[INFO]: 2025-03-20 12:55:21 - Get Info Aply Job success
[INFO]: 2025-03-20 13:03:03 - Get Info Aply Job success
[INFO]: 2025-03-20 13:04:55 - Get Info Aply Job success
[INFO]: 2025-03-20 13:05:36 - Get Info Aply Job success
[INFO]: 2025-03-20 13:06:04 - Get Info Aply Job success
[INFO]: 2025-03-20 13:09:00 - Get Info Aply Job success
[INFO]: 2025-03-20 13:10:37 - Get Info Aply Job success
[INFO]: 2025-03-20 13:22:06 - Update Form Education success
[INFO]: 2025-03-20 13:22:38 - Apply Job success
[INFO]: 2025-03-20 13:22:47 - Get Info Aply Job success
[ERROR]: 2025-03-20 13:22:58 - In Server: sql: expected 7 arguments, got 5
[INFO]: 2025-03-20 13:24:13 - Apply Job success
[INFO]: 2025-03-20 13:24:29 - Update Apply Job success
[INFO]: 2025-03-20 13:27:13 - Get Info Aply Job success
[INFO]: 2025-03-20 13:27:53 - Get Info Aply Job success
[INFO]: 2025-03-20 13:36:48 - Get Info Aply Job success
[INFO]: 2025-03-20 13:40:47 - Update Apply Job success
[INFO]: 2025-03-20 13:40:56 - Get Info Aply Job success
[INFO]: 2025-03-20 13:45:08 - Get Info Aply Job success
[INFO]: 2025-03-20 13:46:24 - Get Info Aply Job success
[ERROR]: 2025-03-20 13:56:34 - In Server: Missing auth token
[ERROR]: 2025-03-20 13:56:39 - In Server: Error 1064: You have an error in your SQL syntax; check the manual that corresponds to your MySQL server version for the right syntax to use near '?' at line 8
[ERROR]: 2025-03-20 13:56:41 - In Server: Error 1064: You have an error in your SQL syntax; check the manual that corresponds to your MySQL server version for the right syntax to use near '?' at line 8
[INFO]: 2025-03-20 13:56:55 - Get List Info Apply Job success
[INFO]: 2025-03-20 13:56:56 - Get List Info Apply Job success
[INFO]: 2025-03-20 13:59:45 - Get List Info Apply Job success
[INFO]: 2025-03-20 13:59:46 - Get List Info Apply Job success
[INFO]: 2025-03-20 14:00:04 - Login success
[INFO]: 2025-03-20 14:00:06 - Get List Info Apply Job success
[INFO]: 2025-03-20 14:00:37 - Get List Info Apply Job success
[INFO]: 2025-03-20 14:01:21 - Get List Info Apply Job success
[INFO]: 2025-03-20 14:01:28 - Get List Info Apply Job success
[INFO]: 2025-03-20 14:01:51 - Get List Info Apply Job success
[INFO]: 2025-03-20 14:03:16 - Get List Info Apply Job success
[INFO]: 2025-03-20 14:04:34 - Login success
[ERROR]: 2025-03-20 14:53:44 - In Server: Error 1054: Unknown column 'atj.uid' in 'field list'
[ERROR]: 2025-03-20 14:53:45 - In Server: Error 1054: Unknown column 'atj.uid' in 'field list'
[ERROR]: 2025-03-20 14:53:46 - In Server: Error 1054: Unknown column 'atj.uid' in 'field list'
[ERROR]: 2025-03-20 14:53:46 - In Server: Error 1054: Unknown column 'atj.uid' in 'field list'
[ERROR]: 2025-03-20 14:53:56 - In Server: Error 1054: Unknown column 'atj.uid' in 'field list'
[INFO]: 2025-03-20 14:54:16 - Get List Info Apply Job success
[INFO]: 2025-03-20 14:56:33 - Get List Info Apply Job success
[INFO]: 2025-03-20 14:56:34 - Get List Info Apply Job success
[INFO]: 2025-03-20 14:58:20 - Get List Info Apply Job success
[INFO]: 2025-03-20 14:59:10 - Get List Info Apply Job success
[INFO]: 2025-03-20 14:59:26 - Get Info Apply Job success
[INFO]: 2025-03-20 16:48:50 - Get List Info Apply Job success
[INFO]: 2025-03-20 16:48:57 - Get Info Apply Job success
[INFO]: 2025-03-20 16:53:56 - Get Info Apply Job success
[INFO]: 2025-03-20 16:56:15 - Get List Info Apply Job success
