[INFO]: 2025-03-13 10:45:57 - Login success
[INFO]: 2025-03-13 10:45:58 - Login success
[INFO]: 2025-03-13 10:45:59 - Login success
[INFO]: 2025-03-13 10:46:00 - Login success
[INFO]: 2025-03-13 10:46:01 - Login success
[INFO]: 2025-03-13 10:46:02 - Login success
[INFO]: 2025-03-13 10:46:02 - Login success
[INFO]: 2025-03-13 10:46:03 - Login success
[INFO]: 2025-03-13 10:46:04 - Login success
[INFO]: 2025-03-13 10:46:04 - Login success
[INFO]: 2025-03-13 10:46:30 - Login success
[INFO]: 2025-03-13 10:46:35 - Login success
[INFO]: 2025-03-13 10:46:37 - Login success
[INFO]: 2025-03-13 10:47:04 - Login success
[INFO]: 2025-03-13 10:47:58 - Login success
[INFO]: 2025-03-13 10:47:59 - Login success
[INFO]: 2025-03-13 10:48:00 - Login success
[INFO]: 2025-03-13 10:48:01 - Login success
[INFO]: 2025-03-13 10:48:01 - Login success
[INFO]: 2025-03-13 10:48:02 - Login success
[INFO]: 2025-03-13 10:48:03 - Login success
[INFO]: 2025-03-13 10:48:04 - Login success
[INFO]: 2025-03-13 10:48:05 - Login success
[INFO]: 2025-03-13 10:48:06 - Login success
[INFO]: 2025-03-13 10:48:06 - Login success
[INFO]: 2025-03-13 10:48:08 - Login success
[INFO]: 2025-03-13 10:48:08 - Login success
[INFO]: 2025-03-13 10:48:09 - Login success
[INFO]: 2025-03-13 10:48:10 - Login success
[INFO]: 2025-03-13 10:48:10 - Login success
[INFO]: 2025-03-13 10:48:11 - Login success
[INFO]: 2025-03-13 10:48:11 - Login success
[INFO]: 2025-03-13 10:48:12 - Login success
[INFO]: 2025-03-13 10:48:13 - Login success
[INFO]: 2025-03-13 10:48:13 - Login success
[INFO]: 2025-03-13 10:48:14 - Login success
[INFO]: 2025-03-13 10:48:15 - Login success
[INFO]: 2025-03-13 10:48:16 - Login success
[INFO]: 2025-03-13 10:48:16 - Login success
[INFO]: 2025-03-13 10:48:17 - Login success
[INFO]: 2025-03-13 10:48:18 - Login success
[INFO]: 2025-03-13 10:48:19 - Login success
[INFO]: 2025-03-13 10:48:19 - Login success
[INFO]: 2025-03-13 10:48:20 - Login success
[INFO]: 2025-03-13 10:48:20 - Login success
[INFO]: 2025-03-13 10:48:21 - Login success
[INFO]: 2025-03-13 10:48:22 - Login success
[INFO]: 2025-03-13 10:48:22 - Login success
[INFO]: 2025-03-13 10:48:23 - Login success
[INFO]: 2025-03-13 10:48:24 - Login success
[INFO]: 2025-03-13 10:48:24 - Login success
[INFO]: 2025-03-13 10:48:29 - Login success
[INFO]: 2025-03-13 10:48:30 - Login success
[INFO]: 2025-03-13 10:48:31 - Login success
[INFO]: 2025-03-13 10:48:33 - Login success
[INFO]: 2025-03-13 10:48:44 - Login success
[INFO]: 2025-03-13 10:48:47 - Login success
[INFO]: 2025-03-13 10:48:48 - Login success
[INFO]: 2025-03-13 10:48:50 - Login success
[INFO]: 2025-03-13 10:48:50 - Login success
[INFO]: 2025-03-13 10:48:51 - Login success
[INFO]: 2025-03-13 10:48:51 - Login success
[INFO]: 2025-03-13 10:48:51 - Login success
[INFO]: 2025-03-13 10:48:52 - Login success
[INFO]: 2025-03-13 10:48:52 - Login success
[INFO]: 2025-03-13 10:48:53 - Login success
[INFO]: 2025-03-13 10:49:10 - Login success
[INFO]: 2025-03-13 10:49:11 - Login success
[INFO]: 2025-03-13 10:49:11 - Login success
[INFO]: 2025-03-13 10:49:12 - Login success
[INFO]: 2025-03-13 10:49:13 - Login success
[INFO]: 2025-03-13 10:49:14 - Login success
[INFO]: 2025-03-13 10:49:15 - Login success
[INFO]: 2025-03-13 10:49:16 - Login success
[INFO]: 2025-03-13 10:49:17 - Login success
[INFO]: 2025-03-13 10:49:18 - Login success
[INFO]: 2025-03-13 10:49:20 - Login success
[INFO]: 2025-03-13 10:49:20 - Login success
[INFO]: 2025-03-13 10:49:21 - Login success
[INFO]: 2025-03-13 10:49:22 - Login success
[INFO]: 2025-03-13 10:51:07 - Login success
[INFO]: 2025-03-13 10:51:09 - Login success
[INFO]: 2025-03-13 10:51:10 - Login success
[INFO]: 2025-03-13 10:51:11 - Login success
[INFO]: 2025-03-13 10:51:12 - Login success
[INFO]: 2025-03-13 10:51:17 - Login success
[INFO]: 2025-03-13 10:51:20 - Login success
[INFO]: 2025-03-13 10:51:22 - Login success
[INFO]: 2025-03-13 10:51:23 - Login success
[INFO]: 2025-03-13 10:51:42 - Login success
[INFO]: 2025-03-13 10:51:43 - Login success
[INFO]: 2025-03-13 10:51:44 - Login success
[INFO]: 2025-03-13 10:51:46 - Login success
[INFO]: 2025-03-13 10:52:32 - Login success
[ERROR]: 2025-03-13 10:52:32 - In Server: Too many requests. Please try again later
[INFO]: 2025-03-13 10:52:33 - Login success
[ERROR]: 2025-03-13 10:52:33 - In Server: Too many requests. Please try again later
[INFO]: 2025-03-13 10:52:34 - Login success
[INFO]: 2025-03-13 10:52:35 - Login success
[INFO]: 2025-03-13 10:52:36 - Login success
[INFO]: 2025-03-13 10:52:44 - Login success
[ERROR]: 2025-03-13 10:52:44 - In Server: Too many requests. Please try again later
[ERROR]: 2025-03-13 11:11:33 - In Server: Missing auth token
[INFO]: 2025-03-13 11:11:38 - Get Country success
[INFO]: 2025-03-13 11:11:52 - Get Country success
[INFO]: 2025-03-13 11:11:53 - Get Country success
[INFO]: 2025-03-13 11:12:11 - Get Country success
[INFO]: 2025-03-13 11:17:35 - Fetch Job List success
[INFO]: 2025-03-13 11:23:44 - Register success
[ERROR]: 2025-03-13 12:21:26 - In Server: Error 1064: You have an error in your SQL syntax; check the manual that corresponds to your MySQL server version for the right syntax to use near 'WHERE p.name LIKE '%Saudi Arabia%'' at line 19
[ERROR]: 2025-03-13 12:21:48 - In Server: Error 1064: You have an error in your SQL syntax; check the manual that corresponds to your MySQL server version for the right syntax to use near 'WHERE p.name LIKE %'Saudi Arabia'%' at line 19
[ERROR]: 2025-03-13 12:22:11 - In Server: Error 1064: You have an error in your SQL syntax; check the manual that corresponds to your MySQL server version for the right syntax to use near 'WHERE p.name LIKE %Saudi Arabia%' at line 19
[ERROR]: 2025-03-13 12:22:11 - In Server: Error 1064: You have an error in your SQL syntax; check the manual that corresponds to your MySQL server version for the right syntax to use near 'WHERE p.name LIKE %Saudi Arabia%' at line 19
[ERROR]: 2025-03-13 12:22:21 - In Server: Error 1064: You have an error in your SQL syntax; check the manual that corresponds to your MySQL server version for the right syntax to use near 'WHERE p.name LIKE %'Saudi Arabia'%' at line 19
[ERROR]: 2025-03-13 12:22:40 - In Server: Error 1064: You have an error in your SQL syntax; check the manual that corresponds to your MySQL server version for the right syntax to use near 'WHERE p.name LIKE '%'Saudi Arabia'%'' at line 19
[ERROR]: 2025-03-13 12:22:53 - In Server: Error 1064: You have an error in your SQL syntax; check the manual that corresponds to your MySQL server version for the right syntax to use near 'WHERE p.name LIKE %Saudi Arabia%' at line 19
[ERROR]: 2025-03-13 12:23:04 - In Server: Error 1064: You have an error in your SQL syntax; check the manual that corresponds to your MySQL server version for the right syntax to use near 'WHERE p.name LIKE '%Saudi Arabia%'' at line 19
[ERROR]: 2025-03-13 12:25:28 - In Server: Error 1064: You have an error in your SQL syntax; check the manual that corresponds to your MySQL server version for the right syntax to use near ',? AND p.name LIKE ?' at line 19
[ERROR]: 2025-03-13 12:25:29 - In Server: Error 1064: You have an error in your SQL syntax; check the manual that corresponds to your MySQL server version for the right syntax to use near ',? AND p.name LIKE ?' at line 19
[ERROR]: 2025-03-13 12:29:15 - In Server: Error 1064: You have an error in your SQL syntax; check the manual that corresponds to your MySQL server version for the right syntax to use near ',? AND p.name LIKE ?' at line 19
[ERROR]: 2025-03-13 12:30:26 - In Server: Error 1064: You have an error in your SQL syntax; check the manual that corresponds to your MySQL server version for the right syntax to use near '%Saudi Arabia%' 
	 WHERE (j.salary * p.kurs) >= ?' at line 19
[ERROR]: 2025-03-13 12:30:27 - In Server: Error 1064: You have an error in your SQL syntax; check the manual that corresponds to your MySQL server version for the right syntax to use near '%Saudi Arabia%' 
	 WHERE (j.salary * p.kurs) >= ?' at line 19
[ERROR]: 2025-03-13 12:30:36 - In Server: Error 1064: You have an error in your SQL syntax; check the manual that corresponds to your MySQL server version for the right syntax to use near '%Saudi Arabia%' 
	 AND (j.salary * p.kurs) >= ?' at line 19
[ERROR]: 2025-03-13 12:30:37 - In Server: Error 1064: You have an error in your SQL syntax; check the manual that corresponds to your MySQL server version for the right syntax to use near '%Saudi Arabia%' 
	 AND (j.salary * p.kurs) >= ?' at line 19
[ERROR]: 2025-03-13 12:31:33 - In Server: Error 1064: You have an error in your SQL syntax; check the manual that corresponds to your MySQL server version for the right syntax to use near '%Saudi Arabia%' 
	 AND (j.salary * p.kurs) >= 440000' at line 19
[ERROR]: 2025-03-13 12:31:34 - In Server: Error 1064: You have an error in your SQL syntax; check the manual that corresponds to your MySQL server version for the right syntax to use near '%Saudi Arabia%' 
	 AND (j.salary * p.kurs) >= 440000' at line 19
[ERROR]: 2025-03-13 12:31:48 - In Server: Error 1064: You have an error in your SQL syntax; check the manual that corresponds to your MySQL server version for the right syntax to use near '%Saudi Arabia%' 
	 AND (j.salary * p.kurs) >= '440000'' at line 19
[ERROR]: 2025-03-13 12:31:48 - In Server: Error 1064: You have an error in your SQL syntax; check the manual that corresponds to your MySQL server version for the right syntax to use near '%Saudi Arabia%' 
	 AND (j.salary * p.kurs) >= '440000'' at line 19
[ERROR]: 2025-03-13 12:32:42 - In Server: Error 1064: You have an error in your SQL syntax; check the manual that corresponds to your MySQL server version for the right syntax to use near '/ WHERE p.name LIKE %Saudi Arabia%' 
	 AND (j.salary * p.kurs) >= '440000'' at line 19
[ERROR]: 2025-03-13 12:32:43 - In Server: Error 1064: You have an error in your SQL syntax; check the manual that corresponds to your MySQL server version for the right syntax to use near '/ WHERE p.name LIKE %Saudi Arabia%' 
	 AND (j.salary * p.kurs) >= '440000'' at line 19
[INFO]: 2025-03-13 12:32:53 - Fetch Job List success
[ERROR]: 2025-03-13 12:33:58 - In Server: Error 1064: You have an error in your SQL syntax; check the manual that corresponds to your MySQL server version for the right syntax to use near '%'test'%
	 AND (j.salary * p.kurs) >= '440000'' at line 19
[ERROR]: 2025-03-13 12:33:59 - In Server: Error 1064: You have an error in your SQL syntax; check the manual that corresponds to your MySQL server version for the right syntax to use near '%'test'%
	 AND (j.salary * p.kurs) >= '440000'' at line 19
[ERROR]: 2025-03-13 12:34:08 - In Server: Error 1064: You have an error in your SQL syntax; check the manual that corresponds to your MySQL server version for the right syntax to use near '%'test'%' at line 19
[ERROR]: 2025-03-13 12:34:09 - In Server: Error 1064: You have an error in your SQL syntax; check the manual that corresponds to your MySQL server version for the right syntax to use near '%'test'%' at line 19
[ERROR]: 2025-03-13 12:34:16 - In Server: Error 1064: You have an error in your SQL syntax; check the manual that corresponds to your MySQL server version for the right syntax to use near '%test%' at line 19
[INFO]: 2025-03-13 12:36:28 - Fetch Job List success
[INFO]: 2025-03-13 12:36:29 - Fetch Job List success
[INFO]: 2025-03-13 12:36:37 - Fetch Job List success
[INFO]: 2025-03-13 12:36:44 - Fetch Job List success
[INFO]: 2025-03-13 12:36:49 - Fetch Job List success
[INFO]: 2025-03-13 12:36:52 - Fetch Job List success
[INFO]: 2025-03-13 12:39:57 - Fetch Job List success
[INFO]: 2025-03-13 12:39:59 - Fetch Job List success
[INFO]: 2025-03-13 12:40:08 - Fetch Job List success
[INFO]: 2025-03-13 12:40:10 - Fetch Job List success
[INFO]: 2025-03-13 12:40:13 - Fetch Job List success
[ERROR]: 2025-03-13 17:45:53 - In Server: Error 1054: Unknown column 'req.id' in 'field list'
[ERROR]: 2025-03-13 17:45:54 - In Server: Error 1054: Unknown column 'req.id' in 'field list'
[ERROR]: 2025-03-13 17:46:08 - In Server: Error 1054: Unknown column 'fp.province_od' in 'on clause'
