[INFO]: 2025-06-03 10:57:18 - Connected to database: tjl
[INFO]: 2025-06-03 10:57:18 - Connected to database: ppob
[INFO]: 2025-06-03 10:57:18 - Connected to database: payment_gateway_langitdigital_dev
[INFO]: 2025-06-03 11:10:53 - Get All Courier success
[INFO]: 2025-06-03 11:14:49 - Rate by Coordinate
[INFO]: 2025-06-03 11:28:27 - Connected to database: tjl
[INFO]: 2025-06-03 11:28:27 - Connected to database: ppob
[INFO]: 2025-06-03 11:28:27 - Connected to database: payment_gateway_langitdigital_dev
[INFO]: 2025-06-03 11:28:46 - Connected to database: tjl
[INFO]: 2025-06-03 11:28:46 - Connected to database: ppob
[INFO]: 2025-06-03 11:28:46 - Connected to database: payment_gateway_langitdigital_dev
[INFO]: 2025-06-03 11:28:52 - Connected to database: tjl
[INFO]: 2025-06-03 11:28:52 - Connected to database: ppob
[INFO]: 2025-06-03 11:28:52 - Connected to database: payment_gateway_langitdigital_dev
[INFO]: 2025-06-03 11:29:07 - Connected to database: tjl
[INFO]: 2025-06-03 11:29:07 - Connected to database: ppob
[INFO]: 2025-06-03 11:29:07 - Connected to database: payment_gateway_langitdigital_dev
[INFO]: 2025-06-03 11:29:10 - Connected to database: tjl
[INFO]: 2025-06-03 11:29:10 - Connected to database: ppob
[INFO]: 2025-06-03 11:29:10 - Connected to database: payment_gateway_langitdigital_dev
[INFO]: 2025-06-03 11:29:16 - Connected to database: tjl
[INFO]: 2025-06-03 11:29:16 - Connected to database: ppob
[INFO]: 2025-06-03 11:29:16 - Connected to database: payment_gateway_langitdigital_dev
[INFO]: 2025-06-03 11:29:24 - Connected to database: tjl
[INFO]: 2025-06-03 11:29:24 - Connected to database: ppob
[INFO]: 2025-06-03 11:29:25 - Connected to database: payment_gateway_langitdigital_dev
[INFO]: 2025-06-03 11:36:41 - Rate by Coordinate
[INFO]: 2025-06-03 11:39:51 - Connected to database: tjl
[INFO]: 2025-06-03 11:39:51 - Connected to database: ppob
[INFO]: 2025-06-03 11:39:51 - Connected to database: payment_gateway_langitdigital_dev
[INFO]: 2025-06-03 11:39:53 - Connected to database: tjl
[INFO]: 2025-06-03 11:39:53 - Connected to database: ppob
[INFO]: 2025-06-03 11:39:53 - Connected to database: payment_gateway_langitdigital_dev
[INFO]: 2025-06-03 11:39:57 - Connected to database: tjl
[INFO]: 2025-06-03 11:39:57 - Connected to database: ppob
[INFO]: 2025-06-03 11:39:57 - Connected to database: payment_gateway_langitdigital_dev
[INFO]: 2025-06-03 11:40:00 - Connected to database: tjl
[INFO]: 2025-06-03 11:40:00 - Connected to database: ppob
[INFO]: 2025-06-03 11:40:00 - Connected to database: payment_gateway_langitdigital_dev
[INFO]: 2025-06-03 11:40:10 - Connected to database: tjl
[INFO]: 2025-06-03 11:40:10 - Connected to database: ppob
[INFO]: 2025-06-03 11:40:10 - Connected to database: payment_gateway_langitdigital_dev
[INFO]: 2025-06-03 11:40:16 - Connected to database: tjl
[INFO]: 2025-06-03 11:40:16 - Connected to database: ppob
[INFO]: 2025-06-03 11:40:16 - Connected to database: payment_gateway_langitdigital_dev
[INFO]: 2025-06-03 11:40:20 - Connected to database: tjl
[INFO]: 2025-06-03 11:40:20 - Connected to database: ppob
[INFO]: 2025-06-03 11:40:20 - Connected to database: payment_gateway_langitdigital_dev
[INFO]: 2025-06-03 11:40:26 - Connected to database: tjl
[INFO]: 2025-06-03 11:40:26 - Connected to database: ppob
[INFO]: 2025-06-03 11:40:26 - Connected to database: payment_gateway_langitdigital_dev
[INFO]: 2025-06-03 11:40:28 - Connected to database: tjl
[INFO]: 2025-06-03 11:40:28 - Connected to database: ppob
[INFO]: 2025-06-03 11:40:28 - Connected to database: payment_gateway_langitdigital_dev
[INFO]: 2025-06-03 11:40:56 - Connected to database: tjl
[INFO]: 2025-06-03 11:40:56 - Connected to database: ppob
[INFO]: 2025-06-03 11:40:56 - Connected to database: payment_gateway_langitdigital_dev
[INFO]: 2025-06-03 11:40:58 - Connected to database: tjl
[INFO]: 2025-06-03 11:40:58 - Connected to database: ppob
[INFO]: 2025-06-03 11:40:58 - Connected to database: payment_gateway_langitdigital_dev
[INFO]: 2025-06-03 11:41:08 - Connected to database: tjl
[INFO]: 2025-06-03 11:41:08 - Connected to database: ppob
[INFO]: 2025-06-03 11:41:08 - Connected to database: payment_gateway_langitdigital_dev
[INFO]: 2025-06-03 11:41:14 - Connected to database: tjl
[INFO]: 2025-06-03 11:41:14 - Connected to database: ppob
[INFO]: 2025-06-03 11:41:14 - Connected to database: payment_gateway_langitdigital_dev
[INFO]: 2025-06-03 11:41:19 - Connected to database: tjl
[INFO]: 2025-06-03 11:41:19 - Connected to database: ppob
[INFO]: 2025-06-03 11:41:19 - Connected to database: payment_gateway_langitdigital_dev
[INFO]: 2025-06-03 11:41:23 - Connected to database: tjl
[INFO]: 2025-06-03 11:41:23 - Connected to database: ppob
[INFO]: 2025-06-03 11:41:24 - Connected to database: payment_gateway_langitdigital_dev
[INFO]: 2025-06-03 11:41:26 - Connected to database: tjl
[INFO]: 2025-06-03 11:41:26 - Connected to database: ppob
[INFO]: 2025-06-03 11:41:26 - Connected to database: payment_gateway_langitdigital_dev
[INFO]: 2025-06-03 11:41:29 - Connected to database: tjl
[INFO]: 2025-06-03 11:41:29 - Connected to database: ppob
[INFO]: 2025-06-03 11:41:29 - Connected to database: payment_gateway_langitdigital_dev
[INFO]: 2025-06-03 11:41:32 - Connected to database: tjl
[INFO]: 2025-06-03 11:41:32 - Connected to database: ppob
[INFO]: 2025-06-03 11:41:32 - Connected to database: payment_gateway_langitdigital_dev
[INFO]: 2025-06-03 11:41:35 - Connected to database: tjl
[INFO]: 2025-06-03 11:41:35 - Connected to database: ppob
[INFO]: 2025-06-03 11:41:35 - Connected to database: payment_gateway_langitdigital_dev
[INFO]: 2025-06-03 11:41:48 - Connected to database: tjl
[INFO]: 2025-06-03 11:41:48 - Connected to database: ppob
[INFO]: 2025-06-03 11:41:48 - Connected to database: payment_gateway_langitdigital_dev
[INFO]: 2025-06-03 11:41:51 - Connected to database: tjl
[INFO]: 2025-06-03 11:41:51 - Connected to database: ppob
[INFO]: 2025-06-03 11:41:51 - Connected to database: payment_gateway_langitdigital_dev
[INFO]: 2025-06-03 11:41:55 - Connected to database: tjl
[INFO]: 2025-06-03 11:41:55 - Connected to database: ppob
[INFO]: 2025-06-03 11:41:55 - Connected to database: payment_gateway_langitdigital_dev
[INFO]: 2025-06-03 11:42:01 - Connected to database: tjl
[INFO]: 2025-06-03 11:42:01 - Connected to database: ppob
[INFO]: 2025-06-03 11:42:01 - Connected to database: payment_gateway_langitdigital_dev
[INFO]: 2025-06-03 11:42:07 - Connected to database: tjl
[INFO]: 2025-06-03 11:42:07 - Connected to database: ppob
[INFO]: 2025-06-03 11:42:07 - Connected to database: payment_gateway_langitdigital_dev
[INFO]: 2025-06-03 11:42:11 - Connected to database: tjl
[INFO]: 2025-06-03 11:42:11 - Connected to database: ppob
[INFO]: 2025-06-03 11:42:11 - Connected to database: payment_gateway_langitdigital_dev
[INFO]: 2025-06-03 11:42:25 - Connected to database: tjl
[INFO]: 2025-06-03 11:42:26 - Connected to database: ppob
[INFO]: 2025-06-03 11:42:26 - Connected to database: payment_gateway_langitdigital_dev
[INFO]: 2025-06-03 11:42:48 - Connected to database: tjl
[INFO]: 2025-06-03 11:42:49 - Connected to database: ppob
[INFO]: 2025-06-03 11:42:49 - Connected to database: payment_gateway_langitdigital_dev
[INFO]: 2025-06-03 11:43:13 - Connected to database: tjl
[INFO]: 2025-06-03 11:43:13 - Connected to database: ppob
[INFO]: 2025-06-03 11:43:13 - Connected to database: payment_gateway_langitdigital_dev
[INFO]: 2025-06-03 11:50:00 - Connected to database: tjl
[INFO]: 2025-06-03 11:50:00 - Connected to database: ppob
[INFO]: 2025-06-03 11:50:00 - Connected to database: payment_gateway_langitdigital_dev
[INFO]: 2025-06-03 11:50:02 - Connected to database: tjl
[INFO]: 2025-06-03 11:50:02 - Connected to database: ppob
[INFO]: 2025-06-03 11:50:03 - Connected to database: payment_gateway_langitdigital_dev
[INFO]: 2025-06-03 11:50:12 - Connected to database: tjl
[INFO]: 2025-06-03 11:50:12 - Connected to database: ppob
[INFO]: 2025-06-03 11:50:13 - Connected to database: payment_gateway_langitdigital_dev
[INFO]: 2025-06-03 11:50:13 - Connected to database: tjl
[INFO]: 2025-06-03 11:50:13 - Connected to database: ppob
[INFO]: 2025-06-03 11:50:13 - Connected to database: payment_gateway_langitdigital_dev
[INFO]: 2025-06-03 11:50:16 - Connected to database: tjl
[INFO]: 2025-06-03 11:50:16 - Connected to database: ppob
[INFO]: 2025-06-03 11:50:16 - Connected to database: payment_gateway_langitdigital_dev
[INFO]: 2025-06-03 11:50:19 - Connected to database: tjl
[INFO]: 2025-06-03 11:50:19 - Connected to database: ppob
[INFO]: 2025-06-03 11:50:19 - Connected to database: payment_gateway_langitdigital_dev
[INFO]: 2025-06-03 11:50:25 - Connected to database: tjl
[INFO]: 2025-06-03 11:50:26 - Connected to database: ppob
[INFO]: 2025-06-03 11:50:26 - Connected to database: payment_gateway_langitdigital_dev
[INFO]: 2025-06-03 11:50:27 - Connected to database: tjl
[INFO]: 2025-06-03 11:50:28 - Connected to database: ppob
[INFO]: 2025-06-03 11:50:28 - Connected to database: payment_gateway_langitdigital_dev
[INFO]: 2025-06-03 11:51:58 - Connected to database: tjl
[INFO]: 2025-06-03 11:51:58 - Connected to database: ppob
[INFO]: 2025-06-03 11:51:58 - Connected to database: payment_gateway_langitdigital_dev
[INFO]: 2025-06-03 11:52:43 - Connected to database: tjl
[INFO]: 2025-06-03 11:52:43 - Connected to database: ppob
[INFO]: 2025-06-03 11:52:43 - Connected to database: payment_gateway_langitdigital_dev
[INFO]: 2025-06-03 11:52:45 - Connected to database: tjl
[INFO]: 2025-06-03 11:52:45 - Connected to database: ppob
[INFO]: 2025-06-03 11:52:45 - Connected to database: payment_gateway_langitdigital_dev
[INFO]: 2025-06-03 11:52:59 - Rate by Coordinate
[INFO]: 2025-06-03 11:55:59 - Rate by Coordinate
[INFO]: 2025-06-03 12:11:26 - Connected to database: tjl
[INFO]: 2025-06-03 12:11:26 - Connected to database: ppob
[INFO]: 2025-06-03 12:11:27 - Connected to database: payment_gateway_langitdigital_dev
[INFO]: 2025-06-03 12:11:36 - Connected to database: tjl
[INFO]: 2025-06-03 12:11:36 - Connected to database: ppob
[INFO]: 2025-06-03 12:11:36 - Connected to database: payment_gateway_langitdigital_dev
[INFO]: 2025-06-03 12:11:51 - Connected to database: tjl
[INFO]: 2025-06-03 12:11:51 - Connected to database: ppob
[INFO]: 2025-06-03 12:11:51 - Connected to database: payment_gateway_langitdigital_dev
[INFO]: 2025-06-03 12:11:53 - Connected to database: tjl
[INFO]: 2025-06-03 12:11:53 - Connected to database: ppob
[INFO]: 2025-06-03 12:11:53 - Connected to database: payment_gateway_langitdigital_dev
[INFO]: 2025-06-03 12:11:57 - Connected to database: tjl
[INFO]: 2025-06-03 12:11:57 - Connected to database: ppob
[INFO]: 2025-06-03 12:11:57 - Connected to database: payment_gateway_langitdigital_dev
[INFO]: 2025-06-03 12:12:01 - Connected to database: tjl
[INFO]: 2025-06-03 12:12:01 - Connected to database: ppob
[INFO]: 2025-06-03 12:12:01 - Connected to database: payment_gateway_langitdigital_dev
[INFO]: 2025-06-03 12:12:05 - Connected to database: tjl
[INFO]: 2025-06-03 12:12:05 - Connected to database: ppob
[INFO]: 2025-06-03 12:12:05 - Connected to database: payment_gateway_langitdigital_dev
[INFO]: 2025-06-03 12:12:10 - Connected to database: tjl
[INFO]: 2025-06-03 12:12:10 - Connected to database: ppob
[INFO]: 2025-06-03 12:12:10 - Connected to database: payment_gateway_langitdigital_dev
[INFO]: 2025-06-03 12:12:31 - Connected to database: tjl
[INFO]: 2025-06-03 12:12:31 - Connected to database: ppob
[INFO]: 2025-06-03 12:12:31 - Connected to database: payment_gateway_langitdigital_dev
[INFO]: 2025-06-03 12:12:35 - Connected to database: tjl
[INFO]: 2025-06-03 12:12:35 - Connected to database: ppob
[INFO]: 2025-06-03 12:12:36 - Connected to database: payment_gateway_langitdigital_dev
[INFO]: 2025-06-03 12:12:42 - Connected to database: tjl
[INFO]: 2025-06-03 12:12:43 - Connected to database: ppob
[INFO]: 2025-06-03 12:12:43 - Connected to database: payment_gateway_langitdigital_dev
[INFO]: 2025-06-03 12:13:14 - Connected to database: tjl
[INFO]: 2025-06-03 12:13:14 - Connected to database: ppob
[INFO]: 2025-06-03 12:13:15 - Connected to database: payment_gateway_langitdigital_dev
[INFO]: 2025-06-03 12:13:38 - Connected to database: tjl
[INFO]: 2025-06-03 12:13:38 - Connected to database: ppob
[INFO]: 2025-06-03 12:13:38 - Connected to database: payment_gateway_langitdigital_dev
[INFO]: 2025-06-03 12:13:47 - Connected to database: tjl
[INFO]: 2025-06-03 12:13:47 - Connected to database: ppob
[INFO]: 2025-06-03 12:13:47 - Connected to database: payment_gateway_langitdigital_dev
[INFO]: 2025-06-03 12:13:57 - Connected to database: tjl
[INFO]: 2025-06-03 12:13:57 - Connected to database: tjl
[INFO]: 2025-06-03 12:13:57 - Connected to database: ppob
[INFO]: 2025-06-03 12:13:58 - Connected to database: payment_gateway_langitdigital_dev
[INFO]: 2025-06-03 12:14:13 - Connected to database: tjl
[INFO]: 2025-06-03 12:14:13 - Connected to database: ppob
[INFO]: 2025-06-03 12:14:13 - Connected to database: payment_gateway_langitdigital_dev
[INFO]: 2025-06-03 12:14:14 - Connected to database: tjl
[INFO]: 2025-06-03 12:14:14 - Connected to database: ppob
[INFO]: 2025-06-03 12:14:14 - Connected to database: payment_gateway_langitdigital_dev
[INFO]: 2025-06-03 12:14:19 - Connected to database: tjl
[INFO]: 2025-06-03 12:14:20 - Connected to database: ppob
[INFO]: 2025-06-03 12:14:20 - Connected to database: payment_gateway_langitdigital_dev
[INFO]: 2025-06-03 12:14:31 - Connected to database: tjl
[INFO]: 2025-06-03 12:14:31 - Connected to database: ppob
[INFO]: 2025-06-03 12:14:31 - Connected to database: payment_gateway_langitdigital_dev
[INFO]: 2025-06-03 12:14:32 - Connected to database: tjl
[INFO]: 2025-06-03 12:14:32 - Connected to database: ppob
[INFO]: 2025-06-03 12:14:32 - Connected to database: payment_gateway_langitdigital_dev
[INFO]: 2025-06-03 12:14:45 - Connected to database: tjl
[INFO]: 2025-06-03 12:14:45 - Connected to database: ppob
[INFO]: 2025-06-03 12:14:45 - Connected to database: payment_gateway_langitdigital_dev
[INFO]: 2025-06-03 12:14:51 - Connected to database: tjl
[INFO]: 2025-06-03 12:14:51 - Connected to database: ppob
[INFO]: 2025-06-03 12:14:52 - Connected to database: payment_gateway_langitdigital_dev
[INFO]: 2025-06-03 12:14:52 - Connected to database: tjl
[INFO]: 2025-06-03 12:14:52 - Connected to database: ppob
[INFO]: 2025-06-03 12:14:53 - Connected to database: payment_gateway_langitdigital_dev
[INFO]: 2025-06-03 12:15:08 - Connected to database: tjl
[INFO]: 2025-06-03 12:15:08 - Connected to database: ppob
[INFO]: 2025-06-03 12:15:09 - Connected to database: payment_gateway_langitdigital_dev
[INFO]: 2025-06-03 12:15:17 - Connected to database: tjl
[INFO]: 2025-06-03 12:15:17 - Connected to database: ppob
[INFO]: 2025-06-03 12:15:17 - Connected to database: payment_gateway_langitdigital_dev
[INFO]: 2025-06-03 12:15:28 - Connected to database: tjl
[INFO]: 2025-06-03 12:15:28 - Connected to database: ppob
[INFO]: 2025-06-03 12:15:28 - Connected to database: payment_gateway_langitdigital_dev
[INFO]: 2025-06-03 12:15:29 - Connected to database: tjl
[INFO]: 2025-06-03 12:15:29 - Connected to database: ppob
[INFO]: 2025-06-03 12:15:29 - Connected to database: payment_gateway_langitdigital_dev
[INFO]: 2025-06-03 12:15:39 - Connected to database: tjl
[INFO]: 2025-06-03 12:15:39 - Connected to database: ppob
[INFO]: 2025-06-03 12:15:39 - Connected to database: payment_gateway_langitdigital_dev
[INFO]: 2025-06-03 12:15:41 - Connected to database: tjl
[INFO]: 2025-06-03 12:15:41 - Connected to database: ppob
[INFO]: 2025-06-03 12:15:42 - Connected to database: payment_gateway_langitdigital_dev
[INFO]: 2025-06-03 12:15:44 - Connected to database: tjl
[INFO]: 2025-06-03 12:15:44 - Connected to database: ppob
[INFO]: 2025-06-03 12:15:44 - Connected to database: payment_gateway_langitdigital_dev
[INFO]: 2025-06-03 12:15:53 - Connected to database: tjl
[INFO]: 2025-06-03 12:15:53 - Connected to database: ppob
[INFO]: 2025-06-03 12:15:53 - Connected to database: payment_gateway_langitdigital_dev
[INFO]: 2025-06-03 12:15:56 - Connected to database: tjl
[INFO]: 2025-06-03 12:15:56 - Connected to database: ppob
[INFO]: 2025-06-03 12:15:56 - Connected to database: payment_gateway_langitdigital_dev
[INFO]: 2025-06-03 12:16:01 - Connected to database: tjl
[INFO]: 2025-06-03 12:16:01 - Connected to database: ppob
[INFO]: 2025-06-03 12:16:01 - Connected to database: payment_gateway_langitdigital_dev
[INFO]: 2025-06-03 12:16:48 - Connected to database: tjl
[INFO]: 2025-06-03 12:16:48 - Connected to database: ppob
[INFO]: 2025-06-03 12:16:48 - Connected to database: payment_gateway_langitdigital_dev
[INFO]: 2025-06-03 12:17:01 - Connected to database: tjl
[INFO]: 2025-06-03 12:17:01 - Connected to database: ppob
[INFO]: 2025-06-03 12:17:01 - Connected to database: payment_gateway_langitdigital_dev
[INFO]: 2025-06-03 12:17:04 - Connected to database: tjl
[INFO]: 2025-06-03 12:17:04 - Connected to database: ppob
[INFO]: 2025-06-03 12:17:04 - Connected to database: payment_gateway_langitdigital_dev
[INFO]: 2025-06-03 12:17:14 - Connected to database: tjl
[INFO]: 2025-06-03 12:17:14 - Connected to database: ppob
[INFO]: 2025-06-03 12:17:14 - Connected to database: payment_gateway_langitdigital_dev
[INFO]: 2025-06-03 12:17:23 - Connected to database: tjl
[INFO]: 2025-06-03 12:17:23 - Connected to database: ppob
[INFO]: 2025-06-03 12:17:23 - Connected to database: payment_gateway_langitdigital_dev
[INFO]: 2025-06-03 12:17:37 - Connected to database: tjl
[INFO]: 2025-06-03 12:17:37 - Connected to database: ppob
[INFO]: 2025-06-03 12:17:37 - Connected to database: payment_gateway_langitdigital_dev
[INFO]: 2025-06-03 12:17:38 - Connected to database: tjl
[INFO]: 2025-06-03 12:17:38 - Connected to database: ppob
[INFO]: 2025-06-03 12:17:38 - Connected to database: payment_gateway_langitdigital_dev
[INFO]: 2025-06-03 12:17:52 - Connected to database: tjl
[INFO]: 2025-06-03 12:17:52 - Connected to database: ppob
[INFO]: 2025-06-03 12:17:52 - Connected to database: payment_gateway_langitdigital_dev
[INFO]: 2025-06-03 12:17:53 - Connected to database: tjl
[INFO]: 2025-06-03 12:17:54 - Connected to database: ppob
[INFO]: 2025-06-03 12:17:54 - Connected to database: payment_gateway_langitdigital_dev
[INFO]: 2025-06-03 12:17:56 - Connected to database: tjl
[INFO]: 2025-06-03 12:17:56 - Connected to database: ppob
[INFO]: 2025-06-03 12:17:56 - Connected to database: payment_gateway_langitdigital_dev
[INFO]: 2025-06-03 12:17:59 - Connected to database: tjl
[INFO]: 2025-06-03 12:17:59 - Connected to database: ppob
[INFO]: 2025-06-03 12:17:59 - Connected to database: payment_gateway_langitdigital_dev
[INFO]: 2025-06-03 12:18:10 - Connected to database: tjl
[INFO]: 2025-06-03 12:18:10 - Connected to database: ppob
[INFO]: 2025-06-03 12:18:10 - Connected to database: payment_gateway_langitdigital_dev
[INFO]: 2025-06-03 12:18:18 - Connected to database: tjl
[INFO]: 2025-06-03 12:18:19 - Connected to database: ppob
[INFO]: 2025-06-03 12:18:19 - Connected to database: payment_gateway_langitdigital_dev
[INFO]: 2025-06-03 12:18:21 - Connected to database: tjl
[INFO]: 2025-06-03 12:18:21 - Connected to database: ppob
[INFO]: 2025-06-03 12:18:21 - Connected to database: payment_gateway_langitdigital_dev
[INFO]: 2025-06-03 12:18:32 - Connected to database: tjl
[INFO]: 2025-06-03 12:18:32 - Connected to database: ppob
[INFO]: 2025-06-03 12:18:32 - Connected to database: payment_gateway_langitdigital_dev
[INFO]: 2025-06-03 12:18:34 - Connected to database: tjl
[INFO]: 2025-06-03 12:18:34 - Connected to database: ppob
[INFO]: 2025-06-03 12:18:34 - Connected to database: payment_gateway_langitdigital_dev
[INFO]: 2025-06-03 12:18:45 - Connected to database: tjl
[INFO]: 2025-06-03 12:18:45 - Connected to database: ppob
[INFO]: 2025-06-03 12:18:45 - Connected to database: payment_gateway_langitdigital_dev
[INFO]: 2025-06-03 12:18:57 - Connected to database: tjl
[INFO]: 2025-06-03 12:18:57 - Connected to database: ppob
[INFO]: 2025-06-03 12:18:57 - Connected to database: payment_gateway_langitdigital_dev
[INFO]: 2025-06-03 12:18:59 - Connected to database: tjl
[INFO]: 2025-06-03 12:18:59 - Connected to database: ppob
[INFO]: 2025-06-03 12:18:59 - Connected to database: payment_gateway_langitdigital_dev
[INFO]: 2025-06-03 12:19:07 - Connected to database: tjl
[INFO]: 2025-06-03 12:19:07 - Connected to database: ppob
[INFO]: 2025-06-03 12:19:08 - Connected to database: payment_gateway_langitdigital_dev
[INFO]: 2025-06-03 12:19:15 - Connected to database: tjl
[INFO]: 2025-06-03 12:19:16 - Connected to database: ppob
[INFO]: 2025-06-03 12:19:16 - Connected to database: payment_gateway_langitdigital_dev
[INFO]: 2025-06-03 12:19:19 - Connected to database: tjl
[INFO]: 2025-06-03 12:19:19 - Connected to database: ppob
[INFO]: 2025-06-03 12:19:19 - Connected to database: payment_gateway_langitdigital_dev
[INFO]: 2025-06-03 12:19:28 - Connected to database: tjl
[INFO]: 2025-06-03 12:19:28 - Connected to database: ppob
[INFO]: 2025-06-03 12:19:28 - Connected to database: payment_gateway_langitdigital_dev
[INFO]: 2025-06-03 12:19:31 - Connected to database: tjl
[INFO]: 2025-06-03 12:19:31 - Connected to database: ppob
[INFO]: 2025-06-03 12:19:31 - Connected to database: payment_gateway_langitdigital_dev
[INFO]: 2025-06-03 12:19:34 - Connected to database: tjl
[INFO]: 2025-06-03 12:19:34 - Connected to database: ppob
[INFO]: 2025-06-03 12:19:35 - Connected to database: payment_gateway_langitdigital_dev
[INFO]: 2025-06-03 12:19:42 - Connected to database: tjl
[INFO]: 2025-06-03 12:19:42 - Connected to database: ppob
[INFO]: 2025-06-03 12:19:43 - Connected to database: payment_gateway_langitdigital_dev
[INFO]: 2025-06-03 12:19:44 - Connected to database: tjl
[INFO]: 2025-06-03 12:19:44 - Connected to database: ppob
[INFO]: 2025-06-03 12:19:44 - Connected to database: payment_gateway_langitdigital_dev
[INFO]: 2025-06-03 12:19:49 - Connected to database: tjl
[INFO]: 2025-06-03 12:19:49 - Connected to database: ppob
[INFO]: 2025-06-03 12:19:49 - Connected to database: payment_gateway_langitdigital_dev
[INFO]: 2025-06-03 12:19:53 - Connected to database: tjl
[INFO]: 2025-06-03 12:19:53 - Connected to database: ppob
[INFO]: 2025-06-03 12:19:53 - Connected to database: payment_gateway_langitdigital_dev
[INFO]: 2025-06-03 12:19:59 - Connected to database: tjl
[INFO]: 2025-06-03 12:19:59 - Connected to database: ppob
[INFO]: 2025-06-03 12:20:00 - Connected to database: payment_gateway_langitdigital_dev
[INFO]: 2025-06-03 12:20:08 - Connected to database: tjl
[INFO]: 2025-06-03 12:20:09 - Connected to database: ppob
[INFO]: 2025-06-03 12:20:09 - Connected to database: payment_gateway_langitdigital_dev
[INFO]: 2025-06-03 12:20:12 - Connected to database: tjl
[INFO]: 2025-06-03 12:20:12 - Connected to database: ppob
[INFO]: 2025-06-03 12:20:12 - Connected to database: payment_gateway_langitdigital_dev
[INFO]: 2025-06-03 12:20:14 - Connected to database: tjl
[INFO]: 2025-06-03 12:20:14 - Connected to database: ppob
[INFO]: 2025-06-03 12:20:14 - Connected to database: payment_gateway_langitdigital_dev
[INFO]: 2025-06-03 12:20:35 - Connected to database: tjl
[INFO]: 2025-06-03 12:20:35 - Connected to database: tjl
[INFO]: 2025-06-03 12:20:35 - Connected to database: ppob
[INFO]: 2025-06-03 12:20:35 - Connected to database: payment_gateway_langitdigital_dev
[INFO]: 2025-06-03 12:20:37 - Connected to database: tjl
[INFO]: 2025-06-03 12:20:38 - Connected to database: ppob
[INFO]: 2025-06-03 12:20:38 - Connected to database: payment_gateway_langitdigital_dev
[INFO]: 2025-06-03 12:20:48 - Connected to database: tjl
[INFO]: 2025-06-03 12:20:48 - Connected to database: ppob
[INFO]: 2025-06-03 12:20:48 - Connected to database: payment_gateway_langitdigital_dev
[INFO]: 2025-06-03 12:20:50 - Connected to database: tjl
[INFO]: 2025-06-03 12:20:50 - Connected to database: ppob
[INFO]: 2025-06-03 12:20:50 - Connected to database: payment_gateway_langitdigital_dev
[INFO]: 2025-06-03 12:21:03 - Connected to database: tjl
[INFO]: 2025-06-03 12:21:03 - Connected to database: ppob
[INFO]: 2025-06-03 12:21:03 - Connected to database: payment_gateway_langitdigital_dev
[INFO]: 2025-06-03 12:21:06 - Connected to database: tjl
[INFO]: 2025-06-03 12:21:06 - Connected to database: ppob
[INFO]: 2025-06-03 12:21:06 - Connected to database: payment_gateway_langitdigital_dev
[INFO]: 2025-06-03 12:21:16 - Connected to database: tjl
[INFO]: 2025-06-03 12:21:16 - Connected to database: ppob
[INFO]: 2025-06-03 12:21:16 - Connected to database: payment_gateway_langitdigital_dev
[INFO]: 2025-06-03 12:21:20 - Connected to database: tjl
[INFO]: 2025-06-03 12:21:20 - Connected to database: ppob
[INFO]: 2025-06-03 12:21:20 - Connected to database: payment_gateway_langitdigital_dev
[INFO]: 2025-06-03 12:21:26 - Connected to database: tjl
[INFO]: 2025-06-03 12:21:26 - Connected to database: ppob
[INFO]: 2025-06-03 12:21:26 - Connected to database: payment_gateway_langitdigital_dev
[INFO]: 2025-06-03 12:21:33 - Connected to database: tjl
[INFO]: 2025-06-03 12:21:33 - Connected to database: ppob
[INFO]: 2025-06-03 12:21:33 - Connected to database: payment_gateway_langitdigital_dev
[INFO]: 2025-06-03 12:21:34 - Connected to database: tjl
[INFO]: 2025-06-03 12:21:35 - Connected to database: ppob
[INFO]: 2025-06-03 12:21:35 - Connected to database: payment_gateway_langitdigital_dev
[INFO]: 2025-06-03 12:21:36 - Connected to database: tjl
[INFO]: 2025-06-03 12:21:36 - Connected to database: ppob
[INFO]: 2025-06-03 12:21:36 - Connected to database: payment_gateway_langitdigital_dev
[INFO]: 2025-06-03 12:21:40 - Connected to database: tjl
[INFO]: 2025-06-03 12:21:40 - Connected to database: ppob
[INFO]: 2025-06-03 12:21:40 - Connected to database: payment_gateway_langitdigital_dev
[INFO]: 2025-06-03 12:21:43 - Connected to database: tjl
[INFO]: 2025-06-03 12:21:43 - Connected to database: ppob
[INFO]: 2025-06-03 12:21:43 - Connected to database: payment_gateway_langitdigital_dev
[INFO]: 2025-06-03 12:21:46 - Connected to database: tjl
[INFO]: 2025-06-03 12:21:46 - Connected to database: ppob
[INFO]: 2025-06-03 12:21:46 - Connected to database: payment_gateway_langitdigital_dev
[INFO]: 2025-06-03 12:21:52 - Connected to database: tjl
[INFO]: 2025-06-03 12:21:52 - Connected to database: ppob
[INFO]: 2025-06-03 12:21:52 - Connected to database: payment_gateway_langitdigital_dev
[INFO]: 2025-06-03 12:22:00 - Connected to database: tjl
[INFO]: 2025-06-03 12:22:00 - Connected to database: ppob
[INFO]: 2025-06-03 12:22:00 - Connected to database: payment_gateway_langitdigital_dev
[INFO]: 2025-06-03 12:22:09 - Connected to database: tjl
[INFO]: 2025-06-03 12:22:09 - Connected to database: ppob
[INFO]: 2025-06-03 12:22:09 - Connected to database: payment_gateway_langitdigital_dev
[INFO]: 2025-06-03 12:22:12 - Connected to database: tjl
[INFO]: 2025-06-03 12:22:12 - Connected to database: ppob
[INFO]: 2025-06-03 12:22:12 - Connected to database: payment_gateway_langitdigital_dev
[INFO]: 2025-06-03 12:22:22 - Connected to database: tjl
[INFO]: 2025-06-03 12:22:22 - Connected to database: ppob
[INFO]: 2025-06-03 12:22:22 - Connected to database: payment_gateway_langitdigital_dev
[INFO]: 2025-06-03 12:22:25 - Connected to database: tjl
[INFO]: 2025-06-03 12:22:25 - Connected to database: ppob
[INFO]: 2025-06-03 12:22:26 - Connected to database: payment_gateway_langitdigital_dev
[INFO]: 2025-06-03 12:22:28 - Connected to database: tjl
[INFO]: 2025-06-03 12:22:28 - Connected to database: ppob
[INFO]: 2025-06-03 12:22:28 - Connected to database: payment_gateway_langitdigital_dev
[INFO]: 2025-06-03 12:22:31 - Connected to database: tjl
[INFO]: 2025-06-03 12:22:31 - Connected to database: ppob
[INFO]: 2025-06-03 12:22:31 - Connected to database: payment_gateway_langitdigital_dev
[INFO]: 2025-06-03 12:22:52 - Connected to database: tjl
[INFO]: 2025-06-03 12:22:52 - Connected to database: ppob
[INFO]: 2025-06-03 12:22:52 - Connected to database: payment_gateway_langitdigital_dev
[INFO]: 2025-06-03 12:22:54 - Connected to database: tjl
[INFO]: 2025-06-03 12:22:54 - Connected to database: ppob
[INFO]: 2025-06-03 12:22:54 - Connected to database: payment_gateway_langitdigital_dev
[INFO]: 2025-06-03 12:23:21 - Connected to database: tjl
[INFO]: 2025-06-03 12:23:21 - Connected to database: ppob
[INFO]: 2025-06-03 12:23:21 - Connected to database: payment_gateway_langitdigital_dev
[INFO]: 2025-06-03 12:23:26 - Connected to database: tjl
[INFO]: 2025-06-03 12:23:26 - Connected to database: ppob
[INFO]: 2025-06-03 12:23:26 - Connected to database: payment_gateway_langitdigital_dev
[INFO]: 2025-06-03 12:23:27 - Connected to database: tjl
[INFO]: 2025-06-03 12:23:27 - Connected to database: ppob
[INFO]: 2025-06-03 12:23:27 - Connected to database: payment_gateway_langitdigital_dev
[INFO]: 2025-06-03 12:23:29 - Connected to database: tjl
[INFO]: 2025-06-03 12:23:29 - Connected to database: ppob
[INFO]: 2025-06-03 12:23:29 - Connected to database: payment_gateway_langitdigital_dev
[INFO]: 2025-06-03 12:23:32 - Connected to database: tjl
[INFO]: 2025-06-03 12:23:32 - Connected to database: ppob
[INFO]: 2025-06-03 12:23:33 - Connected to database: payment_gateway_langitdigital_dev
[INFO]: 2025-06-03 12:23:36 - Connected to database: tjl
[INFO]: 2025-06-03 12:23:36 - Connected to database: ppob
[INFO]: 2025-06-03 12:23:36 - Connected to database: payment_gateway_langitdigital_dev
[INFO]: 2025-06-03 12:23:44 - Connected to database: tjl
[INFO]: 2025-06-03 12:23:44 - Connected to database: ppob
[INFO]: 2025-06-03 12:23:44 - Connected to database: payment_gateway_langitdigital_dev
[INFO]: 2025-06-03 12:23:46 - Connected to database: tjl
[INFO]: 2025-06-03 12:23:46 - Connected to database: ppob
[INFO]: 2025-06-03 12:23:46 - Connected to database: payment_gateway_langitdigital_dev
[INFO]: 2025-06-03 12:23:59 - Connected to database: tjl
[INFO]: 2025-06-03 12:23:59 - Connected to database: ppob
[INFO]: 2025-06-03 12:23:59 - Connected to database: payment_gateway_langitdigital_dev
[INFO]: 2025-06-03 12:24:03 - Connected to database: tjl
[INFO]: 2025-06-03 12:24:04 - Connected to database: ppob
[INFO]: 2025-06-03 12:24:04 - Connected to database: payment_gateway_langitdigital_dev
[INFO]: 2025-06-03 12:24:05 - Connected to database: tjl
[INFO]: 2025-06-03 12:24:05 - Connected to database: ppob
[INFO]: 2025-06-03 12:24:05 - Connected to database: payment_gateway_langitdigital_dev
[INFO]: 2025-06-03 12:24:15 - Connected to database: tjl
[INFO]: 2025-06-03 12:24:16 - Connected to database: ppob
[INFO]: 2025-06-03 12:24:16 - Connected to database: payment_gateway_langitdigital_dev
[INFO]: 2025-06-03 12:24:17 - Connected to database: tjl
[INFO]: 2025-06-03 12:24:18 - Connected to database: ppob
[INFO]: 2025-06-03 12:24:18 - Connected to database: payment_gateway_langitdigital_dev
[INFO]: 2025-06-03 12:24:19 - Connected to database: tjl
[INFO]: 2025-06-03 12:24:19 - Connected to database: ppob
[INFO]: 2025-06-03 12:24:20 - Connected to database: payment_gateway_langitdigital_dev
[INFO]: 2025-06-03 12:24:57 - Connected to database: tjl
[INFO]: 2025-06-03 12:24:57 - Connected to database: ppob
[INFO]: 2025-06-03 12:24:58 - Connected to database: payment_gateway_langitdigital_dev
[INFO]: 2025-06-03 12:25:00 - Connected to database: tjl
[INFO]: 2025-06-03 12:25:00 - Connected to database: ppob
[INFO]: 2025-06-03 12:25:00 - Connected to database: payment_gateway_langitdigital_dev
[INFO]: 2025-06-03 12:25:10 - Connected to database: tjl
[INFO]: 2025-06-03 12:25:11 - Connected to database: ppob
[INFO]: 2025-06-03 12:25:11 - Connected to database: payment_gateway_langitdigital_dev
[INFO]: 2025-06-03 12:25:17 - Connected to database: tjl
[INFO]: 2025-06-03 12:25:17 - Connected to database: ppob
[INFO]: 2025-06-03 12:25:17 - Connected to database: payment_gateway_langitdigital_dev
[INFO]: 2025-06-03 12:25:23 - Connected to database: tjl
[INFO]: 2025-06-03 12:25:23 - Connected to database: ppob
[INFO]: 2025-06-03 12:25:24 - Connected to database: payment_gateway_langitdigital_dev
[INFO]: 2025-06-03 12:25:25 - Connected to database: tjl
[INFO]: 2025-06-03 12:25:25 - Connected to database: ppob
[INFO]: 2025-06-03 12:25:26 - Connected to database: payment_gateway_langitdigital_dev
[INFO]: 2025-06-03 12:25:31 - Connected to database: tjl
[INFO]: 2025-06-03 12:25:31 - Connected to database: ppob
[INFO]: 2025-06-03 12:25:31 - Connected to database: payment_gateway_langitdigital_dev
[INFO]: 2025-06-03 12:25:33 - Connected to database: tjl
[INFO]: 2025-06-03 12:25:33 - Connected to database: ppob
[INFO]: 2025-06-03 12:25:33 - Connected to database: payment_gateway_langitdigital_dev
[INFO]: 2025-06-03 12:26:00 - Connected to database: tjl
[INFO]: 2025-06-03 12:26:00 - Connected to database: ppob
[INFO]: 2025-06-03 12:26:00 - Connected to database: payment_gateway_langitdigital_dev
[INFO]: 2025-06-03 12:26:20 - Connected to database: tjl
[INFO]: 2025-06-03 12:26:20 - Connected to database: ppob
[INFO]: 2025-06-03 12:26:20 - Connected to database: payment_gateway_langitdigital_dev
[INFO]: 2025-06-03 12:26:40 - Connected to database: tjl
[INFO]: 2025-06-03 12:26:41 - Connected to database: ppob
[INFO]: 2025-06-03 12:26:41 - Connected to database: payment_gateway_langitdigital_dev
[INFO]: 2025-06-03 12:36:42 - Rate by Coordinate
[INFO]: 2025-06-03 12:42:22 - Connected to database: tjl
[INFO]: 2025-06-03 12:42:22 - Connected to database: ppob
[INFO]: 2025-06-03 12:42:23 - Connected to database: payment_gateway_langitdigital_dev
[INFO]: 2025-06-03 12:42:26 - Connected to database: tjl
[INFO]: 2025-06-03 12:42:26 - Connected to database: ppob
[INFO]: 2025-06-03 12:42:26 - Connected to database: payment_gateway_langitdigital_dev
[INFO]: 2025-06-03 12:42:32 - Connected to database: tjl
[INFO]: 2025-06-03 12:42:32 - Connected to database: ppob
[INFO]: 2025-06-03 12:42:32 - Connected to database: payment_gateway_langitdigital_dev
[INFO]: 2025-06-03 12:42:37 - Connected to database: tjl
[INFO]: 2025-06-03 12:42:37 - Connected to database: ppob
[INFO]: 2025-06-03 12:42:37 - Connected to database: payment_gateway_langitdigital_dev
[INFO]: 2025-06-03 12:42:45 - Connected to database: tjl
[INFO]: 2025-06-03 12:42:45 - Connected to database: ppob
[INFO]: 2025-06-03 12:42:45 - Connected to database: payment_gateway_langitdigital_dev
[INFO]: 2025-06-03 12:42:50 - Connected to database: tjl
[INFO]: 2025-06-03 12:42:50 - Connected to database: ppob
[INFO]: 2025-06-03 12:42:51 - Connected to database: payment_gateway_langitdigital_dev
[INFO]: 2025-06-03 12:42:53 - Connected to database: tjl
[INFO]: 2025-06-03 12:42:53 - Connected to database: ppob
[INFO]: 2025-06-03 12:42:53 - Connected to database: payment_gateway_langitdigital_dev
[INFO]: 2025-06-03 12:43:01 - Connected to database: tjl
[INFO]: 2025-06-03 12:43:01 - Connected to database: ppob
[INFO]: 2025-06-03 12:43:01 - Connected to database: payment_gateway_langitdigital_dev
[INFO]: 2025-06-03 12:48:38 - Connected to database: tjl
[INFO]: 2025-06-03 12:48:38 - Connected to database: ppob
[INFO]: 2025-06-03 12:48:38 - Connected to database: payment_gateway_langitdigital_dev
[INFO]: 2025-06-03 12:48:51 - Connected to database: tjl
[INFO]: 2025-06-03 12:48:51 - Connected to database: ppob
[INFO]: 2025-06-03 12:48:51 - Connected to database: payment_gateway_langitdigital_dev
[INFO]: 2025-06-03 12:48:54 - Connected to database: tjl
[INFO]: 2025-06-03 12:48:54 - Connected to database: ppob
[INFO]: 2025-06-03 12:48:54 - Connected to database: payment_gateway_langitdigital_dev
[INFO]: 2025-06-03 12:48:57 - Connected to database: tjl
[INFO]: 2025-06-03 12:48:57 - Connected to database: ppob
[INFO]: 2025-06-03 12:48:57 - Connected to database: payment_gateway_langitdigital_dev
[INFO]: 2025-06-03 12:49:00 - Connected to database: tjl
[INFO]: 2025-06-03 12:49:00 - Connected to database: ppob
[INFO]: 2025-06-03 12:49:00 - Connected to database: payment_gateway_langitdigital_dev
[INFO]: 2025-06-03 12:49:12 - Connected to database: tjl
[INFO]: 2025-06-03 12:49:12 - Connected to database: ppob
[INFO]: 2025-06-03 12:49:12 - Connected to database: payment_gateway_langitdigital_dev
[INFO]: 2025-06-03 12:49:20 - Connected to database: tjl
[INFO]: 2025-06-03 12:49:20 - Connected to database: ppob
[INFO]: 2025-06-03 12:49:20 - Connected to database: payment_gateway_langitdigital_dev
[INFO]: 2025-06-03 12:49:24 - Connected to database: tjl
[INFO]: 2025-06-03 12:49:24 - Connected to database: ppob
[INFO]: 2025-06-03 12:49:24 - Connected to database: payment_gateway_langitdigital_dev
[INFO]: 2025-06-03 12:49:36 - Connected to database: tjl
[INFO]: 2025-06-03 12:49:36 - Connected to database: ppob
[INFO]: 2025-06-03 12:49:36 - Connected to database: payment_gateway_langitdigital_dev
[INFO]: 2025-06-03 12:49:45 - Connected to database: tjl
[INFO]: 2025-06-03 12:49:48 - Connected to database: ppob
[INFO]: 2025-06-03 12:49:48 - Connected to database: payment_gateway_langitdigital_dev
[INFO]: 2025-06-03 12:49:56 - Connected to database: tjl
[INFO]: 2025-06-03 12:49:56 - Connected to database: ppob
[INFO]: 2025-06-03 12:49:56 - Connected to database: payment_gateway_langitdigital_dev
[INFO]: 2025-06-03 12:50:02 - Connected to database: tjl
[INFO]: 2025-06-03 12:50:03 - Connected to database: ppob
[INFO]: 2025-06-03 12:50:03 - Connected to database: payment_gateway_langitdigital_dev
[INFO]: 2025-06-03 12:50:06 - Connected to database: tjl
[INFO]: 2025-06-03 12:50:06 - Connected to database: ppob
[INFO]: 2025-06-03 12:50:06 - Connected to database: payment_gateway_langitdigital_dev
[INFO]: 2025-06-03 12:50:15 - Connected to database: tjl
[INFO]: 2025-06-03 12:50:15 - Connected to database: ppob
[INFO]: 2025-06-03 12:50:15 - Connected to database: payment_gateway_langitdigital_dev
[INFO]: 2025-06-03 12:50:23 - Connected to database: tjl
[INFO]: 2025-06-03 12:50:23 - Connected to database: ppob
[INFO]: 2025-06-03 12:50:23 - Connected to database: payment_gateway_langitdigital_dev
[INFO]: 2025-06-03 12:50:26 - Connected to database: tjl
[INFO]: 2025-06-03 12:50:26 - Connected to database: ppob
[INFO]: 2025-06-03 12:50:26 - Connected to database: payment_gateway_langitdigital_dev
[INFO]: 2025-06-03 12:50:28 - Connected to database: tjl
[INFO]: 2025-06-03 12:50:29 - Connected to database: ppob
[INFO]: 2025-06-03 12:50:29 - Connected to database: payment_gateway_langitdigital_dev
[INFO]: 2025-06-03 12:50:33 - Connected to database: tjl
[INFO]: 2025-06-03 12:50:33 - Connected to database: ppob
[INFO]: 2025-06-03 12:50:34 - Connected to database: payment_gateway_langitdigital_dev
[INFO]: 2025-06-03 12:50:36 - Connected to database: tjl
[INFO]: 2025-06-03 12:50:36 - Connected to database: ppob
[INFO]: 2025-06-03 12:50:36 - Connected to database: payment_gateway_langitdigital_dev
[INFO]: 2025-06-03 12:50:39 - Connected to database: tjl
[INFO]: 2025-06-03 12:50:39 - Connected to database: ppob
[INFO]: 2025-06-03 12:50:39 - Connected to database: payment_gateway_langitdigital_dev
[INFO]: 2025-06-03 12:50:49 - Connected to database: tjl
[INFO]: 2025-06-03 12:50:49 - Connected to database: ppob
[INFO]: 2025-06-03 12:50:49 - Connected to database: payment_gateway_langitdigital_dev
[INFO]: 2025-06-03 12:50:50 - Connected to database: tjl
[INFO]: 2025-06-03 12:50:50 - Connected to database: ppob
[INFO]: 2025-06-03 12:50:50 - Connected to database: payment_gateway_langitdigital_dev
[INFO]: 2025-06-03 12:50:55 - Connected to database: tjl
[INFO]: 2025-06-03 12:50:56 - Connected to database: ppob
[INFO]: 2025-06-03 12:50:56 - Connected to database: payment_gateway_langitdigital_dev
[INFO]: 2025-06-03 12:50:58 - Connected to database: tjl
[INFO]: 2025-06-03 12:50:58 - Connected to database: ppob
[INFO]: 2025-06-03 12:50:59 - Connected to database: payment_gateway_langitdigital_dev
[INFO]: 2025-06-03 12:51:04 - Connected to database: tjl
[INFO]: 2025-06-03 12:51:04 - Connected to database: ppob
[INFO]: 2025-06-03 12:51:04 - Connected to database: payment_gateway_langitdigital_dev
[INFO]: 2025-06-03 12:51:08 - Connected to database: tjl
[INFO]: 2025-06-03 12:51:08 - Connected to database: ppob
[INFO]: 2025-06-03 12:51:08 - Connected to database: payment_gateway_langitdigital_dev
[INFO]: 2025-06-03 12:51:12 - Connected to database: tjl
[INFO]: 2025-06-03 12:51:12 - Connected to database: ppob
[INFO]: 2025-06-03 12:51:12 - Connected to database: payment_gateway_langitdigital_dev
[INFO]: 2025-06-03 12:51:21 - Connected to database: tjl
[INFO]: 2025-06-03 12:51:21 - Connected to database: ppob
[INFO]: 2025-06-03 12:51:22 - Connected to database: payment_gateway_langitdigital_dev
[INFO]: 2025-06-03 12:51:25 - Connected to database: tjl
[INFO]: 2025-06-03 12:51:26 - Connected to database: ppob
[INFO]: 2025-06-03 12:51:26 - Connected to database: payment_gateway_langitdigital_dev
[INFO]: 2025-06-03 12:51:29 - Connected to database: tjl
[INFO]: 2025-06-03 12:51:29 - Connected to database: ppob
[INFO]: 2025-06-03 12:51:29 - Connected to database: payment_gateway_langitdigital_dev
[INFO]: 2025-06-03 12:51:33 - Connected to database: tjl
[INFO]: 2025-06-03 12:51:33 - Connected to database: ppob
[INFO]: 2025-06-03 12:51:33 - Connected to database: payment_gateway_langitdigital_dev
[INFO]: 2025-06-03 12:51:56 - Connected to database: tjl
[INFO]: 2025-06-03 12:51:56 - Connected to database: ppob
[INFO]: 2025-06-03 12:51:56 - Connected to database: payment_gateway_langitdigital_dev
[INFO]: 2025-06-03 12:52:00 - Connected to database: tjl
[INFO]: 2025-06-03 12:52:00 - Connected to database: ppob
[INFO]: 2025-06-03 12:52:00 - Connected to database: payment_gateway_langitdigital_dev
[INFO]: 2025-06-03 12:52:03 - Connected to database: tjl
[INFO]: 2025-06-03 12:52:03 - Connected to database: ppob
[INFO]: 2025-06-03 12:52:04 - Connected to database: payment_gateway_langitdigital_dev
[INFO]: 2025-06-03 12:52:06 - Connected to database: tjl
[INFO]: 2025-06-03 12:52:06 - Connected to database: ppob
[INFO]: 2025-06-03 12:52:06 - Connected to database: payment_gateway_langitdigital_dev
[INFO]: 2025-06-03 12:52:11 - Connected to database: tjl
[INFO]: 2025-06-03 12:52:11 - Connected to database: ppob
[INFO]: 2025-06-03 12:52:11 - Connected to database: payment_gateway_langitdigital_dev
[INFO]: 2025-06-03 12:52:13 - Connected to database: tjl
[INFO]: 2025-06-03 12:52:13 - Connected to database: ppob
[INFO]: 2025-06-03 12:52:14 - Connected to database: payment_gateway_langitdigital_dev
[INFO]: 2025-06-03 12:52:24 - Connected to database: tjl
[INFO]: 2025-06-03 12:52:24 - Connected to database: ppob
[INFO]: 2025-06-03 12:52:25 - Connected to database: payment_gateway_langitdigital_dev
[INFO]: 2025-06-03 12:52:28 - Connected to database: tjl
[INFO]: 2025-06-03 12:52:28 - Connected to database: ppob
[INFO]: 2025-06-03 12:52:28 - Connected to database: payment_gateway_langitdigital_dev
[INFO]: 2025-06-03 12:52:29 - Connected to database: tjl
[INFO]: 2025-06-03 12:52:29 - Connected to database: ppob
[INFO]: 2025-06-03 12:52:29 - Connected to database: payment_gateway_langitdigital_dev
[INFO]: 2025-06-03 12:52:34 - Connected to database: tjl
[INFO]: 2025-06-03 12:52:34 - Connected to database: ppob
[INFO]: 2025-06-03 12:52:34 - Connected to database: payment_gateway_langitdigital_dev
[INFO]: 2025-06-03 12:52:35 - Connected to database: tjl
[INFO]: 2025-06-03 12:52:35 - Connected to database: ppob
[INFO]: 2025-06-03 12:52:35 - Connected to database: payment_gateway_langitdigital_dev
[INFO]: 2025-06-03 12:52:39 - Connected to database: tjl
[INFO]: 2025-06-03 12:52:39 - Connected to database: ppob
[INFO]: 2025-06-03 12:52:39 - Connected to database: payment_gateway_langitdigital_dev
[INFO]: 2025-06-03 12:53:01 - Connected to database: tjl
[INFO]: 2025-06-03 12:53:01 - Connected to database: ppob
[INFO]: 2025-06-03 12:53:01 - Connected to database: payment_gateway_langitdigital_dev
[INFO]: 2025-06-03 12:53:09 - Connected to database: tjl
[INFO]: 2025-06-03 12:53:09 - Connected to database: ppob
[INFO]: 2025-06-03 12:53:10 - Connected to database: payment_gateway_langitdigital_dev
[INFO]: 2025-06-03 12:53:11 - Connected to database: tjl
[INFO]: 2025-06-03 12:53:11 - Connected to database: ppob
[INFO]: 2025-06-03 12:53:11 - Connected to database: payment_gateway_langitdigital_dev
[INFO]: 2025-06-03 12:53:22 - Connected to database: tjl
[INFO]: 2025-06-03 12:53:22 - Connected to database: ppob
[INFO]: 2025-06-03 12:53:22 - Connected to database: payment_gateway_langitdigital_dev
[INFO]: 2025-06-03 12:53:24 - Connected to database: tjl
[INFO]: 2025-06-03 12:53:24 - Connected to database: ppob
[INFO]: 2025-06-03 12:53:24 - Connected to database: payment_gateway_langitdigital_dev
[INFO]: 2025-06-03 12:53:27 - Connected to database: tjl
[INFO]: 2025-06-03 12:53:27 - Connected to database: ppob
[INFO]: 2025-06-03 12:53:27 - Connected to database: payment_gateway_langitdigital_dev
[INFO]: 2025-06-03 12:53:39 - Connected to database: tjl
[INFO]: 2025-06-03 12:53:39 - Connected to database: tjl
[INFO]: 2025-06-03 12:53:39 - Connected to database: ppob
[INFO]: 2025-06-03 12:53:39 - Connected to database: payment_gateway_langitdigital_dev
[INFO]: 2025-06-03 12:53:40 - Connected to database: tjl
[INFO]: 2025-06-03 12:53:40 - Connected to database: ppob
[INFO]: 2025-06-03 12:53:40 - Connected to database: payment_gateway_langitdigital_dev
[INFO]: 2025-06-03 12:53:44 - Connected to database: tjl
[INFO]: 2025-06-03 12:53:44 - Connected to database: ppob
[INFO]: 2025-06-03 12:53:45 - Connected to database: payment_gateway_langitdigital_dev
[INFO]: 2025-06-03 12:53:47 - Connected to database: tjl
[INFO]: 2025-06-03 12:53:47 - Connected to database: ppob
[INFO]: 2025-06-03 12:53:47 - Connected to database: payment_gateway_langitdigital_dev
[INFO]: 2025-06-03 12:53:57 - Connected to database: tjl
[INFO]: 2025-06-03 12:53:58 - Connected to database: ppob
[INFO]: 2025-06-03 12:53:58 - Connected to database: payment_gateway_langitdigital_dev
[INFO]: 2025-06-03 12:54:02 - Connected to database: tjl
[INFO]: 2025-06-03 12:54:02 - Connected to database: ppob
[INFO]: 2025-06-03 12:54:02 - Connected to database: payment_gateway_langitdigital_dev
[INFO]: 2025-06-03 12:54:14 - Connected to database: tjl
[INFO]: 2025-06-03 12:54:14 - Connected to database: ppob
[INFO]: 2025-06-03 12:54:14 - Connected to database: payment_gateway_langitdigital_dev
[INFO]: 2025-06-03 12:54:17 - Connected to database: tjl
[INFO]: 2025-06-03 12:54:17 - Connected to database: ppob
[INFO]: 2025-06-03 12:54:17 - Connected to database: payment_gateway_langitdigital_dev
[INFO]: 2025-06-03 12:54:30 - Connected to database: tjl
[INFO]: 2025-06-03 12:54:31 - Connected to database: ppob
[INFO]: 2025-06-03 12:54:31 - Connected to database: payment_gateway_langitdigital_dev
[INFO]: 2025-06-03 12:54:36 - Connected to database: tjl
[INFO]: 2025-06-03 12:54:36 - Connected to database: ppob
[INFO]: 2025-06-03 12:54:36 - Connected to database: payment_gateway_langitdigital_dev
[INFO]: 2025-06-03 12:54:36 - Connected to database: tjl
[INFO]: 2025-06-03 12:54:36 - Connected to database: ppob
[INFO]: 2025-06-03 12:54:37 - Connected to database: payment_gateway_langitdigital_dev
[INFO]: 2025-06-03 12:54:41 - Connected to database: tjl
[INFO]: 2025-06-03 12:54:42 - Connected to database: ppob
[INFO]: 2025-06-03 12:54:42 - Connected to database: payment_gateway_langitdigital_dev
[INFO]: 2025-06-03 12:54:42 - Connected to database: tjl
[INFO]: 2025-06-03 12:54:43 - Connected to database: ppob
[INFO]: 2025-06-03 12:54:43 - Connected to database: payment_gateway_langitdigital_dev
[INFO]: 2025-06-03 12:54:47 - Connected to database: tjl
[INFO]: 2025-06-03 12:54:48 - Connected to database: ppob
[INFO]: 2025-06-03 12:54:48 - Connected to database: payment_gateway_langitdigital_dev
[INFO]: 2025-06-03 12:54:55 - Connected to database: tjl
[INFO]: 2025-06-03 12:54:55 - Connected to database: ppob
[INFO]: 2025-06-03 12:55:00 - Connected to database: payment_gateway_langitdigital_dev
[INFO]: 2025-06-03 12:55:02 - Connected to database: tjl
[INFO]: 2025-06-03 12:55:02 - Connected to database: ppob
[INFO]: 2025-06-03 12:55:02 - Connected to database: payment_gateway_langitdigital_dev
[INFO]: 2025-06-03 12:55:07 - Connected to database: tjl
[INFO]: 2025-06-03 12:55:07 - Connected to database: ppob
[INFO]: 2025-06-03 12:55:07 - Connected to database: payment_gateway_langitdigital_dev
[INFO]: 2025-06-03 12:55:10 - Connected to database: tjl
[INFO]: 2025-06-03 12:55:10 - Connected to database: ppob
[INFO]: 2025-06-03 12:55:10 - Connected to database: payment_gateway_langitdigital_dev
[INFO]: 2025-06-03 12:55:11 - Connected to database: tjl
[INFO]: 2025-06-03 12:55:11 - Connected to database: ppob
[INFO]: 2025-06-03 12:55:11 - Connected to database: payment_gateway_langitdigital_dev
[INFO]: 2025-06-03 12:56:12 - Connected to database: tjl
[INFO]: 2025-06-03 12:56:12 - Connected to database: ppob
[INFO]: 2025-06-03 12:56:12 - Connected to database: payment_gateway_langitdigital_dev
[INFO]: 2025-06-03 12:56:16 - Connected to database: tjl
[INFO]: 2025-06-03 12:56:16 - Connected to database: ppob
[INFO]: 2025-06-03 12:56:16 - Connected to database: payment_gateway_langitdigital_dev
[INFO]: 2025-06-03 12:56:20 - Connected to database: tjl
[INFO]: 2025-06-03 12:56:20 - Connected to database: ppob
[INFO]: 2025-06-03 12:56:20 - Connected to database: payment_gateway_langitdigital_dev
[INFO]: 2025-06-03 12:56:25 - Connected to database: tjl
[INFO]: 2025-06-03 12:56:25 - Connected to database: ppob
[INFO]: 2025-06-03 12:56:25 - Connected to database: payment_gateway_langitdigital_dev
[INFO]: 2025-06-03 12:56:51 - Connected to database: tjl
[INFO]: 2025-06-03 12:56:51 - Connected to database: ppob
[INFO]: 2025-06-03 12:56:51 - Connected to database: payment_gateway_langitdigital_dev
[INFO]: 2025-06-03 12:56:57 - Connected to database: tjl
[INFO]: 2025-06-03 12:56:59 - Connected to database: tjl
[INFO]: 2025-06-03 12:56:59 - Connected to database: ppob
[INFO]: 2025-06-03 12:56:59 - Connected to database: payment_gateway_langitdigital_dev
[INFO]: 2025-06-03 12:57:01 - Connected to database: tjl
[INFO]: 2025-06-03 12:57:01 - Connected to database: ppob
[INFO]: 2025-06-03 12:57:01 - Connected to database: payment_gateway_langitdigital_dev
[INFO]: 2025-06-03 12:57:35 - Connected to database: tjl
[INFO]: 2025-06-03 12:57:35 - Connected to database: ppob
[INFO]: 2025-06-03 12:57:35 - Connected to database: payment_gateway_langitdigital_dev
[INFO]: 2025-06-03 12:57:37 - Connected to database: tjl
[INFO]: 2025-06-03 12:57:37 - Connected to database: ppob
[INFO]: 2025-06-03 12:57:37 - Connected to database: payment_gateway_langitdigital_dev
[INFO]: 2025-06-03 12:57:45 - Connected to database: tjl
[INFO]: 2025-06-03 12:57:45 - Connected to database: ppob
[INFO]: 2025-06-03 12:57:45 - Connected to database: payment_gateway_langitdigital_dev
[INFO]: 2025-06-03 12:57:53 - Connected to database: tjl
[INFO]: 2025-06-03 12:57:53 - Connected to database: ppob
[INFO]: 2025-06-03 12:57:53 - Connected to database: payment_gateway_langitdigital_dev
[INFO]: 2025-06-03 12:58:37 - Connected to database: tjl
[INFO]: 2025-06-03 12:58:37 - Connected to database: ppob
[INFO]: 2025-06-03 12:58:37 - Connected to database: payment_gateway_langitdigital_dev
[INFO]: 2025-06-03 12:58:42 - Connected to database: tjl
[INFO]: 2025-06-03 12:58:42 - Connected to database: ppob
[INFO]: 2025-06-03 12:58:43 - Connected to database: payment_gateway_langitdigital_dev
[INFO]: 2025-06-03 12:58:44 - Connected to database: tjl
[INFO]: 2025-06-03 12:58:44 - Connected to database: ppob
[INFO]: 2025-06-03 12:58:44 - Connected to database: payment_gateway_langitdigital_dev
[INFO]: 2025-06-03 12:58:46 - Connected to database: tjl
[INFO]: 2025-06-03 12:58:46 - Connected to database: ppob
[INFO]: 2025-06-03 12:58:47 - Connected to database: payment_gateway_langitdigital_dev
[INFO]: 2025-06-03 12:59:01 - Connected to database: tjl
[INFO]: 2025-06-03 12:59:01 - Connected to database: ppob
[INFO]: 2025-06-03 12:59:01 - Connected to database: payment_gateway_langitdigital_dev
[INFO]: 2025-06-03 12:59:19 - Connected to database: tjl
[INFO]: 2025-06-03 12:59:19 - Connected to database: ppob
[INFO]: 2025-06-03 12:59:20 - Connected to database: payment_gateway_langitdigital_dev
[INFO]: 2025-06-03 12:59:40 - Connected to database: tjl
[INFO]: 2025-06-03 12:59:40 - Connected to database: ppob
[INFO]: 2025-06-03 12:59:40 - Connected to database: payment_gateway_langitdigital_dev
[INFO]: 2025-06-03 12:59:42 - Connected to database: tjl
[INFO]: 2025-06-03 12:59:42 - Connected to database: ppob
[INFO]: 2025-06-03 12:59:42 - Connected to database: payment_gateway_langitdigital_dev
[INFO]: 2025-06-03 12:59:48 - Connected to database: tjl
[INFO]: 2025-06-03 12:59:48 - Connected to database: ppob
[INFO]: 2025-06-03 12:59:49 - Connected to database: payment_gateway_langitdigital_dev
[INFO]: 2025-06-03 12:59:56 - Connected to database: tjl
[INFO]: 2025-06-03 12:59:56 - Connected to database: ppob
[INFO]: 2025-06-03 12:59:56 - Connected to database: payment_gateway_langitdigital_dev
[INFO]: 2025-06-03 13:00:02 - Connected to database: tjl
[INFO]: 2025-06-03 13:00:02 - Connected to database: ppob
[INFO]: 2025-06-03 13:00:03 - Connected to database: payment_gateway_langitdigital_dev
[INFO]: 2025-06-03 13:00:10 - Connected to database: tjl
[INFO]: 2025-06-03 13:00:10 - Connected to database: ppob
[INFO]: 2025-06-03 13:00:10 - Connected to database: payment_gateway_langitdigital_dev
[INFO]: 2025-06-03 13:00:14 - Connected to database: tjl
[INFO]: 2025-06-03 13:00:14 - Connected to database: ppob
[INFO]: 2025-06-03 13:00:14 - Connected to database: payment_gateway_langitdigital_dev
[INFO]: 2025-06-03 13:00:15 - Connected to database: tjl
[INFO]: 2025-06-03 13:00:15 - Connected to database: ppob
[INFO]: 2025-06-03 13:00:15 - Connected to database: payment_gateway_langitdigital_dev
[INFO]: 2025-06-03 13:00:34 - Connected to database: tjl
[INFO]: 2025-06-03 13:00:34 - Connected to database: ppob
[INFO]: 2025-06-03 13:00:34 - Connected to database: payment_gateway_langitdigital_dev
[INFO]: 2025-06-03 13:00:42 - Connected to database: tjl
[INFO]: 2025-06-03 13:00:42 - Connected to database: ppob
[INFO]: 2025-06-03 13:00:42 - Connected to database: payment_gateway_langitdigital_dev
[INFO]: 2025-06-03 13:00:44 - Connected to database: tjl
[INFO]: 2025-06-03 13:00:44 - Connected to database: ppob
[INFO]: 2025-06-03 13:00:44 - Connected to database: payment_gateway_langitdigital_dev
[INFO]: 2025-06-03 13:00:51 - Connected to database: tjl
[INFO]: 2025-06-03 13:00:51 - Connected to database: ppob
[INFO]: 2025-06-03 13:00:51 - Connected to database: payment_gateway_langitdigital_dev
[INFO]: 2025-06-03 13:00:53 - Connected to database: tjl
[INFO]: 2025-06-03 13:00:53 - Connected to database: ppob
[INFO]: 2025-06-03 13:00:53 - Connected to database: payment_gateway_langitdigital_dev
[INFO]: 2025-06-03 13:01:03 - Connected to database: tjl
[INFO]: 2025-06-03 13:01:03 - Connected to database: ppob
[INFO]: 2025-06-03 13:01:03 - Connected to database: payment_gateway_langitdigital_dev
[INFO]: 2025-06-03 13:01:06 - Connected to database: tjl
[INFO]: 2025-06-03 13:01:06 - Connected to database: ppob
[INFO]: 2025-06-03 13:01:07 - Connected to database: payment_gateway_langitdigital_dev
[INFO]: 2025-06-03 13:01:09 - Connected to database: tjl
[INFO]: 2025-06-03 13:01:09 - Connected to database: ppob
[INFO]: 2025-06-03 13:01:09 - Connected to database: payment_gateway_langitdigital_dev
[INFO]: 2025-06-03 13:01:27 - Connected to database: tjl
[INFO]: 2025-06-03 13:01:27 - Connected to database: ppob
[INFO]: 2025-06-03 13:01:28 - Connected to database: payment_gateway_langitdigital_dev
[INFO]: 2025-06-03 13:01:29 - Connected to database: tjl
[INFO]: 2025-06-03 13:01:30 - Connected to database: ppob
[INFO]: 2025-06-03 13:01:30 - Connected to database: payment_gateway_langitdigital_dev
[INFO]: 2025-06-03 13:01:34 - Connected to database: tjl
[INFO]: 2025-06-03 13:01:34 - Connected to database: ppob
[INFO]: 2025-06-03 13:01:34 - Connected to database: payment_gateway_langitdigital_dev
[INFO]: 2025-06-03 13:01:37 - Connected to database: tjl
[INFO]: 2025-06-03 13:01:37 - Connected to database: ppob
[INFO]: 2025-06-03 13:01:37 - Connected to database: payment_gateway_langitdigital_dev
[INFO]: 2025-06-03 13:02:19 - Connected to database: tjl
[INFO]: 2025-06-03 13:02:19 - Connected to database: ppob
[INFO]: 2025-06-03 13:02:19 - Connected to database: payment_gateway_langitdigital_dev
[INFO]: 2025-06-03 13:02:23 - Connected to database: tjl
[INFO]: 2025-06-03 13:02:23 - Connected to database: ppob
[INFO]: 2025-06-03 13:02:24 - Connected to database: payment_gateway_langitdigital_dev
[INFO]: 2025-06-03 13:02:30 - Connected to database: tjl
[INFO]: 2025-06-03 13:02:30 - Connected to database: ppob
[INFO]: 2025-06-03 13:02:30 - Connected to database: payment_gateway_langitdigital_dev
[INFO]: 2025-06-03 13:02:35 - Connected to database: tjl
[INFO]: 2025-06-03 13:02:35 - Connected to database: ppob
[INFO]: 2025-06-03 13:02:36 - Connected to database: payment_gateway_langitdigital_dev
[INFO]: 2025-06-03 13:02:43 - Connected to database: tjl
[INFO]: 2025-06-03 13:02:43 - Connected to database: ppob
[INFO]: 2025-06-03 13:02:43 - Connected to database: payment_gateway_langitdigital_dev
[INFO]: 2025-06-03 13:03:04 - Connected to database: tjl
[INFO]: 2025-06-03 13:03:04 - Connected to database: ppob
[INFO]: 2025-06-03 13:03:04 - Connected to database: payment_gateway_langitdigital_dev
[INFO]: 2025-06-03 13:03:09 - Connected to database: tjl
[INFO]: 2025-06-03 13:03:09 - Connected to database: ppob
[INFO]: 2025-06-03 13:03:09 - Connected to database: payment_gateway_langitdigital_dev
[INFO]: 2025-06-03 13:03:59 - Connected to database: tjl
[INFO]: 2025-06-03 13:03:59 - Connected to database: ppob
[INFO]: 2025-06-03 13:04:00 - Connected to database: payment_gateway_langitdigital_dev
[INFO]: 2025-06-03 13:04:05 - Connected to database: tjl
[INFO]: 2025-06-03 13:04:05 - Connected to database: ppob
[INFO]: 2025-06-03 13:04:05 - Connected to database: payment_gateway_langitdigital_dev
[INFO]: 2025-06-03 13:04:11 - Connected to database: tjl
[INFO]: 2025-06-03 13:04:12 - Connected to database: ppob
[INFO]: 2025-06-03 13:04:12 - Connected to database: payment_gateway_langitdigital_dev
[INFO]: 2025-06-03 13:04:14 - Connected to database: tjl
[INFO]: 2025-06-03 13:04:15 - Connected to database: ppob
[INFO]: 2025-06-03 13:04:15 - Connected to database: payment_gateway_langitdigital_dev
[INFO]: 2025-06-03 13:04:22 - Connected to database: tjl
[INFO]: 2025-06-03 13:04:22 - Connected to database: ppob
[INFO]: 2025-06-03 13:04:22 - Connected to database: payment_gateway_langitdigital_dev
[INFO]: 2025-06-03 13:04:32 - Connected to database: tjl
[INFO]: 2025-06-03 13:04:32 - Connected to database: ppob
[INFO]: 2025-06-03 13:04:32 - Connected to database: payment_gateway_langitdigital_dev
[INFO]: 2025-06-03 13:06:35 - Connected to database: tjl
[INFO]: 2025-06-03 13:06:35 - Connected to database: ppob
[INFO]: 2025-06-03 13:06:35 - Connected to database: payment_gateway_langitdigital_dev
[INFO]: 2025-06-03 13:06:38 - Connected to database: tjl
[INFO]: 2025-06-03 13:06:38 - Connected to database: ppob
[INFO]: 2025-06-03 13:06:38 - Connected to database: payment_gateway_langitdigital_dev
[INFO]: 2025-06-03 13:06:40 - Connected to database: tjl
[INFO]: 2025-06-03 13:06:40 - Connected to database: ppob
[INFO]: 2025-06-03 13:06:40 - Connected to database: payment_gateway_langitdigital_dev
[INFO]: 2025-06-03 13:06:54 - Connected to database: tjl
[INFO]: 2025-06-03 13:06:54 - Connected to database: ppob
[INFO]: 2025-06-03 13:06:55 - Connected to database: payment_gateway_langitdigital_dev
[INFO]: 2025-06-03 13:06:56 - Connected to database: tjl
[INFO]: 2025-06-03 13:06:56 - Connected to database: ppob
[INFO]: 2025-06-03 13:06:56 - Connected to database: payment_gateway_langitdigital_dev
[INFO]: 2025-06-03 13:06:59 - Connected to database: tjl
[INFO]: 2025-06-03 13:06:59 - Connected to database: ppob
[INFO]: 2025-06-03 13:06:59 - Connected to database: payment_gateway_langitdigital_dev
[INFO]: 2025-06-03 13:07:04 - Connected to database: tjl
[INFO]: 2025-06-03 13:07:04 - Connected to database: ppob
[INFO]: 2025-06-03 13:07:04 - Connected to database: payment_gateway_langitdigital_dev
[INFO]: 2025-06-03 13:07:08 - Connected to database: tjl
[INFO]: 2025-06-03 13:07:08 - Connected to database: ppob
[INFO]: 2025-06-03 13:07:08 - Connected to database: payment_gateway_langitdigital_dev
[INFO]: 2025-06-03 13:07:31 - Connected to database: tjl
[INFO]: 2025-06-03 13:07:31 - Connected to database: ppob
[INFO]: 2025-06-03 13:07:31 - Connected to database: payment_gateway_langitdigital_dev
[INFO]: 2025-06-03 13:07:38 - Connected to database: tjl
[INFO]: 2025-06-03 13:07:38 - Connected to database: ppob
[INFO]: 2025-06-03 13:07:38 - Connected to database: payment_gateway_langitdigital_dev
[INFO]: 2025-06-03 13:07:40 - Connected to database: tjl
[INFO]: 2025-06-03 13:07:40 - Connected to database: ppob
[INFO]: 2025-06-03 13:07:40 - Connected to database: payment_gateway_langitdigital_dev
[INFO]: 2025-06-03 13:08:03 - Connected to database: tjl
[INFO]: 2025-06-03 13:08:03 - Connected to database: ppob
[INFO]: 2025-06-03 13:08:03 - Connected to database: payment_gateway_langitdigital_dev
[INFO]: 2025-06-03 13:09:27 - Connected to database: tjl
[INFO]: 2025-06-03 13:09:27 - Connected to database: ppob
[INFO]: 2025-06-03 13:09:27 - Connected to database: payment_gateway_langitdigital_dev
[INFO]: 2025-06-03 13:09:33 - Connected to database: tjl
[INFO]: 2025-06-03 13:09:33 - Connected to database: ppob
[INFO]: 2025-06-03 13:09:33 - Connected to database: payment_gateway_langitdigital_dev
[INFO]: 2025-06-03 13:09:49 - Connected to database: tjl
[INFO]: 2025-06-03 13:09:49 - Connected to database: ppob
[INFO]: 2025-06-03 13:09:49 - Connected to database: payment_gateway_langitdigital_dev
[INFO]: 2025-06-03 13:09:55 - Connected to database: tjl
[INFO]: 2025-06-03 13:09:55 - Connected to database: ppob
[INFO]: 2025-06-03 13:09:55 - Connected to database: payment_gateway_langitdigital_dev
[INFO]: 2025-06-03 13:10:04 - Connected to database: tjl
[INFO]: 2025-06-03 13:10:04 - Connected to database: ppob
[INFO]: 2025-06-03 13:10:04 - Connected to database: payment_gateway_langitdigital_dev
[INFO]: 2025-06-03 13:13:25 - Connected to database: tjl
[INFO]: 2025-06-03 13:13:25 - Connected to database: ppob
[INFO]: 2025-06-03 13:13:25 - Connected to database: payment_gateway_langitdigital_dev
[INFO]: 2025-06-03 13:13:27 - Connected to database: tjl
[INFO]: 2025-06-03 13:13:27 - Connected to database: ppob
[INFO]: 2025-06-03 13:13:27 - Connected to database: payment_gateway_langitdigital_dev
[INFO]: 2025-06-03 13:13:32 - Connected to database: tjl
[INFO]: 2025-06-03 13:13:32 - Connected to database: ppob
[INFO]: 2025-06-03 13:13:32 - Connected to database: payment_gateway_langitdigital_dev
[INFO]: 2025-06-03 13:13:37 - Connected to database: tjl
[INFO]: 2025-06-03 13:13:37 - Connected to database: ppob
[INFO]: 2025-06-03 13:13:38 - Connected to database: payment_gateway_langitdigital_dev
[INFO]: 2025-06-03 13:13:40 - Connected to database: tjl
[INFO]: 2025-06-03 13:13:40 - Connected to database: ppob
[INFO]: 2025-06-03 13:13:40 - Connected to database: payment_gateway_langitdigital_dev
[INFO]: 2025-06-03 13:13:48 - Connected to database: tjl
[INFO]: 2025-06-03 13:13:48 - Connected to database: ppob
[INFO]: 2025-06-03 13:13:48 - Connected to database: payment_gateway_langitdigital_dev
[INFO]: 2025-06-03 13:13:49 - Connected to database: tjl
[INFO]: 2025-06-03 13:13:49 - Connected to database: ppob
[INFO]: 2025-06-03 13:13:50 - Connected to database: payment_gateway_langitdigital_dev
[INFO]: 2025-06-03 13:13:54 - Connected to database: tjl
[INFO]: 2025-06-03 13:13:54 - Connected to database: ppob
[INFO]: 2025-06-03 13:13:54 - Connected to database: payment_gateway_langitdigital_dev
[INFO]: 2025-06-03 13:13:58 - Connected to database: tjl
[INFO]: 2025-06-03 13:13:58 - Connected to database: ppob
[INFO]: 2025-06-03 13:13:58 - Connected to database: payment_gateway_langitdigital_dev
[INFO]: 2025-06-03 13:13:59 - Connected to database: tjl
[INFO]: 2025-06-03 13:13:59 - Connected to database: ppob
[INFO]: 2025-06-03 13:13:59 - Connected to database: payment_gateway_langitdigital_dev
[INFO]: 2025-06-03 13:14:00 - Connected to database: tjl
[INFO]: 2025-06-03 13:14:00 - Connected to database: ppob
[INFO]: 2025-06-03 13:14:00 - Connected to database: payment_gateway_langitdigital_dev
[INFO]: 2025-06-03 13:14:02 - Connected to database: tjl
[INFO]: 2025-06-03 13:14:02 - Connected to database: ppob
[INFO]: 2025-06-03 13:14:02 - Connected to database: payment_gateway_langitdigital_dev
[INFO]: 2025-06-03 13:14:07 - Connected to database: tjl
[INFO]: 2025-06-03 13:14:07 - Connected to database: ppob
[INFO]: 2025-06-03 13:14:07 - Connected to database: payment_gateway_langitdigital_dev
[INFO]: 2025-06-03 13:14:08 - Connected to database: tjl
[INFO]: 2025-06-03 13:14:08 - Connected to database: ppob
[INFO]: 2025-06-03 13:14:08 - Connected to database: payment_gateway_langitdigital_dev
[INFO]: 2025-06-03 13:14:15 - Connected to database: tjl
[INFO]: 2025-06-03 13:14:15 - Connected to database: ppob
[INFO]: 2025-06-03 13:14:15 - Connected to database: payment_gateway_langitdigital_dev
[INFO]: 2025-06-03 13:14:16 - Connected to database: tjl
[INFO]: 2025-06-03 13:14:16 - Connected to database: ppob
[INFO]: 2025-06-03 13:14:16 - Connected to database: payment_gateway_langitdigital_dev
[INFO]: 2025-06-03 13:14:21 - Connected to database: tjl
[INFO]: 2025-06-03 13:14:21 - Connected to database: ppob
[INFO]: 2025-06-03 13:14:22 - Connected to database: payment_gateway_langitdigital_dev
[INFO]: 2025-06-03 13:14:29 - Connected to database: tjl
[INFO]: 2025-06-03 13:14:29 - Connected to database: ppob
[INFO]: 2025-06-03 13:14:29 - Connected to database: payment_gateway_langitdigital_dev
[INFO]: 2025-06-03 13:14:36 - Connected to database: tjl
[INFO]: 2025-06-03 13:14:36 - Connected to database: ppob
[INFO]: 2025-06-03 13:14:36 - Connected to database: payment_gateway_langitdigital_dev
[INFO]: 2025-06-03 13:14:39 - Connected to database: tjl
[INFO]: 2025-06-03 13:14:39 - Connected to database: ppob
[INFO]: 2025-06-03 13:14:39 - Connected to database: payment_gateway_langitdigital_dev
[INFO]: 2025-06-03 13:14:53 - Connected to database: tjl
[INFO]: 2025-06-03 13:14:53 - Connected to database: ppob
[INFO]: 2025-06-03 13:14:53 - Connected to database: payment_gateway_langitdigital_dev
[INFO]: 2025-06-03 13:14:58 - Connected to database: tjl
[INFO]: 2025-06-03 13:14:58 - Connected to database: ppob
[INFO]: 2025-06-03 13:14:58 - Connected to database: payment_gateway_langitdigital_dev
[INFO]: 2025-06-03 13:15:01 - Connected to database: tjl
[INFO]: 2025-06-03 13:15:02 - Connected to database: ppob
[INFO]: 2025-06-03 13:15:02 - Connected to database: payment_gateway_langitdigital_dev
[INFO]: 2025-06-03 13:15:27 - Connected to database: tjl
[INFO]: 2025-06-03 13:15:27 - Connected to database: ppob
[INFO]: 2025-06-03 13:15:28 - Connected to database: payment_gateway_langitdigital_dev
[INFO]: 2025-06-03 13:15:31 - Connected to database: tjl
[INFO]: 2025-06-03 13:15:31 - Connected to database: ppob
[INFO]: 2025-06-03 13:15:31 - Connected to database: payment_gateway_langitdigital_dev
[INFO]: 2025-06-03 13:15:37 - Connected to database: tjl
[INFO]: 2025-06-03 13:15:37 - Connected to database: ppob
[INFO]: 2025-06-03 13:15:37 - Connected to database: payment_gateway_langitdigital_dev
[INFO]: 2025-06-03 13:15:42 - Connected to database: tjl
[INFO]: 2025-06-03 13:15:42 - Connected to database: ppob
[INFO]: 2025-06-03 13:15:42 - Connected to database: payment_gateway_langitdigital_dev
[INFO]: 2025-06-03 13:15:44 - Connected to database: tjl
[INFO]: 2025-06-03 13:15:44 - Connected to database: ppob
[INFO]: 2025-06-03 13:15:44 - Connected to database: payment_gateway_langitdigital_dev
[INFO]: 2025-06-03 13:16:09 - Connected to database: tjl
[INFO]: 2025-06-03 13:16:10 - Connected to database: ppob
[INFO]: 2025-06-03 13:16:10 - Connected to database: payment_gateway_langitdigital_dev
[INFO]: 2025-06-03 13:16:13 - Connected to database: tjl
[INFO]: 2025-06-03 13:16:13 - Connected to database: ppob
[INFO]: 2025-06-03 13:16:13 - Connected to database: payment_gateway_langitdigital_dev
[INFO]: 2025-06-03 13:16:15 - Connected to database: tjl
[INFO]: 2025-06-03 13:16:15 - Connected to database: ppob
[INFO]: 2025-06-03 13:16:15 - Connected to database: payment_gateway_langitdigital_dev
[INFO]: 2025-06-03 13:16:26 - Connected to database: tjl
[INFO]: 2025-06-03 13:16:26 - Connected to database: ppob
[INFO]: 2025-06-03 13:16:26 - Connected to database: payment_gateway_langitdigital_dev
[INFO]: 2025-06-03 13:16:33 - Connected to database: tjl
[INFO]: 2025-06-03 13:16:33 - Connected to database: ppob
[INFO]: 2025-06-03 13:16:33 - Connected to database: payment_gateway_langitdigital_dev
[INFO]: 2025-06-03 13:16:37 - Connected to database: tjl
[INFO]: 2025-06-03 13:16:37 - Connected to database: ppob
[INFO]: 2025-06-03 13:16:37 - Connected to database: payment_gateway_langitdigital_dev
[INFO]: 2025-06-03 13:16:39 - Connected to database: tjl
[INFO]: 2025-06-03 13:16:39 - Connected to database: ppob
[INFO]: 2025-06-03 13:16:39 - Connected to database: payment_gateway_langitdigital_dev
[INFO]: 2025-06-03 13:16:47 - Connected to database: tjl
[INFO]: 2025-06-03 13:16:47 - Connected to database: ppob
[INFO]: 2025-06-03 13:16:47 - Connected to database: payment_gateway_langitdigital_dev
[INFO]: 2025-06-03 13:16:50 - Connected to database: tjl
[INFO]: 2025-06-03 13:16:50 - Connected to database: ppob
[INFO]: 2025-06-03 13:16:50 - Connected to database: payment_gateway_langitdigital_dev
[INFO]: 2025-06-03 13:16:58 - Connected to database: tjl
[INFO]: 2025-06-03 13:16:58 - Connected to database: ppob
[INFO]: 2025-06-03 13:16:58 - Connected to database: payment_gateway_langitdigital_dev
[INFO]: 2025-06-03 13:17:04 - Connected to database: tjl
[INFO]: 2025-06-03 13:17:04 - Connected to database: ppob
[INFO]: 2025-06-03 13:17:04 - Connected to database: payment_gateway_langitdigital_dev
[INFO]: 2025-06-03 13:17:14 - Connected to database: tjl
[INFO]: 2025-06-03 13:17:14 - Connected to database: ppob
[INFO]: 2025-06-03 13:17:14 - Connected to database: payment_gateway_langitdigital_dev
[INFO]: 2025-06-03 13:17:19 - Connected to database: tjl
[INFO]: 2025-06-03 13:17:19 - Connected to database: ppob
[INFO]: 2025-06-03 13:17:20 - Connected to database: payment_gateway_langitdigital_dev
[INFO]: 2025-06-03 13:17:21 - Connected to database: tjl
[INFO]: 2025-06-03 13:17:21 - Connected to database: ppob
[INFO]: 2025-06-03 13:17:22 - Connected to database: payment_gateway_langitdigital_dev
[INFO]: 2025-06-03 13:17:25 - Connected to database: tjl
[INFO]: 2025-06-03 13:17:25 - Connected to database: ppob
[INFO]: 2025-06-03 13:17:26 - Connected to database: payment_gateway_langitdigital_dev
[INFO]: 2025-06-03 13:17:28 - Connected to database: tjl
[INFO]: 2025-06-03 13:17:28 - Connected to database: ppob
[INFO]: 2025-06-03 13:17:28 - Connected to database: payment_gateway_langitdigital_dev
[INFO]: 2025-06-03 13:17:29 - Connected to database: tjl
[INFO]: 2025-06-03 13:17:29 - Connected to database: ppob
[INFO]: 2025-06-03 13:17:30 - Connected to database: payment_gateway_langitdigital_dev
[INFO]: 2025-06-03 13:17:40 - Connected to database: tjl
[INFO]: 2025-06-03 13:17:41 - Connected to database: ppob
[INFO]: 2025-06-03 13:17:41 - Connected to database: payment_gateway_langitdigital_dev
[INFO]: 2025-06-03 13:18:05 - Connected to database: tjl
[INFO]: 2025-06-03 13:18:05 - Connected to database: ppob
[INFO]: 2025-06-03 13:18:05 - Connected to database: payment_gateway_langitdigital_dev
[INFO]: 2025-06-03 14:06:23 - Connected to database: tjl
[INFO]: 2025-06-03 14:06:23 - Connected to database: ppob
[INFO]: 2025-06-03 14:06:23 - Connected to database: payment_gateway_langitdigital_dev
[INFO]: 2025-06-03 14:06:33 - Connected to database: tjl
[INFO]: 2025-06-03 14:06:33 - Connected to database: ppob
[INFO]: 2025-06-03 14:06:33 - Connected to database: payment_gateway_langitdigital_dev
[INFO]: 2025-06-03 14:06:53 - Connected to database: tjl
[INFO]: 2025-06-03 14:06:53 - Connected to database: ppob
[INFO]: 2025-06-03 14:06:53 - Connected to database: payment_gateway_langitdigital_dev
[INFO]: 2025-06-03 14:06:55 - Connected to database: tjl
[INFO]: 2025-06-03 14:06:55 - Connected to database: ppob
[INFO]: 2025-06-03 14:06:55 - Connected to database: payment_gateway_langitdigital_dev
[INFO]: 2025-06-03 14:07:02 - Connected to database: tjl
[INFO]: 2025-06-03 14:07:03 - Connected to database: ppob
[INFO]: 2025-06-03 14:07:03 - Connected to database: payment_gateway_langitdigital_dev
[INFO]: 2025-06-03 14:07:08 - Connected to database: tjl
[INFO]: 2025-06-03 14:07:08 - Connected to database: ppob
[INFO]: 2025-06-03 14:07:08 - Connected to database: payment_gateway_langitdigital_dev
[INFO]: 2025-06-03 14:08:04 - Connected to database: tjl
[INFO]: 2025-06-03 14:08:04 - Connected to database: ppob
[INFO]: 2025-06-03 14:08:05 - Connected to database: payment_gateway_langitdigital_dev
[INFO]: 2025-06-03 14:08:05 - Connected to database: tjl
[INFO]: 2025-06-03 14:08:06 - Connected to database: ppob
[INFO]: 2025-06-03 14:08:06 - Connected to database: payment_gateway_langitdigital_dev
[INFO]: 2025-06-03 14:08:08 - Connected to database: tjl
[INFO]: 2025-06-03 14:08:08 - Connected to database: ppob
[INFO]: 2025-06-03 14:08:08 - Connected to database: payment_gateway_langitdigital_dev
[INFO]: 2025-06-03 14:55:51 - Connected to database: tjl
[INFO]: 2025-06-03 14:55:51 - Connected to database: ppob
[INFO]: 2025-06-03 14:55:51 - Connected to database: payment_gateway_langitdigital_dev
[INFO]: 2025-06-03 14:55:52 - Connected to database: tjl
[INFO]: 2025-06-03 14:55:53 - Connected to database: ppob
[INFO]: 2025-06-03 14:55:53 - Connected to database: payment_gateway_langitdigital_dev
[INFO]: 2025-06-03 14:55:54 - Connected to database: tjl
[INFO]: 2025-06-03 14:55:55 - Connected to database: ppob
[INFO]: 2025-06-03 14:55:55 - Connected to database: payment_gateway_langitdigital_dev
[INFO]: 2025-06-03 15:08:19 - Connected to database: tjl
[INFO]: 2025-06-03 15:08:19 - Connected to database: ppob
[INFO]: 2025-06-03 15:08:19 - Connected to database: payment_gateway_langitdigital_dev
[INFO]: 2025-06-03 15:08:27 - Connected to database: tjl
[INFO]: 2025-06-03 15:08:27 - Connected to database: ppob
[INFO]: 2025-06-03 15:08:27 - Connected to database: payment_gateway_langitdigital_dev
[INFO]: 2025-06-03 15:08:42 - Connected to database: tjl
[INFO]: 2025-06-03 15:08:43 - Connected to database: ppob
[INFO]: 2025-06-03 15:08:43 - Connected to database: payment_gateway_langitdigital_dev
[INFO]: 2025-06-03 15:09:06 - Connected to database: tjl
[INFO]: 2025-06-03 15:09:06 - Connected to database: ppob
[INFO]: 2025-06-03 15:09:06 - Connected to database: payment_gateway_langitdigital_dev
[INFO]: 2025-06-03 15:09:28 - Connected to database: tjl
[INFO]: 2025-06-03 15:09:28 - Connected to database: ppob
[INFO]: 2025-06-03 15:09:28 - Connected to database: payment_gateway_langitdigital_dev
[INFO]: 2025-06-03 15:13:07 - Connected to database: tjl
[INFO]: 2025-06-03 15:13:07 - Connected to database: ppob
[INFO]: 2025-06-03 15:13:07 - Connected to database: payment_gateway_langitdigital_dev
[INFO]: 2025-06-03 15:13:09 - Connected to database: tjl
[INFO]: 2025-06-03 15:13:09 - Connected to database: ppob
[INFO]: 2025-06-03 15:13:10 - Connected to database: payment_gateway_langitdigital_dev
[INFO]: 2025-06-03 15:14:48 - Connected to database: tjl
[INFO]: 2025-06-03 15:14:49 - Connected to database: ppob
[INFO]: 2025-06-03 15:14:52 - Connected to database: payment_gateway_langitdigital_dev
[INFO]: 2025-06-03 15:17:50 - Connected to database: tjl
[INFO]: 2025-06-03 15:17:50 - Connected to database: ppob
[INFO]: 2025-06-03 15:17:50 - Connected to database: payment_gateway_langitdigital_dev
[INFO]: 2025-06-03 15:17:51 - Connected to database: tjl
[INFO]: 2025-06-03 15:17:53 - Connected to database: ppob
[INFO]: 2025-06-03 15:17:53 - Connected to database: payment_gateway_langitdigital_dev
[INFO]: 2025-06-03 15:18:07 - Connected to database: tjl
[INFO]: 2025-06-03 15:18:08 - Connected to database: ppob
[INFO]: 2025-06-03 15:18:08 - Connected to database: payment_gateway_langitdigital_dev
[INFO]: 2025-06-03 15:18:15 - Connected to database: tjl
[INFO]: 2025-06-03 15:18:15 - Connected to database: ppob
[INFO]: 2025-06-03 15:18:15 - Connected to database: payment_gateway_langitdigital_dev
[INFO]: 2025-06-03 15:18:16 - Connected to database: tjl
[INFO]: 2025-06-03 15:18:17 - Connected to database: ppob
[INFO]: 2025-06-03 15:18:17 - Connected to database: payment_gateway_langitdigital_dev
[INFO]: 2025-06-03 15:18:22 - Connected to database: tjl
[INFO]: 2025-06-03 15:18:22 - Connected to database: ppob
[INFO]: 2025-06-03 15:18:22 - Connected to database: payment_gateway_langitdigital_dev
[INFO]: 2025-06-03 15:18:26 - Connected to database: tjl
[INFO]: 2025-06-03 15:18:26 - Connected to database: ppob
[INFO]: 2025-06-03 15:18:26 - Connected to database: payment_gateway_langitdigital_dev
[INFO]: 2025-06-03 15:18:32 - Connected to database: tjl
[INFO]: 2025-06-03 15:18:32 - Connected to database: ppob
[INFO]: 2025-06-03 15:18:32 - Connected to database: payment_gateway_langitdigital_dev
[INFO]: 2025-06-03 15:18:34 - Connected to database: tjl
[INFO]: 2025-06-03 15:18:34 - Connected to database: ppob
[INFO]: 2025-06-03 15:18:35 - Connected to database: payment_gateway_langitdigital_dev
[INFO]: 2025-06-03 15:18:37 - Connected to database: tjl
[INFO]: 2025-06-03 15:18:37 - Connected to database: ppob
[INFO]: 2025-06-03 15:18:37 - Connected to database: payment_gateway_langitdigital_dev
[INFO]: 2025-06-03 15:19:05 - Connected to database: tjl
[INFO]: 2025-06-03 15:19:05 - Connected to database: ppob
[INFO]: 2025-06-03 15:19:05 - Connected to database: payment_gateway_langitdigital_dev
[INFO]: 2025-06-03 15:19:06 - Connected to database: tjl
[INFO]: 2025-06-03 15:19:06 - Connected to database: ppob
[INFO]: 2025-06-03 15:19:06 - Connected to database: payment_gateway_langitdigital_dev
[INFO]: 2025-06-03 15:19:10 - Connected to database: tjl
[INFO]: 2025-06-03 15:19:11 - Connected to database: ppob
[INFO]: 2025-06-03 15:19:11 - Connected to database: payment_gateway_langitdigital_dev
[INFO]: 2025-06-03 15:19:13 - Connected to database: tjl
[INFO]: 2025-06-03 15:19:13 - Connected to database: ppob
[INFO]: 2025-06-03 15:19:13 - Connected to database: payment_gateway_langitdigital_dev
[INFO]: 2025-06-03 15:19:17 - Connected to database: tjl
[INFO]: 2025-06-03 15:19:17 - Connected to database: ppob
[INFO]: 2025-06-03 15:19:17 - Connected to database: payment_gateway_langitdigital_dev
[INFO]: 2025-06-03 15:19:21 - Connected to database: tjl
[INFO]: 2025-06-03 15:19:21 - Connected to database: ppob
[INFO]: 2025-06-03 15:19:21 - Connected to database: payment_gateway_langitdigital_dev
[INFO]: 2025-06-03 15:19:22 - Connected to database: tjl
[INFO]: 2025-06-03 15:19:22 - Connected to database: ppob
[INFO]: 2025-06-03 15:19:23 - Connected to database: payment_gateway_langitdigital_dev
[INFO]: 2025-06-03 15:19:29 - Connected to database: tjl
[INFO]: 2025-06-03 15:19:29 - Connected to database: ppob
[INFO]: 2025-06-03 15:19:29 - Connected to database: payment_gateway_langitdigital_dev
[INFO]: 2025-06-03 15:19:36 - Connected to database: tjl
[INFO]: 2025-06-03 15:19:36 - Connected to database: ppob
[INFO]: 2025-06-03 15:19:36 - Connected to database: payment_gateway_langitdigital_dev
[INFO]: 2025-06-03 15:19:46 - Connected to database: tjl
[INFO]: 2025-06-03 15:19:46 - Connected to database: ppob
[INFO]: 2025-06-03 15:19:46 - Connected to database: payment_gateway_langitdigital_dev
[INFO]: 2025-06-03 15:20:12 - Connected to database: tjl
[INFO]: 2025-06-03 15:20:12 - Connected to database: ppob
[INFO]: 2025-06-03 15:20:13 - Connected to database: payment_gateway_langitdigital_dev
[INFO]: 2025-06-03 15:20:25 - Connected to database: tjl
[INFO]: 2025-06-03 15:20:25 - Connected to database: ppob
[INFO]: 2025-06-03 15:20:25 - Connected to database: payment_gateway_langitdigital_dev
[INFO]: 2025-06-03 15:21:22 - Connected to database: tjl
[INFO]: 2025-06-03 15:21:22 - Connected to database: ppob
[INFO]: 2025-06-03 15:21:22 - Connected to database: payment_gateway_langitdigital_dev
[INFO]: 2025-06-03 15:22:45 - Connected to database: tjl
[INFO]: 2025-06-03 15:22:45 - Connected to database: ppob
[INFO]: 2025-06-03 15:22:45 - Connected to database: payment_gateway_langitdigital_dev
[INFO]: 2025-06-03 15:22:46 - Connected to database: tjl
[INFO]: 2025-06-03 15:22:46 - Connected to database: ppob
[INFO]: 2025-06-03 15:22:46 - Connected to database: payment_gateway_langitdigital_dev
[INFO]: 2025-06-03 15:22:49 - Connected to database: tjl
[INFO]: 2025-06-03 15:22:49 - Connected to database: ppob
[INFO]: 2025-06-03 15:22:49 - Connected to database: payment_gateway_langitdigital_dev
[INFO]: 2025-06-03 15:23:00 - Connected to database: tjl
[INFO]: 2025-06-03 15:23:00 - Connected to database: ppob
[INFO]: 2025-06-03 15:23:00 - Connected to database: payment_gateway_langitdigital_dev
[INFO]: 2025-06-03 15:23:03 - Connected to database: tjl
[INFO]: 2025-06-03 15:23:04 - Connected to database: ppob
[INFO]: 2025-06-03 15:23:04 - Connected to database: payment_gateway_langitdigital_dev
[INFO]: 2025-06-03 15:24:24 - Connected to database: tjl
[INFO]: 2025-06-03 15:24:24 - Connected to database: ppob
[INFO]: 2025-06-03 15:24:24 - Connected to database: payment_gateway_langitdigital_dev
[ERROR]: 2025-06-03 15:24:38 - In Server: API returned status 401 Unauthorized
[INFO]: 2025-06-03 15:24:38 - Rate by Coordinate
[INFO]: 2025-06-03 15:24:59 - Connected to database: tjl
[INFO]: 2025-06-03 15:24:59 - Connected to database: ppob
[INFO]: 2025-06-03 15:24:59 - Connected to database: payment_gateway_langitdigital_dev
[ERROR]: 2025-06-03 15:26:48 - In Server: API returned status 401 Unauthorized
[INFO]: 2025-06-03 15:26:48 - Order by Coordinate
[INFO]: 2025-06-03 15:27:16 - Connected to database: tjl
[INFO]: 2025-06-03 15:27:16 - Connected to database: ppob
[INFO]: 2025-06-03 15:27:16 - Connected to database: payment_gateway_langitdigital_dev
[INFO]: 2025-06-03 15:27:26 - Order by Coordinate
[INFO]: 2025-06-03 15:27:51 - Connected to database: tjl
[INFO]: 2025-06-03 15:27:52 - Connected to database: ppob
[INFO]: 2025-06-03 15:27:52 - Connected to database: payment_gateway_langitdigital_dev
[INFO]: 2025-06-03 15:35:11 - Connected to database: tjl
[INFO]: 2025-06-03 15:35:13 - Connected to database: tjl
[INFO]: 2025-06-03 15:35:13 - Connected to database: ppob
[INFO]: 2025-06-03 15:35:13 - Connected to database: payment_gateway_langitdigital_dev
[INFO]: 2025-06-03 15:35:16 - Connected to database: tjl
[INFO]: 2025-06-03 15:35:16 - Connected to database: ppob
[INFO]: 2025-06-03 15:35:17 - Connected to database: payment_gateway_langitdigital_dev
[INFO]: 2025-06-03 16:27:42 - Connected to database: tjl
[INFO]: 2025-06-03 16:27:43 - Connected to database: ppob
[INFO]: 2025-06-03 16:27:43 - Connected to database: payment_gateway_langitdigital_dev
