[ERROR]: 2025-03-05 10:20:02 - In Server: Missing auth token
[ERROR]: 2025-03-05 10:20:07 - In Server: Error 1064: You have an error in your SQL syntax; check the manual that corresponds to your MySQL server version for the right syntax to use near '(uid, title, description, salary, cat_id, place_id, is_draft) 
	VALUES (?, ?, ?,' at line 1
[ERROR]: 2025-03-05 10:20:33 - In Server: sql: expected 7 arguments, got 6
[ERROR]: 2025-03-05 10:26:51 - In Server: json: cannot unmarshal bool into Go struct field JobStore.is_draft of type int
[ERROR]: 2025-03-05 10:27:03 - In Server: Error 1366: Incorrect integer value: '' for column 'cat_id' at row 1
[INFO]: 2025-03-05 10:27:36 - Store Bannner success
[INFO]: 2025-03-05 10:28:34 - Store Bannner success
[INFO]: 2025-03-05 10:31:42 - Store Bannner success
[INFO]: 2025-03-05 10:31:59 - Store Bannner success
[INFO]: 2025-03-05 10:32:30 - Store Bannner success
[INFO]: 2025-03-05 10:38:50 - Store Bannner success
[ERROR]: 2025-03-05 10:46:12 - In Server: Error 1452: Cannot add or update a child row: a foreign key constraint fails (`tjl`.`jobs`, CONSTRAINT `jobs_ibfk_2` FOREIGN KEY (`place_id`) REFERENCES `places` (`id`) ON DELETE CASCADE ON UPDATE CASCADE)
[ERROR]: 2025-03-05 10:46:22 - In Server: Error 1054: Unknown column 'uid' in 'field list'
[ERROR]: 2025-03-05 10:46:36 - In Server: Error 1054: Unknown column 'uid' in 'where clause'
[ERROR]: 2025-03-05 10:46:40 - In Server: Error 1054: Unknown column 'uid' in 'where clause'
[INFO]: 2025-03-05 10:46:48 - Store Bannner success
[ERROR]: 2025-03-05 10:46:54 - In Server: Error 1452: Cannot add or update a child row: a foreign key constraint fails (`tjl`.`jobs`, CONSTRAINT `jobs_ibfk_2` FOREIGN KEY (`place_id`) REFERENCES `places` (`id`) ON DELETE CASCADE ON UPDATE CASCADE)
[ERROR]: 2025-03-05 10:47:37 - In Server: Error 1452: Cannot add or update a child row: a foreign key constraint fails (`tjl`.`jobs`, CONSTRAINT `jobs_ibfk_2` FOREIGN KEY (`place_id`) REFERENCES `places` (`id`) ON DELETE CASCADE ON UPDATE CASCADE)
[ERROR]: 2025-03-05 10:47:49 - In Server: Error 1452: Cannot add or update a child row: a foreign key constraint fails (`tjl`.`jobs`, CONSTRAINT `jobs_ibfk_2` FOREIGN KEY (`place_id`) REFERENCES `places` (`id`) ON DELETE CASCADE ON UPDATE CASCADE)
[ERROR]: 2025-03-05 10:48:05 - In Server: Error 1452: Cannot add or update a child row: a foreign key constraint fails (`tjl`.`jobs`, CONSTRAINT `jobs_ibfk_1` FOREIGN KEY (`cat_id`) REFERENCES `job_categories` (`uid`) ON DELETE CASCADE ON UPDATE CASCADE)
[ERROR]: 2025-03-05 10:48:06 - In Server: Error 1452: Cannot add or update a child row: a foreign key constraint fails (`tjl`.`jobs`, CONSTRAINT `jobs_ibfk_1` FOREIGN KEY (`cat_id`) REFERENCES `job_categories` (`uid`) ON DELETE CASCADE ON UPDATE CASCADE)
[ERROR]: 2025-03-05 10:48:07 - In Server: Error 1452: Cannot add or update a child row: a foreign key constraint fails (`tjl`.`jobs`, CONSTRAINT `jobs_ibfk_1` FOREIGN KEY (`cat_id`) REFERENCES `job_categories` (`uid`) ON DELETE CASCADE ON UPDATE CASCADE)
[ERROR]: 2025-03-05 10:48:07 - In Server: Error 1452: Cannot add or update a child row: a foreign key constraint fails (`tjl`.`jobs`, CONSTRAINT `jobs_ibfk_1` FOREIGN KEY (`cat_id`) REFERENCES `job_categories` (`uid`) ON DELETE CASCADE ON UPDATE CASCADE)
[INFO]: 2025-03-05 10:48:45 - Store Bannner success
[INFO]: 2025-03-05 10:49:22 - Fetch Job List success
[ERROR]: 2025-03-05 10:52:26 - In Server: Missing auth token
[INFO]: 2025-03-05 10:52:30 - Fetch Job Place success
[INFO]: 2025-03-05 10:52:40 - Fetch Job Place success
[INFO]: 2025-03-05 10:53:18 - Fetch Job List success
[INFO]: 2025-03-05 10:54:07 - Store Bannner success
[INFO]: 2025-03-05 10:54:14 - Fetch Job List success
[INFO]: 2025-03-05 10:54:40 - Fetch Job List success
[INFO]: 2025-03-05 10:55:07 - Fetch Job List success
[INFO]: 2025-03-05 10:55:10 - Fetch Job List success
[INFO]: 2025-03-05 10:56:00 - Fetch Job List success
[INFO]: 2025-03-05 10:56:54 - Fetch Job List success
[INFO]: 2025-03-05 10:56:55 - Fetch Job List success
[INFO]: 2025-03-05 10:56:56 - Fetch Job List success
[INFO]: 2025-03-05 10:57:24 - Fetch Job List success
[INFO]: 2025-03-05 10:57:25 - Fetch Job List success
[INFO]: 2025-03-05 10:58:57 - Fetch Job List success
[INFO]: 2025-03-05 10:58:57 - Fetch Job List success
[INFO]: 2025-03-05 10:59:14 - Fetch Job List success
[INFO]: 2025-03-05 10:59:43 - Fetch Job List success
[INFO]: 2025-03-05 10:59:44 - Fetch Job List success
[INFO]: 2025-03-05 10:59:48 - Fetch Job List success
[INFO]: 2025-03-05 11:00:26 - Fetch Job List success
[INFO]: 2025-03-05 11:00:27 - Fetch Job List success
[INFO]: 2025-03-05 11:00:28 - Fetch Job List success
[INFO]: 2025-03-05 11:01:15 - Fetch Job List success
[INFO]: 2025-03-05 11:01:16 - Fetch Job List success
[INFO]: 2025-03-05 11:01:58 - Fetch Job List success
[INFO]: 2025-03-05 11:07:31 - Fetch Job List success
[INFO]: 2025-03-05 11:08:41 - Fetch Job List success
[INFO]: 2025-03-05 11:12:16 - Fetch Job List success
[INFO]: 2025-03-05 11:15:16 - Fetch Job List success
[INFO]: 2025-03-05 11:18:08 - Fetch Job List success
[ERROR]: 2025-03-05 11:18:55 - In Server: Error 1054: Unknown column 'p.currenct' in 'field list'
[ERROR]: 2025-03-05 11:18:56 - In Server: Error 1054: Unknown column 'p.currenct' in 'field list'
[ERROR]: 2025-03-05 11:18:57 - In Server: Error 1054: Unknown column 'p.currenct' in 'field list'
[ERROR]: 2025-03-05 11:19:07 - In Server: Error 1054: Unknown column 'p.currenct' in 'field list'
[INFO]: 2025-03-05 11:19:30 - Fetch Job List success
[INFO]: 2025-03-05 11:20:21 - Fetch Job List success
[ERROR]: 2025-03-05 11:22:18 - In Server: Error 1054: Unknown column 'description' in 'field list'
[INFO]: 2025-03-05 11:27:43 - Store Bannner success
[INFO]: 2025-03-05 11:27:47 - Fetch Job List success
[INFO]: 2025-03-05 11:33:15 - Fetch Job List success
[INFO]: 2025-03-05 11:33:16 - Fetch Job List success
[INFO]: 2025-03-05 11:33:21 - Store Bannner success
[INFO]: 2025-03-05 11:33:22 - Fetch Job List success
[INFO]: 2025-03-05 11:33:23 - Fetch Job List success
[INFO]: 2025-03-05 11:35:02 - Store Bannner success
[INFO]: 2025-03-05 11:35:04 - Fetch Job List success
[INFO]: 2025-03-05 11:35:28 - Fetch Job List success
[INFO]: 2025-03-05 11:35:28 - Fetch Job List success
[ERROR]: 2025-03-05 11:41:54 - In Server: Missing auth token
[ERROR]: 2025-03-05 11:41:59 - In Server: Error 1054: Unknown column 'f.uid' in 'where clause'
[ERROR]: 2025-03-05 11:42:00 - In Server: Error 1054: Unknown column 'f.uid' in 'where clause'
[INFO]: 2025-03-05 11:42:17 - Job Detail success
[INFO]: 2025-03-05 11:42:39 - Job Detail success
[INFO]: 2025-03-05 11:42:50 - Job Detail success
[INFO]: 2025-03-05 11:46:20 - Job Detail success
[INFO]: 2025-03-05 11:46:25 - Job Detail success
