[ERROR]: 2025-06-20 10:26:49 - In Server: Token is invalid
[INFO]: 2025-06-20 11:00:37 - Connected to database: capbridge
[INFO]: 2025-06-20 11:00:43 - Connected to database: capbridge
[INFO]: 2025-06-20 11:00:51 - Connected to database: capbridge
[INFO]: 2025-06-20 11:00:52 - Connected to database: capbridge
[INFO]: 2025-06-20 11:00:54 - Connected to database: capbridge
[INFO]: 2025-06-20 11:00:57 - Connected to database: capbridge
[INFO]: 2025-06-20 11:00:59 - Connected to database: capbridge
[INFO]: 2025-06-20 11:01:02 - Connected to database: capbridge
[INFO]: 2025-06-20 11:01:06 - Connected to database: capbridge
[INFO]: 2025-06-20 11:01:11 - Connected to database: capbridge
[INFO]: 2025-06-20 11:01:19 - Connected to database: capbridge
[INFO]: 2025-06-20 11:01:36 - Connected to database: capbridge
[INFO]: 2025-06-20 11:01:41 - Connected to database: capbridge
[INFO]: 2025-06-20 11:01:47 - Connected to database: capbridge
[INFO]: 2025-06-20 11:01:49 - Connected to database: capbridge
[INFO]: 2025-06-20 11:01:50 - Connected to database: capbridge
[INFO]: 2025-06-20 11:01:54 - Connected to database: capbridge
[INFO]: 2025-06-20 11:01:57 - Connected to database: capbridge
[INFO]: 2025-06-20 11:02:09 - Connected to database: capbridge
[INFO]: 2025-06-20 11:02:11 - Connected to database: capbridge
[INFO]: 2025-06-20 11:02:13 - Connected to database: capbridge
[INFO]: 2025-06-20 11:02:16 - Connected to database: capbridge
[INFO]: 2025-06-20 11:02:22 - Connected to database: capbridge
[INFO]: 2025-06-20 11:02:25 - Connected to database: capbridge
[INFO]: 2025-06-20 11:02:26 - Connected to database: capbridge
[INFO]: 2025-06-20 11:21:56 - Connected to database: capbridge
[INFO]: 2025-06-20 11:22:00 - Connected to database: capbridge
[INFO]: 2025-06-20 11:27:26 - Connected to database: capbridge
[INFO]: 2025-06-20 11:27:30 - Connected to database: capbridge
[INFO]: 2025-06-20 11:27:31 - Connected to database: capbridge
[INFO]: 2025-06-20 11:27:34 - Connected to database: capbridge
[INFO]: 2025-06-20 11:27:36 - Connected to database: capbridge
[INFO]: 2025-06-20 11:27:42 - Connected to database: capbridge
[INFO]: 2025-06-20 11:27:43 - Connected to database: capbridge
[INFO]: 2025-06-20 11:27:49 - Connected to database: capbridge
[INFO]: 2025-06-20 11:27:51 - Connected to database: capbridge
[INFO]: 2025-06-20 11:28:22 - Connected to database: capbridge
[INFO]: 2025-06-20 11:28:30 - Connected to database: capbridge
[INFO]: 2025-06-20 11:28:34 - Connected to database: capbridge
[INFO]: 2025-06-20 11:28:40 - Connected to database: capbridge
[INFO]: 2025-06-20 11:28:42 - Connected to database: capbridge
[INFO]: 2025-06-20 11:28:51 - Connected to database: capbridge
[INFO]: 2025-06-20 11:31:08 - Connected to database: capbridge
[INFO]: 2025-06-20 11:31:09 - Connected to database: capbridge
[INFO]: 2025-06-20 11:31:14 - Connected to database: capbridge
[INFO]: 2025-06-20 13:42:38 - Connected to database: capbridge
[INFO]: 2025-06-20 13:42:46 - Connected to database: capbridge
[INFO]: 2025-06-20 13:46:37 - Connected to database: capbridge
[INFO]: 2025-06-20 13:46:47 - Connected to database: capbridge
[INFO]: 2025-06-20 13:46:51 - Connected to database: capbridge
[INFO]: 2025-06-20 13:49:30 - Connected to database: capbridge
[INFO]: 2025-06-20 13:49:33 - Connected to database: capbridge
[INFO]: 2025-06-20 13:49:35 - Connected to database: capbridge
[INFO]: 2025-06-20 13:49:40 - Connected to database: capbridge
[INFO]: 2025-06-20 13:49:42 - Connected to database: capbridge
[INFO]: 2025-06-20 13:49:45 - Connected to database: capbridge
[INFO]: 2025-06-20 13:49:47 - Connected to database: capbridge
[INFO]: 2025-06-20 13:49:50 - Connected to database: capbridge
[INFO]: 2025-06-20 13:49:58 - Connected to database: capbridge
[INFO]: 2025-06-20 13:50:02 - Connected to database: capbridge
[INFO]: 2025-06-20 13:50:20 - Connected to database: capbridge
[INFO]: 2025-06-20 13:50:23 - Connected to database: capbridge
[INFO]: 2025-06-20 13:51:26 - Connected to database: capbridge
[INFO]: 2025-06-20 13:51:27 - Connected to database: capbridge
[INFO]: 2025-06-20 13:51:32 - Connected to database: capbridge
[INFO]: 2025-06-20 13:51:37 - Connected to database: capbridge
[INFO]: 2025-06-20 13:51:41 - Connected to database: capbridge
[INFO]: 2025-06-20 13:51:43 - Connected to database: capbridge
[INFO]: 2025-06-20 13:51:49 - Connected to database: capbridge
[INFO]: 2025-06-20 13:51:55 - Connected to database: capbridge
[INFO]: 2025-06-20 13:51:57 - Connected to database: capbridge
[INFO]: 2025-06-20 13:52:07 - Connected to database: capbridge
[INFO]: 2025-06-20 13:52:09 - Connected to database: capbridge
[INFO]: 2025-06-20 13:52:13 - Connected to database: capbridge
[INFO]: 2025-06-20 13:52:20 - Connected to database: capbridge
[INFO]: 2025-06-20 13:52:23 - Connected to database: capbridge
[INFO]: 2025-06-20 13:52:28 - Connected to database: capbridge
[INFO]: 2025-06-20 13:52:30 - Connected to database: capbridge
[INFO]: 2025-06-20 13:52:33 - Connected to database: capbridge
[INFO]: 2025-06-20 13:52:39 - Connected to database: capbridge
[INFO]: 2025-06-20 13:52:40 - Connected to database: capbridge
[INFO]: 2025-06-20 13:52:44 - Connected to database: capbridge
[INFO]: 2025-06-20 13:52:46 - Connected to database: capbridge
[INFO]: 2025-06-20 13:52:50 - Connected to database: capbridge
[INFO]: 2025-06-20 13:52:54 - Connected to database: capbridge
[INFO]: 2025-06-20 14:00:47 - Connected to database: capbridge
[INFO]: 2025-06-20 14:00:53 - Connected to database: capbridge
[INFO]: 2025-06-20 14:00:57 - Connected to database: capbridge
[INFO]: 2025-06-20 14:01:02 - Connected to database: capbridge
[INFO]: 2025-06-20 14:01:21 - Connected to database: capbridge
[INFO]: 2025-06-20 14:01:25 - Connected to database: capbridge
[INFO]: 2025-06-20 14:01:31 - Connected to database: capbridge
[INFO]: 2025-06-20 14:01:38 - Connected to database: capbridge
[INFO]: 2025-06-20 14:01:49 - Connected to database: capbridge
[INFO]: 2025-06-20 14:02:33 - Connected to database: capbridge
[INFO]: 2025-06-20 14:02:35 - Connected to database: capbridge
[INFO]: 2025-06-20 14:02:37 - Connected to database: capbridge
[INFO]: 2025-06-20 14:02:52 - Connected to database: capbridge
[INFO]: 2025-06-20 14:02:58 - Connected to database: capbridge
[INFO]: 2025-06-20 14:03:03 - Connected to database: capbridge
[INFO]: 2025-06-20 14:03:07 - Connected to database: capbridge
[INFO]: 2025-06-20 14:06:53 - Connected to database: capbridge
[INFO]: 2025-06-20 14:06:57 - Connected to database: capbridge
[INFO]: 2025-06-20 14:10:30 - Connected to database: capbridge
[INFO]: 2025-06-20 14:10:35 - Connected to database: capbridge
[INFO]: 2025-06-20 14:10:46 - Connected to database: capbridge
[INFO]: 2025-06-20 14:10:50 - Connected to database: capbridge
[INFO]: 2025-06-20 14:11:20 - Connected to database: capbridge
[INFO]: 2025-06-20 14:11:36 - Connected to database: capbridge
[INFO]: 2025-06-20 14:11:44 - Connected to database: capbridge
[INFO]: 2025-06-20 14:11:55 - Connected to database: capbridge
[INFO]: 2025-06-20 14:12:15 - Connected to database: capbridge
[INFO]: 2025-06-20 14:12:21 - Connected to database: capbridge
[INFO]: 2025-06-20 14:12:25 - Connected to database: capbridge
[INFO]: 2025-06-20 14:12:29 - Connected to database: capbridge
[INFO]: 2025-06-20 14:12:57 - Connected to database: capbridge
[INFO]: 2025-06-20 14:13:26 - Connected to database: capbridge
[INFO]: 2025-06-20 14:13:28 - Connected to database: capbridge
[INFO]: 2025-06-20 14:13:33 - Connected to database: capbridge
[INFO]: 2025-06-20 14:13:40 - Connected to database: capbridge
[INFO]: 2025-06-20 14:13:43 - Connected to database: capbridge
[INFO]: 2025-06-20 14:13:44 - Connected to database: capbridge
[INFO]: 2025-06-20 14:13:50 - Connected to database: capbridge
[INFO]: 2025-06-20 14:14:17 - Connected to database: capbridge
[INFO]: 2025-06-20 14:14:26 - Connected to database: capbridge
[INFO]: 2025-06-20 14:14:31 - Connected to database: capbridge
[INFO]: 2025-06-20 14:14:47 - Connected to database: capbridge
[INFO]: 2025-06-20 14:14:56 - Connected to database: capbridge
[INFO]: 2025-06-20 14:16:01 - Connected to database: capbridge
[INFO]: 2025-06-20 14:16:06 - Connected to database: capbridge
[INFO]: 2025-06-20 14:16:12 - Connected to database: capbridge
[INFO]: 2025-06-20 14:16:14 - Connected to database: capbridge
[INFO]: 2025-06-20 14:16:22 - Connected to database: capbridge
[INFO]: 2025-06-20 14:16:26 - Connected to database: capbridge
[INFO]: 2025-06-20 14:16:30 - Connected to database: capbridge
[INFO]: 2025-06-20 14:16:53 - Connected to database: capbridge
[INFO]: 2025-06-20 14:17:09 - Connected to database: capbridge
[INFO]: 2025-06-20 14:17:17 - Connected to database: capbridge
[INFO]: 2025-06-20 14:17:35 - Connected to database: capbridge
[INFO]: 2025-06-20 14:17:36 - Connected to database: capbridge
[INFO]: 2025-06-20 14:17:40 - Connected to database: capbridge
[INFO]: 2025-06-20 14:17:42 - Connected to database: capbridge
[INFO]: 2025-06-20 14:17:46 - Connected to database: capbridge
[INFO]: 2025-06-20 14:17:47 - Connected to database: capbridge
[INFO]: 2025-06-20 14:17:52 - Connected to database: capbridge
[INFO]: 2025-06-20 14:17:56 - Connected to database: capbridge
[INFO]: 2025-06-20 14:18:02 - Connected to database: capbridge
[INFO]: 2025-06-20 14:21:21 - Connected to database: capbridge
[INFO]: 2025-06-20 14:21:22 - Connected to database: capbridge
[INFO]: 2025-06-20 14:21:25 - Connected to database: capbridge
[INFO]: 2025-06-20 14:21:38 - Connected to database: capbridge
[INFO]: 2025-06-20 14:21:44 - Connected to database: capbridge
[INFO]: 2025-06-20 14:21:45 - Connected to database: capbridge
[INFO]: 2025-06-20 14:21:53 - Connected to database: capbridge
[INFO]: 2025-06-20 14:21:55 - Connected to database: capbridge
[INFO]: 2025-06-20 14:22:04 - Connected to database: capbridge
[INFO]: 2025-06-20 14:22:08 - Connected to database: capbridge
[INFO]: 2025-06-20 14:22:12 - Connected to database: capbridge
[INFO]: 2025-06-20 14:22:15 - Connected to database: capbridge
[INFO]: 2025-06-20 14:22:17 - Connected to database: capbridge
[INFO]: 2025-06-20 14:22:18 - Connected to database: capbridge
[INFO]: 2025-06-20 14:22:40 - Connected to database: capbridge
[INFO]: 2025-06-20 14:23:51 - Connected to database: capbridge
[INFO]: 2025-06-20 14:23:59 - Connected to database: capbridge
[INFO]: 2025-06-20 14:24:10 - Connected to database: capbridge
[INFO]: 2025-06-20 14:24:13 - Connected to database: capbridge
[INFO]: 2025-06-20 14:24:15 - Connected to database: capbridge
[INFO]: 2025-06-20 14:24:18 - Connected to database: capbridge
[INFO]: 2025-06-20 14:25:33 - Connected to database: capbridge
[INFO]: 2025-06-20 14:25:36 - Connected to database: capbridge
[INFO]: 2025-06-20 14:26:11 - Connected to database: capbridge
[INFO]: 2025-06-20 14:26:13 - Connected to database: capbridge
[INFO]: 2025-06-20 14:26:14 - Connected to database: capbridge
[INFO]: 2025-06-20 14:26:18 - Connected to database: capbridge
[INFO]: 2025-06-20 14:27:01 - Connected to database: capbridge
[INFO]: 2025-06-20 14:27:06 - Connected to database: capbridge
[INFO]: 2025-06-20 14:27:07 - Connected to database: capbridge
[INFO]: 2025-06-20 14:27:09 - Connected to database: capbridge
[INFO]: 2025-06-20 14:27:16 - Connected to database: capbridge
[INFO]: 2025-06-20 14:27:17 - Connected to database: capbridge
[INFO]: 2025-06-20 14:27:23 - Connected to database: capbridge
[INFO]: 2025-06-20 14:27:26 - Connected to database: capbridge
[INFO]: 2025-06-20 14:27:37 - Connected to database: capbridge
[INFO]: 2025-06-20 14:27:40 - Connected to database: capbridge
[INFO]: 2025-06-20 14:27:43 - Connected to database: capbridge
[INFO]: 2025-06-20 14:27:51 - Connected to database: capbridge
[INFO]: 2025-06-20 14:28:07 - Connected to database: capbridge
[INFO]: 2025-06-20 14:28:09 - Connected to database: capbridge
[INFO]: 2025-06-20 14:28:13 - Connected to database: capbridge
[INFO]: 2025-06-20 14:28:17 - Connected to database: capbridge
[INFO]: 2025-06-20 14:28:19 - Connected to database: capbridge
[INFO]: 2025-06-20 14:28:24 - Connected to database: capbridge
[INFO]: 2025-06-20 14:28:29 - Connected to database: capbridge
[INFO]: 2025-06-20 14:28:43 - Connected to database: capbridge
[INFO]: 2025-06-20 14:28:46 - Connected to database: capbridge
[INFO]: 2025-06-20 14:29:20 - Connected to database: capbridge
[INFO]: 2025-06-20 14:29:52 - Connected to database: capbridge
[INFO]: 2025-06-20 14:29:54 - Connected to database: capbridge
[INFO]: 2025-06-20 14:29:55 - Connected to database: capbridge
[INFO]: 2025-06-20 14:29:57 - Connected to database: capbridge
[INFO]: 2025-06-20 14:30:03 - Connected to database: capbridge
[INFO]: 2025-06-20 14:30:33 - Connected to database: capbridge
[INFO]: 2025-06-20 14:30:35 - Connected to database: capbridge
[INFO]: 2025-06-20 14:30:39 - Connected to database: capbridge
[INFO]: 2025-06-20 14:30:41 - Connected to database: capbridge
[INFO]: 2025-06-20 14:30:44 - Connected to database: capbridge
[INFO]: 2025-06-20 14:30:48 - Connected to database: capbridge
[INFO]: 2025-06-20 14:30:53 - Connected to database: capbridge
[INFO]: 2025-06-20 14:30:59 - Connected to database: capbridge
[INFO]: 2025-06-20 14:31:45 - Connected to database: capbridge
[INFO]: 2025-06-20 14:32:13 - Connected to database: capbridge
[INFO]: 2025-06-20 14:32:26 - Connected to database: capbridge
[INFO]: 2025-06-20 14:32:32 - Connected to database: capbridge
[INFO]: 2025-06-20 14:37:33 - Connected to database: capbridge
[INFO]: 2025-06-20 14:37:35 - Connected to database: capbridge
[INFO]: 2025-06-20 14:37:36 - Connected to database: capbridge
[INFO]: 2025-06-20 14:37:51 - Connected to database: capbridge
[INFO]: 2025-06-20 14:37:54 - Connected to database: capbridge
[INFO]: 2025-06-20 14:38:00 - Connected to database: capbridge
[INFO]: 2025-06-20 14:40:11 - Connected to database: capbridge
[INFO]: 2025-06-20 14:40:21 - Connected to database: capbridge
[INFO]: 2025-06-20 14:40:29 - Connected to database: capbridge
[INFO]: 2025-06-20 14:42:38 - Connected to database: capbridge
[INFO]: 2025-06-20 14:42:38 - Connected to database: capbridge
[INFO]: 2025-06-20 14:42:43 - Connected to database: capbridge
[INFO]: 2025-06-20 14:42:45 - Connected to database: capbridge
[INFO]: 2025-06-20 14:42:55 - Connected to database: capbridge
[INFO]: 2025-06-20 14:42:59 - Connected to database: capbridge
[INFO]: 2025-06-20 14:43:03 - Connected to database: capbridge
[INFO]: 2025-06-20 14:43:07 - Connected to database: capbridge
[INFO]: 2025-06-20 14:44:12 - Connected to database: capbridge
[INFO]: 2025-06-20 14:44:13 - Connected to database: capbridge
[INFO]: 2025-06-20 14:44:26 - Connected to database: capbridge
[INFO]: 2025-06-20 14:44:34 - Connected to database: capbridge
[INFO]: 2025-06-20 14:44:37 - Connected to database: capbridge
[INFO]: 2025-06-20 14:44:51 - Connected to database: capbridge
[INFO]: 2025-06-20 14:44:53 - Connected to database: capbridge
[INFO]: 2025-06-20 14:45:02 - Connected to database: capbridge
[INFO]: 2025-06-20 14:45:07 - Connected to database: capbridge
[INFO]: 2025-06-20 14:45:16 - Connected to database: capbridge
[INFO]: 2025-06-20 14:45:17 - Connected to database: capbridge
[INFO]: 2025-06-20 14:45:19 - Connected to database: capbridge
[INFO]: 2025-06-20 14:45:46 - Connected to database: capbridge
[INFO]: 2025-06-20 14:45:49 - Connected to database: capbridge
[INFO]: 2025-06-20 14:45:51 - Connected to database: capbridge
[INFO]: 2025-06-20 14:45:56 - Connected to database: capbridge
[INFO]: 2025-06-20 14:45:57 - Connected to database: capbridge
[INFO]: 2025-06-20 14:46:00 - Connected to database: capbridge
[INFO]: 2025-06-20 14:46:27 - Connected to database: capbridge
[INFO]: 2025-06-20 14:46:46 - Connected to database: capbridge
[INFO]: 2025-06-20 14:46:48 - Connected to database: capbridge
[INFO]: 2025-06-20 14:46:50 - Connected to database: capbridge
[INFO]: 2025-06-20 14:46:55 - Connected to database: capbridge
[INFO]: 2025-06-20 14:51:41 - Connected to database: capbridge
[INFO]: 2025-06-20 14:51:42 - Connected to database: capbridge
[INFO]: 2025-06-20 14:51:45 - Connected to database: capbridge
[INFO]: 2025-06-20 14:51:52 - Connected to database: capbridge
[INFO]: 2025-06-20 14:51:54 - Connected to database: capbridge
[INFO]: 2025-06-20 14:51:55 - Connected to database: capbridge
[INFO]: 2025-06-20 14:51:58 - Connected to database: capbridge
[INFO]: 2025-06-20 14:51:59 - Connected to database: capbridge
[INFO]: 2025-06-20 14:52:05 - Connected to database: capbridge
[INFO]: 2025-06-20 14:52:08 - Connected to database: capbridge
[INFO]: 2025-06-20 14:52:21 - Connected to database: capbridge
[INFO]: 2025-06-20 14:52:27 - Connected to database: capbridge
[INFO]: 2025-06-20 14:52:29 - Connected to database: capbridge
[INFO]: 2025-06-20 14:52:32 - Connected to database: capbridge
[INFO]: 2025-06-20 14:52:33 - Connected to database: capbridge
[INFO]: 2025-06-20 14:52:38 - Connected to database: capbridge
[INFO]: 2025-06-20 14:52:44 - Connected to database: capbridge
[INFO]: 2025-06-20 14:52:45 - Connected to database: capbridge
[INFO]: 2025-06-20 14:52:59 - Connected to database: capbridge
[INFO]: 2025-06-20 14:53:14 - Connected to database: capbridge
[INFO]: 2025-06-20 14:53:15 - Connected to database: capbridge
[INFO]: 2025-06-20 14:53:18 - Connected to database: capbridge
[INFO]: 2025-06-20 14:53:31 - Connected to database: capbridge
[INFO]: 2025-06-20 14:53:32 - Connected to database: capbridge
[INFO]: 2025-06-20 14:53:34 - Connected to database: capbridge
[INFO]: 2025-06-20 14:53:36 - Connected to database: capbridge
[INFO]: 2025-06-20 14:53:41 - Connected to database: capbridge
[INFO]: 2025-06-20 14:53:51 - Connected to database: capbridge
[INFO]: 2025-06-20 14:53:52 - Connected to database: capbridge
[INFO]: 2025-06-20 14:53:57 - Connected to database: capbridge
[INFO]: 2025-06-20 14:54:02 - Connected to database: capbridge
[INFO]: 2025-06-20 14:55:32 - Connected to database: capbridge
[ERROR]: 2025-06-20 14:58:06 - In Server: Token is invalid
[ERROR]: 2025-06-20 14:58:28 - In Server: Missing auth token
[INFO]: 2025-06-20 14:58:47 - Connected to database: capbridge
[INFO]: 2025-06-20 14:58:54 - Connected to database: capbridge
[INFO]: 2025-06-20 14:58:55 - Connected to database: capbridge
[INFO]: 2025-06-20 14:59:01 - Connected to database: capbridge
[INFO]: 2025-06-20 14:59:08 - Connected to database: capbridge
[INFO]: 2025-06-20 14:59:08 - Connected to database: capbridge
[INFO]: 2025-06-20 14:59:11 - Connected to database: capbridge
[INFO]: 2025-06-20 14:59:16 - Connected to database: capbridge
[INFO]: 2025-06-20 14:59:19 - Connected to database: capbridge
[ERROR]: 2025-06-20 14:59:31 - In Server: Role not found
[INFO]: 2025-06-20 14:59:37 - Login success
[INFO]: 2025-06-20 14:59:43 - Login success
[INFO]: 2025-06-20 15:00:19 - Connected to database: capbridge
[INFO]: 2025-06-20 15:00:28 - Connected to database: capbridge
[INFO]: 2025-06-20 15:00:44 - Connected to database: capbridge
[INFO]: 2025-06-20 15:01:33 - Connected to database: capbridge
[INFO]: 2025-06-20 15:01:39 - Connected to database: capbridge
[INFO]: 2025-06-20 15:01:50 - Connected to database: capbridge
[INFO]: 2025-06-20 15:01:54 - Connected to database: capbridge
[INFO]: 2025-06-20 15:01:57 - Connected to database: capbridge
[INFO]: 2025-06-20 15:01:59 - Connected to database: capbridge
[INFO]: 2025-06-20 15:02:01 - Connected to database: capbridge
[INFO]: 2025-06-20 15:02:04 - Connected to database: capbridge
[INFO]: 2025-06-20 15:02:07 - Connected to database: capbridge
[INFO]: 2025-06-20 15:02:25 - Connected to database: capbridge
[INFO]: 2025-06-20 15:02:28 - Connected to database: capbridge
[INFO]: 2025-06-20 15:02:31 - Connected to database: capbridge
[INFO]: 2025-06-20 15:02:57 - Connected to database: capbridge
[INFO]: 2025-06-20 15:03:02 - Connected to database: capbridge
[INFO]: 2025-06-20 15:03:04 - Connected to database: capbridge
[INFO]: 2025-06-20 15:03:06 - Connected to database: capbridge
[INFO]: 2025-06-20 15:04:27 - Connected to database: capbridge
[INFO]: 2025-06-20 15:04:31 - Connected to database: capbridge
[INFO]: 2025-06-20 15:05:12 - Connected to database: capbridge
[INFO]: 2025-06-20 15:05:22 - Connected to database: capbridge
[INFO]: 2025-06-20 15:05:35 - Connected to database: capbridge
[INFO]: 2025-06-20 15:05:38 - Connected to database: capbridge
[INFO]: 2025-06-20 15:05:48 - Connected to database: capbridge
[INFO]: 2025-06-20 15:05:52 - Connected to database: capbridge
[INFO]: 2025-06-20 15:05:55 - Connected to database: capbridge
[INFO]: 2025-06-20 15:06:44 - Connected to database: capbridge
[INFO]: 2025-06-20 15:06:54 - Connected to database: capbridge
[INFO]: 2025-06-20 15:07:15 - Connected to database: capbridge
[INFO]: 2025-06-20 15:07:30 - Connected to database: capbridge
[INFO]: 2025-06-20 15:07:55 - Connected to database: capbridge
[INFO]: 2025-06-20 15:08:05 - Connected to database: capbridge
[INFO]: 2025-06-20 15:08:31 - Connected to database: capbridge
[INFO]: 2025-06-20 15:08:34 - Connected to database: capbridge
[INFO]: 2025-06-20 15:09:32 - Connected to database: capbridge
[INFO]: 2025-06-20 15:10:08 - Connected to database: capbridge
[INFO]: 2025-06-20 15:10:19 - Connected to database: capbridge
[ERROR]: 2025-06-20 15:10:25 - In Server: password is required
[INFO]: 2025-06-20 15:11:19 - Connected to database: capbridge
[INFO]: 2025-06-20 15:11:26 - Connected to database: capbridge
[INFO]: 2025-06-20 15:11:31 - Connected to database: capbridge
[INFO]: 2025-06-20 15:11:41 - Connected to database: capbridge
[INFO]: 2025-06-20 15:11:47 - Connected to database: capbridge
[INFO]: 2025-06-20 15:12:01 - Connected to database: capbridge
[INFO]: 2025-06-20 15:12:05 - Connected to database: capbridge
[INFO]: 2025-06-20 15:12:09 - Connected to database: capbridge
[INFO]: 2025-06-20 15:12:21 - Connected to database: capbridge
[INFO]: 2025-06-20 15:12:22 - Connected to database: capbridge
[INFO]: 2025-06-20 15:12:23 - Connected to database: capbridge
[INFO]: 2025-06-20 15:12:28 - Connected to database: capbridge
[INFO]: 2025-06-20 15:12:29 - Connected to database: capbridge
[INFO]: 2025-06-20 15:12:35 - Connected to database: capbridge
[INFO]: 2025-06-20 15:12:43 - Connected to database: capbridge
[INFO]: 2025-06-20 15:12:45 - Connected to database: capbridge
[INFO]: 2025-06-20 15:12:48 - Connected to database: capbridge
[INFO]: 2025-06-20 15:12:50 - Connected to database: capbridge
[INFO]: 2025-06-20 15:12:57 - Connected to database: capbridge
[INFO]: 2025-06-20 15:12:59 - Connected to database: capbridge
[INFO]: 2025-06-20 15:13:01 - Connected to database: capbridge
[INFO]: 2025-06-20 15:13:06 - Connected to database: capbridge
[INFO]: 2025-06-20 15:13:07 - Connected to database: capbridge
[INFO]: 2025-06-20 15:13:17 - Connected to database: capbridge
[INFO]: 2025-06-20 15:13:20 - Connected to database: capbridge
[INFO]: 2025-06-20 15:13:27 - Connected to database: capbridge
[INFO]: 2025-06-20 15:13:33 - Connected to database: capbridge
[INFO]: 2025-06-20 15:13:35 - Connected to database: capbridge
[INFO]: 2025-06-20 15:13:39 - Connected to database: capbridge
[INFO]: 2025-06-20 15:13:49 - Connected to database: capbridge
[INFO]: 2025-06-20 15:14:05 - Connected to database: capbridge
[INFO]: 2025-06-20 15:14:09 - Connected to database: capbridge
[INFO]: 2025-06-20 15:14:10 - Connected to database: capbridge
[INFO]: 2025-06-20 15:14:12 - Connected to database: capbridge
[INFO]: 2025-06-20 15:14:21 - Connected to database: capbridge
[INFO]: 2025-06-20 15:14:22 - Connected to database: capbridge
[INFO]: 2025-06-20 15:14:26 - Connected to database: capbridge
[INFO]: 2025-06-20 15:14:29 - Connected to database: capbridge
[INFO]: 2025-06-20 15:14:45 - Connected to database: capbridge
[INFO]: 2025-06-20 15:14:58 - Connected to database: capbridge
[INFO]: 2025-06-20 15:15:36 - Connected to database: capbridge
[INFO]: 2025-06-20 15:15:38 - Connected to database: capbridge
[INFO]: 2025-06-20 15:15:40 - Connected to database: capbridge
[INFO]: 2025-06-20 15:15:58 - Connected to database: capbridge
[INFO]: 2025-06-20 15:16:09 - Connected to database: capbridge
[INFO]: 2025-06-20 15:16:48 - Connected to database: capbridge
[INFO]: 2025-06-20 15:17:15 - Connected to database: capbridge
[INFO]: 2025-06-20 15:17:24 - Connected to database: capbridge
[INFO]: 2025-06-20 15:17:42 - Connected to database: capbridge
[INFO]: 2025-06-20 15:17:57 - Connected to database: capbridge
[INFO]: 2025-06-20 15:18:00 - Connected to database: capbridge
[INFO]: 2025-06-20 15:18:08 - Connected to database: capbridge
[INFO]: 2025-06-20 15:18:12 - Connected to database: capbridge
[INFO]: 2025-06-20 15:18:17 - Connected to database: capbridge
[INFO]: 2025-06-20 15:18:22 - Connected to database: capbridge
[INFO]: 2025-06-20 15:18:27 - Connected to database: capbridge
[INFO]: 2025-06-20 15:18:49 - Connected to database: capbridge
[INFO]: 2025-06-20 15:18:57 - Connected to database: capbridge
[INFO]: 2025-06-20 15:19:01 - Connected to database: capbridge
[INFO]: 2025-06-20 15:19:04 - Connected to database: capbridge
[INFO]: 2025-06-20 15:19:09 - Connected to database: capbridge
[INFO]: 2025-06-20 15:19:22 - Connected to database: capbridge
[INFO]: 2025-06-20 15:19:29 - Connected to database: capbridge
[INFO]: 2025-06-20 15:19:44 - Connected to database: capbridge
[INFO]: 2025-06-20 15:19:54 - Connected to database: capbridge
[INFO]: 2025-06-20 15:19:55 - Connected to database: capbridge
[INFO]: 2025-06-20 15:20:13 - Connected to database: capbridge
[INFO]: 2025-06-20 15:29:43 - Connected to database: capbridge
[INFO]: 2025-06-20 15:30:09 - Connected to database: capbridge
[INFO]: 2025-06-20 15:30:11 - Connected to database: capbridge
[INFO]: 2025-06-20 15:30:16 - Connected to database: capbridge
[INFO]: 2025-06-20 15:30:24 - Connected to database: capbridge
[INFO]: 2025-06-20 15:30:28 - Connected to database: capbridge
[INFO]: 2025-06-20 15:31:23 - Connected to database: capbridge
[INFO]: 2025-06-20 15:31:49 - Connected to database: capbridge
[INFO]: 2025-06-20 15:31:56 - Connected to database: capbridge
[INFO]: 2025-06-20 15:31:57 - Connected to database: capbridge
[INFO]: 2025-06-20 15:31:58 - Connected to database: capbridge
[INFO]: 2025-06-20 15:32:00 - Connected to database: capbridge
[INFO]: 2025-06-20 15:32:15 - Connected to database: capbridge
[INFO]: 2025-06-20 15:32:18 - Connected to database: capbridge
[INFO]: 2025-06-20 15:32:25 - Connected to database: capbridge
[INFO]: 2025-06-20 15:32:29 - Connected to database: capbridge
[INFO]: 2025-06-20 15:33:17 - Connected to database: capbridge
[INFO]: 2025-06-20 15:33:20 - Connected to database: capbridge
[INFO]: 2025-06-20 15:38:16 - Connected to database: capbridge
[INFO]: 2025-06-20 15:38:19 - Connected to database: capbridge
[INFO]: 2025-06-20 15:38:21 - Connected to database: capbridge
[INFO]: 2025-06-20 15:38:22 - Login success
[INFO]: 2025-06-20 15:38:24 - Login success
[INFO]: 2025-06-20 15:38:25 - Login success
[INFO]: 2025-06-20 15:44:04 - Connected to database: capbridge
[INFO]: 2025-06-20 15:44:09 - Connected to database: capbridge
[INFO]: 2025-06-20 15:58:52 - Connected to database: capbridge
[INFO]: 2025-06-20 15:58:59 - Connected to database: capbridge
[INFO]: 2025-06-20 15:59:05 - Connected to database: capbridge
[INFO]: 2025-06-20 15:59:07 - Connected to database: capbridge
[INFO]: 2025-06-20 15:59:19 - Connected to database: capbridge
[INFO]: 2025-06-20 15:59:29 - Connected to database: capbridge
[INFO]: 2025-06-20 15:59:40 - Connected to database: capbridge
[INFO]: 2025-06-20 15:59:44 - Login success
[INFO]: 2025-06-20 15:59:46 - Login success
[INFO]: 2025-06-20 16:00:08 - Connected to database: capbridge
[INFO]: 2025-06-20 16:00:25 - Connected to database: capbridge
[INFO]: 2025-06-20 16:07:14 - Connected to database: capbridge
[ERROR]: 2025-06-20 16:07:18 - In Server: 
[INFO]: 2025-06-20 16:07:26 - Connected to database: capbridge
[INFO]: 2025-06-20 16:07:34 - Connected to database: capbridge
[INFO]: 2025-06-20 16:07:42 - Connected to database: capbridge
[INFO]: 2025-06-20 16:07:45 - Connected to database: capbridge
[INFO]: 2025-06-20 16:07:50 - Connected to database: capbridge
[INFO]: 2025-06-20 16:07:59 - Connected to database: capbridge
[INFO]: 2025-06-20 16:08:03 - Connected to database: capbridge
[INFO]: 2025-06-20 16:08:05 - Connected to database: capbridge
[INFO]: 2025-06-20 16:08:09 - Connected to database: capbridge
[ERROR]: 2025-06-20 16:09:43 - In Server: USER_NOT_FOUND
[INFO]: 2025-06-20 16:09:47 - Connected to database: capbridge
[INFO]: 2025-06-20 16:10:01 - Connected to database: capbridge
[INFO]: 2025-06-20 16:10:03 - Connected to database: capbridge
[INFO]: 2025-06-20 16:10:04 - Connected to database: capbridge
[INFO]: 2025-06-20 16:10:21 - Connected to database: capbridge
[ERROR]: 2025-06-20 16:11:59 - In Server: USER_ALREADY_EXIST
[ERROR]: 2025-06-20 16:12:16 - In Server: USER_ALREADY_EXIST
[INFO]: 2025-06-20 16:13:00 - Connected to database: capbridge
[INFO]: 2025-06-20 16:19:21 - Connected to database: capbridge
[INFO]: 2025-06-20 16:19:25 - Connected to database: capbridge
[INFO]: 2025-06-20 16:19:25 - Connected to database: capbridge
[INFO]: 2025-06-20 16:19:30 - Connected to database: capbridge
[INFO]: 2025-06-20 16:20:51 - Connected to database: capbridge
[INFO]: 2025-06-20 16:21:02 - Connected to database: capbridge
[INFO]: 2025-06-20 16:21:16 - Connected to database: capbridge
[INFO]: 2025-06-20 16:28:36 - Connected to database: capbridge
[INFO]: 2025-06-20 16:28:41 - Connected to database: capbridge
[INFO]: 2025-06-20 16:28:48 - Connected to database: capbridge
[INFO]: 2025-06-20 16:28:50 - Connected to database: capbridge
[INFO]: 2025-06-20 16:28:56 - Connected to database: capbridge
[INFO]: 2025-06-20 16:28:57 - Connected to database: capbridge
[INFO]: 2025-06-20 16:29:02 - Connected to database: capbridge
[INFO]: 2025-06-20 16:29:13 - Connected to database: capbridge
[INFO]: 2025-06-20 16:29:15 - Connected to database: capbridge
[INFO]: 2025-06-20 16:29:21 - Connected to database: capbridge
[INFO]: 2025-06-20 16:29:26 - Connected to database: capbridge
[INFO]: 2025-06-20 16:29:32 - Connected to database: capbridge
[INFO]: 2025-06-20 16:43:54 - Connected to database: capbridge
[INFO]: 2025-06-20 16:46:00 - Connected to database: capbridge
[INFO]: 2025-06-20 16:46:36 - Login success
[INFO]: 2025-06-20 16:46:43 - Login success
[INFO]: 2025-06-20 16:46:45 - Login success
[INFO]: 2025-06-20 16:47:04 - Connected to database: capbridge
[INFO]: 2025-06-20 16:47:09 - Connected to database: capbridge
[INFO]: 2025-06-20 16:47:10 - Connected to database: capbridge
[INFO]: 2025-06-20 16:47:12 - Connected to database: capbridge
[INFO]: 2025-06-20 16:47:26 - Connected to database: capbridge
[INFO]: 2025-06-20 16:47:27 - Connected to database: capbridge
[INFO]: 2025-06-20 16:47:42 - Connected to database: capbridge
[INFO]: 2025-06-20 16:47:46 - Connected to database: capbridge
[ERROR]: 2025-06-20 16:47:46 - In Server: CREDENTIALS_IS_INCORRECT
[ERROR]: 2025-06-20 16:47:51 - In Server: CREDENTIALS_IS_INCORRECT
[ERROR]: 2025-06-20 16:47:52 - In Server: CREDENTIALS_IS_INCORRECT
[INFO]: 2025-06-20 16:47:57 - Connected to database: capbridge
[INFO]: 2025-06-20 16:48:01 - Connected to database: capbridge
[ERROR]: 2025-06-20 16:48:17 - In Server: USER_NOT_FOUND
[ERROR]: 2025-06-20 16:48:20 - In Server: CREDENTIALS_IS_INCORRECT
[INFO]: 2025-06-20 16:48:49 - Connected to database: capbridge
[ERROR]: 2025-06-20 16:48:50 - In Server: CREDENTIALS_IS_INCORRECT
[INFO]: 2025-06-20 16:49:03 - Connected to database: capbridge
[ERROR]: 2025-06-20 16:49:06 - In Server: CREDENTIALS_IS_INCORRECT
[INFO]: 2025-06-20 16:49:14 - Connected to database: capbridge
[INFO]: 2025-06-20 16:54:13 - Connected to database: capbridge
[INFO]: 2025-06-20 16:54:47 - Connected to database: capbridge
[INFO]: 2025-06-20 16:54:49 - Connected to database: capbridge
[INFO]: 2025-06-20 16:54:56 - Connected to database: capbridge
[INFO]: 2025-06-20 16:55:03 - Connected to database: capbridge
[INFO]: 2025-06-20 16:55:07 - Connected to database: capbridge
[INFO]: 2025-06-20 16:57:56 - Connected to database: capbridge
[INFO]: 2025-06-20 16:58:40 - Connected to database: capbridge
[INFO]: 2025-06-20 17:20:34 - Connected to database: capbridge
[INFO]: 2025-06-20 17:20:37 - Connected to database: capbridge
[INFO]: 2025-06-20 17:20:39 - Connected to database: capbridge
[INFO]: 2025-06-20 17:20:42 - Connected to database: capbridge
[INFO]: 2025-06-20 17:20:44 - Connected to database: capbridge
[INFO]: 2025-06-20 17:20:50 - Connected to database: capbridge
[INFO]: 2025-06-20 17:20:53 - Connected to database: capbridge
[ERROR]: 2025-06-20 17:20:54 - In Server: USER_ALREADY_EXIST
[ERROR]: 2025-06-20 17:20:55 - In Server: USER_ALREADY_EXIST
[INFO]: 2025-06-20 17:21:04 - Login success
[INFO]: 2025-06-20 17:21:16 - Connected to database: capbridge
[INFO]: 2025-06-20 17:21:19 - Connected to database: capbridge
[INFO]: 2025-06-20 17:21:21 - Connected to database: capbridge
[INFO]: 2025-06-20 17:21:25 - Connected to database: capbridge
[INFO]: 2025-06-20 17:21:27 - Connected to database: capbridge
[ERROR]: 2025-06-20 17:21:28 - In Server: USER_ALREADY_EXIST
[ERROR]: 2025-06-20 17:21:30 - In Server: USER_ALREADY_EXIST
[INFO]: 2025-06-20 17:21:50 - Login success
[ERROR]: 2025-06-20 17:21:54 - In Server: USER_ALREADY_EXIST
[ERROR]: 2025-06-20 17:21:56 - In Server: CREDENTIALS_IS_INCORRECT
[ERROR]: 2025-06-20 17:22:23 - In Server: USER_ALREADY_EXIST
[ERROR]: 2025-06-20 17:22:39 - In Server: CREDENTIALS_IS_INCORRECT
[INFO]: 2025-06-20 17:22:59 - Connected to database: capbridge
[ERROR]: 2025-06-20 17:23:02 - In Server: CREDENTIALS_IS_INCORRECT
[INFO]: 2025-06-20 17:23:13 - Connected to database: capbridge
[INFO]: 2025-06-20 17:23:15 - Connected to database: capbridge
[INFO]: 2025-06-20 17:23:22 - Connected to database: capbridge
[INFO]: 2025-06-20 17:23:26 - Connected to database: capbridge
[ERROR]: 2025-06-20 17:23:26 - In Server: CREDENTIALS_IS_INCORRECT
[ERROR]: 2025-06-20 17:23:28 - In Server: CREDENTIALS_IS_INCORRECT
[INFO]: 2025-06-20 17:23:37 - Connected to database: capbridge
[INFO]: 2025-06-20 17:23:50 - Connected to database: capbridge
[ERROR]: 2025-06-20 17:23:51 - In Server: CREDENTIALS_IS_INCORRECT
[INFO]: 2025-06-20 17:24:02 - Connected to database: capbridge
[INFO]: 2025-06-20 17:24:05 - Connected to database: capbridge
[INFO]: 2025-06-20 17:24:07 - Connected to database: capbridge
[INFO]: 2025-06-20 17:24:09 - Connected to database: capbridge
[INFO]: 2025-06-20 17:24:16 - Connected to database: capbridge
[INFO]: 2025-06-20 17:24:23 - Connected to database: capbridge
[ERROR]: 2025-06-20 17:24:24 - In Server: crypto/bcrypt: hashedPassword is not the hash of the given password
[ERROR]: 2025-06-20 17:24:24 - In Server: CREDENTIALS_IS_INCORRECT
[INFO]: 2025-06-20 17:24:49 - Connected to database: capbridge
[INFO]: 2025-06-20 17:24:52 - Connected to database: capbridge
[INFO]: 2025-06-20 17:24:56 - Connected to database: capbridge
[ERROR]: 2025-06-20 17:24:58 - test: crypto/bcrypt: hashedPassword is not the hash of the given password
[ERROR]: 2025-06-20 17:24:58 - In Server: CREDENTIALS_IS_INCORRECT
[INFO]: 2025-06-20 17:25:52 - Connected to database: capbridge
[ERROR]: 2025-06-20 17:25:54 - test: crypto/bcrypt: hashedPassword is not the hash of the given password
[ERROR]: 2025-06-20 17:25:54 - In Server: CREDENTIALS_IS_INCORRECT
[ERROR]: 2025-06-20 17:25:55 - test: crypto/bcrypt: hashedPassword is not the hash of the given password
[ERROR]: 2025-06-20 17:25:55 - In Server: CREDENTIALS_IS_INCORRECT
[ERROR]: 2025-06-20 17:25:56 - test: crypto/bcrypt: hashedPassword is not the hash of the given password
[ERROR]: 2025-06-20 17:25:56 - In Server: CREDENTIALS_IS_INCORRECT
[ERROR]: 2025-06-20 17:26:02 - test: crypto/bcrypt: hashedPassword is not the hash of the given password
[ERROR]: 2025-06-20 17:26:02 - In Server: CREDENTIALS_IS_INCORRECT
[ERROR]: 2025-06-20 17:26:09 - test: crypto/bcrypt: hashedPassword is not the hash of the given password
[ERROR]: 2025-06-20 17:26:09 - In Server: CREDENTIALS_IS_INCORRECT
[INFO]: 2025-06-20 17:26:28 - Connected to database: capbridge
[ERROR]: 2025-06-20 17:26:28 - test: crypto/bcrypt: hashedPassword is not the hash of the given password
[ERROR]: 2025-06-20 17:26:28 - In Server: CREDENTIALS_IS_INCORRECT
[ERROR]: 2025-06-20 17:26:30 - test: crypto/bcrypt: hashedPassword is not the hash of the given password
[ERROR]: 2025-06-20 17:26:30 - In Server: CREDENTIALS_IS_INCORRECT
[INFO]: 2025-06-20 17:26:44 - Connected to database: capbridge
[INFO]: 2025-06-20 17:26:50 - Connected to database: capbridge
[INFO]: 2025-06-20 17:26:54 - Connected to database: capbridge
[INFO]: 2025-06-20 17:27:07 - Connected to database: capbridge
[INFO]: 2025-06-20 17:27:08 - Connected to database: capbridge
[INFO]: 2025-06-20 17:27:14 - Connected to database: capbridge
[INFO]: 2025-06-20 17:27:16 - Connected to database: capbridge
[ERROR]: 2025-06-20 17:27:16 - test: crypto/bcrypt: hashedSecret too short to be a bcrypted password
[ERROR]: 2025-06-20 17:27:16 - In Server: CREDENTIALS_IS_INCORRECT
[ERROR]: 2025-06-20 17:27:17 - test: crypto/bcrypt: hashedSecret too short to be a bcrypted password
[ERROR]: 2025-06-20 17:27:17 - In Server: CREDENTIALS_IS_INCORRECT
[INFO]: 2025-06-20 17:27:31 - Connected to database: capbridge
[ERROR]: 2025-06-20 17:27:32 - test: crypto/bcrypt: hashedSecret too short to be a bcrypted password
[ERROR]: 2025-06-20 17:27:32 - In Server: CREDENTIALS_IS_INCORRECT
[ERROR]: 2025-06-20 17:27:33 - test: crypto/bcrypt: hashedSecret too short to be a bcrypted password
[ERROR]: 2025-06-20 17:27:33 - In Server: CREDENTIALS_IS_INCORRECT
[INFO]: 2025-06-20 17:27:39 - Connected to database: capbridge
[INFO]: 2025-06-20 17:27:56 - Connected to database: capbridge
[INFO]: 2025-06-20 17:27:57 - Login success
[ERROR]: 2025-06-20 17:28:01 - In Server: CREDENTIALS_IS_INCORRECT
[ERROR]: 2025-06-20 17:28:02 - In Server: CREDENTIALS_IS_INCORRECT
[INFO]: 2025-06-20 17:28:04 - Login success
