[ERROR]: 2025-07-04 00:32:16 - In Server: invalid connection
[INFO]: 2025-07-04 00:32:16 - Admin List User success
[INFO]: 2025-07-04 00:34:34 - Connected to database: capbridge
[INFO]: 2025-07-04 00:34:41 - Connected to database: capbridge
[INFO]: 2025-07-04 00:35:01 - Connected to database: capbridge
[INFO]: 2025-07-04 00:35:11 - Connected to database: capbridge
[INFO]: 2025-07-04 00:35:20 - Connected to database: capbridge
[INFO]: 2025-07-04 00:35:24 - Connected to database: capbridge
[INFO]: 2025-07-04 00:35:27 - Connected to database: capbridge
[INFO]: 2025-07-04 00:35:48 - Connected to database: capbridge
[INFO]: 2025-07-04 00:35:49 - Connected to database: capbridge
[INFO]: 2025-07-04 00:35:51 - Connected to database: capbridge
[INFO]: 2025-07-04 00:35:57 - Connected to database: capbridge
[INFO]: 2025-07-04 00:36:05 - Connected to database: capbridge
[INFO]: 2025-07-04 00:36:11 - Connected to database: capbridge
[INFO]: 2025-07-04 00:36:26 - Connected to database: capbridge
[INFO]: 2025-07-04 00:36:28 - Connected to database: capbridge
[INFO]: 2025-07-04 00:36:38 - Connected to database: capbridge
[INFO]: 2025-07-04 00:36:44 - Connected to database: capbridge
[INFO]: 2025-07-04 00:36:46 - Connected to database: capbridge
[INFO]: 2025-07-04 00:37:38 - Connected to database: capbridge
[INFO]: 2025-07-04 00:37:40 - Connected to database: capbridge
[INFO]: 2025-07-04 00:37:45 - Connected to database: capbridge
[INFO]: 2025-07-04 00:37:48 - Connected to database: capbridge
[INFO]: 2025-07-04 00:37:57 - Connected to database: capbridge
[INFO]: 2025-07-04 00:38:00 - Connected to database: capbridge
[INFO]: 2025-07-04 00:38:05 - Connected to database: capbridge
[INFO]: 2025-07-04 00:38:08 - Connected to database: capbridge
[INFO]: 2025-07-04 00:38:18 - Connected to database: capbridge
[INFO]: 2025-07-04 00:38:20 - Connected to database: capbridge
[INFO]: 2025-07-04 00:38:21 - Connected to database: capbridge
[INFO]: 2025-07-04 00:38:23 - Connected to database: capbridge
[INFO]: 2025-07-04 00:38:29 - Connected to database: capbridge
[INFO]: 2025-07-04 00:38:32 - Connected to database: capbridge
[INFO]: 2025-07-04 00:38:35 - Connected to database: capbridge
[INFO]: 2025-07-04 00:38:47 - Connected to database: capbridge
[INFO]: 2025-07-04 00:38:49 - Connected to database: capbridge
[INFO]: 2025-07-04 00:38:54 - Connected to database: capbridge
[INFO]: 2025-07-04 00:39:01 - Connected to database: capbridge
[INFO]: 2025-07-04 00:39:04 - Connected to database: capbridge
[INFO]: 2025-07-04 00:39:06 - Connected to database: capbridge
[INFO]: 2025-07-04 00:39:18 - Connected to database: capbridge
[INFO]: 2025-07-04 00:39:19 - Connected to database: capbridge
[INFO]: 2025-07-04 00:39:22 - Connected to database: capbridge
[INFO]: 2025-07-04 00:39:35 - Connected to database: capbridge
[INFO]: 2025-07-04 00:39:37 - Connected to database: capbridge
[INFO]: 2025-07-04 00:39:51 - Connected to database: capbridge
[INFO]: 2025-07-04 00:39:54 - Connected to database: capbridge
[INFO]: 2025-07-04 00:40:01 - Connected to database: capbridge
[INFO]: 2025-07-04 00:40:03 - Connected to database: capbridge
[INFO]: 2025-07-04 00:40:04 - Connected to database: capbridge
[INFO]: 2025-07-04 00:40:18 - Connected to database: capbridge
[INFO]: 2025-07-04 00:40:25 - Connected to database: capbridge
[INFO]: 2025-07-04 00:40:42 - Connected to database: capbridge
[INFO]: 2025-07-04 00:40:45 - Connected to database: capbridge
[INFO]: 2025-07-04 00:40:49 - Connected to database: capbridge
[INFO]: 2025-07-04 00:41:04 - Connected to database: capbridge
[INFO]: 2025-07-04 00:41:05 - Connected to database: capbridge
[INFO]: 2025-07-04 00:41:17 - Connected to database: capbridge
[INFO]: 2025-07-04 00:41:18 - Connected to database: capbridge
[INFO]: 2025-07-04 00:41:22 - Connected to database: capbridge
[INFO]: 2025-07-04 00:41:28 - Connected to database: capbridge
[INFO]: 2025-07-04 00:41:36 - Connected to database: capbridge
[INFO]: 2025-07-04 00:41:38 - Connected to database: capbridge
[INFO]: 2025-07-04 00:41:49 - Connected to database: capbridge
[INFO]: 2025-07-04 00:41:52 - Connected to database: capbridge
[INFO]: 2025-07-04 00:42:02 - Connected to database: capbridge
[INFO]: 2025-07-04 00:42:04 - Connected to database: capbridge
[INFO]: 2025-07-04 00:42:16 - Connected to database: capbridge
[INFO]: 2025-07-04 00:42:25 - Connected to database: capbridge
[INFO]: 2025-07-04 00:42:27 - Connected to database: capbridge
[INFO]: 2025-07-04 00:42:41 - Connected to database: capbridge
[INFO]: 2025-07-04 00:42:44 - Connected to database: capbridge
[INFO]: 2025-07-04 00:42:45 - Connected to database: capbridge
[INFO]: 2025-07-04 00:42:47 - Connected to database: capbridge
[INFO]: 2025-07-04 00:42:53 - Connected to database: capbridge
[INFO]: 2025-07-04 00:43:08 - Connected to database: capbridge
[INFO]: 2025-07-04 00:43:11 - Connected to database: capbridge
[INFO]: 2025-07-04 00:43:30 - Connected to database: capbridge
[INFO]: 2025-07-04 00:43:33 - Connected to database: capbridge
[INFO]: 2025-07-04 00:43:39 - Connected to database: capbridge
[INFO]: 2025-07-04 00:43:43 - Connected to database: capbridge
[INFO]: 2025-07-04 00:43:45 - Connected to database: capbridge
[INFO]: 2025-07-04 00:43:48 - Connected to database: capbridge
[INFO]: 2025-07-04 00:43:51 - Connected to database: capbridge
[INFO]: 2025-07-04 00:43:57 - Connected to database: capbridge
[INFO]: 2025-07-04 00:44:03 - Connected to database: capbridge
[INFO]: 2025-07-04 00:44:05 - Connected to database: capbridge
[INFO]: 2025-07-04 00:44:09 - Connected to database: capbridge
[INFO]: 2025-07-04 00:44:14 - Connected to database: capbridge
[INFO]: 2025-07-04 00:44:25 - Connected to database: capbridge
[INFO]: 2025-07-04 00:44:28 - Connected to database: capbridge
[INFO]: 2025-07-04 00:44:33 - Connected to database: capbridge
[INFO]: 2025-07-04 00:44:38 - Connected to database: capbridge
[INFO]: 2025-07-04 00:44:41 - Connected to database: capbridge
[INFO]: 2025-07-04 00:44:43 - Connected to database: capbridge
[INFO]: 2025-07-04 00:44:47 - Connected to database: capbridge
[INFO]: 2025-07-04 00:44:55 - Connected to database: capbridge
[INFO]: 2025-07-04 00:45:00 - Connected to database: capbridge
[INFO]: 2025-07-04 00:45:02 - Connected to database: capbridge
[INFO]: 2025-07-04 00:45:05 - Connected to database: capbridge
[INFO]: 2025-07-04 00:45:07 - Connected to database: capbridge
[INFO]: 2025-07-04 00:45:17 - Connected to database: capbridge
[INFO]: 2025-07-04 00:45:19 - Connected to database: capbridge
[INFO]: 2025-07-04 00:45:22 - Connected to database: capbridge
[INFO]: 2025-07-04 00:45:24 - Connected to database: capbridge
[INFO]: 2025-07-04 00:45:28 - Connected to database: capbridge
[INFO]: 2025-07-04 00:45:29 - Connected to database: capbridge
[INFO]: 2025-07-04 00:45:34 - Connected to database: capbridge
[INFO]: 2025-07-04 00:45:39 - Connected to database: capbridge
[INFO]: 2025-07-04 00:45:43 - Connected to database: capbridge
[INFO]: 2025-07-04 00:45:48 - Connected to database: capbridge
[INFO]: 2025-07-04 00:45:58 - Connected to database: capbridge
[INFO]: 2025-07-04 00:46:04 - Connected to database: capbridge
[INFO]: 2025-07-04 00:46:04 - Connected to database: capbridge
[INFO]: 2025-07-04 00:46:07 - Connected to database: capbridge
[INFO]: 2025-07-04 00:46:10 - Connected to database: capbridge
[INFO]: 2025-07-04 00:46:12 - Connected to database: capbridge
[INFO]: 2025-07-04 00:46:22 - Connected to database: capbridge
[INFO]: 2025-07-04 00:46:26 - Connected to database: capbridge
[INFO]: 2025-07-04 00:46:28 - Connected to database: capbridge
[INFO]: 2025-07-04 00:46:32 - Connected to database: capbridge
[INFO]: 2025-07-04 00:46:36 - Connected to database: capbridge
[INFO]: 2025-07-04 00:46:41 - Connected to database: capbridge
[INFO]: 2025-07-04 00:46:43 - Connected to database: capbridge
[INFO]: 2025-07-04 00:46:44 - Connected to database: capbridge
[INFO]: 2025-07-04 00:46:46 - Connected to database: capbridge
[INFO]: 2025-07-04 00:46:49 - Connected to database: capbridge
[INFO]: 2025-07-04 00:46:50 - Connected to database: capbridge
[INFO]: 2025-07-04 00:46:52 - Connected to database: capbridge
[INFO]: 2025-07-04 00:46:58 - Connected to database: capbridge
[INFO]: 2025-07-04 00:47:15 - Connected to database: capbridge
[INFO]: 2025-07-04 00:47:18 - Connected to database: capbridge
[INFO]: 2025-07-04 00:47:23 - Connected to database: capbridge
[INFO]: 2025-07-04 00:47:26 - Connected to database: capbridge
[INFO]: 2025-07-04 00:47:34 - Connected to database: capbridge
[INFO]: 2025-07-04 00:47:49 - Connected to database: capbridge
[INFO]: 2025-07-04 00:48:02 - Connected to database: capbridge
[INFO]: 2025-07-04 00:48:07 - Connected to database: capbridge
[INFO]: 2025-07-04 00:48:16 - Connected to database: capbridge
[INFO]: 2025-07-04 00:48:18 - Connected to database: capbridge
[INFO]: 2025-07-04 00:48:27 - Connected to database: capbridge
[INFO]: 2025-07-04 00:48:29 - Connected to database: capbridge
[INFO]: 2025-07-04 00:48:33 - Connected to database: capbridge
[INFO]: 2025-07-04 00:48:36 - Connected to database: capbridge
[INFO]: 2025-07-04 00:48:38 - Connected to database: capbridge
[INFO]: 2025-07-04 00:48:40 - Connected to database: capbridge
[INFO]: 2025-07-04 00:48:46 - Connected to database: capbridge
[INFO]: 2025-07-04 00:48:51 - Connected to database: capbridge
[INFO]: 2025-07-04 00:48:54 - Connected to database: capbridge
[INFO]: 2025-07-04 00:48:59 - Connected to database: capbridge
[INFO]: 2025-07-04 00:49:04 - Connected to database: capbridge
[INFO]: 2025-07-04 00:49:08 - Connected to database: capbridge
[INFO]: 2025-07-04 00:49:12 - Connected to database: capbridge
[INFO]: 2025-07-04 00:49:16 - Connected to database: capbridge
[INFO]: 2025-07-04 00:49:19 - Connected to database: capbridge
[INFO]: 2025-07-04 00:49:21 - Connected to database: capbridge
[INFO]: 2025-07-04 00:49:22 - Connected to database: capbridge
[INFO]: 2025-07-04 00:49:26 - Connected to database: capbridge
[INFO]: 2025-07-04 00:49:29 - Connected to database: capbridge
[INFO]: 2025-07-04 00:49:36 - Connected to database: capbridge
[INFO]: 2025-07-04 00:49:39 - Connected to database: capbridge
[INFO]: 2025-07-04 00:49:43 - Connected to database: capbridge
[INFO]: 2025-07-04 00:49:49 - Connected to database: capbridge
[INFO]: 2025-07-04 00:49:50 - Connected to database: capbridge
[INFO]: 2025-07-04 00:49:59 - Connected to database: capbridge
[INFO]: 2025-07-04 00:50:06 - Connected to database: capbridge
[INFO]: 2025-07-04 00:50:10 - Connected to database: capbridge
[INFO]: 2025-07-04 00:50:13 - Connected to database: capbridge
[INFO]: 2025-07-04 00:50:16 - Connected to database: capbridge
[INFO]: 2025-07-04 00:50:19 - Connected to database: capbridge
[INFO]: 2025-07-04 00:50:24 - Connected to database: capbridge
[ERROR]: 2025-07-04 00:50:38 - In Server: Missing auth token
[ERROR]: 2025-07-04 00:50:42 - In Server: Error 1064 (42000): You have an error in your SQL syntax; check the manual that corresponds to your MySQL server version for the right syntax to use near '.email, u.phone 
	FROM projects p
	INNER JOIN users u ON u.uid = p.user_id
	LIMI' at line 5
[INFO]: 2025-07-04 00:51:32 - Connected to database: capbridge
[INFO]: 2025-07-04 00:51:32 - Admin List User success
[INFO]: 2025-07-04 00:51:49 - Connected to database: capbridge
[INFO]: 2025-07-04 00:51:58 - Connected to database: capbridge
[INFO]: 2025-07-04 00:52:03 - Connected to database: capbridge
[INFO]: 2025-07-04 00:52:41 - Connected to database: capbridge
[INFO]: 2025-07-04 00:52:46 - Connected to database: capbridge
[INFO]: 2025-07-04 00:52:52 - Admin List User success
[INFO]: 2025-07-04 00:53:28 - Connected to database: capbridge
[INFO]: 2025-07-04 00:53:34 - Connected to database: capbridge
[INFO]: 2025-07-04 00:53:35 - Connected to database: capbridge
[INFO]: 2025-07-04 00:53:39 - Connected to database: capbridge
[INFO]: 2025-07-04 00:53:53 - Connected to database: capbridge
[INFO]: 2025-07-04 00:53:55 - Connected to database: capbridge
[INFO]: 2025-07-04 00:54:02 - Connected to database: capbridge
[INFO]: 2025-07-04 00:54:05 - Connected to database: capbridge
[INFO]: 2025-07-04 00:54:08 - Connected to database: capbridge
[INFO]: 2025-07-04 00:54:19 - Admin List User success
[INFO]: 2025-07-04 00:54:57 - Connected to database: capbridge
[INFO]: 2025-07-04 00:54:59 - Connected to database: capbridge
[INFO]: 2025-07-04 00:55:04 - Connected to database: capbridge
[INFO]: 2025-07-04 00:55:08 - Connected to database: capbridge
[INFO]: 2025-07-04 00:55:09 - Connected to database: capbridge
[INFO]: 2025-07-04 00:55:43 - Connected to database: capbridge
[INFO]: 2025-07-04 00:55:45 - Connected to database: capbridge
[INFO]: 2025-07-04 00:55:49 - Connected to database: capbridge
[INFO]: 2025-07-04 00:55:55 - Connected to database: capbridge
[INFO]: 2025-07-04 00:56:03 - Connected to database: capbridge
[INFO]: 2025-07-04 00:56:10 - Connected to database: capbridge
[INFO]: 2025-07-04 00:56:42 - Connected to database: capbridge
[INFO]: 2025-07-04 00:56:48 - Connected to database: capbridge
[INFO]: 2025-07-04 00:56:54 - Connected to database: capbridge
[INFO]: 2025-07-04 00:57:07 - Connected to database: capbridge
[INFO]: 2025-07-04 00:57:08 - Connected to database: capbridge
[INFO]: 2025-07-04 00:57:13 - Connected to database: capbridge
[INFO]: 2025-07-04 00:57:20 - Connected to database: capbridge
[INFO]: 2025-07-04 00:57:24 - Connected to database: capbridge
[INFO]: 2025-07-04 00:57:27 - Connected to database: capbridge
[INFO]: 2025-07-04 00:57:29 - Connected to database: capbridge
[INFO]: 2025-07-04 00:57:34 - Connected to database: capbridge
[INFO]: 2025-07-04 00:57:42 - Connected to database: capbridge
[INFO]: 2025-07-04 00:57:44 - Connected to database: capbridge
[INFO]: 2025-07-04 00:57:53 - Connected to database: capbridge
[INFO]: 2025-07-04 00:57:55 - Connected to database: capbridge
[INFO]: 2025-07-04 00:57:56 - Connected to database: capbridge
[INFO]: 2025-07-04 00:58:01 - Connected to database: capbridge
[INFO]: 2025-07-04 00:58:08 - Connected to database: capbridge
[INFO]: 2025-07-04 00:58:12 - Connected to database: capbridge
[INFO]: 2025-07-04 00:58:14 - Connected to database: capbridge
[INFO]: 2025-07-04 00:58:16 - Connected to database: capbridge
[INFO]: 2025-07-04 00:58:20 - Connected to database: capbridge
[INFO]: 2025-07-04 00:58:23 - Admin List User success
[INFO]: 2025-07-04 00:59:58 - Connected to database: capbridge
[INFO]: 2025-07-04 00:59:59 - Connected to database: capbridge
[INFO]: 2025-07-04 01:00:16 - Connected to database: capbridge
[INFO]: 2025-07-04 01:00:37 - Connected to database: capbridge
[INFO]: 2025-07-04 01:00:48 - Connected to database: capbridge
[INFO]: 2025-07-04 01:00:56 - Connected to database: capbridge
[INFO]: 2025-07-04 01:00:58 - Connected to database: capbridge
[INFO]: 2025-07-04 01:01:05 - Connected to database: capbridge
[INFO]: 2025-07-04 01:01:12 - Connected to database: capbridge
[INFO]: 2025-07-04 01:01:15 - Connected to database: capbridge
[INFO]: 2025-07-04 01:01:18 - Connected to database: capbridge
[INFO]: 2025-07-04 01:01:22 - Connected to database: capbridge
[INFO]: 2025-07-04 01:01:24 - Connected to database: capbridge
[INFO]: 2025-07-04 01:01:28 - Connected to database: capbridge
[INFO]: 2025-07-04 01:01:33 - Connected to database: capbridge
[INFO]: 2025-07-04 01:01:37 - Connected to database: capbridge
[INFO]: 2025-07-04 01:01:39 - Connected to database: capbridge
[INFO]: 2025-07-04 01:01:44 - Connected to database: capbridge
[INFO]: 2025-07-04 01:01:46 - Connected to database: capbridge
[INFO]: 2025-07-04 01:03:08 - Connected to database: capbridge
[INFO]: 2025-07-04 01:03:10 - Connected to database: capbridge
[INFO]: 2025-07-04 01:03:23 - Connected to database: capbridge
[INFO]: 2025-07-04 01:03:30 - Connected to database: capbridge
[INFO]: 2025-07-04 01:03:33 - Connected to database: capbridge
[INFO]: 2025-07-04 01:03:44 - Connected to database: capbridge
[INFO]: 2025-07-04 01:04:36 - Connected to database: capbridge
[INFO]: 2025-07-04 01:04:55 - Connected to database: capbridge
[INFO]: 2025-07-04 01:05:01 - Connected to database: capbridge
[INFO]: 2025-07-04 01:05:09 - Connected to database: capbridge
[INFO]: 2025-07-04 01:05:17 - Connected to database: capbridge
[INFO]: 2025-07-04 01:05:27 - Connected to database: capbridge
[INFO]: 2025-07-04 01:05:30 - Connected to database: capbridge
[INFO]: 2025-07-04 01:05:31 - Connected to database: capbridge
[INFO]: 2025-07-04 01:05:37 - Connected to database: capbridge
[INFO]: 2025-07-04 01:05:42 - Connected to database: capbridge
[INFO]: 2025-07-04 01:05:59 - Connected to database: capbridge
[INFO]: 2025-07-04 01:06:02 - Connected to database: capbridge
[ERROR]: 2025-07-04 01:06:04 - In Server: USER_ALREADY_EXIST
[INFO]: 2025-07-04 01:06:11 - Project Detail success
[ERROR]: 2025-07-04 11:08:18 - In Server: Token is invalid
[ERROR]: 2025-07-04 11:08:21 - In Server: Token is invalid
[INFO]: 2025-07-04 11:09:10 - Connected to database: capbridge
[INFO]: 2025-07-04 11:09:30 - Connected to database: capbridge
[INFO]: 2025-07-04 11:09:35 - Connected to database: capbridge
[INFO]: 2025-07-04 11:09:49 - Connected to database: capbridge
[INFO]: 2025-07-04 11:10:01 - Connected to database: capbridge
[INFO]: 2025-07-04 11:10:06 - Connected to database: capbridge
[INFO]: 2025-07-04 11:10:10 - Connected to database: capbridge
[INFO]: 2025-07-04 11:10:22 - Connected to database: capbridge
[INFO]: 2025-07-04 11:10:27 - Connected to database: capbridge
[INFO]: 2025-07-04 11:10:30 - Connected to database: capbridge
[ERROR]: 2025-07-04 11:10:34 - In Server: Token is invalid
[INFO]: 2025-07-04 11:10:45 - Admin List User success
[INFO]: 2025-07-04 11:10:59 - Admin List User success
[INFO]: 2025-07-04 11:11:12 - Admin List User success
[INFO]: 2025-07-04 11:11:36 - Connected to database: capbridge
[INFO]: 2025-07-04 11:11:42 - Connected to database: capbridge
[INFO]: 2025-07-04 11:11:46 - Connected to database: capbridge
[INFO]: 2025-07-04 11:11:51 - Connected to database: capbridge
[INFO]: 2025-07-04 11:11:56 - Connected to database: capbridge
[INFO]: 2025-07-04 11:11:58 - Connected to database: capbridge
[INFO]: 2025-07-04 11:12:10 - Connected to database: capbridge
[INFO]: 2025-07-04 11:12:54 - Connected to database: capbridge
[INFO]: 2025-07-04 11:13:01 - Connected to database: capbridge
[INFO]: 2025-07-04 11:13:05 - Connected to database: capbridge
[INFO]: 2025-07-04 11:13:07 - Connected to database: capbridge
[INFO]: 2025-07-04 11:13:11 - Connected to database: capbridge
[INFO]: 2025-07-04 11:13:33 - Connected to database: capbridge
[INFO]: 2025-07-04 11:13:41 - Connected to database: capbridge
[INFO]: 2025-07-04 11:13:46 - Connected to database: capbridge
[INFO]: 2025-07-04 11:13:52 - Connected to database: capbridge
[INFO]: 2025-07-04 11:13:54 - Connected to database: capbridge
[INFO]: 2025-07-04 11:13:57 - Connected to database: capbridge
[INFO]: 2025-07-04 11:14:03 - Connected to database: capbridge
[INFO]: 2025-07-04 11:14:08 - Connected to database: capbridge
[INFO]: 2025-07-04 11:14:10 - Connected to database: capbridge
[INFO]: 2025-07-04 11:14:14 - Connected to database: capbridge
[INFO]: 2025-07-04 11:14:15 - Connected to database: capbridge
[INFO]: 2025-07-04 11:14:21 - Admin List User success
[INFO]: 2025-07-04 11:14:40 - Connected to database: capbridge
[INFO]: 2025-07-04 11:14:45 - Connected to database: capbridge
[INFO]: 2025-07-04 11:14:57 - Connected to database: capbridge
[INFO]: 2025-07-04 11:15:01 - Connected to database: capbridge
[INFO]: 2025-07-04 11:15:04 - Connected to database: capbridge
[INFO]: 2025-07-04 11:15:11 - Connected to database: capbridge
[INFO]: 2025-07-04 11:15:27 - Connected to database: capbridge
[INFO]: 2025-07-04 11:15:32 - Connected to database: capbridge
[INFO]: 2025-07-04 11:15:40 - Connected to database: capbridge
[INFO]: 2025-07-04 11:15:45 - Connected to database: capbridge
[INFO]: 2025-07-04 11:15:47 - Connected to database: capbridge
[INFO]: 2025-07-04 11:15:54 - Connected to database: capbridge
[INFO]: 2025-07-04 11:15:59 - Connected to database: capbridge
[INFO]: 2025-07-04 11:16:11 - Connected to database: capbridge
[INFO]: 2025-07-04 11:16:12 - Admin List User success
[INFO]: 2025-07-04 11:16:19 - Admin List User success
[INFO]: 2025-07-04 11:19:00 - Connected to database: capbridge
[INFO]: 2025-07-04 11:19:01 - Connected to database: capbridge
[INFO]: 2025-07-04 11:19:06 - Connected to database: capbridge
[INFO]: 2025-07-04 11:19:13 - Connected to database: capbridge
[INFO]: 2025-07-04 11:19:19 - Connected to database: capbridge
[INFO]: 2025-07-04 11:19:19 - Connected to database: capbridge
[INFO]: 2025-07-04 11:19:22 - Connected to database: capbridge
[INFO]: 2025-07-04 11:19:26 - Connected to database: capbridge
[INFO]: 2025-07-04 11:19:28 - Admin List User success
[INFO]: 2025-07-04 11:32:07 - Connected to database: capbridge
[INFO]: 2025-07-04 11:32:40 - Connected to database: capbridge
[INFO]: 2025-07-04 11:32:42 - Connected to database: capbridge
[INFO]: 2025-07-04 11:32:50 - Connected to database: capbridge
[INFO]: 2025-07-04 11:33:05 - Connected to database: capbridge
[INFO]: 2025-07-04 11:33:06 - Connected to database: capbridge
[INFO]: 2025-07-04 11:33:19 - Connected to database: capbridge
[INFO]: 2025-07-04 11:33:27 - Connected to database: capbridge
[INFO]: 2025-07-04 11:33:30 - Connected to database: capbridge
[INFO]: 2025-07-04 11:33:35 - Connected to database: capbridge
[INFO]: 2025-07-04 11:33:38 - Connected to database: capbridge
[INFO]: 2025-07-04 11:33:42 - Connected to database: capbridge
[INFO]: 2025-07-04 11:33:46 - Connected to database: capbridge
[INFO]: 2025-07-04 11:33:56 - Connected to database: capbridge
[INFO]: 2025-07-04 11:33:58 - Connected to database: capbridge
[INFO]: 2025-07-04 11:34:00 - Connected to database: capbridge
[INFO]: 2025-07-04 11:34:01 - Connected to database: capbridge
[INFO]: 2025-07-04 11:34:03 - Connected to database: capbridge
[INFO]: 2025-07-04 11:34:13 - Connected to database: capbridge
[INFO]: 2025-07-04 11:34:14 - Admin List User success
[INFO]: 2025-07-04 11:34:25 - Admin List User success
[INFO]: 2025-07-04 11:34:35 - Connected to database: capbridge
[INFO]: 2025-07-04 11:34:36 - Connected to database: capbridge
[INFO]: 2025-07-04 11:34:38 - Connected to database: capbridge
[INFO]: 2025-07-04 11:34:39 - Admin List User success
[INFO]: 2025-07-04 11:34:41 - Admin List User success
[INFO]: 2025-07-04 11:34:50 - Connected to database: capbridge
