[ERROR]: 2025-02-26 12:25:00 - In Server: Missing auth token
[ERROR]: 2025-02-26 12:25:05 - In Server: Error 1054: Unknown column 'uid' in 'field list'
[INFO]: 2025-02-26 12:25:31 - Fetch Forum Category success
[INFO]: 2025-02-26 12:25:32 - Fetch Forum Category success
[INFO]: 2025-02-26 12:26:41 - Fetch Forum Category success
[INFO]: 2025-02-26 12:26:53 - Fetch Forum Category success
[INFO]: 2025-02-26 13:11:47 - Fetch Forum Category success
[INFO]: 2025-02-26 13:21:54 - Forum Store success
[INFO]: 2025-02-26 13:22:07 - Forum Store success
[INFO]: 2025-02-26 13:22:08 - Forum Store success
[ERROR]: 2025-02-26 14:12:14 - In Server: Error 1054: Unknown column 'email' in 'where clause'
[ERROR]: 2025-02-26 14:12:26 - In Server: Error 1064: You have an error in your SQL syntax; check the manual that corresponds to your MySQL server version for the right syntax to use near '"desc", user_id, type) 
		VALUES (?, ?, ?, ?, ?)' at line 1
[ERROR]: 2025-02-26 14:12:27 - In Server: Error 1064: You have an error in your SQL syntax; check the manual that corresponds to your MySQL server version for the right syntax to use near '"desc", user_id, type) 
		VALUES (?, ?, ?, ?, ?)' at line 1
[ERROR]: 2025-02-26 14:12:48 - In Server: Error 1064: You have an error in your SQL syntax; check the manual that corresponds to your MySQL server version for the right syntax to use near '"desc", user_id, type) 
		VALUES (?, ?, ?, ?, ?)' at line 1
[ERROR]: 2025-02-26 14:13:22 - In Server: Forum type not found
[ERROR]: 2025-02-26 14:13:25 - In Server: Forum type not found
[ERROR]: 2025-02-26 14:13:27 - In Server: Forum type not found
[ERROR]: 2025-02-26 14:13:28 - In Server: Forum type not found
[ERROR]: 2025-02-26 14:13:29 - In Server: Forum type not found
[ERROR]: 2025-02-26 14:14:09 - In Server: Forum type not found
[ERROR]: 2025-02-26 14:16:52 - In Server: Forum type not found
[ERROR]: 2025-02-26 14:16:54 - In Server: Forum type not found
[ERROR]: 2025-02-26 14:17:05 - In Server: Forum type not found
[ERROR]: 2025-02-26 14:17:35 - In Server: Forum type not found
[ERROR]: 2025-02-26 14:17:35 - In Server: Forum type not found
[ERROR]: 2025-02-26 14:17:37 - In Server: Forum type not found
[ERROR]: 2025-02-26 14:18:49 - In Server: Forum type not found
[ERROR]: 2025-02-26 14:19:03 - In Server: Forum type not found
[ERROR]: 2025-02-26 14:20:19 - In Server: Forum type not found
[ERROR]: 2025-02-26 14:20:23 - In Server: Forum type not found
[ERROR]: 2025-02-26 14:20:42 - In Server: Forum type not found
[ERROR]: 2025-02-26 14:21:06 - In Server: Forum type not found
[ERROR]: 2025-02-26 14:21:46 - In Server: Error 1064: You have an error in your SQL syntax; check the manual that corresponds to your MySQL server version for the right syntax to use near '"desc", user_id, type) 
		VALUES (?, ?, ?, ?, ?)' at line 1
[ERROR]: 2025-02-26 14:21:51 - In Server: Forum type not found
[ERROR]: 2025-02-26 14:21:54 - In Server: Error 1064: You have an error in your SQL syntax; check the manual that corresponds to your MySQL server version for the right syntax to use near '"desc", user_id, type) 
		VALUES (?, ?, ?, ?, ?)' at line 1
[ERROR]: 2025-02-26 14:22:10 - In Server: Error 1064: You have an error in your SQL syntax; check the manual that corresponds to your MySQL server version for the right syntax to use near 'desc, user_id, type) 
		VALUES (?, ?, ?, ?, ?)' at line 1
[ERROR]: 2025-02-26 14:22:11 - In Server: Error 1064: You have an error in your SQL syntax; check the manual that corresponds to your MySQL server version for the right syntax to use near 'desc, user_id, type) 
		VALUES (?, ?, ?, ?, ?)' at line 1
[ERROR]: 2025-02-26 14:22:35 - In Server: Error 1064: You have an error in your SQL syntax; check the manual that corresponds to your MySQL server version for the right syntax to use near '"desc", user_id, type) 
		VALUES (?, ?, ?, ?, ?)' at line 1
[ERROR]: 2025-02-26 14:22:36 - In Server: Error 1064: You have an error in your SQL syntax; check the manual that corresponds to your MySQL server version for the right syntax to use near '"desc", user_id, type) 
		VALUES (?, ?, ?, ?, ?)' at line 1
[INFO]: 2025-02-26 14:22:59 - Forum Store success
[ERROR]: 2025-02-26 14:36:10 - In Server: record not found
[ERROR]: 2025-02-26 14:36:29 - Forum not found
[ERROR]: 2025-02-26 14:38:19 - Forum not found
[ERROR]: 2025-02-26 14:38:20 - Forum not found
[ERROR]: 2025-02-26 14:38:51 - Forum not found
[ERROR]: 2025-02-26 14:39:33 - Forum not found
[ERROR]: 2025-02-26 14:39:49 - In Server: record not found
[ERROR]: 2025-02-26 14:40:00 - Forum not found
[INFO]: 2025-02-26 14:40:16 - Forum Store success
[ERROR]: 2025-02-26 14:40:20 - Forum not found
[ERROR]: 2025-02-26 14:40:29 - In Server: record not found
[ERROR]: 2025-02-26 14:40:53 - Forum not found
[INFO]: 2025-02-26 14:41:00 - Forum Store success
[INFO]: 2025-02-26 14:41:10 - Forum Delete success
[INFO]: 2025-02-26 14:41:22 - Forum Delete success
[ERROR]: 2025-02-26 14:42:27 - In Server: record not found
[INFO]: 2025-02-26 14:45:17 - Forum Store success
[INFO]: 2025-02-26 14:45:28 - Forum Delete success
[INFO]: 2025-02-26 14:46:09 - Fetch Forum Category success
[INFO]: 2025-02-26 14:46:16 - Fetch Forum Category success
[INFO]: 2025-02-26 14:46:17 - Fetch Forum Category success
[INFO]: 2025-02-26 14:46:57 - Fetch Forum Category success
[INFO]: 2025-02-26 14:48:11 - Fetch Forum Category success
[ERROR]: 2025-02-26 14:50:34 - In Server: Missing auth token
[INFO]: 2025-02-26 14:50:39 - Forum Delete success
[INFO]: 2025-02-26 14:50:45 - Fetch Forum Category success
[INFO]: 2025-02-26 15:23:08 - Forum Store success
[ERROR]: 2025-02-26 15:23:17 - In Server: Error 1064: You have an error in your SQL syntax; check the manual that corresponds to your MySQL server version for the right syntax to use near 'ft.name AS forum_type_name, 
	f.user_id, f.created_at
	FROM forums f
	INNER JOIN' at line 2
[ERROR]: 2025-02-26 15:23:29 - In Server: Error 1064: You have an error in your SQL syntax; check the manual that corresponds to your MySQL server version for the right syntax to use near '' at line 8
[ERROR]: 2025-02-26 15:23:46 - In Server: Error 1064: You have an error in your SQL syntax; check the manual that corresponds to your MySQL server version for the right syntax to use near '' at line 8
[ERROR]: 2025-02-26 15:25:10 - In Server: Error 1064: You have an error in your SQL syntax; check the manual that corresponds to your MySQL server version for the right syntax to use near '' at line 8
[ERROR]: 2025-02-26 15:25:39 - In Server: Error 1054: Unknown column 'f.type_id' in 'on clause'
[INFO]: 2025-02-26 15:26:02 - Forum Delete success
[ERROR]: 2025-02-26 16:31:51 - In Server: Error 1146: Table 'tjl.user_profiles' doesn't exist
[ERROR]: 2025-02-26 16:32:11 - In Server: Error 1054: Unknown column 'fl.uid' in 'field list'
[ERROR]: 2025-02-26 16:32:12 - In Server: Error 1054: Unknown column 'fl.uid' in 'field list'
[INFO]: 2025-02-26 16:32:53 - Forum Delete success
[INFO]: 2025-02-26 16:40:07 - Forum Delete success
[INFO]: 2025-02-26 16:41:23 - Forum Delete success
[INFO]: 2025-02-26 16:54:33 - Forum Delete success
[INFO]: 2025-02-26 16:54:40 - Forum Delete success
[INFO]: 2025-02-26 16:55:09 - Forum Delete success
[INFO]: 2025-02-26 16:55:10 - Forum Delete success
[INFO]: 2025-02-26 16:55:10 - Forum Delete success
[INFO]: 2025-02-26 16:55:11 - Forum Delete success
[INFO]: 2025-02-26 16:55:12 - Forum Delete success
[INFO]: 2025-02-26 16:55:14 - Forum Delete success
[INFO]: 2025-02-26 16:55:15 - Forum Delete success
[INFO]: 2025-02-26 16:55:38 - Forum Delete success
[INFO]: 2025-02-26 16:55:40 - Forum Delete success
[INFO]: 2025-02-26 16:55:57 - Forum Delete success
[INFO]: 2025-02-26 16:55:59 - Forum Delete success
[INFO]: 2025-02-26 16:55:59 - Forum Delete success
[INFO]: 2025-02-26 16:56:02 - Forum Delete success
[INFO]: 2025-02-26 16:56:03 - Forum Delete success
[INFO]: 2025-02-26 16:56:04 - Forum Delete success
[INFO]: 2025-02-26 16:56:05 - Forum Delete success
[INFO]: 2025-02-26 16:56:05 - Forum Delete success
[INFO]: 2025-02-26 16:56:06 - Forum Delete success
[INFO]: 2025-02-26 16:56:06 - Forum Delete success
[INFO]: 2025-02-26 16:56:07 - Forum Delete success
[INFO]: 2025-02-26 17:01:49 - Forum Delete success
[INFO]: 2025-02-26 17:05:00 - Forum Delete success
[INFO]: 2025-02-26 17:06:16 - Forum Delete success
[INFO]: 2025-02-26 17:06:17 - Forum Delete success
[INFO]: 2025-02-26 17:07:22 - Forum Delete success
[INFO]: 2025-02-26 17:07:25 - Forum Delete success
[INFO]: 2025-02-26 17:07:34 - Forum Delete success
[INFO]: 2025-02-26 17:25:36 - Forum Delete success
[INFO]: 2025-02-26 17:25:55 - Forum Delete success
[INFO]: 2025-02-26 17:29:06 - Forum Delete success
[INFO]: 2025-02-26 17:33:24 - Forum Delete success
[INFO]: 2025-02-26 17:34:55 - Forum Delete success
[INFO]: 2025-02-26 17:34:56 - Forum Delete success
[INFO]: 2025-02-26 17:34:57 - Forum Delete success
[INFO]: 2025-02-26 17:35:42 - Forum Delete success
[INFO]: 2025-02-26 17:36:08 - Forum Delete success
[INFO]: 2025-02-26 17:37:19 - Forum Delete success
[INFO]: 2025-02-26 17:38:08 - Forum Delete success
[INFO]: 2025-02-26 17:38:40 - Forum Delete success
[INFO]: 2025-02-26 17:38:41 - Forum Delete success
[INFO]: 2025-02-26 17:38:42 - Forum Delete success
[INFO]: 2025-02-26 17:38:46 - Forum Delete success
[INFO]: 2025-02-26 17:38:47 - Forum Delete success
[INFO]: 2025-02-26 17:38:51 - Forum Delete success
[INFO]: 2025-02-26 17:41:56 - Forum Delete success
[INFO]: 2025-02-26 17:43:42 - Forum Delete success
[INFO]: 2025-02-26 17:45:17 - Forum Delete success
[INFO]: 2025-02-26 17:45:18 - Forum Delete success
[INFO]: 2025-02-26 17:46:20 - Forum Delete success
[INFO]: 2025-02-26 17:48:30 - Forum Store success
[INFO]: 2025-02-26 17:48:34 - Forum Delete success
[INFO]: 2025-02-26 17:50:27 - Forum Delete success
[INFO]: 2025-02-26 17:50:47 - Forum Delete success
[INFO]: 2025-02-26 17:51:41 - Forum Delete success
[INFO]: 2025-02-26 17:52:21 - Forum Delete success
[INFO]: 2025-02-26 17:52:22 - Forum Delete success
[INFO]: 2025-02-26 17:52:35 - Forum Delete success
[INFO]: 2025-02-26 17:53:21 - Forum Delete success
[INFO]: 2025-02-26 17:54:34 - Forum Delete success
[INFO]: 2025-02-26 17:54:39 - Forum Delete success
[INFO]: 2025-02-26 17:54:40 - Forum Delete success
[INFO]: 2025-02-26 17:54:41 - Forum Delete success
[INFO]: 2025-02-26 17:54:42 - Forum Delete success
[INFO]: 2025-02-26 17:54:43 - Forum Delete success
[INFO]: 2025-02-26 17:54:44 - Forum Delete success
[INFO]: 2025-02-26 17:54:45 - Forum Delete success
[INFO]: 2025-02-26 17:54:46 - Forum Delete success
[INFO]: 2025-02-26 17:54:47 - Forum Delete success
[INFO]: 2025-02-26 17:54:48 - Forum Delete success
[INFO]: 2025-02-26 17:54:49 - Forum Delete success
[INFO]: 2025-02-26 17:56:21 - Forum Delete success
[INFO]: 2025-02-26 17:57:54 - Forum Delete success
[INFO]: 2025-02-26 17:58:21 - Forum Delete success
[INFO]: 2025-02-26 18:22:10 - Forum Delete success
[INFO]: 2025-02-26 18:24:54 - Forum Delete success
[INFO]: 2025-02-26 18:26:30 - Forum Delete success
