[ERROR]: 2025-03-10 10:43:11 - In Server: Error 1146: Table 'tjl.form_biodata' doesn't exist
[INFO]: 2025-03-10 11:17:27 - Form Exercise success
[INFO]: 2025-03-10 11:19:20 - Form Exercise success
[ERROR]: 2025-03-10 11:30:02 - In Server: Error 1136: Column count doesn't match value count at row 1
[INFO]: 2025-03-10 11:31:24 - Form Work success
[ERROR]: 2025-03-10 11:37:07 - In Server: Error 1054: Unknown column 'work' in 'field list'
[ERROR]: 2025-03-10 11:37:08 - In Server: Error 1054: Unknown column 'work' in 'field list'
[ERROR]: 2025-03-10 11:37:19 - In Server: Error 1146: Table 'tjl.form_work' doesn't exist
[ERROR]: 2025-03-10 11:37:20 - In Server: Error 1146: Table 'tjl.form_work' doesn't exist
[ERROR]: 2025-03-10 11:37:24 - In Server: Error 1146: Table 'tjl.form_work' doesn't exist
[INFO]: 2025-03-10 11:48:14 - Form Region success
[ERROR]: 2025-03-10 12:58:22 - In Server: Error 1054: Unknown column 'province' in 'field list'
[ERROR]: 2025-03-10 12:59:08 - In Server: Error 1054: Unknown column 'subdistrct' in 'field list'
[ERROR]: 2025-03-10 12:59:16 - In Server: Error 1054: Unknown column 'subdistrct' in 'field list'
[ERROR]: 2025-03-10 13:10:58 - In Server: sql: Scan error on column index 29, name "bio_address_id": converting driver.Value type []uint8 ("PASAR MINGGU") to a int: invalid syntax; sql: Scan error on column index 29, name "bio_address_id": converting driver.Value type []uint8 ("PASAR MINGGU") to a int: invalid syntax
[ERROR]: 2025-03-10 13:11:08 - In Server: sql: Scan error on column index 29, name "bio_address_id": converting driver.Value type []uint8 ("PASAR MINGGU") to a int: invalid syntax; sql: Scan error on column index 29, name "bio_address_id": converting driver.Value type []uint8 ("PASAR MINGGU") to a int: invalid syntax
[ERROR]: 2025-03-10 13:13:51 - In Server: sql: Scan error on column index 16, name "bio_address_id": converting driver.Value type []uint8 ("PASAR MINGGU") to a int: invalid syntax
[ERROR]: 2025-03-10 13:13:52 - In Server: sql: Scan error on column index 16, name "bio_address_id": converting driver.Value type []uint8 ("PASAR MINGGU") to a int: invalid syntax
[INFO]: 2025-03-10 13:32:13 - Form Region success
[INFO]: 2025-03-10 13:37:15 - Form Region success
[ERROR]: 2025-03-10 13:47:33 - In Server: Missing auth token
[INFO]: 2025-03-10 13:47:38 - Get Language success
[ERROR]: 2025-03-10 14:05:03 - In Server: Error 1054: Unknown column 'by_user_id' in 'field list'
[INFO]: 2025-03-10 14:05:16 - Form Region success
[INFO]: 2025-03-10 14:05:56 - Form Region success
[INFO]: 2025-03-10 14:06:13 - Form Region success
[INFO]: 2025-03-10 14:06:37 - Form Region success
[INFO]: 2025-03-10 14:07:01 - Form Region success
