[INFO]: 2025-06-10 16:05:01 - Connected to database: biteship
[INFO]: 2025-06-10 16:05:04 - Connected to database: ppob
[INFO]: 2025-06-10 16:05:07 - Connected to database: payment_gateway_langitdigital_dev
[INFO]: 2025-06-10 16:05:44 - Form Region success
[INFO]: 2025-06-10 16:06:30 - Connected to database: biteship
[INFO]: 2025-06-10 16:06:33 - Connected to database: ppob
[INFO]: 2025-06-10 16:06:37 - Connected to database: payment_gateway_langitdigital_dev
[INFO]: 2025-06-10 16:06:41 - Connected to database: biteship
[INFO]: 2025-06-10 16:06:41 - Connected to database: ppob
[INFO]: 2025-06-10 16:06:41 - Connected to database: payment_gateway_langitdigital_dev
[INFO]: 2025-06-10 16:06:49 - Form Region success
[INFO]: 2025-06-10 16:07:24 - Form Region success
[INFO]: 2025-06-10 16:08:19 - Connected to database: biteship
[INFO]: 2025-06-10 16:08:19 - Connected to database: ppob
[INFO]: 2025-06-10 16:08:20 - Connected to database: payment_gateway_langitdigital_dev
[INFO]: 2025-06-10 16:08:35 - Connected to database: biteship
[INFO]: 2025-06-10 16:08:35 - Connected to database: ppob
[INFO]: 2025-06-10 16:08:35 - Connected to database: payment_gateway_langitdigital_dev
[INFO]: 2025-06-10 16:19:20 - Connected to database: biteship
[INFO]: 2025-06-10 16:19:23 - Connected to database: ppob
[INFO]: 2025-06-10 16:19:27 - Connected to database: payment_gateway_langitdigital_dev
[INFO]: 2025-06-10 16:19:33 - Connected to database: biteship
[INFO]: 2025-06-10 16:19:36 - Connected to database: ppob
[INFO]: 2025-06-10 16:19:39 - Connected to database: payment_gateway_langitdigital_dev
[INFO]: 2025-06-10 16:19:47 - Connected to database: biteship
[INFO]: 2025-06-10 16:19:47 - Connected to database: ppob
[INFO]: 2025-06-10 16:19:47 - Connected to database: payment_gateway_langitdigital_dev
[INFO]: 2025-06-10 16:20:08 - Connected to database: biteship
[INFO]: 2025-06-10 16:20:08 - Connected to database: ppob
[INFO]: 2025-06-10 16:20:08 - Connected to database: payment_gateway_langitdigital_dev
[INFO]: 2025-06-10 16:20:24 - Connected to database: biteship
[INFO]: 2025-06-10 16:20:24 - Connected to database: ppob
[INFO]: 2025-06-10 16:20:24 - Connected to database: payment_gateway_langitdigital_dev
[INFO]: 2025-06-10 16:20:28 - Connected to database: biteship
[INFO]: 2025-06-10 16:20:28 - Connected to database: ppob
[INFO]: 2025-06-10 16:20:28 - Connected to database: payment_gateway_langitdigital_dev
[INFO]: 2025-06-10 16:20:37 - Connected to database: biteship
[INFO]: 2025-06-10 16:20:37 - Connected to database: ppob
[INFO]: 2025-06-10 16:20:38 - Connected to database: payment_gateway_langitdigital_dev
[INFO]: 2025-06-10 16:20:43 - Connected to database: biteship
[INFO]: 2025-06-10 16:20:43 - Connected to database: ppob
[INFO]: 2025-06-10 16:20:43 - Connected to database: payment_gateway_langitdigital_dev
[INFO]: 2025-06-10 16:20:45 - Connected to database: biteship
[INFO]: 2025-06-10 16:20:46 - Connected to database: ppob
[INFO]: 2025-06-10 16:20:46 - Connected to database: payment_gateway_langitdigital_dev
[INFO]: 2025-06-10 16:20:55 - Connected to database: biteship
[INFO]: 2025-06-10 16:20:55 - Connected to database: ppob
[INFO]: 2025-06-10 16:20:55 - Connected to database: payment_gateway_langitdigital_dev
[INFO]: 2025-06-10 16:20:57 - Connected to database: biteship
[INFO]: 2025-06-10 16:20:57 - Connected to database: ppob
[INFO]: 2025-06-10 16:20:57 - Connected to database: payment_gateway_langitdigital_dev
[INFO]: 2025-06-10 16:21:08 - Connected to database: biteship
[INFO]: 2025-06-10 16:21:08 - Connected to database: ppob
[INFO]: 2025-06-10 16:21:08 - Connected to database: payment_gateway_langitdigital_dev
[INFO]: 2025-06-10 16:21:13 - Connected to database: biteship
[INFO]: 2025-06-10 16:21:13 - Connected to database: ppob
[INFO]: 2025-06-10 16:21:13 - Connected to database: payment_gateway_langitdigital_dev
[INFO]: 2025-06-10 16:21:18 - Connected to database: biteship
[INFO]: 2025-06-10 16:21:18 - Connected to database: ppob
[INFO]: 2025-06-10 16:21:18 - Connected to database: payment_gateway_langitdigital_dev
[INFO]: 2025-06-10 16:21:20 - Connected to database: biteship
[INFO]: 2025-06-10 16:21:21 - Connected to database: ppob
[INFO]: 2025-06-10 16:21:21 - Connected to database: payment_gateway_langitdigital_dev
[INFO]: 2025-06-10 16:21:27 - Connected to database: biteship
[INFO]: 2025-06-10 16:21:27 - Connected to database: ppob
[INFO]: 2025-06-10 16:21:27 - Connected to database: payment_gateway_langitdigital_dev
[INFO]: 2025-06-10 16:21:34 - Connected to database: biteship
[INFO]: 2025-06-10 16:21:34 - Connected to database: ppob
[INFO]: 2025-06-10 16:21:34 - Connected to database: biteship
[INFO]: 2025-06-10 16:21:34 - Connected to database: ppob
[INFO]: 2025-06-10 16:21:35 - Connected to database: payment_gateway_langitdigital_dev
[INFO]: 2025-06-10 16:21:39 - Connected to database: biteship
[INFO]: 2025-06-10 16:21:39 - Connected to database: ppob
[INFO]: 2025-06-10 16:21:39 - Connected to database: payment_gateway_langitdigital_dev
[INFO]: 2025-06-10 16:21:46 - Connected to database: biteship
[INFO]: 2025-06-10 16:21:46 - Connected to database: ppob
[INFO]: 2025-06-10 16:21:46 - Connected to database: payment_gateway_langitdigital_dev
[INFO]: 2025-06-10 16:21:52 - Connected to database: biteship
[INFO]: 2025-06-10 16:21:52 - Connected to database: ppob
[INFO]: 2025-06-10 16:21:52 - Connected to database: payment_gateway_langitdigital_dev
[INFO]: 2025-06-10 16:21:53 - Connected to database: biteship
[INFO]: 2025-06-10 16:21:53 - Connected to database: ppob
[INFO]: 2025-06-10 16:21:53 - Connected to database: payment_gateway_langitdigital_dev
[INFO]: 2025-06-10 16:22:03 - Connected to database: biteship
[INFO]: 2025-06-10 16:22:03 - Connected to database: ppob
[INFO]: 2025-06-10 16:22:03 - Connected to database: payment_gateway_langitdigital_dev
[INFO]: 2025-06-10 16:22:05 - Connected to database: biteship
[INFO]: 2025-06-10 16:22:05 - Connected to database: ppob
[INFO]: 2025-06-10 16:22:06 - Connected to database: payment_gateway_langitdigital_dev
[INFO]: 2025-06-10 16:22:10 - Connected to database: biteship
[INFO]: 2025-06-10 16:22:10 - Connected to database: ppob
[INFO]: 2025-06-10 16:22:10 - Connected to database: payment_gateway_langitdigital_dev
[INFO]: 2025-06-10 16:22:21 - Connected to database: biteship
[INFO]: 2025-06-10 16:22:21 - Connected to database: ppob
[INFO]: 2025-06-10 16:22:21 - Connected to database: payment_gateway_langitdigital_dev
[INFO]: 2025-06-10 16:22:32 - Connected to database: biteship
[INFO]: 2025-06-10 16:22:32 - Connected to database: ppob
[INFO]: 2025-06-10 16:22:32 - Connected to database: payment_gateway_langitdigital_dev
[INFO]: 2025-06-10 16:22:51 - Connected to database: biteship
[INFO]: 2025-06-10 16:22:51 - Connected to database: ppob
[INFO]: 2025-06-10 16:22:51 - Connected to database: payment_gateway_langitdigital_dev
[INFO]: 2025-06-10 16:23:06 - Connected to database: biteship
[INFO]: 2025-06-10 16:23:07 - Connected to database: ppob
[INFO]: 2025-06-10 16:23:07 - Connected to database: payment_gateway_langitdigital_dev
[INFO]: 2025-06-10 16:23:08 - Connected to database: biteship
[INFO]: 2025-06-10 16:23:08 - Connected to database: ppob
[INFO]: 2025-06-10 16:23:08 - Connected to database: payment_gateway_langitdigital_dev
[INFO]: 2025-06-10 16:23:56 - Connected to database: biteship
[INFO]: 2025-06-10 16:23:57 - Connected to database: ppob
[INFO]: 2025-06-10 16:23:59 - Connected to database: payment_gateway_langitdigital_dev
[INFO]: 2025-06-10 16:24:03 - Connected to database: biteship
[INFO]: 2025-06-10 16:24:03 - Connected to database: ppob
[INFO]: 2025-06-10 16:24:03 - Connected to database: payment_gateway_langitdigital_dev
[INFO]: 2025-06-10 16:24:07 - Connected to database: biteship
[INFO]: 2025-06-10 16:24:07 - Connected to database: ppob
[INFO]: 2025-06-10 16:24:07 - Connected to database: payment_gateway_langitdigital_dev
[INFO]: 2025-06-10 16:24:09 - Connected to database: biteship
[INFO]: 2025-06-10 16:24:09 - Connected to database: ppob
[INFO]: 2025-06-10 16:24:09 - Connected to database: payment_gateway_langitdigital_dev
[INFO]: 2025-06-10 16:24:14 - Connected to database: biteship
[INFO]: 2025-06-10 16:24:15 - Connected to database: ppob
[INFO]: 2025-06-10 16:24:15 - Connected to database: payment_gateway_langitdigital_dev
[INFO]: 2025-06-10 16:24:18 - Connected to database: biteship
[INFO]: 2025-06-10 16:24:18 - Connected to database: ppob
[INFO]: 2025-06-10 16:24:18 - Connected to database: payment_gateway_langitdigital_dev
[INFO]: 2025-06-10 16:24:24 - Connected to database: biteship
[INFO]: 2025-06-10 16:24:24 - Connected to database: ppob
[INFO]: 2025-06-10 16:24:24 - Connected to database: payment_gateway_langitdigital_dev
[INFO]: 2025-06-10 16:24:25 - Connected to database: biteship
[INFO]: 2025-06-10 16:24:25 - Connected to database: ppob
[INFO]: 2025-06-10 16:24:25 - Connected to database: payment_gateway_langitdigital_dev
[INFO]: 2025-06-10 16:24:27 - Connected to database: biteship
[INFO]: 2025-06-10 16:24:27 - Connected to database: ppob
[INFO]: 2025-06-10 16:24:27 - Connected to database: payment_gateway_langitdigital_dev
[ERROR]: 2025-06-10 16:24:32 - In Server: API returned status 400 Bad Request
[INFO]: 2025-06-10 16:24:32 - Get All Courier success
[INFO]: 2025-06-10 16:25:55 - Connected to database: biteship
[INFO]: 2025-06-10 16:25:56 - Connected to database: ppob
[INFO]: 2025-06-10 16:25:56 - Connected to database: payment_gateway_langitdigital_dev
[INFO]: 2025-06-10 16:26:12 - Connected to database: biteship
[INFO]: 2025-06-10 16:26:13 - Connected to database: ppob
[INFO]: 2025-06-10 16:26:13 - Connected to database: payment_gateway_langitdigital_dev
[INFO]: 2025-06-10 16:26:16 - Connected to database: biteship
[INFO]: 2025-06-10 16:26:16 - Connected to database: ppob
[INFO]: 2025-06-10 16:26:16 - Connected to database: payment_gateway_langitdigital_dev
[INFO]: 2025-06-10 16:26:17 - Connected to database: biteship
[INFO]: 2025-06-10 16:26:17 - Connected to database: ppob
[INFO]: 2025-06-10 16:26:17 - Connected to database: payment_gateway_langitdigital_dev
[ERROR]: 2025-06-10 16:26:22 - In Server: API returned status 400 Bad Request
[INFO]: 2025-06-10 16:26:22 - Get All Courier success
[INFO]: 2025-06-10 16:26:57 - Connected to database: biteship
[INFO]: 2025-06-10 16:26:57 - Connected to database: ppob
[INFO]: 2025-06-10 16:26:57 - Connected to database: payment_gateway_langitdigital_dev
[INFO]: 2025-06-10 16:26:59 - Connected to database: biteship
[INFO]: 2025-06-10 16:26:59 - Connected to database: ppob
[INFO]: 2025-06-10 16:26:59 - Connected to database: payment_gateway_langitdigital_dev
[INFO]: 2025-06-10 16:27:00 - Connected to database: biteship
[INFO]: 2025-06-10 16:27:03 - Connected to database: ppob
[INFO]: 2025-06-10 16:27:03 - Connected to database: payment_gateway_langitdigital_dev
[INFO]: 2025-06-10 16:27:04 - Connected to database: biteship
[INFO]: 2025-06-10 16:27:04 - Connected to database: ppob
[INFO]: 2025-06-10 16:27:04 - Connected to database: payment_gateway_langitdigital_dev
[INFO]: 2025-06-10 16:27:07 - Connected to database: biteship
[INFO]: 2025-06-10 16:27:07 - Connected to database: ppob
[INFO]: 2025-06-10 16:27:07 - Connected to database: payment_gateway_langitdigital_dev
[INFO]: 2025-06-10 16:27:15 - Connected to database: biteship
[INFO]: 2025-06-10 16:27:15 - Connected to database: ppob
[INFO]: 2025-06-10 16:27:15 - Connected to database: payment_gateway_langitdigital_dev
[INFO]: 2025-06-10 16:27:16 - Connected to database: biteship
[INFO]: 2025-06-10 16:27:17 - Connected to database: ppob
[INFO]: 2025-06-10 16:27:17 - Connected to database: payment_gateway_langitdigital_dev
[INFO]: 2025-06-10 16:27:55 - Connected to database: biteship
[INFO]: 2025-06-10 16:27:55 - Connected to database: ppob
[INFO]: 2025-06-10 16:27:55 - Connected to database: payment_gateway_langitdigital_dev
[ERROR]: 2025-06-10 16:27:56 - In Server: API returned status 400
[INFO]: 2025-06-10 16:27:56 - Get All Courier success
[INFO]: 2025-06-10 16:28:04 - Connected to database: biteship
[INFO]: 2025-06-10 16:28:04 - Connected to database: ppob
[INFO]: 2025-06-10 16:28:04 - Connected to database: payment_gateway_langitdigital_dev
[INFO]: 2025-06-10 16:28:05 - Connected to database: biteship
[INFO]: 2025-06-10 16:28:05 - Connected to database: ppob
[INFO]: 2025-06-10 16:28:05 - Connected to database: payment_gateway_langitdigital_dev
[ERROR]: 2025-06-10 16:28:08 - In Server: API returned status 400
[INFO]: 2025-06-10 16:28:08 - Get All Courier success
[INFO]: 2025-06-10 16:28:17 - Connected to database: biteship
[INFO]: 2025-06-10 16:28:17 - Connected to database: ppob
[INFO]: 2025-06-10 16:28:17 - Connected to database: payment_gateway_langitdigital_dev
[ERROR]: 2025-06-10 16:28:23 - In Server: API returned statusss 400
[INFO]: 2025-06-10 16:28:23 - Get All Courier success
[INFO]: 2025-06-10 16:28:44 - Connected to database: biteship
[INFO]: 2025-06-10 16:28:45 - Connected to database: ppob
[INFO]: 2025-06-10 16:28:45 - Connected to database: payment_gateway_langitdigital_dev
[INFO]: 2025-06-10 16:28:46 - Connected to database: biteship
[INFO]: 2025-06-10 16:28:46 - Connected to database: ppob
[INFO]: 2025-06-10 16:28:46 - Connected to database: payment_gateway_langitdigital_dev
[INFO]: 2025-06-10 16:28:50 - Connected to database: biteship
[INFO]: 2025-06-10 16:28:50 - Connected to database: ppob
[INFO]: 2025-06-10 16:28:50 - Connected to database: payment_gateway_langitdigital_dev
[INFO]: 2025-06-10 16:28:54 - Connected to database: biteship
[INFO]: 2025-06-10 16:28:54 - Connected to database: ppob
[INFO]: 2025-06-10 16:28:54 - Connected to database: payment_gateway_langitdigital_dev
[ERROR]: 2025-06-10 16:28:56 - In Server: API returned status {1374392803712}
[INFO]: 2025-06-10 16:28:56 - Get All Courier success
[INFO]: 2025-06-10 16:30:43 - Connected to database: biteship
[INFO]: 2025-06-10 16:30:46 - Connected to database: ppob
[INFO]: 2025-06-10 16:30:49 - Connected to database: biteship
[INFO]: 2025-06-10 16:30:52 - Connected to database: ppob
[INFO]: 2025-06-10 16:30:55 - Connected to database: payment_gateway_langitdigital_dev
[INFO]: 2025-06-10 16:31:02 - Connected to database: biteship
[INFO]: 2025-06-10 16:31:02 - Connected to database: ppob
[INFO]: 2025-06-10 16:31:02 - Connected to database: payment_gateway_langitdigital_dev
[ERROR]: 2025-06-10 16:31:05 - In Server: API returned status %!d(string={"success":false,"code":40001002,"error":"Get pricing failed caused by missing parameter(s). Please contact support@biteship.com for this problem."})
[INFO]: 2025-06-10 16:31:05 - Get All Courier success
[INFO]: 2025-06-10 16:32:12 - Connected to database: biteship
[INFO]: 2025-06-10 16:32:12 - Connected to database: ppob
[INFO]: 2025-06-10 16:32:13 - Connected to database: payment_gateway_langitdigital_dev
[INFO]: 2025-06-10 16:32:14 - Connected to database: biteship
[INFO]: 2025-06-10 16:32:14 - Connected to database: ppob
[INFO]: 2025-06-10 16:32:14 - Connected to database: payment_gateway_langitdigital_dev
[INFO]: 2025-06-10 16:32:19 - Connected to database: biteship
[INFO]: 2025-06-10 16:32:20 - Connected to database: ppob
[INFO]: 2025-06-10 16:32:20 - Connected to database: payment_gateway_langitdigital_dev
[INFO]: 2025-06-10 16:32:23 - Connected to database: biteship
[INFO]: 2025-06-10 16:32:23 - Connected to database: ppob
[INFO]: 2025-06-10 16:32:23 - Connected to database: payment_gateway_langitdigital_dev
[INFO]: 2025-06-10 16:32:25 - Connected to database: biteship
[INFO]: 2025-06-10 16:32:25 - Connected to database: ppob
[INFO]: 2025-06-10 16:32:25 - Connected to database: payment_gateway_langitdigital_dev
[INFO]: 2025-06-10 16:32:28 - Connected to database: biteship
[INFO]: 2025-06-10 16:32:28 - Connected to database: ppob
[INFO]: 2025-06-10 16:32:28 - Connected to database: payment_gateway_langitdigital_dev
[INFO]: 2025-06-10 16:33:01 - Connected to database: biteship
[INFO]: 2025-06-10 16:33:01 - Connected to database: ppob
[INFO]: 2025-06-10 16:33:01 - Connected to database: payment_gateway_langitdigital_dev
[INFO]: 2025-06-10 16:33:03 - Get All Courier success
[INFO]: 2025-06-10 16:33:16 - Get All Courier success
[INFO]: 2025-06-10 16:33:19 - Connected to database: biteship
[INFO]: 2025-06-10 16:33:20 - Connected to database: ppob
[INFO]: 2025-06-10 16:33:20 - Connected to database: payment_gateway_langitdigital_dev
[INFO]: 2025-06-10 16:33:22 - Get All Courier success
[INFO]: 2025-06-10 16:33:30 - Connected to database: biteship
[INFO]: 2025-06-10 16:33:30 - Connected to database: ppob
[INFO]: 2025-06-10 16:33:30 - Connected to database: payment_gateway_langitdigital_dev
[INFO]: 2025-06-10 16:33:35 - Get All Courier success
[INFO]: 2025-06-10 16:33:37 - Get All Courier success
[INFO]: 2025-06-10 16:34:24 - Connected to database: biteship
[INFO]: 2025-06-10 16:34:24 - Connected to database: ppob
[INFO]: 2025-06-10 16:34:24 - Connected to database: payment_gateway_langitdigital_dev
[INFO]: 2025-06-10 16:34:25 - Connected to database: biteship
[INFO]: 2025-06-10 16:34:25 - Connected to database: ppob
[INFO]: 2025-06-10 16:34:25 - Connected to database: payment_gateway_langitdigital_dev
[INFO]: 2025-06-10 16:35:07 - Connected to database: biteship
[INFO]: 2025-06-10 16:35:07 - Connected to database: ppob
[INFO]: 2025-06-10 16:35:07 - Connected to database: payment_gateway_langitdigital_dev
[INFO]: 2025-06-10 16:35:25 - Connected to database: biteship
[INFO]: 2025-06-10 16:35:25 - Connected to database: ppob
[INFO]: 2025-06-10 16:35:25 - Connected to database: payment_gateway_langitdigital_dev
[INFO]: 2025-06-10 16:35:37 - Connected to database: biteship
[INFO]: 2025-06-10 16:35:37 - Connected to database: ppob
[INFO]: 2025-06-10 16:35:38 - Connected to database: payment_gateway_langitdigital_dev
[INFO]: 2025-06-10 16:35:44 - Connected to database: biteship
[INFO]: 2025-06-10 16:35:44 - Connected to database: ppob
[INFO]: 2025-06-10 16:35:44 - Connected to database: payment_gateway_langitdigital_dev
[INFO]: 2025-06-10 16:35:49 - Get All Courier success
[INFO]: 2025-06-10 16:35:54 - Get All Courier success
[INFO]: 2025-06-10 16:36:40 - Connected to database: biteship
[INFO]: 2025-06-10 16:36:40 - Connected to database: ppob
[INFO]: 2025-06-10 16:36:40 - Connected to database: payment_gateway_langitdigital_dev
[INFO]: 2025-06-10 16:36:43 - Get All Courier success
[INFO]: 2025-06-10 16:36:52 - Connected to database: biteship
[INFO]: 2025-06-10 16:36:53 - Connected to database: ppob
[INFO]: 2025-06-10 16:36:53 - Connected to database: payment_gateway_langitdigital_dev
[INFO]: 2025-06-10 16:36:54 - Connected to database: biteship
[INFO]: 2025-06-10 16:36:54 - Connected to database: ppob
[INFO]: 2025-06-10 16:36:54 - Connected to database: payment_gateway_langitdigital_dev
[INFO]: 2025-06-10 16:36:57 - Get All Courier success
[INFO]: 2025-06-10 16:37:06 - Connected to database: biteship
[INFO]: 2025-06-10 16:37:06 - Connected to database: ppob
[INFO]: 2025-06-10 16:37:06 - Connected to database: payment_gateway_langitdigital_dev
[INFO]: 2025-06-10 16:39:44 - Get All Courier success
[INFO]: 2025-06-10 16:40:16 - Get All Courier success
[INFO]: 2025-06-10 16:40:32 - Connected to database: biteship
[INFO]: 2025-06-10 16:40:32 - Connected to database: ppob
[INFO]: 2025-06-10 16:40:32 - Connected to database: payment_gateway_langitdigital_dev
[INFO]: 2025-06-10 16:54:00 - Connected to database: biteship
[INFO]: 2025-06-10 16:54:03 - Connected to database: biteship
[INFO]: 2025-06-10 16:54:06 - Connected to database: biteship
[INFO]: 2025-06-10 16:54:09 - Connected to database: ppob
[INFO]: 2025-06-10 16:54:12 - Connected to database: biteship
[INFO]: 2025-06-10 16:54:15 - Connected to database: ppob
[INFO]: 2025-06-10 16:54:16 - Connected to database: payment_gateway_langitdigital_dev
[INFO]: 2025-06-10 16:54:24 - Connected to database: biteship
[INFO]: 2025-06-10 16:54:24 - Connected to database: ppob
[INFO]: 2025-06-10 16:54:24 - Connected to database: payment_gateway_langitdigital_dev
[INFO]: 2025-06-10 16:54:26 - Connected to database: biteship
[INFO]: 2025-06-10 16:54:26 - Connected to database: ppob
[INFO]: 2025-06-10 16:54:26 - Connected to database: payment_gateway_langitdigital_dev
[INFO]: 2025-06-10 16:54:28 - Connected to database: biteship
[INFO]: 2025-06-10 16:54:28 - Connected to database: ppob
[INFO]: 2025-06-10 16:54:28 - Connected to database: payment_gateway_langitdigital_dev
[INFO]: 2025-06-10 16:54:31 - Connected to database: biteship
[INFO]: 2025-06-10 16:54:31 - Connected to database: ppob
[INFO]: 2025-06-10 16:54:31 - Connected to database: payment_gateway_langitdigital_dev
[INFO]: 2025-06-10 16:54:32 - Connected to database: biteship
[INFO]: 2025-06-10 16:54:33 - Connected to database: ppob
[INFO]: 2025-06-10 16:54:33 - Connected to database: payment_gateway_langitdigital_dev
[INFO]: 2025-06-10 16:54:37 - Connected to database: biteship
[INFO]: 2025-06-10 16:54:37 - Connected to database: ppob
[INFO]: 2025-06-10 16:54:37 - Connected to database: payment_gateway_langitdigital_dev
[INFO]: 2025-06-10 16:54:40 - Connected to database: biteship
[INFO]: 2025-06-10 16:54:40 - Connected to database: ppob
[INFO]: 2025-06-10 16:54:40 - Connected to database: payment_gateway_langitdigital_dev
[INFO]: 2025-06-10 16:54:42 - Connected to database: biteship
[INFO]: 2025-06-10 16:54:42 - Connected to database: ppob
[INFO]: 2025-06-10 16:54:42 - Connected to database: payment_gateway_langitdigital_dev
[INFO]: 2025-06-10 16:54:48 - Connected to database: biteship
[INFO]: 2025-06-10 16:54:49 - Connected to database: ppob
[INFO]: 2025-06-10 16:54:49 - Connected to database: payment_gateway_langitdigital_dev
[INFO]: 2025-06-10 16:54:52 - Connected to database: biteship
[INFO]: 2025-06-10 16:54:53 - Connected to database: ppob
[INFO]: 2025-06-10 16:54:53 - Connected to database: payment_gateway_langitdigital_dev
[INFO]: 2025-06-10 16:55:05 - Connected to database: biteship
[INFO]: 2025-06-10 16:55:05 - Connected to database: ppob
[INFO]: 2025-06-10 16:55:05 - Connected to database: payment_gateway_langitdigital_dev
[INFO]: 2025-06-10 16:55:08 - Connected to database: biteship
[INFO]: 2025-06-10 16:55:08 - Connected to database: ppob
[INFO]: 2025-06-10 16:55:08 - Connected to database: payment_gateway_langitdigital_dev
[INFO]: 2025-06-10 16:55:15 - Connected to database: biteship
[INFO]: 2025-06-10 16:55:15 - Connected to database: ppob
[INFO]: 2025-06-10 16:55:15 - Connected to database: payment_gateway_langitdigital_dev
[INFO]: 2025-06-10 16:55:19 - Connected to database: biteship
[INFO]: 2025-06-10 16:55:19 - Connected to database: ppob
[INFO]: 2025-06-10 16:55:19 - Connected to database: payment_gateway_langitdigital_dev
[INFO]: 2025-06-10 16:55:22 - Connected to database: biteship
[INFO]: 2025-06-10 16:55:22 - Connected to database: ppob
[INFO]: 2025-06-10 16:55:22 - Connected to database: payment_gateway_langitdigital_dev
[INFO]: 2025-06-10 16:55:28 - Connected to database: biteship
[INFO]: 2025-06-10 16:55:28 - Connected to database: ppob
[INFO]: 2025-06-10 16:55:28 - Connected to database: payment_gateway_langitdigital_dev
[INFO]: 2025-06-10 16:55:37 - Connected to database: biteship
[INFO]: 2025-06-10 16:55:37 - Connected to database: ppob
[INFO]: 2025-06-10 16:55:37 - Connected to database: payment_gateway_langitdigital_dev
[INFO]: 2025-06-10 16:55:39 - Connected to database: biteship
[INFO]: 2025-06-10 16:55:39 - Connected to database: ppob
[INFO]: 2025-06-10 16:55:39 - Connected to database: payment_gateway_langitdigital_dev
[INFO]: 2025-06-10 16:55:43 - Connected to database: biteship
[INFO]: 2025-06-10 16:55:43 - Connected to database: ppob
[INFO]: 2025-06-10 16:55:43 - Connected to database: payment_gateway_langitdigital_dev
[INFO]: 2025-06-10 16:55:59 - Connected to database: biteship
[INFO]: 2025-06-10 16:55:59 - Connected to database: ppob
[INFO]: 2025-06-10 16:55:59 - Connected to database: payment_gateway_langitdigital_dev
[INFO]: 2025-06-10 16:56:00 - Connected to database: biteship
[INFO]: 2025-06-10 16:56:00 - Connected to database: ppob
[INFO]: 2025-06-10 16:56:00 - Connected to database: payment_gateway_langitdigital_dev
[INFO]: 2025-06-10 16:56:04 - Connected to database: biteship
[INFO]: 2025-06-10 16:56:04 - Connected to database: ppob
[INFO]: 2025-06-10 16:56:04 - Connected to database: payment_gateway_langitdigital_dev
[ERROR]: 2025-06-10 16:56:06 - In Server: Failed to decode response - json: cannot unmarshal string into Go struct field LocationPricing.origin.latitude of type float64
[INFO]: 2025-06-10 16:56:28 - Connected to database: biteship
[INFO]: 2025-06-10 16:56:28 - Connected to database: ppob
[INFO]: 2025-06-10 16:56:28 - Connected to database: payment_gateway_langitdigital_dev
[ERROR]: 2025-06-10 16:56:30 - In Server: Failed to decode response - json: cannot unmarshal string into Go struct field LocationPricing.origin.latitude of type int
[INFO]: 2025-06-10 16:56:39 - Connected to database: biteship
[INFO]: 2025-06-10 16:56:39 - Connected to database: ppob
[INFO]: 2025-06-10 16:56:39 - Connected to database: payment_gateway_langitdigital_dev
[INFO]: 2025-06-10 16:56:42 - Get All Courier success
[INFO]: 2025-06-10 16:57:26 - Connected to database: biteship
[INFO]: 2025-06-10 16:57:26 - Connected to database: ppob
[INFO]: 2025-06-10 16:57:26 - Connected to database: payment_gateway_langitdigital_dev
[INFO]: 2025-06-10 16:57:35 - Connected to database: biteship
[INFO]: 2025-06-10 16:57:35 - Connected to database: ppob
[INFO]: 2025-06-10 16:57:35 - Connected to database: payment_gateway_langitdigital_dev
[INFO]: 2025-06-10 16:57:37 - Get All Courier success
[ERROR]: 2025-06-10 16:59:50 - In Server: API returned status %!d(string={"success":false,"code":40001010,"error":"No courier available for requested location. Please activate other courier option to receive other pricing rate."})
[INFO]: 2025-06-10 16:59:50 - Get All Courier success
[INFO]: 2025-06-10 17:01:12 - Connected to database: biteship
[INFO]: 2025-06-10 17:01:12 - Connected to database: ppob
[INFO]: 2025-06-10 17:01:12 - Connected to database: payment_gateway_langitdigital_dev
[INFO]: 2025-06-10 17:01:14 - Connected to database: biteship
[INFO]: 2025-06-10 17:01:14 - Connected to database: ppob
[INFO]: 2025-06-10 17:01:15 - Connected to database: payment_gateway_langitdigital_dev
[INFO]: 2025-06-10 17:01:21 - Connected to database: biteship
[INFO]: 2025-06-10 17:01:21 - Connected to database: ppob
[INFO]: 2025-06-10 17:01:21 - Connected to database: payment_gateway_langitdigital_dev
[INFO]: 2025-06-10 17:01:24 - Connected to database: biteship
[INFO]: 2025-06-10 17:01:24 - Connected to database: ppob
[INFO]: 2025-06-10 17:01:24 - Connected to database: payment_gateway_langitdigital_dev
[INFO]: 2025-06-10 17:01:29 - Connected to database: biteship
[INFO]: 2025-06-10 17:01:29 - Connected to database: ppob
[INFO]: 2025-06-10 17:01:29 - Connected to database: payment_gateway_langitdigital_dev
[INFO]: 2025-06-10 17:01:35 - Connected to database: biteship
[INFO]: 2025-06-10 17:01:35 - Connected to database: ppob
[INFO]: 2025-06-10 17:01:35 - Connected to database: payment_gateway_langitdigital_dev
[ERROR]: 2025-06-10 17:01:37 - In Server: API returned status %!d(string={"success":false,"code":40001010,"error":"No courier available for requested location. Please activate other courier option to receive other pricing rate."})
[INFO]: 2025-06-10 17:01:37 - Get All Courier success
[INFO]: 2025-06-10 17:01:47 - Connected to database: biteship
[INFO]: 2025-06-10 17:01:47 - Connected to database: ppob
[INFO]: 2025-06-10 17:01:47 - Connected to database: payment_gateway_langitdigital_dev
[ERROR]: 2025-06-10 17:01:49 - In Server: API returned status %!d(string={"success":false,"code":40001010,"error":"No courier available for requested location. Please activate other courier option to receive other pricing rate."})
[INFO]: 2025-06-10 17:01:49 - Get All Courier success
[INFO]: 2025-06-10 17:01:58 - Connected to database: biteship
[INFO]: 2025-06-10 17:01:58 - Connected to database: ppob
[INFO]: 2025-06-10 17:01:59 - Connected to database: payment_gateway_langitdigital_dev
[INFO]: 2025-06-10 17:02:03 - Connected to database: biteship
[INFO]: 2025-06-10 17:02:03 - Connected to database: ppob
[INFO]: 2025-06-10 17:02:03 - Connected to database: payment_gateway_langitdigital_dev
[ERROR]: 2025-06-10 17:02:06 - In Server: API returned status %!d(string={"success":false,"code":40001010,"error":"No courier available for requested location. Please activate other courier option to receive other pricing rate."})
[INFO]: 2025-06-10 17:02:06 - Get All Courier success
[INFO]: 2025-06-10 17:02:21 - Connected to database: biteship
[INFO]: 2025-06-10 17:02:21 - Connected to database: ppob
[INFO]: 2025-06-10 17:02:21 - Connected to database: payment_gateway_langitdigital_dev
[INFO]: 2025-06-10 17:02:24 - Connected to database: biteship
[INFO]: 2025-06-10 17:02:24 - Connected to database: ppob
[INFO]: 2025-06-10 17:02:24 - Connected to database: payment_gateway_langitdigital_dev
[ERROR]: 2025-06-10 17:02:27 - In Server: API returned status %!d(string={"success":false,"code":40001010,"error":"No courier available for requested location. Please activate other courier option to receive other pricing rate."})
[INFO]: 2025-06-10 17:02:27 - Get All Courier success
[INFO]: 2025-06-10 17:03:39 - Connected to database: biteship
[INFO]: 2025-06-10 17:03:39 - Connected to database: ppob
[INFO]: 2025-06-10 17:03:39 - Connected to database: payment_gateway_langitdigital_dev
[INFO]: 2025-06-10 17:03:41 - Connected to database: biteship
[INFO]: 2025-06-10 17:03:41 - Connected to database: ppob
[INFO]: 2025-06-10 17:03:42 - Connected to database: payment_gateway_langitdigital_dev
[INFO]: 2025-06-10 17:03:45 - Connected to database: biteship
[INFO]: 2025-06-10 17:03:45 - Connected to database: ppob
[INFO]: 2025-06-10 17:03:46 - Connected to database: payment_gateway_langitdigital_dev
[ERROR]: 2025-06-10 17:03:48 - In Server: API returned status %!d(string={"success":false,"code":40001010,"error":"No courier available for requested location. Please activate other courier option to receive other pricing rate."})
[INFO]: 2025-06-10 17:03:48 - Get All Courier success
[INFO]: 2025-06-10 17:04:02 - Connected to database: biteship
[INFO]: 2025-06-10 17:04:02 - Connected to database: ppob
[INFO]: 2025-06-10 17:04:02 - Connected to database: payment_gateway_langitdigital_dev
[INFO]: 2025-06-10 17:04:04 - Connected to database: biteship
[INFO]: 2025-06-10 17:04:04 - Connected to database: ppob
[INFO]: 2025-06-10 17:04:04 - Connected to database: payment_gateway_langitdigital_dev
[INFO]: 2025-06-10 17:04:11 - Connected to database: biteship
[INFO]: 2025-06-10 17:04:11 - Connected to database: ppob
[INFO]: 2025-06-10 17:04:11 - Connected to database: payment_gateway_langitdigital_dev
[INFO]: 2025-06-10 17:04:13 - Connected to database: biteship
[INFO]: 2025-06-10 17:04:13 - Connected to database: ppob
[INFO]: 2025-06-10 17:04:14 - Connected to database: payment_gateway_langitdigital_dev
[INFO]: 2025-06-10 17:04:17 - Connected to database: biteship
[INFO]: 2025-06-10 17:04:17 - Connected to database: ppob
[INFO]: 2025-06-10 17:04:18 - Connected to database: payment_gateway_langitdigital_dev
[INFO]: 2025-06-10 17:05:32 - Connected to database: biteship
[INFO]: 2025-06-10 17:05:33 - Connected to database: ppob
[INFO]: 2025-06-10 17:05:33 - Connected to database: payment_gateway_langitdigital_dev
[INFO]: 2025-06-10 17:05:38 - Connected to database: biteship
[INFO]: 2025-06-10 17:05:38 - Connected to database: ppob
[INFO]: 2025-06-10 17:05:38 - Connected to database: payment_gateway_langitdigital_dev
[INFO]: 2025-06-10 17:05:50 - Connected to database: biteship
[INFO]: 2025-06-10 17:05:50 - Connected to database: ppob
[INFO]: 2025-06-10 17:05:51 - Connected to database: payment_gateway_langitdigital_dev
[INFO]: 2025-06-10 17:05:51 - Connected to database: biteship
[INFO]: 2025-06-10 17:05:52 - Connected to database: ppob
[INFO]: 2025-06-10 17:05:52 - Connected to database: payment_gateway_langitdigital_dev
[INFO]: 2025-06-10 17:05:59 - Connected to database: biteship
[INFO]: 2025-06-10 17:05:59 - Connected to database: ppob
[INFO]: 2025-06-10 17:05:59 - Connected to database: payment_gateway_langitdigital_dev
[INFO]: 2025-06-10 17:06:10 - Connected to database: biteship
[INFO]: 2025-06-10 17:06:10 - Connected to database: ppob
[INFO]: 2025-06-10 17:06:11 - Connected to database: payment_gateway_langitdigital_dev
[INFO]: 2025-06-10 17:06:14 - Connected to database: biteship
[INFO]: 2025-06-10 17:06:14 - Connected to database: ppob
[INFO]: 2025-06-10 17:06:14 - Connected to database: payment_gateway_langitdigital_dev
[INFO]: 2025-06-10 17:06:16 - Connected to database: biteship
[INFO]: 2025-06-10 17:06:16 - Connected to database: ppob
[INFO]: 2025-06-10 17:06:16 - Connected to database: payment_gateway_langitdigital_dev
[INFO]: 2025-06-10 17:06:21 - Connected to database: biteship
[INFO]: 2025-06-10 17:06:21 - Connected to database: ppob
[INFO]: 2025-06-10 17:06:21 - Connected to database: payment_gateway_langitdigital_dev
[INFO]: 2025-06-10 17:06:24 - Connected to database: biteship
[INFO]: 2025-06-10 17:06:24 - Connected to database: ppob
[INFO]: 2025-06-10 17:06:24 - Connected to database: payment_gateway_langitdigital_dev
[INFO]: 2025-06-10 17:06:29 - Connected to database: biteship
[INFO]: 2025-06-10 17:06:29 - Connected to database: ppob
[INFO]: 2025-06-10 17:06:29 - Connected to database: payment_gateway_langitdigital_dev
[INFO]: 2025-06-10 17:06:30 - Connected to database: biteship
[INFO]: 2025-06-10 17:06:31 - Connected to database: ppob
[INFO]: 2025-06-10 17:06:31 - Connected to database: payment_gateway_langitdigital_dev
[INFO]: 2025-06-10 17:06:32 - Connected to database: biteship
[INFO]: 2025-06-10 17:06:33 - Connected to database: ppob
[INFO]: 2025-06-10 17:06:33 - Connected to database: payment_gateway_langitdigital_dev
[ERROR]: 2025-06-10 17:06:36 - In Server: API returned status %!d(string={"success":false,"code":40001010,"error":"No courier available for requested location. Please activate other courier option to receive other pricing rate."})
[INFO]: 2025-06-10 17:06:36 - Get All Courier success
[INFO]: 2025-06-10 17:06:56 - Connected to database: biteship
[INFO]: 2025-06-10 17:06:56 - Connected to database: ppob
[INFO]: 2025-06-10 17:06:56 - Connected to database: payment_gateway_langitdigital_dev
[ERROR]: 2025-06-10 17:07:01 - In Server: API returned status %!d(string={"success":false,"code":40001010,"error":"No courier available for requested location. Please activate other courier option to receive other pricing rate."})
[INFO]: 2025-06-10 17:07:01 - Get All Courier success
[INFO]: 2025-06-10 17:07:29 - Connected to database: biteship
[INFO]: 2025-06-10 17:07:29 - Connected to database: ppob
[INFO]: 2025-06-10 17:07:30 - Connected to database: payment_gateway_langitdigital_dev
[ERROR]: 2025-06-10 17:07:33 - In Server: API returned status %!d(string={"success":false,"code":40001010,"error":"No courier available for requested location. Please activate other courier option to receive other pricing rate."})
[INFO]: 2025-06-10 17:07:33 - Get All Courier success
[ERROR]: 2025-06-10 17:07:59 - In Server: API returned status %!d(string={"success":false,"code":40001010,"error":"No courier available for requested location. Please activate other courier option to receive other pricing rate."})
[INFO]: 2025-06-10 17:07:59 - Get All Courier success
[ERROR]: 2025-06-10 17:08:07 - In Server: API returned status %!d(string={"success":false,"code":40001010,"error":"No courier available for requested location. Please activate other courier option to receive other pricing rate."})
[INFO]: 2025-06-10 17:08:07 - Get All Courier success
[INFO]: 2025-06-10 17:08:46 - Connected to database: biteship
[INFO]: 2025-06-10 17:08:46 - Connected to database: ppob
[INFO]: 2025-06-10 17:08:47 - Connected to database: payment_gateway_langitdigital_dev
[ERROR]: 2025-06-10 17:08:50 - In Server: API returned status %!d(string={"success":false,"code":40001010,"error":"No courier available for requested location. Please activate other courier option to receive other pricing rate."})
[INFO]: 2025-06-10 17:08:50 - Get All Courier success
[INFO]: 2025-06-10 17:09:00 - Connected to database: biteship
[INFO]: 2025-06-10 17:09:00 - Connected to database: ppob
[INFO]: 2025-06-10 17:09:00 - Connected to database: payment_gateway_langitdigital_dev
[INFO]: 2025-06-10 17:09:02 - Connected to database: biteship
[INFO]: 2025-06-10 17:09:02 - Connected to database: ppob
[INFO]: 2025-06-10 17:09:03 - Connected to database: payment_gateway_langitdigital_dev
[INFO]: 2025-06-10 17:11:25 - Connected to database: biteship
[INFO]: 2025-06-10 17:11:26 - Connected to database: ppob
[INFO]: 2025-06-10 17:11:26 - Connected to database: payment_gateway_langitdigital_dev
[INFO]: 2025-06-10 17:11:28 - Connected to database: biteship
[INFO]: 2025-06-10 17:11:28 - Connected to database: ppob
[INFO]: 2025-06-10 17:11:28 - Connected to database: payment_gateway_langitdigital_dev
[INFO]: 2025-06-10 17:11:29 - Connected to database: biteship
[INFO]: 2025-06-10 17:11:30 - Connected to database: ppob
[INFO]: 2025-06-10 17:11:30 - Connected to database: payment_gateway_langitdigital_dev
[INFO]: 2025-06-10 17:11:38 - Connected to database: biteship
[INFO]: 2025-06-10 17:11:38 - Connected to database: ppob
[INFO]: 2025-06-10 17:11:38 - Connected to database: payment_gateway_langitdigital_dev
[INFO]: 2025-06-10 17:11:42 - Connected to database: biteship
[INFO]: 2025-06-10 17:11:42 - Connected to database: ppob
[INFO]: 2025-06-10 17:11:42 - Connected to database: payment_gateway_langitdigital_dev
[INFO]: 2025-06-10 17:11:51 - Connected to database: biteship
[INFO]: 2025-06-10 17:11:51 - Connected to database: ppob
[INFO]: 2025-06-10 17:11:51 - Connected to database: payment_gateway_langitdigital_dev
[INFO]: 2025-06-10 17:11:55 - Connected to database: biteship
[INFO]: 2025-06-10 17:11:55 - Connected to database: ppob
[INFO]: 2025-06-10 17:11:55 - Connected to database: payment_gateway_langitdigital_dev
[ERROR]: 2025-06-10 17:11:57 - In Server: API returned status %!d(string={"success":false,"code":40001010,"error":"No courier available for requested location. Please activate other courier option to receive other pricing rate."})
[INFO]: 2025-06-10 17:11:57 - Get All Courier success
[INFO]: 2025-06-10 17:12:16 - Connected to database: biteship
[INFO]: 2025-06-10 17:12:16 - Connected to database: ppob
[INFO]: 2025-06-10 17:12:16 - Connected to database: payment_gateway_langitdigital_dev
[ERROR]: 2025-06-10 17:12:23 - In Server: API returned status %!d(string={"success":false,"code":40001010,"error":"No courier available for requested location. Please activate other courier option to receive other pricing rate."})
[INFO]: 2025-06-10 17:12:23 - Get All Courier success
[INFO]: 2025-06-10 17:14:22 - Get All Courier success
[INFO]: 2025-06-10 17:15:04 - Connected to database: biteship
[INFO]: 2025-06-10 17:15:07 - Connected to database: ppob
[INFO]: 2025-06-10 17:15:10 - Connected to database: payment_gateway_langitdigital_dev
[INFO]: 2025-06-10 17:15:18 - Connected to database: biteship
[INFO]: 2025-06-10 17:15:22 - Connected to database: ppob
[INFO]: 2025-06-10 17:15:25 - Connected to database: biteship
[INFO]: 2025-06-10 17:15:25 - Connected to database: ppob
[INFO]: 2025-06-10 17:15:25 - Connected to database: payment_gateway_langitdigital_dev
[INFO]: 2025-06-10 17:16:29 - Connected to database: biteship
[INFO]: 2025-06-10 17:16:29 - Connected to database: ppob
[INFO]: 2025-06-10 17:16:30 - Connected to database: payment_gateway_langitdigital_dev
[INFO]: 2025-06-10 17:16:31 - Connected to database: biteship
[INFO]: 2025-06-10 17:16:31 - Connected to database: ppob
[INFO]: 2025-06-10 17:16:32 - Connected to database: payment_gateway_langitdigital_dev
[INFO]: 2025-06-10 17:16:35 - Connected to database: biteship
[INFO]: 2025-06-10 17:16:35 - Connected to database: ppob
[INFO]: 2025-06-10 17:16:37 - Connected to database: biteship
[INFO]: 2025-06-10 17:16:37 - Connected to database: ppob
[INFO]: 2025-06-10 17:16:38 - Connected to database: payment_gateway_langitdigital_dev
[ERROR]: 2025-06-10 17:17:34 - In Server: origin_lat is required
[INFO]: 2025-06-10 17:17:44 - Connected to database: biteship
[INFO]: 2025-06-10 17:17:44 - Connected to database: ppob
[INFO]: 2025-06-10 17:17:44 - Connected to database: payment_gateway_langitdigital_dev
[INFO]: 2025-06-10 17:17:47 - Connected to database: biteship
[INFO]: 2025-06-10 17:17:47 - Connected to database: ppob
[INFO]: 2025-06-10 17:17:47 - Connected to database: payment_gateway_langitdigital_dev
[INFO]: 2025-06-10 17:17:48 - Connected to database: biteship
[INFO]: 2025-06-10 17:17:48 - Connected to database: ppob
[INFO]: 2025-06-10 17:17:49 - Connected to database: payment_gateway_langitdigital_dev
[INFO]: 2025-06-10 17:17:51 - Connected to database: biteship
[INFO]: 2025-06-10 17:17:51 - Connected to database: ppob
[INFO]: 2025-06-10 17:17:51 - Connected to database: payment_gateway_langitdigital_dev
[INFO]: 2025-06-10 17:17:55 - Connected to database: biteship
[INFO]: 2025-06-10 17:17:55 - Connected to database: ppob
[INFO]: 2025-06-10 17:17:56 - Connected to database: payment_gateway_langitdigital_dev
[INFO]: 2025-06-10 17:18:00 - Connected to database: biteship
[INFO]: 2025-06-10 17:18:00 - Connected to database: ppob
[INFO]: 2025-06-10 17:18:00 - Connected to database: payment_gateway_langitdigital_dev
[INFO]: 2025-06-10 17:18:03 - Connected to database: biteship
[INFO]: 2025-06-10 17:18:03 - Connected to database: ppob
[INFO]: 2025-06-10 17:18:03 - Connected to database: payment_gateway_langitdigital_dev
[INFO]: 2025-06-10 17:18:06 - Connected to database: biteship
[INFO]: 2025-06-10 17:18:06 - Connected to database: ppob
[INFO]: 2025-06-10 17:18:06 - Connected to database: payment_gateway_langitdigital_dev
[INFO]: 2025-06-10 17:18:08 - Connected to database: biteship
[INFO]: 2025-06-10 17:18:08 - Connected to database: ppob
[INFO]: 2025-06-10 17:18:08 - Connected to database: payment_gateway_langitdigital_dev
[INFO]: 2025-06-10 17:18:11 - Connected to database: biteship
[INFO]: 2025-06-10 17:18:11 - Connected to database: ppob
[INFO]: 2025-06-10 17:18:11 - Connected to database: payment_gateway_langitdigital_dev
[INFO]: 2025-06-10 17:18:14 - Connected to database: biteship
[INFO]: 2025-06-10 17:18:15 - Connected to database: ppob
[INFO]: 2025-06-10 17:18:15 - Connected to database: payment_gateway_langitdigital_dev
[INFO]: 2025-06-10 17:18:16 - Connected to database: biteship
[INFO]: 2025-06-10 17:18:16 - Connected to database: ppob
[INFO]: 2025-06-10 17:18:16 - Connected to database: payment_gateway_langitdigital_dev
[INFO]: 2025-06-10 17:20:24 - Connected to database: biteship
[INFO]: 2025-06-10 17:20:24 - Connected to database: ppob
[INFO]: 2025-06-10 17:20:24 - Connected to database: payment_gateway_langitdigital_dev
[INFO]: 2025-06-10 17:20:25 - Connected to database: biteship
[INFO]: 2025-06-10 17:20:26 - Connected to database: ppob
[INFO]: 2025-06-10 17:20:26 - Connected to database: payment_gateway_langitdigital_dev
[INFO]: 2025-06-10 17:20:28 - Connected to database: biteship
[INFO]: 2025-06-10 17:20:28 - Connected to database: ppob
[INFO]: 2025-06-10 17:20:28 - Connected to database: payment_gateway_langitdigital_dev
[INFO]: 2025-06-10 17:20:29 - Connected to database: biteship
[INFO]: 2025-06-10 17:20:29 - Connected to database: ppob
[INFO]: 2025-06-10 17:20:29 - Connected to database: payment_gateway_langitdigital_dev
[INFO]: 2025-06-10 17:20:35 - Connected to database: biteship
[INFO]: 2025-06-10 17:20:35 - Connected to database: ppob
[INFO]: 2025-06-10 17:20:35 - Connected to database: payment_gateway_langitdigital_dev
[INFO]: 2025-06-10 17:20:42 - Connected to database: biteship
[INFO]: 2025-06-10 17:20:42 - Connected to database: ppob
[INFO]: 2025-06-10 17:20:42 - Connected to database: payment_gateway_langitdigital_dev
[INFO]: 2025-06-10 17:20:52 - Connected to database: biteship
[INFO]: 2025-06-10 17:20:52 - Connected to database: ppob
[INFO]: 2025-06-10 17:20:52 - Connected to database: payment_gateway_langitdigital_dev
[INFO]: 2025-06-10 17:20:54 - Connected to database: biteship
[INFO]: 2025-06-10 17:20:54 - Connected to database: ppob
[INFO]: 2025-06-10 17:20:54 - Connected to database: payment_gateway_langitdigital_dev
[INFO]: 2025-06-10 17:21:10 - Connected to database: biteship
[INFO]: 2025-06-10 17:21:11 - Connected to database: biteship
[INFO]: 2025-06-10 17:21:11 - Connected to database: ppob
[INFO]: 2025-06-10 17:21:11 - Connected to database: payment_gateway_langitdigital_dev
[INFO]: 2025-06-10 17:21:19 - Connected to database: biteship
[INFO]: 2025-06-10 17:21:19 - Connected to database: ppob
[INFO]: 2025-06-10 17:21:19 - Connected to database: payment_gateway_langitdigital_dev
[INFO]: 2025-06-10 17:21:26 - Connected to database: biteship
[INFO]: 2025-06-10 17:21:26 - Connected to database: ppob
[INFO]: 2025-06-10 17:21:26 - Connected to database: payment_gateway_langitdigital_dev
[INFO]: 2025-06-10 17:21:29 - Connected to database: biteship
[INFO]: 2025-06-10 17:21:29 - Connected to database: ppob
[INFO]: 2025-06-10 17:21:29 - Connected to database: payment_gateway_langitdigital_dev
[INFO]: 2025-06-10 17:21:31 - Connected to database: biteship
[INFO]: 2025-06-10 17:21:31 - Connected to database: ppob
[INFO]: 2025-06-10 17:21:31 - Connected to database: payment_gateway_langitdigital_dev
[INFO]: 2025-06-10 17:21:32 - Connected to database: biteship
[INFO]: 2025-06-10 17:21:33 - Connected to database: ppob
[INFO]: 2025-06-10 17:21:33 - Connected to database: payment_gateway_langitdigital_dev
[INFO]: 2025-06-10 17:21:40 - Connected to database: biteship
[INFO]: 2025-06-10 17:21:40 - Connected to database: ppob
[INFO]: 2025-06-10 17:21:41 - Connected to database: payment_gateway_langitdigital_dev
[INFO]: 2025-06-10 17:21:41 - Connected to database: biteship
[INFO]: 2025-06-10 17:21:41 - Connected to database: ppob
[INFO]: 2025-06-10 17:21:41 - Connected to database: payment_gateway_langitdigital_dev
[INFO]: 2025-06-10 17:21:58 - Connected to database: biteship
[INFO]: 2025-06-10 17:21:59 - Connected to database: ppob
[INFO]: 2025-06-10 17:21:59 - Connected to database: payment_gateway_langitdigital_dev
[INFO]: 2025-06-10 17:21:59 - Connected to database: biteship
[INFO]: 2025-06-10 17:21:59 - Connected to database: ppob
[INFO]: 2025-06-10 17:21:59 - Connected to database: payment_gateway_langitdigital_dev
[INFO]: 2025-06-10 17:22:02 - Connected to database: biteship
[INFO]: 2025-06-10 17:22:02 - Connected to database: ppob
[INFO]: 2025-06-10 17:22:03 - Connected to database: payment_gateway_langitdigital_dev
[INFO]: 2025-06-10 17:22:08 - Connected to database: biteship
[INFO]: 2025-06-10 17:22:08 - Connected to database: ppob
[INFO]: 2025-06-10 17:22:08 - Connected to database: payment_gateway_langitdigital_dev
[INFO]: 2025-06-10 17:22:11 - Connected to database: biteship
[INFO]: 2025-06-10 17:22:13 - Connected to database: ppob
[INFO]: 2025-06-10 17:22:14 - Connected to database: payment_gateway_langitdigital_dev
[INFO]: 2025-06-10 17:22:14 - Connected to database: biteship
[INFO]: 2025-06-10 17:22:14 - Connected to database: ppob
[INFO]: 2025-06-10 17:22:14 - Connected to database: payment_gateway_langitdigital_dev
[INFO]: 2025-06-10 17:22:17 - Connected to database: biteship
[INFO]: 2025-06-10 17:22:17 - Connected to database: ppob
[INFO]: 2025-06-10 17:22:17 - Connected to database: payment_gateway_langitdigital_dev
[INFO]: 2025-06-10 17:24:21 - Connected to database: biteship
[INFO]: 2025-06-10 17:24:22 - Connected to database: ppob
[INFO]: 2025-06-10 17:24:22 - Connected to database: payment_gateway_langitdigital_dev
[INFO]: 2025-06-10 17:24:27 - Connected to database: biteship
[INFO]: 2025-06-10 17:24:27 - Connected to database: ppob
[INFO]: 2025-06-10 17:24:27 - Connected to database: payment_gateway_langitdigital_dev
[INFO]: 2025-06-10 17:24:30 - Connected to database: biteship
[INFO]: 2025-06-10 17:24:30 - Connected to database: ppob
[INFO]: 2025-06-10 17:24:30 - Connected to database: payment_gateway_langitdigital_dev
[INFO]: 2025-06-10 17:24:32 - Connected to database: biteship
[INFO]: 2025-06-10 17:24:32 - Connected to database: ppob
[INFO]: 2025-06-10 17:24:32 - Connected to database: payment_gateway_langitdigital_dev
[INFO]: 2025-06-10 17:24:39 - Connected to database: biteship
[INFO]: 2025-06-10 17:24:39 - Connected to database: ppob
[INFO]: 2025-06-10 17:24:39 - Connected to database: payment_gateway_langitdigital_dev
[ERROR]: 2025-06-10 17:24:58 - In Server: origin_lat is required
[INFO]: 2025-06-10 17:25:11 - Connected to database: biteship
[INFO]: 2025-06-10 17:25:11 - Connected to database: ppob
[INFO]: 2025-06-10 17:25:11 - Connected to database: payment_gateway_langitdigital_dev
[ERROR]: 2025-06-10 17:25:12 - In Server: API returned status {"success":false,"code":40400000,"error":"Route not found."}
[INFO]: 2025-06-10 17:25:12 - Get All Courier success
[INFO]: 2025-06-10 17:25:23 - Connected to database: biteship
[INFO]: 2025-06-10 17:25:23 - Connected to database: ppob
[INFO]: 2025-06-10 17:25:24 - Connected to database: payment_gateway_langitdigital_dev
[INFO]: 2025-06-10 17:25:25 - Get All Courier success
[INFO]: 2025-06-10 17:26:04 - Connected to database: biteship
[INFO]: 2025-06-10 17:26:04 - Connected to database: ppob
[INFO]: 2025-06-10 17:26:04 - Connected to database: payment_gateway_langitdigital_dev
[INFO]: 2025-06-10 17:28:46 - Connected to database: biteship
[INFO]: 2025-06-10 17:28:46 - Connected to database: ppob
[INFO]: 2025-06-10 17:28:46 - Connected to database: payment_gateway_langitdigital_dev
